#
# A fatal error has been detected by the Java Runtime Environment:
#
#  SIGBUS (0x7) at pc=0x00007fee623f60a7, pid=2230, tid=2261
#
# JRE version: OpenJDK Runtime Environment (11.0.10+9) (build 11.0.10+9-Ubuntu-0ubuntu1.20.04)
# Java VM: OpenJDK 64-Bit Server VM (11.0.10+9-Ubuntu-0ubuntu1.20.04, mixed mode, sharing, tiered, compressed oops, g1 gc, linux-amd64)
# Problematic frame:
# V  [libjvm.so+0xc9d0a7]
#
# No core dump will be written. Core dumps have been disabled. To enable core dumping, try "ulimit -c unlimited" before starting Java again
#
# If you would like to submit a bug report, please visit:
#   https://bugs.launchpad.net/ubuntu/+source/openjdk-lts
#

---------------  S U M M A R Y ------------

Command Line: -Dspring.lsp.client-port=45556 -Dserver.port=45556 -Dsts.lsp.client=vscode -Dsts.log.file=/dev/null -XX:TieredStopAtLevel=1 -Dspring.config.location=file:/home/swithun/.vscode-server/extensions/pivotal.vscode-spring-boot-1.25.1/language-server/BOOT-INF/classes/application.properties org.springframework.ide.vscode.boot.app.BootLanguagServerBootApp

Host: Intel(R) Core(TM) i7-7700HQ CPU @ 2.80GHz, 5 cores, 5G, Ubuntu 20.04.2 LTS
Time: Sat May 22 21:26:41 2021 CST elapsed time: 35378.901316 seconds (0d 9h 49m 38s)

---------------  T H R E A D  ---------------

Current thread (0x00007fee00085800):  JavaThread "pool-5-thread-1" [_thread_in_vm, id=2261, stack(0x00007fee34bf2000,0x00007fee34cf3000)]

Stack: [0x00007fee34bf2000,0x00007fee34cf3000],  sp=0x00007fee34cece80,  free space=1003k
Native frames: (J=compiled Java code, A=aot compiled Java code, j=interpreted, Vv=VM code, C=native code)
V  [libjvm.so+0xc9d0a7]
V  [libjvm.so+0xc9d65e]
V  [libjvm.so+0xc9d823]
V  [libjvm.so+0xc9dd7e]
V  [libjvm.so+0xc9e658]
v  ~RuntimeStub::resolve_opt_virtual_call
J 2721 c1 java.net.SocketInputStream.read([BIII)I java.base@11.0.10 (226 bytes) @ 0x00007fee45349eec [0x00007fee45349b00+0x00000000000003ec]
J 2723 c1 java.net.SocketInputStream.read()I java.base@11.0.10 (44 bytes) @ 0x00007fee4534b5ac [0x00007fee4534b460+0x000000000000014c]
J 8349% c1
[error occurred during error reporting (printing native stack), id 0x7, SIGBUS (0x7) at pc=0x00007fee622b3744]

Java frames: (J=compiled Java code, j=interpreted, Vv=VM code)
v  ~RuntimeStub::resolve_opt_virtual_call
J 2721 c1 java.net.SocketInputStream.read([BIII)I java.base@11.0.10 (226 bytes) @ 0x00007fee45349eec [0x00007fee45349b00+0x00000000000003ec]
J 2723 c1 java.net.SocketInputStream.read()I java.base@11.0.10 (44 bytes) @ 0x00007fee4534b5ac [0x00007fee4534b460+0x000000000000014c]
J 8349% c1
[error occurred during error reporting (printing Java stack), id 0x7, SIGBUS (0x7) at pc=0x00007fee622b3744]


siginfo: si_signo: 7 (SIGBUS), si_code: 2 (BUS_ADRERR), si_addr: 0x00007fee00080aa0

Register to memory mapping:

RAX={method} {0x00007fee34e368d0} 'read' '([BIII)I' in 'java/net/SocketInputStream'
RBX=0x00007fee34cef53c is pointing into the stack for thread: 0x00007fee00085800
RCX=0x00007fee34cef5d0 is pointing into the stack for thread: 0x00007fee00085800
RDX=0x00007fee34cef53c is pointing into the stack for thread: 0x00007fee00085800
RSP=0x00007fee34cece80 is pointing into the stack for thread: 0x00007fee00085800
RBP=0x00007fee34cee1c0 is pointing into the stack for thread: 0x00007fee00085800
RSI=0x00007fee34cee200 is pointing into the stack for thread: 0x00007fee00085800
RDI=0x00007fee00085800 is a thread
R8 =0x00007fee00085800 is a thread
R9 =0x00000000000000f2 is an unknown value
R10=0x00007fee34cef53c is pointing into the stack for thread: 0x00007fee00085800
R11=0x00007fee34cef5d0 is pointing into the stack for thread: 0x00007fee00085800
R12=0x00007fee00085800 is a thread
R13=0x00007fee34cee200 is pointing into the stack for thread: 0x00007fee00085800
R14={method} {0x00007fee34e368d0} 'read' '([BIII)I' in 'java/net/SocketInputStream'
R15=0x00007fee00080aa0 is an unknown value


Registers:
RAX=0x00007fee34e368d0, RBX=0x00007fee34cef53c, RCX=0x00007fee34cef5d0, RDX=0x00007fee34cef53c
RSP=0x00007fee34cece80, RBP=0x00007fee34cee1c0, RSI=0x00007fee34cee200, RDI=0x00007fee00085800
R8 =0x00007fee00085800, R9 =0x00000000000000f2, R10=0x00007fee34cef53c, R11=0x00007fee34cef5d0
R12=0x00007fee00085800, R13=0x00007fee34cee200, R14=0x00007fee34e368d0, R15=0x00007fee00080aa0
RIP=0x00007fee623f60a7, EFLAGS=0x0000000000010202, CSGSFS=0x002b000000000033, ERR=0x0000000000000004
  TRAPNO=0x000000000000000e

Top of Stack: (sp=0x00007fee34cece80)
0x00007fee34cece80:   00007fee34cf00f0 00007fee34cf00f4
0x00007fee34cece90:   00007fee34cef5d0 00007fee00085800
0x00007fee34cecea0:   00007fee34cf0360 0000000000000000
0x00007fee34ceceb0:   00007fee34e368d0 00007fee00085800 

Instructions: (pc=0x00007fee623f60a7)
0x00007fee623f5fa7:   7d c8 4c 89 ea 4c 89 e6 e8 bc 5f 76 ff 48 8d 05
0x00007fee623f5fb7:   a5 b0 57 00 80 38 00 75 48 48 8d 15 c1 15 5c 00
0x00007fee623f5fc7:   b8 01 00 00 00 f0 0f c1 02 48 8b 75 c8 4c 89 e7
0x00007fee623f5fd7:   e8 94 ee ff ff e9 ff fd ff ff 0f 1f 80 00 00 00
0x00007fee623f5fe7:   00 4c 89 e7 e8 90 bb fe ff e9 93 fe ff ff 0f 1f
0x00007fee623f5ff7:   00 4c 89 e7 e8 10 61 17 00 e9 2d fe ff ff 0f 1f
0x00007fee623f6007:   00 48 8b 7d c8 4c 8d 6d d0 66 0f ef c0 4c 89 ee
0x00007fee623f6017:   0f 29 45 d0 e8 a0 9f bc ff 4c 89 ef e8 c8 b2 b4
0x00007fee623f6027:   ff eb 96 66 0f 1f 44 00 00 4c 89 e7 e8 48 bb fe
0x00007fee623f6037:   ff e9 e4 fe ff ff 90 66 90 f3 0f 1e fa 55 48 89
0x00007fee623f6047:   e5 41 57 41 56 41 55 41 54 53 48 81 ec 00 10 00
0x00007fee623f6057:   00 48 83 0c 24 00 48 81 ec 18 03 00 00 4c 8b b6
0x00007fee623f6067:   68 12 00 00 48 89 bd d8 ec ff ff 49 89 f5 48 89
0x00007fee623f6077:   d3 4d 89 c4 48 89 8d d0 ec ff ff 48 c7 85 e8 ec
0x00007fee623f6087:   ff ff 00 00 00 00 4c 89 b5 f0 ec ff ff 4c 89 85
0x00007fee623f6097:   f8 ec ff ff 4d 85 f6 74 29 4d 8b b8 88 02 00 00
0x00007fee623f60a7:   49 63 37 41 3b 77 04 0f 84 3c 03 00 00 8d 46 01
0x00007fee623f60b7:   41 89 07 49 8b 47 18 4c 89 34 f0 4c 8b b5 f0 ec
0x00007fee623f60c7:   ff ff 41 8b b5 70 12 00 00 4c 89 f7 e8 28 da eb
0x00007fee623f60d7:   ff 48 8b bd f0 ec ff ff 48 89 85 20 ed ff ff 48
0x00007fee623f60e7:   89 c6 0f b6 00 3d ca 00 00 00 0f 84 e1 02 00 00
0x00007fee623f60f7:   4c 8d b5 20 ed ff ff 48 89 bd 30 ed ff ff 4c 89
0x00007fee623f6107:   f7 89 85 28 ed ff ff e8 2d f5 7d ff 4c 89 f7 e8
0x00007fee623f6117:   75 f7 7d ff 89 85 cc ec ff ff 48 63 85 28 ed ff
0x00007fee623f6127:   ff 3d e9 00 00 00 74 0a 48 8d 15 2a 74 5b 00 8b
0x00007fee623f6137:   04 82 89 03 4c 8d bd 00 ed ff ff 4c 89 ee 4c 89
0x00007fee623f6147:   ff e8 93 e6 ff ff 48 83 bd 00 ed ff ff 00 0f 84
0x00007fee623f6157:   d5 00 00 00 4c 8d ad a0 ed ff ff 4c 89 e2 4c 89
0x00007fee623f6167:   f6 4c 89 ef e8 30 f9 7d ff 49 83 7c 24 08 00 74
0x00007fee623f6177:   38 4c 89 ef 45 31 e4 e8 6d b1 b4 ff 4c 89 ff e8
0x00007fee623f6187:   65 b1 b4 ff 48 8d bd f0 ec ff ff e8 59 b1 b4 ff
0x00007fee623f6197:   48 81 c4 18 13 00 00 4c 89 e0 5b 41 5c 41 5d 41 


Stack slot to memory mapping:
stack at sp + 0 slots: 0x00007fee34cf00f0 is pointing into the stack for thread: 0x00007fee00085800
stack at sp + 1 slots: 0x00007fee34cf00f4 is pointing into the stack for thread: 0x00007fee00085800
stack at sp + 2 slots: 0x00007fee34cef5d0 is pointing into the stack for thread: 0x00007fee00085800
stack at sp + 3 slots: 0x00007fee00085800 is a thread
stack at sp + 4 slots: 0x00007fee34cf0360 is pointing into the stack for thread: 0x00007fee00085800
stack at sp + 5 slots: 0x0 is NULL
stack at sp + 6 slots: {method} {0x00007fee34e368d0} 'read' '([BIII)I' in 'java/net/SocketInputStream'
stack at sp + 7 slots: 0x00007fee00085800 is a thread


---------------  P R O C E S S  ---------------

Threads class SMR info:
_java_thread_list=0x00007fedc000c550, length=16, elements={
0x00007fee5c0ee800, 0x00007fee5c0f0800, 0x00007fee5c0f9000, 0x00007fee5c0fb000,
0x00007fee5c0fd000, 0x00007fee5c0ff000, 0x00007fee5c15a000, 0x00007fee5cb3c800,
0x00007fee5c018800, 0x00007fee00085800, 0x00007fedec00f800, 0x00007fedec028800,
0x00007fedec062000, 0x00007fedf0035800, 0x00007fedf01d4000, 0x00007feddc009800
}

Java Threads: ( => current thread )
  0x00007fee5c0ee800 JavaThread "Reference Handler" daemon [_thread_blocked, id=2238, stack(0x00007fee3c78d000,0x00007fee3c88e000)]
  0x00007fee5c0f0800 JavaThread "Finalizer" daemon [_thread_blocked, id=2239, stack(0x00007fee3c68c000,0x00007fee3c78d000)]
  0x00007fee5c0f9000 JavaThread "Signal Dispatcher" daemon [_thread_blocked, id=2240, stack(0x00007fee3c0f9000,0x00007fee3c1fa000)]
  0x00007fee5c0fb000 JavaThread "Service Thread" daemon [_thread_blocked, id=2241, stack(0x00007fee35eff000,0x00007fee36000000)]
  0x00007fee5c0fd000 JavaThread "C1 CompilerThread0" daemon [_thread_blocked, id=2242, stack(0x00007fee35dfe000,0x00007fee35eff000)]
  0x00007fee5c0ff000 JavaThread "Sweeper thread" daemon [_thread_blocked, id=2243, stack(0x00007fee35cfd000,0x00007fee35dfe000)]
  0x00007fee5c15a000 JavaThread "Common-Cleaner" daemon [_thread_blocked, id=2245, stack(0x00007fee35afa000,0x00007fee35bfb000)]
  0x00007fee5cb3c800 JavaThread "LanguageServerApp-lifecycle" [_thread_blocked, id=2260, stack(0x00007fee356f7000,0x00007fee357f8000)]
  0x00007fee5c018800 JavaThread "DestroyJavaVM" [_thread_blocked, id=2231, stack(0x00007fee6130d000,0x00007fee6140e000)]
=>0x00007fee00085800 JavaThread "pool-5-thread-1" [_thread_in_vm, id=2261, stack(0x00007fee34bf2000,0x00007fee34cf3000)]
  0x00007fedec00f800 JavaThread "Simple-Language-Server main thread" daemon [_thread_blocked, id=2263, stack(0x00007fee348f1000,0x00007fee349f2000)]
  0x00007fedec028800 JavaThread "pool-4-thread-1" [_thread_blocked
[error occurred during error reporting (printing all threads), id 0x7, SIGBUS (0x7) at pc=0x00007fee62568e5e]

VM state:synchronizing (normal execution)

VM Mutex/Monitor currently owned by a thread:  ([mutex/lock_event])
[0x00007fee5c015380] Threads_lock - owner thread: 0x00007fee5c0ec000

Heap address: 0x00000000a3200000, size: 1486 MB, Compressed Oops mode: 32-bit
Narrow klass base: 0x0000000800000000, Narrow klass shift: 3
Compressed class space size: 1073741824 Address: 0x0000000840000000

Heap:
 garbage-first heap   total 98304K, used 36337K [0x00000000a3200000, 0x0000000100000000)
  region size 1024K, 4 young (4096K), 2 survivors (2048K)
 Metaspace       used 36488K, capacity 37929K, committed 38096K, reserved 1081344K
  class space    used 4717K, capacity 5326K, committed 5408K, reserved 1048576K
Heap Regions: E=young(eden), S=young(survivor), O=old, HS=humongous(starts), HC=humongous(continues), CS=collection set, F=free, A=archive, TAMS=top-at-mark-start (previous, next)
|   0|0x00000000a3200000, 0x00000000a3300000, 0x00000000a3300000|100%| O|  |TAMS 0x00000000a3300000, 0x00000000a3200000| Untracked 
|   1|0x00000000a3300000, 0x00000000a3400000, 0x00000000a3400000|100%| O|  |TAMS 0x00000000a3400000, 0x00000000a3300000| Untracked 
|   2|0x00000000a3400000, 0x00000000a3500000, 0x00000000a3500000|100%| O|  |TAMS 0x00000000a3500000, 0x00000000a3400000| Untracked 
|   3|0x00000000a3500000, 0x00000000a3600000, 0x00000000a3600000|100%| O|  |TAMS 0x00000000a3600000, 0x00000000a3500000| Untracked 
|   4|0x00000000a3600000, 0x00000000a3700000, 0x00000000a3700000|100%| O|  |TAMS 0x00000000a3700000, 0x00000000a3600000| Untracked 
|   5|0x00000000a3700000, 0x00000000a3800000, 0x00000000a3800000|100%| O|  |TAMS 0x00000000a3800000, 0x00000000a3700000| Untracked 
|   6|0x00000000a3800000, 0x00000000a3900000, 0x00000000a3900000|100%| O|  |TAMS 0x00000000a3900000, 0x00000000a3800000| Untracked 
|   7|0x00000000a3900000, 0x00000000a3a00000, 0x00000000a3a00000|100%| O|  |TAMS 0x00000000a3a00000, 0x00000000a3900000| Untracked 
|   8|0x00000000a3a00000, 0x00000000a3b00000, 0x00000000a3b00000|100%|HS|  |TAMS 0x00000000a3b00000, 0x00000000a3a00000| Complete 
|   9|0x00000000a3b00000, 0x00000000a3c00000, 0x00000000a3c00000|100%| O|  |TAMS 0x00000000a3c00000, 0x00000000a3b00000| Untracked 
|  10|0x00000000a3c00000, 0x00000000a3d00000, 0x00000000a3d00000|100%| O|  |TAMS 0x00000000a3d00000, 0x00000000a3c00000| Untracked 
|  11|0x00000000a3d00000, 0x00000000a3e00000, 0x00000000a3e00000|100%| O|  |TAMS 0x00000000a3e00000, 0x00000000a3d00000| Untracked 
|  12|0x00000000a3e00000, 0x00000000a3f00000, 0x00000000a3f00000|100%| O|  |TAMS 0x00000000a3f00000, 0x00000000a3e00000| Untracked 
|  13|0x00000000a3f00000, 0x00000000a4000000, 0x00000000a4000000|100%| O|  |TAMS 0x00000000a4000000, 0x00000000a3f00000| Untracked 
|  14|0x00000000a4000000, 0x00000000a4100000, 0x00000000a4100000|100%| O|  |TAMS 0x00000000a4100000, 0x00000000a4000000| Untracked 
|  15|0x00000000a4100000, 0x00000000a4200000, 0x00000000a4200000|100%| O|  |TAMS 0x00000000a4200000, 0x00000000a4100000| Untracked 
|  16|0x00000000a4200000, 0x00000000a4300000, 0x00000000a4300000|100%| O|  |TAMS 0x00000000a4300000, 0x00000000a4200000| Untracked 
|  17|0x00000000a4300000, 0x00000000a4400000, 0x00000000a4400000|100%| O|  |TAMS 0x00000000a4400000, 0x00000000a4300000| Untracked 
|  18|0x00000000a4400000, 0x00000000a4500000, 0x00000000a4500000|100%| O|  |TAMS 0x00000000a4500000, 0x00000000a4400000| Untracked 
|  19|0x00000000a4500000, 0x00000000a4600000, 0x00000000a4600000|100%| O|  |TAMS 0x00000000a4600000, 0x00000000a4500000| Untracked 
|  20|0x00000000a4600000, 0x00000000a4700000, 0x00000000a4700000|100%| O|  |TAMS 0x00000000a4700000, 0x00000000a4600000| Untracked 
|  21|0x00000000a4700000, 0x00000000a4800000, 0x00000000a4800000|100%| O|  |TAMS 0x00000000a4800000, 0x00000000a4700000| Untracked 
|  22|0x00000000a4800000, 0x00000000a4900000, 0x00000000a4900000|100%| O|  |TAMS 0x00000000a4800000, 0x00000000a4800000| Untracked 
|  23|0x00000000a4900000, 0x00000000a4a00000, 0x00000000a4a00000|100%| O|  |TAMS 0x00000000a4900000, 0x00000000a4900000| Untracked 
|  24|0x00000000a4a00000, 0x00000000a4b00000, 0x00000000a4b00000|100%| O|  |TAMS 0x00000000a4b00000, 0x00000000a4a00000| Untracked 
|  25|0x00000000a4b00000, 0x00000000a4c00000, 0x00000000a4c00000|100%| O|  |TAMS 0x00000000a4c00000, 0x00000000a4b00000| Untracked 
|  26|0x00000000a4c00000, 0x00000000a4d00000, 0x00000000a4d00000|100%| O|  |TAMS 0x00000000a4c00000, 0x00000000a4c00000| Untracked 
|  27|0x00000000a4d00000, 0x00000000a4e00000, 0x00000000a4e00000|100%| O|  |TAMS 0x00000000a4e00000, 0x00000000a4d00000| Untracked 
|  28|0x00000000a4e00000, 0x00000000a4f00000, 0x00000000a4f00000|100%| O|  |TAMS 0x00000000a4f00000, 0x00000000a4e00000| Untracked 
|  29|0x00000000a4f00000, 0x00000000a5000000, 0x00000000a5000000|100%| O|  |TAMS 0x00000000a5000000, 0x00000000a4f00000| Untracked 
|  30|0x00000000a5000000, 0x00000000a5100000, 0x00000000a5100000|100%| O|  |TAMS 0x00000000a5100000, 0x00000000a5000000| Untracked 
|  31|0x00000000a5100000, 0x00000000a5200000, 0x00000000a5200000|100%| O|  |TAMS 0x00000000a512de00, 0x00000000a5100000| Untracked 
|  32|0x00000000a5200000, 0x00000000a522cc00, 0x00000000a5300000| 17%| O|  |TAMS 0x00000000a5200000, 0x00000000a5200000| Untracked 
|  33|0x00000000a5300000, 0x00000000a5300000, 0x00000000a5400000|  0%| F|  |TAMS 0x00000000a5300000, 0x00000000a5300000| Untracked 
|  34|0x00000000a5400000, 0x00000000a5400000, 0x00000000a5500000|  0%| F|  |TAMS 0x00000000a5400000, 0x00000000a5400000| Untracked 
|  35|0x00000000a5500000, 0x00000000a5500000, 0x00000000a5600000|  0%| F|  |TAMS 0x00000000a5500000, 0x00000000a5500000| Untracked 
|  36|0x00000000a5600000, 0x00000000a5600000, 0x00000000a5700000|  0%| F|  |TAMS 0x00000000a5600000, 0x00000000a5600000| Untracked 
|  37|0x00000000a5700000, 0x00000000a5700000, 0x00000000a5800000|  0%| F|  |TAMS 0x00000000a5700000, 0x00000000a5700000| Untracked 
|  38|0x00000000a5800000, 0x00000000a5800000, 0x00000000a5900000|  0%| F|  |TAMS 0x00000000a5800000, 0x00000000a5800000| Untracked 
|  39|0x00000000a5900000, 0x00000000a5900000, 0x00000000a5a00000|  0%| F|  |TAMS 0x00000000a5900000, 0x00000000a5900000| Untracked 
|  40|0x00000000a5a00000, 0x00000000a5a00000, 0x00000000a5b00000|  0%| F|  |TAMS 0x00000000a5a00000, 0x00000000a5a00000| Untracked 
|  41|0x00000000a5b00000, 0x00000000a5b00000, 0x00000000a5c00000|  0%| F|  |TAMS 0x00000000a5b00000, 0x00000000a5b00000| Untracked 
|  42|0x00000000a5c00000, 0x00000000a5c00000, 0x00000000a5d00000|  0%| F|  |TAMS 0x00000000a5c00000, 0x00000000a5c00000| Untracked 
|  43|0x00000000a5d00000, 0x00000000a5d00000, 0x00000000a5e00000|  0%| F|  |TAMS 0x00000000a5d00000, 0x00000000a5d00000| Untracked 
|  44|0x00000000a5e00000, 0x00000000a5e00000, 0x00000000a5f00000|  0%| F|  |TAMS 0x00000000a5e00000, 0x00000000a5e00000| Untracked 
|  45|0x00000000a5f00000, 0x00000000a5f00000, 0x00000000a6000000|  0%| F|  |TAMS 0x00000000a5f00000, 0x00000000a5f00000| Untracked 
|  46|0x00000000a6000000, 0x00000000a609dba8, 0x00000000a6100000| 61%| S|CS|TAMS 0x00000000a6000000, 0x00000000a6000000| Complete 
|  47|0x00000000a6100000, 0x00000000a6200000, 0x00000000a6200000|100%| S|CS|TAMS 0x00000000a6100000, 0x00000000a6100000| Complete 
|  48|0x00000000a6200000, 0x00000000a6200000, 0x00000000a6300000|  0%| F|  |TAMS 0x00000000a6200000, 0x00000000a6200000| Untracked 
|  49|0x00000000a6300000, 0x00000000a6300000, 0x00000000a6400000|  0%| F|  |TAMS 0x00000000a6300000, 0x00000000a6300000| Untracked 
|  50|0x00000000a6400000, 0x00000000a6400000, 0x00000000a6500000|  0%| F|  |TAMS 0x00000000a6400000, 0x00000000a6400000| Untracked 
|  51|0x00000000a6500000, 0x00000000a6500000, 0x00000000a6600000|  0%| F|  |TAMS 0x00000000a6500000, 0x00000000a6500000| Untracked 
|  52|0x00000000a6600000, 0x00000000a6600000, 0x00000000a6700000|  0%| F|  |TAMS 0x00000000a6600000, 0x00000000a6600000| Untracked 
|  53|0x00000000a6700000, 0x00000000a6700000, 0x00000000a6800000|  0%| F|  |TAMS 0x00000000a6700000, 0x00000000a6700000| Untracked 
|  54|0x00000000a6800000, 0x00000000a6800000, 0x00000000a6900000|  0%| F|  |TAMS 0x00000000a6800000, 0x00000000a6800000| Untracked 
|  55|0x00000000a6900000, 0x00000000a6900000, 0x00000000a6a00000|  0%| F|  |TAMS 0x00000000a6900000, 0x00000000a6900000| Untracked 
|  56|0x00000000a6a00000, 0x00000000a6a00000, 0x00000000a6b00000|  0%| F|  |TAMS 0x00000000a6a00000, 0x00000000a6a00000| Untracked 
|  57|0x00000000a6b00000, 0x00000000a6b00000, 0x00000000a6c00000|  0%| F|  |TAMS 0x00000000a6b00000, 0x00000000a6b00000| Untracked 
|  58|0x00000000a6c00000, 0x00000000a6c00000, 0x00000000a6d00000|  0%| F|  |TAMS 0x00000000a6c00000, 0x00000000a6c00000| Untracked 
|  59|0x00000000a6d00000, 0x00000000a6d00000, 0x00000000a6e00000|  0%| F|  |TAMS 0x00000000a6d00000, 0x00000000a6d00000| Untracked 
|  60|0x00000000a6e00000, 0x00000000a6e00000, 0x00000000a6f00000|  0%| F|  |TAMS 0x00000000a6e00000, 0x00000000a6e00000| Untracked 
|  61|0x00000000a6f00000, 0x00000000a6f00000, 0x00000000a7000000|  0%| F|  |TAMS 0x00000000a6f00000, 0x00000000a6f00000| Untracked 
|  62|0x00000000a7000000, 0x00000000a7000000, 0x00000000a7100000|  0%| F|  |TAMS 0x00000000a7000000, 0x00000000a7000000| Untracked 
|  63|0x00000000a7100000, 0x00000000a7100000, 0x00000000a7200000|  0%| F|  |TAMS 0x00000000a7100000, 0x00000000a7100000| Untracked 
|  64|0x00000000a7200000, 0x00000000a7200000, 0x00000000a7300000|  0%| F|  |TAMS 0x00000000a7200000, 0x00000000a7200000| Untracked 
|  65|0x00000000a7300000, 0x00000000a7300000, 0x00000000a7400000|  0%| F|  |TAMS 0x00000000a7300000, 0x00000000a7300000| Untracked 
|  66|0x00000000a7400000, 0x00000000a7400000, 0x00000000a7500000|  0%| F|  |TAMS 0x00000000a7400000, 0x00000000a7400000| Untracked 
|  67|0x00000000a7500000, 0x00000000a7500000, 0x00000000a7600000|  0%| F|  |TAMS 0x00000000a7500000, 0x00000000a7500000| Untracked 
|  68|0x00000000a7600000, 0x00000000a7600000, 0x00000000a7700000|  0%| F|  |TAMS 0x00000000a7600000, 0x00000000a7600000| Untracked 
|  69|0x00000000a7700000, 0x00000000a7700000, 0x00000000a7800000|  0%| F|  |TAMS 0x00000000a7700000, 0x00000000a7700000| Untracked 
|  70|0x00000000a7800000, 0x00000000a7800000, 0x00000000a7900000|  0%| F|  |TAMS 0x00000000a7800000, 0x00000000a7800000| Untracked 
|  71|0x00000000a7900000, 0x00000000a7900000, 0x00000000a7a00000|  0%| F|  |TAMS 0x00000000a7900000, 0x00000000a7900000| Untracked 
|  72|0x00000000a7a00000, 0x00000000a7a00000, 0x00000000a7b00000|  0%| F|  |TAMS 0x00000000a7a00000, 0x00000000a7a00000| Untracked 
|  73|0x00000000a7b00000, 0x00000000a7b00000, 0x00000000a7c00000|  0%| F|  |TAMS 0x00000000a7b00000, 0x00000000a7b00000| Untracked 
|  74|0x00000000a7c00000, 0x00000000a7c00000, 0x00000000a7d00000|  0%| F|  |TAMS 0x00000000a7c00000, 0x00000000a7c00000| Untracked 
|  75|0x00000000a7d00000, 0x00000000a7d00000, 0x00000000a7e00000|  0%| F|  |TAMS 0x00000000a7d00000, 0x00000000a7d00000| Untracked 
|  76|0x00000000a7e00000, 0x00000000a7e00000, 0x00000000a7f00000|  0%| F|  |TAMS 0x00000000a7e00000, 0x00000000a7e00000| Untracked 
|  77|0x00000000a7f00000, 0x00000000a7f00000, 0x00000000a8000000|  0%| F|  |TAMS 0x00000000a7f00000, 0x00000000a7f00000| Untracked 
|  78|0x00000000a8000000, 0x00000000a8000000, 0x00000000a8100000|  0%| F|  |TAMS 0x00000000a8000000, 0x00000000a8000000| Untracked 
|  79|0x00000000a8100000, 0x00000000a8100000, 0x00000000a8200000|  0%| F|  |TAMS 0x00000000a8100000, 0x00000000a8100000| Untracked 
|  80|0x00000000a8200000, 0x00000000a8200000, 0x00000000a8300000|  0%| F|  |TAMS 0x00000000a8200000, 0x00000000a8200000| Untracked 
|  81|0x00000000a8300000, 0x00000000a8300000, 0x00000000a8400000|  0%| F|  |TAMS 0x00000000a8300000, 0x00000000a8300000| Untracked 
|  82|0x00000000a8400000, 0x00000000a8400000, 0x00000000a8500000|  0%| F|  |TAMS 0x00000000a8400000, 0x00000000a8400000| Untracked 
|  83|0x00000000a8500000, 0x00000000a8500000, 0x00000000a8600000|  0%| F|  |TAMS 0x00000000a8500000, 0x00000000a8500000| Untracked 
|  84|0x00000000a8600000, 0x00000000a8600000, 0x00000000a8700000|  0%| F|  |TAMS 0x00000000a8600000, 0x00000000a8600000| Untracked 
|  85|0x00000000a8700000, 0x00000000a8700000, 0x00000000a8800000|  0%| F|  |TAMS 0x00000000a8700000, 0x00000000a8700000| Untracked 
|  86|0x00000000a8800000, 0x00000000a8800000, 0x00000000a8900000|  0%| F|  |TAMS 0x00000000a8800000, 0x00000000a8800000| Untracked 
|  87|0x00000000a8900000, 0x00000000a8900000, 0x00000000a8a00000|  0%| F|  |TAMS 0x00000000a8900000, 0x00000000a8900000| Untracked 
|  88|0x00000000a8a00000, 0x00000000a8a00000, 0x00000000a8b00000|  0%| F|  |TAMS 0x00000000a8a00000, 0x00000000a8a00000| Untracked 
|  89|0x00000000a8b00000, 0x00000000a8b00000, 0x00000000a8c00000|  0%| F|  |TAMS 0x00000000a8b00000, 0x00000000a8b00000| Untracked 
|  90|0x00000000a8c00000, 0x00000000a8c00000, 0x00000000a8d00000|  0%| F|  |TAMS 0x00000000a8c00000, 0x00000000a8c00000| Untracked 
|  91|0x00000000a8d00000, 0x00000000a8d00000, 0x00000000a8e00000|  0%| F|  |TAMS 0x00000000a8d00000, 0x00000000a8d00000| Untracked 
|  92|0x00000000a8e00000, 0x00000000a8e5d858, 0x00000000a8f00000| 36%| E|  |TAMS 0x00000000a8e00000, 0x00000000a8e00000| Complete 
|  93|0x00000000a8f00000, 0x00000000a9000000, 0x00000000a9000000|100%| E|CS|TAMS 0x00000000a8f00000, 0x00000000a8f00000| Complete 
|1484|0x00000000ffe00000, 0x00000000ffe47000, 0x00000000fff00000| 27%|OA|  |TAMS 0x00000000ffe47000, 0x00000000ffe00000| Untracked 
|1485|0x00000000fff00000, 0x00000000fff6b000, 0x0000000100000000| 41%|CA|  |TAMS 0x00000000fff6b000, 0x00000000fff00000| Untracked 

Card table byte_map: [0x00007fee604e0000,0x00007fee607c7000] _byte_map_base: 0x00007fee5ffc7000

Marking Bits (Prev, Next): (CMBitMap*) 0x00007fee5c04fba8, (CMBitMap*) 0x00007fee5c04fbe0
 Prev Bits: [0x00007fee3e8c8000, 0x00007fee40000000)
 Next Bits: [0x00007fee3d190000, 0x00007fee3e8c8000)

Polling page: 0x00007fee62c39000

Metaspace:

Usage:
  Non-class:     31.84 MB capacity,    31.03 MB ( 97%) used,   676.78 KB (  2%) free+waste,   155.19 KB ( <1%) overhead. 
      Class:      5.20 MB capacity,     4.61 MB ( 89%) used,   531.59 KB ( 10%) free+waste,    77.38 KB (  1%) overhead. 
       Both:     37.04 MB capacity,    35.63 MB ( 96%) used,     1.18 MB (  3%) free+waste,   232.56 KB ( <1%) overhead. 

Virtual space:
  Non-class space:       32.00 MB reserved,      31.92 MB (>99%) committed 
      Class space:        1.00 GB reserved,       5.28 MB ( <1%) committed 
             Both:        1.03 GB reserved,      37.20 MB (  4%) committed 

Chunk freelists:
   Non-Class:  45.00 KB
       Class:  18.00 KB
        Both:  63.00 KB

MaxMetaspaceSize: unlimited
CompressedClassSpaceSize: 1.00 GB

CodeHeap 'non-profiled nmethods': size=238948Kb used=16752Kb max_used=16752Kb free=222196Kb
 bounds [0x00007fee44f38000, 0x00007fee45f98000, 0x00007fee53891000]
CodeHeap 'non-nmethods': size=6812Kb used=1212Kb max_used=1212Kb free=5599Kb
 bounds [0x00007fee44891000, 0x00007fee44b01000, 0x00007fee44f38000]
 total_blobs=9107 nmethods=8529 adapters=503
 compilation: enabled
              stopped_count=0, restarted_count=0
 full_count=0

Compilation events (20 events):
Event: 32177.419 Thread 0x00007fee5c0fd000 8597       1       org.eclipse.lsp4j.Range::setEnd (14 bytes)
Event: 32177.419 Thread 0x00007fee5c0fd000 nmethod 8597 0x00007fee45f91590 code [0x00007fee45f91740, 0x00007fee45f918e0]
Event: 32178.219 Thread 0x00007fee5c0fd000 8598       1       org.eclipse.lsp4j.Hover::getContents (5 bytes)
Event: 32178.219 Thread 0x00007fee5c0fd000 nmethod 8598 0x00007fee45f91990 code [0x00007fee45f91b40, 0x00007fee45f91c10]
Event: 32178.219 Thread 0x00007fee5c0fd000 8599       1       org.eclipse.lsp4j.Hover::getRange (5 bytes)
Event: 32178.219 Thread 0x00007fee5c0fd000 nmethod 8599 0x00007fee45f91c90 code [0x00007fee45f91e40, 0x00007fee45f91f10]
Event: 32247.693 Thread 0x00007fee5c0fd000 8600       1       org.eclipse.jdt.internal.compiler.ast.Expression::tagAsUnnecessaryCast (1 bytes)
Event: 32247.693 Thread 0x00007fee5c0fd000 nmethod 8600 0x00007fee45f91f90 code [0x00007fee45f92140, 0x00007fee45f92210]
Event: 32308.108 Thread 0x00007fee5c0fd000 8601       1       java.util.logging.Logger::getHandlers (5 bytes)
Event: 32308.108 Thread 0x00007fee5c0fd000 nmethod 8601 0x00007fee45f92290 code [0x00007fee45f92440, 0x00007fee45f92540]
Event: 32308.109 Thread 0x00007fee5c0fd000 8602       1       java.util.logging.Logger::accessCheckedHandlers (17 bytes)
Event: 32308.109 Thread 0x00007fee5c0fd000 nmethod 8602 0x00007fee45f92610 code [0x00007fee45f927c0, 0x00007fee45f92900]
Event: 32311.238 Thread 0x00007fee5c0fd000 8603       1       org.springframework.ide.vscode.boot.java.BootJavaLanguageServerComponents::getHoverProvider (5 bytes)
Event: 32311.238 Thread 0x00007fee5c0fd000 nmethod 8603 0x00007fee45f92a10 code [0x00007fee45f92bc0, 0x00007fee45f92c90]
Event: 35228.715 Thread 0x00007fee5c0fd000 8604   !   1       java.util.zip.Inflater::end (37 bytes)
Event: 35228.717 Thread 0x00007fee5c0fd000 nmethod 8604 0x00007fee45f92d10 code [0x00007fee45f92ee0, 0x00007fee45f93240]
Event: 35228.717 Thread 0x00007fee5c0fd000 8605       1       java.util.zip.Inflater$InflaterZStreamRef::clean (10 bytes)
Event: 35228.718 Thread 0x00007fee5c0fd000 nmethod 8605 0x00007fee45f93390 code [0x00007fee45f93540, 0x00007fee45f93640]
Event: 35228.718 Thread 0x00007fee5c0fd000 8606  s    1       java.util.zip.Inflater$InflaterZStreamRef::run (21 bytes)
Event: 35228.718 Thread 0x00007fee5c0fd000 nmethod 8606 0x00007fee45f93710 code [0x00007fee45f938c0, 0x00007fee45f93b60]

GC Heap History (20 events):
Event: 30200.096 GC heap before
{Heap before GC invocations=56 (full 0):
 garbage-first heap   total 98304K, used 81883K [0x00000000a3200000, 0x0000000100000000)
  region size 1024K, 48 young (49152K), 2 survivors (2048K)
 Metaspace       used 36481K, capacity 37929K, committed 38096K, reserved 1081344K
  class space    used 4717K, capacity 5326K, committed 5408K, reserved 1048576K
}
Event: 30200.098 GC heap after
{Heap after GC invocations=57 (full 0):
 garbage-first heap   total 98304K, used 34933K [0x00000000a3200000, 0x0000000100000000)
  region size 1024K, 2 young (2048K), 2 survivors (2048K)
 Metaspace       used 36481K, capacity 37929K, committed 38096K, reserved 1081344K
  class space    used 4717K, capacity 5326K, committed 5408K, reserved 1048576K
}
Event: 30210.291 GC heap before
{Heap before GC invocations=57 (full 0):
 garbage-first heap   total 98304K, used 82037K [0x00000000a3200000, 0x0000000100000000)
  region size 1024K, 48 young (49152K), 2 survivors (2048K)
 Metaspace       used 36481K, capacity 37929K, committed 38096K, reserved 1081344K
  class space    used 4717K, capacity 5326K, committed 5408K, reserved 1048576K
}
Event: 30210.294 GC heap after
{Heap after GC invocations=58 (full 0):
 garbage-first heap   total 98304K, used 35446K [0x00000000a3200000, 0x0000000100000000)
  region size 1024K, 2 young (2048K), 2 survivors (2048K)
 Metaspace       used 36481K, capacity 37929K, committed 38096K, reserved 1081344K
  class space    used 4717K, capacity 5326K, committed 5408K, reserved 1048576K
}
Event: 30491.324 GC heap before
{Heap before GC invocations=58 (full 0):
 garbage-first heap   total 98304K, used 81526K [0x00000000a3200000, 0x0000000100000000)
  region size 1024K, 47 young (48128K), 2 survivors (2048K)
 Metaspace       used 36481K, capacity 37929K, committed 38096K, reserved 1081344K
  class space    used 4717K, capacity 5326K, committed 5408K, reserved 1048576K
}
Event: 30491.346 GC heap after
{Heap after GC invocations=59 (full 0):
 garbage-first heap   total 98304K, used 35130K [0x00000000a3200000, 0x0000000100000000)
  region size 1024K, 2 young (2048K), 2 survivors (2048K)
 Metaspace       used 36481K, capacity 37929K, committed 38096K, reserved 1081344K
  class space    used 4717K, capacity 5326K, committed 5408K, reserved 1048576K
}
Event: 30506.078 GC heap before
{Heap before GC invocations=59 (full 0):
 garbage-first heap   total 98304K, used 81210K [0x00000000a3200000, 0x0000000100000000)
  region size 1024K, 47 young (48128K), 2 survivors (2048K)
 Metaspace       used 36485K, capacity 37929K, committed 38096K, reserved 1081344K
  class space    used 4717K, capacity 5326K, committed 5408K, reserved 1048576K
}
Event: 30506.082 GC heap after
{Heap after GC invocations=60 (full 0):
 garbage-first heap   total 98304K, used 35225K [0x00000000a3200000, 0x0000000100000000)
  region size 1024K, 2 young (2048K), 2 survivors (2048K)
 Metaspace       used 36485K, capacity 37929K, committed 38096K, reserved 1081344K
  class space    used 4717K, capacity 5326K, committed 5408K, reserved 1048576K
}
Event: 30518.765 GC heap before
{Heap before GC invocations=60 (full 0):
 garbage-first heap   total 98304K, used 81305K [0x00000000a3200000, 0x0000000100000000)
  region size 1024K, 47 young (48128K), 2 survivors (2048K)
 Metaspace       used 36486K, capacity 37929K, committed 38096K, reserved 1081344K
  class space    used 4717K, capacity 5326K, committed 5408K, reserved 1048576K
}
Event: 30518.768 GC heap after
{Heap after GC invocations=61 (full 0):
 garbage-first heap   total 98304K, used 35356K [0x00000000a3200000, 0x0000000100000000)
  region size 1024K, 2 young (2048K), 2 survivors (2048K)
 Metaspace       used 36486K, capacity 37929K, committed 38096K, reserved 1081344K
  class space    used 4717K, capacity 5326K, committed 5408K, reserved 1048576K
}
Event: 30538.779 GC heap before
{Heap before GC invocations=61 (full 0):
 garbage-first heap   total 98304K, used 81436K [0x00000000a3200000, 0x0000000100000000)
  region size 1024K, 47 young (48128K), 2 survivors (2048K)
 Metaspace       used 36486K, capacity 37929K, committed 38096K, reserved 1081344K
  class space    used 4717K, capacity 5326K, committed 5408K, reserved 1048576K
}
Event: 30538.781 GC heap after
{Heap after GC invocations=62 (full 0):
 garbage-first heap   total 98304K, used 34827K [0x00000000a3200000, 0x0000000100000000)
  region size 1024K, 2 young (2048K), 2 survivors (2048K)
 Metaspace       used 36486K, capacity 37929K, committed 38096K, reserved 1081344K
  class space    used 4717K, capacity 5326K, committed 5408K, reserved 1048576K
}
Event: 30780.324 GC heap before
{Heap before GC invocations=62 (full 0):
 garbage-first heap   total 98304K, used 80907K [0x00000000a3200000, 0x0000000100000000)
  region size 1024K, 48 young (49152K), 2 survivors (2048K)
 Metaspace       used 36487K, capacity 37929K, committed 38096K, reserved 1081344K
  class space    used 4717K, capacity 5326K, committed 5408K, reserved 1048576K
}
Event: 30780.329 GC heap after
{Heap after GC invocations=63 (full 0):
 garbage-first heap   total 98304K, used 35658K [0x00000000a3200000, 0x0000000100000000)
  region size 1024K, 2 young (2048K), 2 survivors (2048K)
 Metaspace       used 36487K, capacity 37929K, committed 38096K, reserved 1081344K
  class space    used 4717K, capacity 5326K, committed 5408K, reserved 1048576K
}
Event: 31001.449 GC heap before
{Heap before GC invocations=63 (full 0):
 garbage-first heap   total 98304K, used 80714K [0x00000000a3200000, 0x0000000100000000)
  region size 1024K, 47 young (48128K), 2 survivors (2048K)
 Metaspace       used 36487K, capacity 37929K, committed 38096K, reserved 1081344K
  class space    used 4717K, capacity 5326K, committed 5408K, reserved 1048576K
}
Event: 31001.674 GC heap after
{Heap after GC invocations=64 (full 0):
 garbage-first heap   total 98304K, used 36408K [0x00000000a3200000, 0x0000000100000000)
  region size 1024K, 3 young (3072K), 3 survivors (3072K)
 Metaspace       used 36487K, capacity 37929K, committed 38096K, reserved 1081344K
  class space    used 4717K, capacity 5326K, committed 5408K, reserved 1048576K
}
Event: 32157.453 GC heap before
{Heap before GC invocations=64 (full 0):
 garbage-first heap   total 98304K, used 81464K [0x00000000a3200000, 0x0000000100000000)
  region size 1024K, 47 young (48128K), 3 survivors (3072K)
 Metaspace       used 36487K, capacity 37929K, committed 38096K, reserved 1081344K
  class space    used 4717K, capacity 5326K, committed 5408K, reserved 1048576K
}
Event: 32157.455 GC heap after
{Heap after GC invocations=65 (full 0):
 garbage-first heap   total 98304K, used 35404K [0x00000000a3200000, 0x0000000100000000)
  region size 1024K, 2 young (2048K), 2 survivors (2048K)
 Metaspace       used 36487K, capacity 37929K, committed 38096K, reserved 1081344K
  class space    used 4717K, capacity 5326K, committed 5408K, reserved 1048576K
}
Event: 35228.656 GC heap before
{Heap before GC invocations=65 (full 0):
 garbage-first heap   total 98304K, used 80460K [0x00000000a3200000, 0x0000000100000000)
  region size 1024K, 47 young (48128K), 2 survivors (2048K)
 Metaspace       used 36488K, capacity 37929K, committed 38096K, reserved 1081344K
  class space    used 4717K, capacity 5326K, committed 5408K, reserved 1048576K
}
Event: 35228.693 GC heap after
{Heap after GC invocations=66 (full 0):
 garbage-first heap   total 98304K, used 35313K [0x00000000a3200000, 0x0000000100000000)
  region size 1024K, 2 young (2048K), 2 survivors (2048K)
 Metaspace       used 36488K, capacity 37929K, committed 38096K, reserved 1081344K
  class space    used 4717K, capacity 5326K, committed 5408K, reserved 1048576K
}

Deoptimization events (6 events):
Event: 13.256 Thread 0x00007fedf01d4000 DEOPT PACKING pc=0x00007fee454327ec sp=0x00007fee341ea000
Event: 13.256 Thread 0x00007fedf01d4000 DEOPT UNPACKING pc=0x00007fee448b79ba sp=0x00007fee341e9548 mode 0
Event: 14.263 Thread 0x00007fedf01d4000 DEOPT PACKING pc=0x00007fee451b9aa5 sp=0x00007fee341e9a20
Event: 14.263 Thread 0x00007fedf01d4000 DEOPT UNPACKING pc=0x00007fee448b79ba sp=0x00007fee341e8f48 mode 3
Event: 61.995 Thread 0x00007fedec062000 DEOPT PACKING pc=0x00007fee4557025c sp=0x00007fee347ed160
Event: 61.995 Thread 0x00007fedec062000 DEOPT UNPACKING pc=0x00007fee448b79ba sp=0x00007fee347ec6e0 mode 0

Classes redefined (0 events):
No events

Internal exceptions (20 events):
Event: 32177.355 Thread 0x00007fedf01d4000 Exception <a 'java/lang/ArrayIndexOutOfBoundsException'{0x00000000a79f4e00}> (0x00000000a79f4e00) thrown at [src/hotspot/share/runtime/sharedRuntime.cpp, line 584]
Event: 32177.359 Thread 0x00007fedf01d4000 Exception <a 'java/lang/ArrayIndexOutOfBoundsException'{0x00000000a7850af0}> (0x00000000a7850af0) thrown at [src/hotspot/share/runtime/sharedRuntime.cpp, line 584]
Event: 32177.360 Thread 0x00007fedf01d4000 Exception <a 'java/lang/ArrayIndexOutOfBoundsException'{0x00000000a78706f8}> (0x00000000a78706f8) thrown at [src/hotspot/share/runtime/sharedRuntime.cpp, line 584]
Event: 32177.361 Thread 0x00007fedf01d4000 Exception <a 'java/lang/ArrayIndexOutOfBoundsException'{0x00000000a7889648}> (0x00000000a7889648) thrown at [src/hotspot/share/runtime/sharedRuntime.cpp, line 584]
Event: 32177.361 Thread 0x00007fedf01d4000 Exception <a 'java/lang/ArrayIndexOutOfBoundsException'{0x00000000a78a0be8}> (0x00000000a78a0be8) thrown at [src/hotspot/share/runtime/sharedRuntime.cpp, line 584]
Event: 32177.363 Thread 0x00007fedf01d4000 Exception <a 'java/lang/ArrayIndexOutOfBoundsException'{0x00000000a78c7648}> (0x00000000a78c7648) thrown at [src/hotspot/share/runtime/sharedRuntime.cpp, line 584]
Event: 32177.377 Thread 0x00007fedf01d4000 Exception <a 'java/lang/ArrayIndexOutOfBoundsException'{0x00000000a78f1108}> (0x00000000a78f1108) thrown at [src/hotspot/share/runtime/sharedRuntime.cpp, line 584]
Event: 32177.390 Thread 0x00007fedf01d4000 Exception <a 'java/lang/ArrayIndexOutOfBoundsException'{0x00000000a770df50}> (0x00000000a770df50) thrown at [src/hotspot/share/runtime/sharedRuntime.cpp, line 584]
Event: 32177.404 Thread 0x00007fedf01d4000 Exception <a 'java/lang/ArrayIndexOutOfBoundsException'{0x00000000a7723c90}> (0x00000000a7723c90) thrown at [src/hotspot/share/runtime/sharedRuntime.cpp, line 584]
Event: 32177.405 Thread 0x00007fedf01d4000 Exception <a 'java/lang/ArrayIndexOutOfBoundsException'{0x00000000a773bd00}> (0x00000000a773bd00) thrown at [src/hotspot/share/runtime/sharedRuntime.cpp, line 584]
Event: 32177.410 Thread 0x00007fedf01d4000 Exception <a 'java/lang/ArrayIndexOutOfBoundsException'{0x00000000a775b708}> (0x00000000a775b708) thrown at [src/hotspot/share/runtime/sharedRuntime.cpp, line 584]
Event: 32177.410 Thread 0x00007fedf01d4000 Exception <a 'java/lang/ArrayIndexOutOfBoundsException'{0x00000000a7773570}> (0x00000000a7773570) thrown at [src/hotspot/share/runtime/sharedRuntime.cpp, line 584]
Event: 32177.411 Thread 0x00007fedf01d4000 Exception <a 'java/lang/ArrayIndexOutOfBoundsException'{0x00000000a7794788}> (0x00000000a7794788) thrown at [src/hotspot/share/runtime/sharedRuntime.cpp, line 584]
Event: 32247.689 Thread 0x00007fede0003800 Exception <a 'java/lang/ArrayIndexOutOfBoundsException'{0x00000000a6fbe8d0}> (0x00000000a6fbe8d0) thrown at [src/hotspot/share/runtime/sharedRuntime.cpp, line 584]
Event: 32308.675 Thread 0x00007fede0003800 Exception <a 'java/lang/ArrayIndexOutOfBoundsException'{0x00000000a6c1ad98}> (0x00000000a6c1ad98) thrown at [src/hotspot/share/runtime/sharedRuntime.cpp, line 584]
Event: 32791.329 Thread 0x00007feddc009800 Exception <a 'java/lang/ArrayIndexOutOfBoundsException'{0x00000000a6a11de8}> (0x00000000a6a11de8) thrown at [src/hotspot/share/runtime/sharedRuntime.cpp, line 584]
Event: 32791.764 Thread 0x00007feddc009800 Exception <a 'java/lang/ArrayIndexOutOfBoundsException'{0x00000000a69f1b50}> (0x00000000a69f1b50) thrown at [src/hotspot/share/runtime/sharedRuntime.cpp, line 584]
Event: 33239.083 Thread 0x00007feddc009800 Exception <a 'java/lang/ArrayIndexOutOfBoundsException'{0x00000000a67876b0}> (0x00000000a67876b0) thrown at [src/hotspot/share/runtime/sharedRuntime.cpp, line 584]
Event: 35141.713 Thread 0x00007feddc009800 Exception <a 'java/lang/ArrayIndexOutOfBoundsException'{0x00000000a6579680}> (0x00000000a6579680) thrown at [src/hotspot/share/runtime/sharedRuntime.cpp, line 584]
Event: 35228.646 Thread 0x00007feddc009800 Exception <a 'java/lang/ArrayIndexOutOfBoundsException'{0x00000000a6284898}> (0x00000000a6284898) thrown at [src/hotspot/share/runtime/sharedRuntime.cpp, line 584]

Events (20 events):
Event: 32177.342 Executing VM operation: RevokeBias done
Event: 32177.965 Executing VM operation: RevokeBias
Event: 32177.965 Executing VM operation: RevokeBias done
Event: 32238.219 Executing VM operation: RevokeBias
Event: 32238.219 Executing VM operation: RevokeBias done
Event: 32238.219 Thread 0x00007fedec08e000 Thread exited: 0x00007fedec08e000
Event: 32379.794 Executing VM operation: RevokeBias
Event: 32379.794 Executing VM operation: RevokeBias done
Event: 32379.794 Thread 0x00007fede0003800 Thread exited: 0x00007fede0003800
Event: 35228.652 Executing VM operation: G1CollectForAllocation
Event: 35228.693 Executing VM operation: G1CollectForAllocation done
Event: 35228.695 Executing VM operation: RevokeBias
Event: 35228.697 Executing VM operation: RevokeBias done
Event: 35228.698 Executing VM operation: RevokeBias
Event: 35228.699 Executing VM operation: RevokeBias done
Event: 35228.700 Executing VM operation: BulkRevokeBias
Event: 35228.714 Executing VM operation: BulkRevokeBias done
Event: 35228.852 Loaded shared library /usr/lib/jvm/java-11-openjdk-amd64/lib/libzip.so
Event: 35228.852 Executing VM operation: BulkRevokeBias
Event: 35228.852 Executing VM operation: BulkRevokeBias done


Dynamic libraries:
a3200000-a9000000 rw-p 00000000 00:00 0 
a9000000-ffe00000 ---p 00000000 00:00 0 
ffe00000-ffe47000 rw-p 01111000 08:10 232264                             /usr/lib/jvm/java-11-openjdk-amd64/lib/server/classes.jsa
ffe47000-fff00000 rw-p 00000000 00:00 0 
fff00000-fff6b000 rw-p 010a6000 08:10 232264                             /usr/lib/jvm/java-11-openjdk-amd64/lib/server/classes.jsa
fff6b000-100000000 rw-p 00000000 00:00 0 
800000000-800002000 rwxp 00001000 08:10 232264                           /usr/lib/jvm/java-11-openjdk-amd64/lib/server/classes.jsa
800002000-8003b9000 rw-p 00003000 08:10 232264                           /usr/lib/jvm/java-11-openjdk-amd64/lib/server/classes.jsa
8003b9000-800a96000 r--p 003ba000 08:10 232264                           /usr/lib/jvm/java-11-openjdk-amd64/lib/server/classes.jsa
800a96000-800a97000 rw-p 00a97000 08:10 232264                           /usr/lib/jvm/java-11-openjdk-amd64/lib/server/classes.jsa
800a97000-8010a5000 r--p 00a98000 08:10 232264                           /usr/lib/jvm/java-11-openjdk-amd64/lib/server/classes.jsa
840000000-840548000 rw-p 00000000 00:00 0 
840548000-880000000 ---p 00000000 00:00 0 
562769067000-562769068000 r--p 00000000 08:10 4770                       /usr/lib/jvm/java-11-openjdk-amd64/bin/java
562769068000-562769069000 r-xp 00001000 08:10 4770                       /usr/lib/jvm/java-11-openjdk-amd64/bin/java
562769069000-56276906a000 r--p 00002000 08:10 4770                       /usr/lib/jvm/java-11-openjdk-amd64/bin/java
56276906a000-56276906b000 r--p 00002000 08:10 4770                       /usr/lib/jvm/java-11-openjdk-amd64/bin/java
56276906b000-56276906c000 rw-p 00003000 08:10 4770                       /usr/lib/jvm/java-11-openjdk-amd64/bin/java
5627696a7000-5627696e9000 rw-p 00000000 00:00 0                          [heap]
7fedac000000-7fedac021000 rw-p 00000000 00:00 0 
7fedac021000-7fedb0000000 ---p 00000000 00:00 0 
7fedb4000000-7fedb4054000 rw-p 00000000 00:00 0 
7fedb4054000-7fedb8000000 ---p 00000000 00:00 0 
7fedb8000000-7fedb8021000 rw-p 00000000 00:00 0 
7fedb8021000-7fedbc000000 ---p 00000000 00:00 0 
7fedbc000000-7fedbc021000 rw-p 00000000 00:00 0 
7fedbc021000-7fedc0000000 ---p 00000000 00:00 0 
7fedc0000000-7fedc002d000 rw-p 00000000 00:00 0 
7fedc002d000-7fedc4000000 ---p 00000000 00:00 0 
7fedc4000000-7fedc424d000 rw-p 00000000 00:00 0 
7fedc424d000-7fedc8000000 ---p 00000000 00:00 0 
7fedcb891000-7fedd4000000 r--s 00000000 08:10 4851                       /usr/lib/jvm/java-11-openjdk-amd64/lib/modules
7fedd4000000-7fedd4021000 rw-p 00000000 00:00 0 
7fedd4021000-7fedd8000000 ---p 00000000 00:00 0 
7feddb0f9000-7feddb0fd000 ---p 00000000 00:00 0 
7feddb0fd000-7feddb3fa000 rw-p 00000000 00:00 0 
7feddb3fa000-7feddb3fb000 ---p 00000000 00:00 0 
7feddb3fb000-7feddb6fc000 rw-p 00000000 00:00 0 
7feddb6fc000-7feddb700000 ---p 00000000 00:00 0 
7feddb700000-7feddb9fd000 rw-p 00000000 00:00 0 
7feddb9fd000-7feddba01000 ---p 00000000 00:00 0 
7feddba01000-7feddbcfe000 rw-p 00000000 00:00 0 
7feddbcfe000-7feddbcff000 ---p 00000000 00:00 0 
7feddbcff000-7feddc000000 rw-p 00000000 00:00 0 
7feddc000000-7feddc021000 rw-p 00000000 00:00 0 
7feddc021000-7fede0000000 ---p 00000000 00:00 0 
7fede0000000-7fede0021000 rw-p 00000000 00:00 0 
7fede0021000-7fede4000000 ---p 00000000 00:00 0 
7fede4000000-7fede4021000 rw-p 00000000 00:00 0 
7fede4021000-7fede8000000 ---p 00000000 00:00 0 
7fede8000000-7fede81c6000 rw-p 00000000 00:00 0 
7fede81c6000-7fedec000000 ---p 00000000 00:00 0 
7fedec000000-7fedec0a5000 rw-p 00000000 00:00 0 
7fedec0a5000-7fedf0000000 ---p 00000000 00:00 0 
7fedf0000000-7fedf01df000 rw-p 00000000 00:00 0 
7fedf01df000-7fedf4000000 ---p 00000000 00:00 0 
7fedf4000000-7fedf4021000 rw-p 00000000 00:00 0 
7fedf4021000-7fedf8000000 ---p 00000000 00:00 0 
7fedf8000000-7fedf8021000 rw-p 00000000 00:00 0 
7fedf8021000-7fedfc000000 ---p 00000000 00:00 0 
7fedfc000000-7fedfc021000 rw-p 00000000 00:00 0 
7fedfc021000-7fee00000000 ---p 00000000 00:00 0 
7fee00000000-7fee00093000 rw-p 00000000 00:00 0 
7fee00093000-7fee04000000 ---p 00000000 00:00 0 
7fee04000000-7fee04021000 rw-p 00000000 00:00 0 
7fee04021000-7fee08000000 ---p 00000000 00:00 0 
7fee08000000-7fee08021000 rw-p 00000000 00:00 0 
7fee08021000-7fee0c000000 ---p 00000000 00:00 0 
7fee0c000000-7fee0ca25000 rw-p 00000000 00:00 0 
7fee0ca25000-7fee10000000 ---p 00000000 00:00 0 
7fee10000000-7fee10021000 rw-p 00000000 00:00 0 
7fee10021000-7fee14000000 ---p 00000000 00:00 0 
7fee14000000-7fee14021000 rw-p 00000000 00:00 0 
7fee14021000-7fee18000000 ---p 00000000 00:00 0 
7fee18000000-7fee18021000 rw-p 00000000 00:00 0 
7fee18021000-7fee1c000000 ---p 00000000 00:00 0 
7fee1c000000-7fee1c021000 rw-p 00000000 00:00 0 
7fee1c021000-7fee20000000 ---p 00000000 00:00 0 
7fee20000000-7fee20021000 rw-p 00000000 00:00 0 
7fee20021000-7fee24000000 ---p 00000000 00:00 0 
7fee24000000-7fee24021000 rw-p 00000000 00:00 0 
7fee24021000-7fee28000000 ---p 00000000 00:00 0 
7fee28000000-7fee280f4000 rw-p 00000000 00:00 0 
7fee280f4000-7fee2c000000 ---p 00000000 00:00 0 
7fee2c000000-7fee2c021000 rw-p 00000000 00:00 0 
7fee2c021000-7fee30000000 ---p 00000000 00:00 0 
7fee30000000-7fee30026000 rw-p 00000000 00:00 0 
7fee30026000-7fee34000000 ---p 00000000 00:00 0 
7fee340eb000-7fee340ef000 ---p 00000000 00:00 0 
7fee340ef000-7fee343ec000 rw-p 00000000 00:00 0 
7fee343ec000-7fee343f0000 ---p 00000000 00:00 0 
7fee343f0000-7fee344ed000 rw-p 00000000 00:00 0 
7fee344ed000-7fee344f1000 ---p 00000000 00:00 0 
7fee344f1000-7fee345ee000 rw-p 00000000 00:00 0 
7fee345ee000-7fee345f2000 ---p 00000000 00:00 0 
7fee345f2000-7fee346ef000 rw-p 00000000 00:00 0 
7fee346ef000-7fee346f3000 ---p 00000000 00:00 0 
7fee346f3000-7fee347f0000 rw-p 00000000 00:00 0 
7fee347f0000-7fee347f4000 ---p 00000000 00:00 0 
7fee347f4000-7fee348f1000 rw-p 00000000 00:00 0 
7fee348f1000-7fee348f5000 ---p 00000000 00:00 0 
7fee348f5000-7fee34bf2000 rw-p 00000000 00:00 0 
7fee34bf2000-7fee34bf6000 ---p 00000000 00:00 0 
7fee34bf6000-7fee34edf000 rw-p 00000000 00:00 0 
7fee34edf000-7fee34ef3000 ---p 00000000 00:00 0 
7fee34ef3000-7fee350f3000 rw-p 00000000 00:00 0 
7fee350f3000-7fee352f3000 rw-p 00000000 00:00 0 
7fee352f3000-7fee352f4000 ---p 00000000 00:00 0 
7fee352f4000-7fee353f5000 rw-p 00000000 00:00 0 
7fee353f5000-7fee353f6000 ---p 00000000 00:00 0 
7fee353f6000-7fee356f7000 rw-p 00000000 00:00 0 
7fee356f7000-7fee356fb000 ---p 00000000 00:00 0 
7fee356fb000-7fee359f8000 rw-p 00000000 00:00 0 
7fee359f8000-7fee359f9000 ---p 00000000 00:00 0 
7fee359f9000-7fee35afa000 rw-p 00000000 00:00 0 
7fee35afa000-7fee35afe000 ---p 00000000 00:00 0 
7fee35afe000-7fee35bfb000 rw-p 00000000 00:00 0 
7fee35bfb000-7fee35bfc000 ---p 00000000 00:00 0 
7fee35bfc000-7fee35cfd000 rw-p 00000000 00:00 0 
7fee35cfd000-7fee35d01000 ---p 00000000 00:00 0 
7fee35d01000-7fee35dfe000 rw-p 00000000 00:00 0 
7fee35dfe000-7fee35e02000 ---p 00000000 00:00 0 
7fee35e02000-7fee35eff000 rw-p 00000000 00:00 0 
7fee35eff000-7fee35f03000 ---p 00000000 00:00 0 
7fee35f03000-7fee38000000 rw-p 00000000 00:00 0 
7fee38000000-7fee38021000 rw-p 00000000 00:00 0 
7fee38021000-7fee3c000000 ---p 00000000 00:00 0 
7fee3c086000-7fee3c087000 r--p 00000000 08:10 4822                       /usr/lib/jvm/java-11-openjdk-amd64/lib/libextnet.so
7fee3c087000-7fee3c088000 r-xp 00001000 08:10 4822                       /usr/lib/jvm/java-11-openjdk-amd64/lib/libextnet.so
7fee3c088000-7fee3c089000 r--p 00002000 08:10 4822                       /usr/lib/jvm/java-11-openjdk-amd64/lib/libextnet.so
7fee3c089000-7fee3c08a000 r--p 00002000 08:10 4822                       /usr/lib/jvm/java-11-openjdk-amd64/lib/libextnet.so
7fee3c08a000-7fee3c08b000 rw-p 00003000 08:10 4822                       /usr/lib/jvm/java-11-openjdk-amd64/lib/libextnet.so
7fee3c08b000-7fee3c08d000 r--p 00000000 08:10 4839                       /usr/lib/jvm/java-11-openjdk-amd64/lib/libmanagement_ext.so
7fee3c08d000-7fee3c090000 r-xp 00002000 08:10 4839                       /usr/lib/jvm/java-11-openjdk-amd64/lib/libmanagement_ext.so
7fee3c090000-7fee3c091000 r--p 00005000 08:10 4839                       /usr/lib/jvm/java-11-openjdk-amd64/lib/libmanagement_ext.so
7fee3c091000-7fee3c092000 ---p 00006000 08:10 4839                       /usr/lib/jvm/java-11-openjdk-amd64/lib/libmanagement_ext.so
7fee3c092000-7fee3c093000 r--p 00006000 08:10 4839                       /usr/lib/jvm/java-11-openjdk-amd64/lib/libmanagement_ext.so
7fee3c093000-7fee3c094000 rw-p 00007000 08:10 4839                       /usr/lib/jvm/java-11-openjdk-amd64/lib/libmanagement_ext.so
7fee3c094000-7fee3c097000 r--p 00000000 08:10 4837                       /usr/lib/jvm/java-11-openjdk-amd64/lib/libmanagement.so
7fee3c097000-7fee3c098000 r-xp 00003000 08:10 4837                       /usr/lib/jvm/java-11-openjdk-amd64/lib/libmanagement.so
7fee3c098000-7fee3c099000 r--p 00004000 08:10 4837                       /usr/lib/jvm/java-11-openjdk-amd64/lib/libmanagement.so
7fee3c099000-7fee3c09a000 r--p 00004000 08:10 4837                       /usr/lib/jvm/java-11-openjdk-amd64/lib/libmanagement.so
7fee3c09a000-7fee3c09b000 rw-p 00005000 08:10 4837                       /usr/lib/jvm/java-11-openjdk-amd64/lib/libmanagement.so
7fee3c09b000-7fee3c0cc000 rw-p 00000000 00:00 0 
7fee3c0cc000-7fee3c0d0000 r--p 00000000 08:10 4841                       /usr/lib/jvm/java-11-openjdk-amd64/lib/libnet.so
7fee3c0d0000-7fee3c0df000 r-xp 00004000 08:10 4841                       /usr/lib/jvm/java-11-openjdk-amd64/lib/libnet.so
7fee3c0df000-7fee3c0e3000 r--p 00013000 08:10 4841                       /usr/lib/jvm/java-11-openjdk-amd64/lib/libnet.so
7fee3c0e3000-7fee3c0e4000 r--p 00016000 08:10 4841                       /usr/lib/jvm/java-11-openjdk-amd64/lib/libnet.so
7fee3c0e4000-7fee3c0e5000 rw-p 00017000 08:10 4841                       /usr/lib/jvm/java-11-openjdk-amd64/lib/libnet.so
7fee3c0e5000-7fee3c0ec000 r--p 00000000 08:10 4842                       /usr/lib/jvm/java-11-openjdk-amd64/lib/libnio.so
7fee3c0ec000-7fee3c0f4000 r-xp 00007000 08:10 4842                       /usr/lib/jvm/java-11-openjdk-amd64/lib/libnio.so
7fee3c0f4000-7fee3c0f7000 r--p 0000f000 08:10 4842                       /usr/lib/jvm/java-11-openjdk-amd64/lib/libnio.so
7fee3c0f7000-7fee3c0f8000 r--p 00011000 08:10 4842                       /usr/lib/jvm/java-11-openjdk-amd64/lib/libnio.so
7fee3c0f8000-7fee3c0f9000 rw-p 00012000 08:10 4842                       /usr/lib/jvm/java-11-openjdk-amd64/lib/libnio.so
7fee3c0f9000-7fee3c0fd000 ---p 00000000 00:00 0 
7fee3c0fd000-7fee3c1fa000 rw-p 00000000 00:00 0 
7fee3c1fa000-7fee3c22c000 r--p 00000000 08:10 12752                      /usr/lib/locale/C.UTF-8/LC_CTYPE
7fee3c22c000-7fee3c39f000 r--p 00000000 08:10 12751                      /usr/lib/locale/C.UTF-8/LC_COLLATE
7fee3c39f000-7fee3c3a6000 r--s 00000000 08:10 30850                      /usr/lib/x86_64-linux-gnu/gconv/gconv-modules.cache
7fee3c3a6000-7fee3c68c000 r--p 00000000 08:10 13350                      /usr/lib/locale/locale-archive
7fee3c68c000-7fee3c690000 ---p 00000000 00:00 0 
7fee3c690000-7fee3c78d000 rw-p 00000000 00:00 0 
7fee3c78d000-7fee3c791000 ---p 00000000 00:00 0 
7fee3c791000-7fee3c88e000 rw-p 00000000 00:00 0 
7fee3c88e000-7fee3c88f000 ---p 00000000 00:00 0 
7fee3c88f000-7fee3d308000 rw-p 00000000 00:00 0 
7fee3d308000-7fee3e8c0000 ---p 00000000 00:00 0 
7fee3e8c0000-7fee3ea40000 rw-p 00000000 00:00 0 
7fee3ea40000-7fee3fff8000 ---p 00000000 00:00 0 
7fee3fff8000-7fee40000000 rw-p 00000000 00:00 0 
7fee40000000-7fee40021000 rw-p 00000000 00:00 0 
7fee40021000-7fee44000000 ---p 00000000 00:00 0 
7fee44003000-7fee44004000 r--p 00000000 08:10 12758                      /usr/lib/locale/C.UTF-8/LC_NUMERIC
7fee44004000-7fee44005000 r--p 00000000 08:10 12761                      /usr/lib/locale/C.UTF-8/LC_TIME
7fee44005000-7fee44086000 rw-p 00000000 00:00 0 
7fee44086000-7fee44087000 ---p 00000000 00:00 0 
7fee44087000-7fee44188000 rw-p 00000000 00:00 0 
7fee44188000-7fee44189000 ---p 00000000 00:00 0 
7fee44189000-7fee4478f000 rw-p 00000000 00:00 0 
7fee4478f000-7fee44790000 ---p 00000000 00:00 0 
7fee44790000-7fee44891000 rw-p 00000000 00:00 0 
7fee44891000-7fee44b01000 rwxp 00000000 00:00 0 
7fee44b01000-7fee44f38000 ---p 00000000 00:00 0 
7fee44f38000-7fee45f98000 rwxp 00000000 00:00 0 
7fee45f98000-7fee53891000 ---p 00000000 00:00 0 
7fee53891000-7fee5c000000 r--s 00000000 08:10 4851                       /usr/lib/jvm/java-11-openjdk-amd64/lib/modules
7fee5c000000-7fee5cb40000 rw-p 00000000 00:00 0 
7fee5cb40000-7fee60000000 ---p 00000000 00:00 0 
7fee60000000-7fee600c5000 rw-p 00000000 00:00 0 
7fee600c5000-7fee600c6000 ---p 00000000 00:00 0 
7fee600c6000-7fee60228000 rw-p 00000000 00:00 0 
7fee60228000-7fee604df000 ---p 00000000 00:00 0 
7fee604df000-7fee6050f000 rw-p 00000000 00:00 0 
7fee6050f000-7fee607c6000 ---p 00000000 00:00 0 
7fee607c6000-7fee607f6000 rw-p 00000000 00:00 0 
7fee607f6000-7fee60aad000 ---p 00000000 00:00 0 
7fee60aad000-7fee60fb3000 rw-p 00000000 00:00 0 
7fee60fb3000-7fee60fb4000 ---p 00000000 00:00 0 
7fee60fb4000-7fee610d6000 rw-p 00000000 00:00 0 
7fee610d6000-7fee61288000 ---p 00000000 00:00 0 
7fee61288000-7fee6128d000 rw-p 00000000 00:00 0 
7fee6128d000-7fee61296000 ---p 00000000 00:00 0 
7fee61296000-7fee61298000 r--p 00000000 08:10 4850                       /usr/lib/jvm/java-11-openjdk-amd64/lib/libzip.so
7fee61298000-7fee6129c000 r-xp 00002000 08:10 4850                       /usr/lib/jvm/java-11-openjdk-amd64/lib/libzip.so
7fee6129c000-7fee6129e000 r--p 00006000 08:10 4850                       /usr/lib/jvm/java-11-openjdk-amd64/lib/libzip.so
7fee6129e000-7fee6129f000 r--p 00007000 08:10 4850                       /usr/lib/jvm/java-11-openjdk-amd64/lib/libzip.so
7fee6129f000-7fee612a0000 rw-p 00008000 08:10 4850                       /usr/lib/jvm/java-11-openjdk-amd64/lib/libzip.so
7fee612a0000-7fee612a3000 r--p 00000000 08:10 15821                      /usr/lib/x86_64-linux-gnu/libnss_files-2.31.so
7fee612a3000-7fee612aa000 r-xp 00003000 08:10 15821                      /usr/lib/x86_64-linux-gnu/libnss_files-2.31.so
7fee612aa000-7fee612ac000 r--p 0000a000 08:10 15821                      /usr/lib/x86_64-linux-gnu/libnss_files-2.31.so
7fee612ac000-7fee612ad000 r--p 0000b000 08:10 15821                      /usr/lib/x86_64-linux-gnu/libnss_files-2.31.so
7fee612ad000-7fee612ae000 rw-p 0000c000 08:10 15821                      /usr/lib/x86_64-linux-gnu/libnss_files-2.31.so
7fee612ae000-7fee612b4000 rw-p 00000000 00:00 0 
7fee612b4000-7fee612b5000 r--p 00000000 08:10 12756                      /usr/lib/locale/C.UTF-8/LC_MONETARY
7fee612b5000-7fee612b6000 r--p 00000000 08:10 12755                      /usr/lib/locale/C.UTF-8/LC_MESSAGES/SYS_LC_MESSAGES
7fee612b6000-7fee612b7000 r--p 00000000 08:10 12759                      /usr/lib/locale/C.UTF-8/LC_PAPER
7fee612b7000-7fee612b8000 r--p 00000000 08:10 12757                      /usr/lib/locale/C.UTF-8/LC_NAME
7fee612b8000-7fee612b9000 r--p 00000000 08:10 12750                      /usr/lib/locale/C.UTF-8/LC_ADDRESS
7fee612b9000-7fee612ba000 r--p 00000000 08:10 12760                      /usr/lib/locale/C.UTF-8/LC_TELEPHONE
7fee612ba000-7fee612c2000 rw-s 00000000 08:10 494121                     /tmp/hsperfdata_swithun/2230
7fee612c2000-7fee612d0000 r--p 00000000 08:10 4829                       /usr/lib/jvm/java-11-openjdk-amd64/lib/libjava.so
7fee612d0000-7fee612e6000 r-xp 0000e000 08:10 4829                       /usr/lib/jvm/java-11-openjdk-amd64/lib/libjava.so
7fee612e6000-7fee612ed000 r--p 00024000 08:10 4829                       /usr/lib/jvm/java-11-openjdk-amd64/lib/libjava.so
7fee612ed000-7fee612ee000 r--p 0002a000 08:10 4829                       /usr/lib/jvm/java-11-openjdk-amd64/lib/libjava.so
7fee612ee000-7fee612ef000 rw-p 0002b000 08:10 4829                       /usr/lib/jvm/java-11-openjdk-amd64/lib/libjava.so
7fee612ef000-7fee612f0000 rw-p 00000000 00:00 0 
7fee612f0000-7fee612f5000 r--p 00000000 08:10 4849                       /usr/lib/jvm/java-11-openjdk-amd64/lib/libverify.so
7fee612f5000-7fee612fc000 r-xp 00005000 08:10 4849                       /usr/lib/jvm/java-11-openjdk-amd64/lib/libverify.so
7fee612fc000-7fee612fe000 r--p 0000c000 08:10 4849                       /usr/lib/jvm/java-11-openjdk-amd64/lib/libverify.so
7fee612fe000-7fee612ff000 ---p 0000e000 08:10 4849                       /usr/lib/jvm/java-11-openjdk-amd64/lib/libverify.so
7fee612ff000-7fee61301000 r--p 0000e000 08:10 4849                       /usr/lib/jvm/java-11-openjdk-amd64/lib/libverify.so
7fee61301000-7fee61302000 rw-p 00010000 08:10 4849                       /usr/lib/jvm/java-11-openjdk-amd64/lib/libverify.so
7fee61302000-7fee61305000 r--p 00000000 08:10 15925                      /usr/lib/x86_64-linux-gnu/librt-2.31.so
7fee61305000-7fee61309000 r-xp 00003000 08:10 15925                      /usr/lib/x86_64-linux-gnu/librt-2.31.so
7fee61309000-7fee6130a000 r--p 00007000 08:10 15925                      /usr/lib/x86_64-linux-gnu/librt-2.31.so
7fee6130a000-7fee6130b000 ---p 00008000 08:10 15925                      /usr/lib/x86_64-linux-gnu/librt-2.31.so
7fee6130b000-7fee6130c000 r--p 00008000 08:10 15925                      /usr/lib/x86_64-linux-gnu/librt-2.31.so
7fee6130c000-7fee6130d000 rw-p 00009000 08:10 15925                      /usr/lib/x86_64-linux-gnu/librt-2.31.so
7fee6130d000-7fee61311000 ---p 00000000 00:00 0 
7fee61311000-7fee6140e000 rw-p 00000000 00:00 0 
7fee6140e000-7fee61411000 r--p 00000000 08:10 15430                      /usr/lib/x86_64-linux-gnu/libgcc_s.so.1
7fee61411000-7fee61423000 r-xp 00003000 08:10 15430                      /usr/lib/x86_64-linux-gnu/libgcc_s.so.1
7fee61423000-7fee61427000 r--p 00015000 08:10 15430                      /usr/lib/x86_64-linux-gnu/libgcc_s.so.1
7fee61427000-7fee61428000 r--p 00018000 08:10 15430                      /usr/lib/x86_64-linux-gnu/libgcc_s.so.1
7fee61428000-7fee61429000 rw-p 00019000 08:10 15430                      /usr/lib/x86_64-linux-gnu/libgcc_s.so.1
7fee61429000-7fee61438000 r--p 00000000 08:10 15815                      /usr/lib/x86_64-linux-gnu/libm-2.31.so
7fee61438000-7fee614df000 r-xp 0000f000 08:10 15815                      /usr/lib/x86_64-linux-gnu/libm-2.31.so
7fee614df000-7fee61576000 r--p 000b6000 08:10 15815                      /usr/lib/x86_64-linux-gnu/libm-2.31.so
7fee61576000-7fee61577000 r--p 0014c000 08:10 15815                      /usr/lib/x86_64-linux-gnu/libm-2.31.so
7fee61577000-7fee61578000 rw-p 0014d000 08:10 15815                      /usr/lib/x86_64-linux-gnu/libm-2.31.so
7fee61578000-7fee6160e000 r--p 00000000 08:10 15438                      /usr/lib/x86_64-linux-gnu/libstdc++.so.6.0.28
7fee6160e000-7fee616fe000 r-xp 00096000 08:10 15438                      /usr/lib/x86_64-linux-gnu/libstdc++.so.6.0.28
7fee616fe000-7fee61747000 r--p 00186000 08:10 15438                      /usr/lib/x86_64-linux-gnu/libstdc++.so.6.0.28
7fee61747000-7fee61748000 ---p 001cf000 08:10 15438                      /usr/lib/x86_64-linux-gnu/libstdc++.so.6.0.28
7fee61748000-7fee61753000 r--p 001cf000 08:10 15438                      /usr/lib/x86_64-linux-gnu/libstdc++.so.6.0.28
7fee61753000-7fee61756000 rw-p 001da000 08:10 15438                      /usr/lib/x86_64-linux-gnu/libstdc++.so.6.0.28
7fee61756000-7fee61759000 rw-p 00000000 00:00 0 
7fee61759000-7fee619d2000 r--p 00000000 08:10 4857                       /usr/lib/jvm/java-11-openjdk-amd64/lib/server/libjvm.so
7fee619d2000-7fee62653000 r-xp 00279000 08:10 4857                       /usr/lib/jvm/java-11-openjdk-amd64/lib/server/libjvm.so
7fee62653000-7fee628a9000 r--p 00efa000 08:10 4857                       /usr/lib/jvm/java-11-openjdk-amd64/lib/server/libjvm.so
7fee628a9000-7fee628aa000 ---p 01150000 08:10 4857                       /usr/lib/jvm/java-11-openjdk-amd64/lib/server/libjvm.so
7fee628aa000-7fee6296b000 r--p 01150000 08:10 4857                       /usr/lib/jvm/java-11-openjdk-amd64/lib/server/libjvm.so
7fee6296b000-7fee629a6000 rw-p 01211000 08:10 4857                       /usr/lib/jvm/java-11-openjdk-amd64/lib/server/libjvm.so
7fee629a6000-7fee629ff000 rw-p 00000000 00:00 0 
7fee629ff000-7fee62a06000 r--p 00000000 08:10 15923                      /usr/lib/x86_64-linux-gnu/libpthread-2.31.so
7fee62a06000-7fee62a17000 r-xp 00007000 08:10 15923                      /usr/lib/x86_64-linux-gnu/libpthread-2.31.so
7fee62a17000-7fee62a1c000 r--p 00018000 08:10 15923                      /usr/lib/x86_64-linux-gnu/libpthread-2.31.so
7fee62a1c000-7fee62a1d000 r--p 0001c000 08:10 15923                      /usr/lib/x86_64-linux-gnu/libpthread-2.31.so
7fee62a1d000-7fee62a1e000 rw-p 0001d000 08:10 15923                      /usr/lib/x86_64-linux-gnu/libpthread-2.31.so
7fee62a1e000-7fee62a22000 rw-p 00000000 00:00 0 
7fee62a22000-7fee62a23000 r--p 00000000 08:10 15814                      /usr/lib/x86_64-linux-gnu/libdl-2.31.so
7fee62a23000-7fee62a25000 r-xp 00001000 08:10 15814                      /usr/lib/x86_64-linux-gnu/libdl-2.31.so
7fee62a25000-7fee62a26000 r--p 00003000 08:10 15814                      /usr/lib/x86_64-linux-gnu/libdl-2.31.so
7fee62a26000-7fee62a27000 r--p 00003000 08:10 15814                      /usr/lib/x86_64-linux-gnu/libdl-2.31.so
7fee62a27000-7fee62a28000 rw-p 00004000 08:10 15814                      /usr/lib/x86_64-linux-gnu/libdl-2.31.so
7fee62a28000-7fee62a2a000 r--p 00000000 08:10 3135                       /usr/lib/x86_64-linux-gnu/libz.so.1.2.11
7fee62a2a000-7fee62a3b000 r-xp 00002000 08:10 3135                       /usr/lib/x86_64-linux-gnu/libz.so.1.2.11
7fee62a3b000-7fee62a41000 r--p 00013000 08:10 3135                       /usr/lib/x86_64-linux-gnu/libz.so.1.2.11
7fee62a41000-7fee62a42000 ---p 00019000 08:10 3135                       /usr/lib/x86_64-linux-gnu/libz.so.1.2.11
7fee62a42000-7fee62a43000 r--p 00019000 08:10 3135                       /usr/lib/x86_64-linux-gnu/libz.so.1.2.11
7fee62a43000-7fee62a44000 rw-p 0001a000 08:10 3135                       /usr/lib/x86_64-linux-gnu/libz.so.1.2.11
7fee62a44000-7fee62a69000 r--p 00000000 08:10 15813                      /usr/lib/x86_64-linux-gnu/libc-2.31.so
7fee62a69000-7fee62be1000 r-xp 00025000 08:10 15813                      /usr/lib/x86_64-linux-gnu/libc-2.31.so
7fee62be1000-7fee62c2b000 r--p 0019d000 08:10 15813                      /usr/lib/x86_64-linux-gnu/libc-2.31.so
7fee62c2b000-7fee62c2c000 ---p 001e7000 08:10 15813                      /usr/lib/x86_64-linux-gnu/libc-2.31.so
7fee62c2c000-7fee62c2f000 r--p 001e7000 08:10 15813                      /usr/lib/x86_64-linux-gnu/libc-2.31.so
7fee62c2f000-7fee62c32000 rw-p 001ea000 08:10 15813                      /usr/lib/x86_64-linux-gnu/libc-2.31.so
7fee62c32000-7fee62c36000 rw-p 00000000 00:00 0 
7fee62c36000-7fee62c37000 r--p 00000000 08:10 12754                      /usr/lib/locale/C.UTF-8/LC_MEASUREMENT
7fee62c37000-7fee62c39000 r--s 0000c000 08:10 5509                       /usr/share/java/java-atk-wrapper.jar
7fee62c39000-7fee62c3a000 ---p 00000000 00:00 0 
7fee62c3a000-7fee62c3b000 r--p 00000000 00:00 0 
7fee62c3b000-7fee62c3d000 r--p 00000000 08:10 4833                       /usr/lib/jvm/java-11-openjdk-amd64/lib/libjimage.so
7fee62c3d000-7fee62c40000 r-xp 00002000 08:10 4833                       /usr/lib/jvm/java-11-openjdk-amd64/lib/libjimage.so
7fee62c40000-7fee62c41000 r--p 00005000 08:10 4833                       /usr/lib/jvm/java-11-openjdk-amd64/lib/libjimage.so
7fee62c41000-7fee62c42000 ---p 00006000 08:10 4833                       /usr/lib/jvm/java-11-openjdk-amd64/lib/libjimage.so
7fee62c42000-7fee62c43000 r--p 00006000 08:10 4833                       /usr/lib/jvm/java-11-openjdk-amd64/lib/libjimage.so
7fee62c43000-7fee62c44000 rw-p 00007000 08:10 4833                       /usr/lib/jvm/java-11-openjdk-amd64/lib/libjimage.so
7fee62c44000-7fee62c47000 r--p 00000000 08:10 4813                       /usr/lib/jvm/java-11-openjdk-amd64/lib/jli/libjli.so
7fee62c47000-7fee62c51000 r-xp 00003000 08:10 4813                       /usr/lib/jvm/java-11-openjdk-amd64/lib/jli/libjli.so
7fee62c51000-7fee62c54000 r--p 0000d000 08:10 4813                       /usr/lib/jvm/java-11-openjdk-amd64/lib/jli/libjli.so
7fee62c54000-7fee62c55000 ---p 00010000 08:10 4813                       /usr/lib/jvm/java-11-openjdk-amd64/lib/jli/libjli.so
7fee62c55000-7fee62c56000 r--p 00010000 08:10 4813                       /usr/lib/jvm/java-11-openjdk-amd64/lib/jli/libjli.so
7fee62c56000-7fee62c57000 rw-p 00011000 08:10 4813                       /usr/lib/jvm/java-11-openjdk-amd64/lib/jli/libjli.so
7fee62c57000-7fee62c59000 rw-p 00000000 00:00 0 
7fee62c59000-7fee62c5a000 r--p 00000000 08:10 15728                      /usr/lib/x86_64-linux-gnu/ld-2.31.so
7fee62c5a000-7fee62c7d000 r-xp 00001000 08:10 15728                      /usr/lib/x86_64-linux-gnu/ld-2.31.so
7fee62c7d000-7fee62c85000 r--p 00024000 08:10 15728                      /usr/lib/x86_64-linux-gnu/ld-2.31.so
7fee62c85000-7fee62c86000 r--p 00000000 08:10 12753                      /usr/lib/locale/C.UTF-8/LC_IDENTIFICATION
7fee62c86000-7fee62c87000 r--p 0002c000 08:10 15728                      /usr/lib/x86_64-linux-gnu/ld-2.31.so
7fee62c87000-7fee62c88000 rw-p 0002d000 08:10 15728                      /usr/lib/x86_64-linux-gnu/ld-2.31.so
7fee62c88000-7fee62c89000 rw-p 00000000 00:00 0 
7ffd03e50000-7ffd03e73000 rw-p 00000000 00:00 0                          [stack]
7ffd03f35000-7ffd03f38000 r--p 00000000 00:00 0                          [vvar]
7ffd03f38000-7ffd03f39000 r-xp 00000000 00:00 0                          [vdso]


VM Arguments:
jvm_args: -Dspring.lsp.client-port=45556 -Dserver.port=45556 -Dsts.lsp.client=vscode -Dsts.log.file=/dev/null -XX:TieredStopAtLevel=1 -Dspring.config.location=file:/home/swithun/.vscode-server/extensions/pivotal.vscode-spring-boot-1.25.1/language-server/BOOT-INF/classes/application.properties 
java_command: org.springframework.ide.vscode.boot.app.BootLanguagServerBootApp
java_class_path (initial): /home/swithun/.vscode-server/extensions/pivotal.vscode-spring-boot-1.25.1/language-server/BOOT-INF/classes:/home/swithun/.vscode-server/extensions/pivotal.vscode-spring-boot-1.25.1/language-server/BOOT-INF/lib/spring-beans-5.2.11.RELEASE.jar:/home/swithun/.vscode-server/extensions/pivotal.vscode-spring-boot-1.25.1/language-server/BOOT-INF/lib/spring-expression-5.2.11.RELEASE.jar:/home/swithun/.vscode-server/extensions/pivotal.vscode-spring-boot-1.25.1/language-server/BOOT-INF/lib/logback-core-1.2.3.jar:/home/swithun/.vscode-server/extensions/pivotal.vscode-spring-boot-1.25.1/language-server/BOOT-INF/lib/org.eclipse.core.commands-3.9.800.jar:/home/swithun/.vscode-server/extensions/pivotal.vscode-spring-boot-1.25.1/language-server/BOOT-INF/lib/org.eclipse.lsp4j.generator-0.9.0.jar:/home/swithun/.vscode-server/extensions/pivotal.vscode-spring-boot-1.25.1/language-server/BOOT-INF/lib/commons-yaml-1.25.1-SNAPSHOT.jar:/home/swithun/.vscode-server/extensions/pivotal.vscode-spring-boot-1.25.1/language-server/BOOT-INF/lib/org.eclipse.lsp4j-0.9.0.jar:/home/swithun/.vscode-server/extensions/pivotal.vscode-spring-boot-1.25.1/language-server/BOOT-INF/lib/commons-lsp-extensions-1.25.1-SNAPSHOT.jar:/home/swithun/.vscode-server/extensions/pivotal.vscode-spring-boot-1.25.1/language-server/BOOT-INF/lib/org.eclipse.text-3.11.0.jar:/home/swithun/.vscode-server/extensions/pivotal.vscode-spring-boot-1.25.1/language-server/BOOT-INF/lib/org.json-1.0.0-SNAPSHOT.jar:/home/swithun/.vscode-server/extensions/pivotal.vscode-spring-boot-1.25.1/language-server/BOOT-INF/lib/org.eclipse.xtend.lib.macro-2.19.0.jar:/home/swithun/.vscode-server/extensions/pivotal.vscode-spring-boot-1.25.1/language-server/BOOT-INF/lib/guava-19.0.jar:/home/swithun/.vscode-server/extensions/pivotal.vscode-spring-boot-1.25.1/language-server/BOOT-INF/lib/spring-aop-5.2.11.RELEASE.jar:/home/swithun/.vscode-server/extensions/pivotal.vscode-spring-boot-1.25.1/language-server/BOOT-INF/lib/javolution
Launcher Type: SUN_STANDARD

[Global flags]

[error occurred during error reporting (printing flags), id 0x7, SIGBUS (0x7) at pc=0x00007fee62072177]

Logging:
Log output configuration:
 #0: stdout all=warning uptime,level,tags
 #1: stderr all=off uptime,level,tags

Environment Variables:
PATH=/home/swithun/.vscode-server/bin/054a9295330880ed74ceaedda236253b4f39a335/bin:/home/swithun/.sdkman/candidates/springboot/current/bin:/home/swithun/.nvm/versions/node/v15.6.0/bin:/usr/local/sbin:/usr/local/bin:/usr/sbin:/usr/bin:/sbin:/bin:/usr/games:/usr/local/games:/mnt/d/program/oracle/WINDOWS.X64_193000_db_home/bin:/mnt/c/WINDOWS/system32:/mnt/c/WINDOWS:/mnt/c/WINDOWS/System32/Wbem:/mnt/c/WINDOWS/System32/WindowsPowerShell/v1.0/:/mnt/c/WINDOWS/System32/OpenSSH/:/mnt/d/Program Files/RedHat/java-11-openjdk-11.0.8-2/bin:/mnt/d/Program Files/RedHat/java-11-openjdk-11.0.8-2/jre/bin:/mnt/d/SDK/Android/Sdk/tools:/mnt/c/Editor/Neovim/bin:/mnt/c/Program Files/cmder:/mnt/c/Users/25710/AppData/Local/Pandoc/:/mnt/c/software/apache-tomcat-9.0.24/bin:/mnt/c/software/apache-tomcat-9.0.24/lib:/mnt/c/software/apache-tomcat-9.0.24-2/bin:/mnt/c/software/apache-tomcat-9.0.24-2/lib:/mnt/c/Program Files/OpenSSL-Win64/bin:/mnt/c/Program Files/dotnet/:/mnt/c/Program Files/Intel/WiFi/bin/:/mnt/c/Program Files/Common Files/Intel/WirelessCommon/:/mnt/c/software/nodejs/:/mnt/d/SDK/Android/Sdk:/mnt/d/SDK/Flutter/flutter/bin:/mnt/d/texlive/2019/bin/win32:/mnt/c/Program Files/MongoDB/Server/4.2/bin:/mnt/c/Program Files (x86)/Vim/vim81:/mnt/c/Windows/System32/WindowsPowerShell/v1.0/powershell.exe:/mnt/d/program/-/sqlcl/bin:/mnt/d/:/mnt/c/:/mnt/c/Program Files/Microsoft SQL Server/100/Tools/Binn/:/mnt/c/Program Files/Microsoft SQL Server/100/DTS/Binn/:/mnt/d/share/env/bin/amd64:/mnt/c/Users/25710/AppData/Roaming/npm:/mnt/c/Users/25710/AppData/Local/Programs/Python/Python38:/mnt/c/Program Files/Sublime Text 3/:/mnt/d/Program Files/Microsoft SQL Server/Client SDK/ODBC/170/Tools/Binn/:/mnt/d/Program Files (x86)/Microsoft SQL Server/150/Tools/Binn/:/mnt/d/Program Files/Microsoft SQL Server/150/Tools/Binn/:/mnt/d/Program Files/Microsoft SQL Server/150/DTS/Binn/:/mnt/d/Program Files (x86)/Microsoft SQL Server/150/DTS/Binn/:/mnt/d/Program Files/RedHat/java-11-openjdk-11.0.8-2/bin:/mnt/c/
SHELL=/bin/zsh
HOSTTYPE=x86_64
LANG=C.UTF-8

Signal Handlers:
SIGSEGV: [libjvm.so+0xe85e00], sa_mask[0]=11111111011111111101111111111110, sa_flags=SA_RESTART|SA_SIGINFO
SIGBUS: [libjvm.so+0xe85e00], sa_mask[0]=11111111011111111101111111111110, sa_flags=SA_RESTART|SA_SIGINFO
SIGFPE: [libjvm.so+0xe85e00], sa_mask[0]=11111111011111111101111111111110, sa_flags=SA_RESTART|SA_SIGINFO
SIGPIPE: [libjvm.so+0xbcbc30], sa_mask[0]=11111111011111111101111111111110, sa_flags=SA_RESTART|SA_SIGINFO
SIGXFSZ: [libjvm.so+0xbcbc30], sa_mask[0]=11111111011111111101111111111110, sa_flags=SA_RESTART|SA_SIGINFO
SIGILL: [libjvm.so+0xe85e00], sa_mask[0]=11111111011111111101111111111110, sa_flags=SA_RESTART|SA_SIGINFO
SIGUSR2: [libjvm.so+0xbcbad0], sa_mask[0]=00000000000000000000000000000000, sa_flags=SA_RESTART|SA_SIGINFO
SIGHUP: [libjvm.so+0xbcbf70], sa_mask[0]=11111111011111111101111111111110, sa_flags=SA_RESTART|SA_SIGINFO
SIGINT: [libjvm.so+0xbcbf70], sa_mask[0]=11111111011111111101111111111110, sa_flags=SA_RESTART|SA_SIGINFO
SIGTERM: [libjvm.so+0xbcbf70], sa_mask[0]=11111111011111111101111111111110, sa_flags=SA_RESTART|SA_SIGINFO
SIGQUIT: [libjvm.so+0xbcbf70], sa_mask[0]=11111111011111111101111111111110, sa_flags=SA_RESTART|SA_SIGINFO


---------------  S Y S T E M  ---------------

OS:DISTRIB_ID=Ubuntu
DISTRIB_RELEASE=20.04
DISTRIB_CODENAME=focal
DISTRIB_DESCRIPTION="Ubuntu 20.04.2 LTS"
uname:Linux 5.4.72-microsoft-standard-WSL2 #1 SMP Wed Oct 28 23:40:43 UTC 2020 x86_64
OS uptime: 0 days 11:46 hours
libc:glibc 2.31 NPTL 2.31 
rlimit (soft/hard): STACK 8192k/infinity , CORE 0k/infinity , NPROC 23756/23756 , NOFILE 4096/4096 , AS infinity/infinity , CPU infinity/infinity , DATA infinity/infinity , FSIZE infinity/infinity , MEMLOCK 64k/64k
load average:78.77 29.19 10.81

/proc/meminfo:
MemTotal:        6086184 kB
MemFree:         3214880 kB
MemAvailable:    3140376 kB
Buffers:            3584 kB
Cached:            52548 kB
SwapCached:       152220 kB
Active:          2321456 kB
Inactive:         344304 kB
Active(anon):    2299632 kB
Inactive(anon):   310312 kB
Active(file):      21824 kB
Inactive(file):    33992 kB
Unevictable:           0 kB
Mlocked:               0 kB
SwapTotal:       2097152 kB
SwapFree:        1830484 kB
Dirty:               196 kB
Writeback:             0 kB
AnonPages:       2485072 kB
Mapped:            28488 kB
Shmem:                36 kB
KReclaimable:      43696 kB
Slab:              76260 kB
SReclaimable:      43696 kB
SUnreclaim:        32564 kB
KernelStack:        4688 kB
PageTables:        33472 kB
NFS_Unstable:          0 kB
Bounce:                0 kB
WritebackTmp:          0 kB
CommitLimit:     5140244 kB
Committed_AS:    1583964 kB
VmallocTotal:   34359738367 kB
VmallocUsed:       23684 kB
VmallocChunk:          0 kB
Percpu:             1752 kB
AnonHugePages:    862208 kB
ShmemHugePages:        0 kB
ShmemPmdMapped:        0 kB
FileHugePages:         0 kB
FilePmdMapped:         0 kB
HugePages_Total:       0
HugePages_Free:        0
HugePages_Rsvd:        0
HugePages_Surp:        0
Hugepagesize:       2048 kB
Hugetlb:               0 kB
DirectMap4k:       13312 kB
DirectMap2M:     2082816 kB
DirectMap1G:     5242880 kB

/sys/kernel/mm/transparent_hugepage/enabled:
[always] madvise never
/sys/kernel/mm/transparent_hugepage/defrag (defrag/compaction efforts parameter):
always defer defer+madvise [madvise] never

/proc/sys/kernel/threads-max (system-wide limit on the number of threads):
47512
/proc/sys/vm/max_map_count (maximum number of memory map areas a process may have):
65530
/proc/sys/kernel/pid_max (system-wide limit on number of process identifiers):
32768

container (cgroup) information:
container_type: cgroupv1
cpu_cpuset_cpus: 0-4
cpu_memory_nodes: 0
active_processor_count: 5
cpu_quota: -1
cpu_period: 100000
cpu_shares: -1
memory_limit_in_bytes: -1
memory_and_swap_limit_in_bytes: -1
memory_soft_limit_in_bytes: -1
memory_usage_in_bytes: 2729734144
memory_max_usage_in_bytes: 8008904704

Hyper-V virtualization detected
Steal ticks since vm start: 0
Steal ticks percentage since vm start:  0.000

CPU:total 5 (initial active 5) (4 cores per cpu, 2 threads per core) family 6 model 158 stepping 9 microcode 0xffffffff, cmov, cx8, fxsr, mmx, sse, sse2, sse3, ssse3, sse4.1, sse4.2, popcnt, avx, avx2, aes, clmul, erms, 3dnowpref, lzcnt, ht, tsc, bmi1, bmi2, adx, fma
CPU Model and flags from /proc/cpuinfo:
model name	: Intel(R) Core(TM) i7-7700HQ CPU @ 2.80GHz
flags		: fpu vme de pse tsc msr pae mce cx8 apic sep mtrr pge mca cmov pat pse36 clflush mmx fxsr sse sse2 ss ht syscall nx pdpe1gb rdtscp lm constant_tsc rep_good nopl xtopology cpuid pni pclmulqdq ssse3 fma cx16 pcid sse4_1 sse4_2 movbe popcnt aes xsave avx f16c rdrand hypervisor lahf_lm abm 3dnowprefetch invpcid_single pti ssbd ibrs ibpb stibp fsgsbase bmi1 avx2 smep bmi2 erms invpcid rdseed adx smap clflushopt xsaveopt xsavec xgetbv1 xsaves flush_l1d arch_capabilities
Online cpus:
0-4
Offline cpus:

BIOS frequency limitation:
<Not Available>
Frequency switch latency (ns):
<Not Available>
Available cpu frequencies:
<Not Available>
Current governor:
<Not Available>
Core performance/turbo boost:
<Not Available>

Memory: 4k page, physical 6086184k(3215176k free), swap 2097152k(1830740k free)

vm_info: OpenJDK 64-Bit Server VM (11.0.10+9-Ubuntu-0ubuntu1.20.04) for linux-amd64 JRE (11.0.10+9-Ubuntu-0ubuntu1.20.04), built on Jan 20 2021 02:32:18 by "unknown" with gcc 9.3.0

END.
