#
# A fatal error has been detected by the Java Runtime Environment:
#
#  SIGBUS (0x7) at pc=0x00007f10388b26f9, pid=3884, tid=4050
#
# JRE version: OpenJDK Runtime Environment (11.0.10+9) (build 11.0.10+9-Ubuntu-0ubuntu1.20.04)
# Java VM: OpenJDK 64-Bit Server VM (11.0.10+9-Ubuntu-0ubuntu1.20.04, mixed mode, sharing, tiered, compressed oops, parallel gc, linux-amd64)
# Problematic frame:
# j  java.util.concurrent.FutureTask.set(Ljava/lang/Object;)V+6 java.base@11.0.10
#
# No core dump will be written. Core dumps have been disabled. To enable core dumping, try "ulimit -c unlimited" before starting Java again
#
# If you would like to submit a bug report, please visit:
#   https://bugs.launchpad.net/ubuntu/+source/openjdk-lts
#

---------------  S U M M A R Y ------------

Command Line: --add-modules=ALL-SYSTEM --add-opens=java.base/java.util=ALL-UNNAMED --add-opens=java.base/java.lang=ALL-UNNAMED -Declipse.application=org.eclipse.jdt.ls.core.id1 -Dosgi.bundles.defaultStartLevel=4 -Declipse.product=org.eclipse.jdt.ls.core.product -Dfile.encoding=utf8 -XX:+UseParallelGC -XX:GCTimeRatio=4 -XX:AdaptiveSizePolicyWeight=90 -Dsun.zip.disableMemoryMapping=true -Xmx1G -Xms100m -Xverify:none /home/swithun/.vscode-server/extensions/redhat.java-0.79.2/server/plugins/org.eclipse.equinox.launcher_1.6.100.v20201223-0822.jar -configuration /home/swithun/.vscode-server/data/User/globalStorage/redhat.java/0.79.2/config_linux -data /home/swithun/.vscode-server/data/User/workspaceStorage/d97e96bfa81d96c4b347742af0e7446d/redhat.java/jdt_ws

Host: Intel(R) Core(TM) i7-7700HQ CPU @ 2.80GHz, 5 cores, 5G, Ubuntu 20.04.2 LTS
Time: Thu May 27 19:58:31 2021 CST elapsed time: 10130.295296 seconds (0d 2h 48m 50s)

---------------  T H R E A D  ---------------

Current thread (0x00007f105049c000):  JavaThread "pool-2-thread-1" [_thread_in_Java, id=4050, stack(0x00007f1030269000,0x00007f103036a000)]

Stack: [0x00007f1030269000,0x00007f103036a000],  sp=0x00007f10303687e0,  free space=1021k
Native frames: (J=compiled Java code, A=aot compiled Java code, j=interpreted, Vv=VM code, C=native code)
j  java.util.concurrent.FutureTask.set(Ljava/lang/Object;)V+6 java.base@11.0.10
j  java.util.concurrent.FutureTask.run()V+68 java.base@11.0.10
j  java.util.concurrent.ThreadPoolExecutor.runWorker(Ljava/util/concurrent/ThreadPoolExecutor$Worker;)V+92 java.base@11.0.10
j  java.util.concurrent.ThreadPoolExecutor$Worker.run()V+5 java.base@11.0.10
j  java.lang.Thread.run()V+11 java.base@11.0.10
v  ~StubRoutines::call_stub

[error occurred during error reporting (printing native stack), id 0x7, SIGBUS (0x7) at pc=0x00007f1058758555]


siginfo: si_signo: 7 (SIGBUS), si_code: 2 (BUS_ADRERR), si_addr: 0x00000008002301b8
Error accessing class data sharing archive. Mapped file inaccessible during execution, possible disk/network problem.
Register to memory mapping:

RAX=0x0 is NULL
RBX=
[error occurred during error reporting (printing register info), id 0x7, SIGBUS (0x7) at pc=0x00007f1057d9ab8f]

Registers:
RAX=0x0000000000000000, RBX=0x0000000800230170, RCX=0x00000000c02f3ff0, RDX=0x0000000000000000
RSP=0x00007f10303687e0, RBP=0x00007f1030368858, RSI=0x00007f1030368818, RDI=0x0000000000000004
R8 =0x00007f10303737f0, R9 =0x00007f0fc40059a0, R10=0x00007f10584de8e0, R11=0x00000008402d3e40
R12=0x0000000000000000, R13=0x00007f10303687e8, R14=0x00007f1030368870, R15=0x00007f105049c000
RIP=0x00007f10388b26f9, EFLAGS=0x0000000000010246, CSGSFS=0x002b000000000033, ERR=0x0000000000000004
  TRAPNO=0x000000000000000e

Top of Stack: (sp=0x00007f10303687e0)
0x00007f10303687e0:   00007f103889a710 00000000c02ec380
0x00007f10303687f0:   0000000000000001 0000000000000000
0x00007f1030368800:   00000000c0a49808 00000000c02f3ff0
0x00007f1030368810:   00007f1030368810 00007f103840a4a6 

Instructions: (pc=0x00007f10388b26f9)
0x00007f10388b25f9:   ec 4d 33 e4 4c 33 6a 08 49 f7 c5 fc ff ff ff 74
0x00007f10388b2609:   38 49 f7 c5 02 00 00 00 75 2f 48 81 7a 08 00 00
0x00007f10388b2619:   00 00 74 21 48 81 7a 08 01 00 00 00 74 17 4c 33
0x00007f10388b2629:   6a 08 49 f7 c5 fc ff ff ff 74 0e 48 81 4a 08 02
0x00007f10388b2639:   00 00 00 eb 04 4c 89 6a 08 48 83 c2 10 4c 8b 6a
0x00007f10388b2649:   e8 41 83 ed 02 41 83 fd 02 0f 8c 8d 00 00 00 4c
0x00007f10388b2659:   8b 6b 08 45 0f b7 6d 34 4c 2b 2a 41 83 ed 01 4e
0x00007f10388b2669:   8b 6c ec 08 4d 85 ed 75 0a 48 81 4a 08 01 00 00
0x00007f10388b2679:   00 eb 5d 45 8b 6d 08 49 c1 e5 03 49 bc 00 00 00
0x00007f10388b2689:   00 08 00 00 00 4d 03 ec 4d 33 e4 4c 33 6a 08 49
0x00007f10388b2699:   f7 c5 fc ff ff ff 74 38 49 f7 c5 02 00 00 00 75
0x00007f10388b26a9:   2f 48 81 7a 08 00 00 00 00 74 21 48 81 7a 08 01
0x00007f10388b26b9:   00 00 00 74 17 4c 33 6a 08 49 f7 c5 fc ff ff ff
0x00007f10388b26c9:   74 0e 48 81 4a 08 02 00 00 00 eb 04 4c 89 6a 08
0x00007f10388b26d9:   48 83 c2 10 4c 8b 6a d8 41 83 ed 04 41 c1 e5 03
0x00007f10388b26e9:   49 03 d5 48 89 55 d8 4c 8d 6c 24 08 4c 89 6d f0
0x00007f10388b26f9:   ff 63 48 0f 1f 40 00 20 02 00 00 00 00 00 00 e8
0x00007f10388b2709:   fd 15 58 10 7f 00 00 ea 00 00 00 00 00 00 00 00
0x00007f10388b2719:   00 00 00 00 00 00 00 50 e9 39 00 00 00 48 83 ec
0x00007f10388b2729:   08 c5 fa 11 04 24 e9 2b 00 00 00 48 83 ec 10 c5
0x00007f10388b2739:   fb 11 04 24 e9 1d 00 00 00 48 83 ec 10 48 89 04
0x00007f10388b2749:   24 49 ba 00 00 00 00 00 00 00 00 4c 89 54 24 08
0x00007f10388b2759:   e9 01 00 00 00 50 41 0f b7 55 01 48 8b 4d d0 c1
0x00007f10388b2769:   e2 02 8b 5c d1 28 c1 eb 10 81 e3 ff 00 00 00 81
0x00007f10388b2779:   fb b4 00 00 00 0f 84 b0 00 00 00 bb b4 00 00 00
0x00007f10388b2789:   e8 05 00 00 00 e9 95 00 00 00 48 8b f3 48 8d 44
0x00007f10388b2799:   24 08 4c 89 6d c0 49 8b ff c5 f8 77 49 89 af 38
0x00007f10388b27a9:   03 00 00 49 89 87 28 03 00 00 f7 c4 0f 00 00 00
0x00007f10388b27b9:   0f 84 12 00 00 00 48 83 ec 08 e8 a8 c1 1e 1f 48
0x00007f10388b27c9:   83 c4 08 e9 05 00 00 00 e8 9a c1 1e 1f 49 ba 00
0x00007f10388b27d9:   00 00 00 00 00 00 00 4d 89 97 28 03 00 00 49 ba
0x00007f10388b27e9:   00 00 00 00 00 00 00 00 4d 89 97 38 03 00 00 49 


Stack slot to memory mapping:
stack at sp + 0 slots: 0x00007f103889a710 is at code_begin+208 in an Interpreter codelet
invoke return entry points  [0x00007f103889a640, 0x00007f103889b060]  2592 bytes
stack at sp + 1 slots: 
[error occurred during error reporting (inspecting top of stack), id 0x7, SIGBUS (0x7) at pc=0x00007f1057e47ed0]

invokehandle  233 invokehandle  [0x00007f10388b2400, 0x00007f10388b2700]  768 bytes

[error occurred during error reporting (printing code blob if possible), id 0x7, SIGBUS (0x7) at pc=0x00007f1058758555]


---------------  P R O C E S S  ---------------

Threads class SMR info:
_java_thread_list=0x00007f100808eb10, length=23, elements={
0x00007f1050016000, 0x00007f105017d000, 0x00007f105017f000, 0x00007f105018c000,
0x00007f105018e000, 0x00007f1050190000, 0x00007f1050192800, 0x00007f1050194800,
0x00007f10501cd800, 0x00007f1050377800, 0x00007f10503b9000, 0x00007f10503bb800,
0x00007f0ff802b800, 0x00007f0ff82e5800, 0x00007f0ff8460000, 0x00007f0ff87c0800,
0x00007f10503f5800, 0x00007f105049c000, 0x00007f0fc8276800, 0x00007f0f9cd0e800,
0x00007f0f9cd12800, 0x00007f0f901f4800, 0x00007f0fd0001800
}

Java Threads: ( => current thread )
  0x00007f1050016000 JavaThread "main" [_thread_blocked, id=3886, stack(0x00007f1056e01000,0x00007f1056f02000)]
  0x00007f105017d000 JavaThread "Reference Handler" daemon [_thread_blocked, id=3893, stack(0x00007f1032fef000,0x00007f10330f0000)]
  0x00007f105017f000 JavaThread "Finalizer" daemon [_thread_blocked, id=3894, stack(0x00007f1032eee000,0x00007f1032fef000)]
  0x00007f105018c000 JavaThread "Signal Dispatcher" daemon [_thread_blocked, id=3896, stack(0x00007f1032994000,0x00007f1032a95000)]
  0x00007f105018e000 JavaThread "Service Thread" daemon [_thread_blocked, id=3902, stack(0x00007f1032893000,0x00007f1032994000)]
  0x00007f1050190000 JavaThread "C2 CompilerThread0" daemon [_thread_blocked, id=3903, stack(0x00007f1032792000,0x00007f1032893000)]
  0x00007f1050192800 JavaThread "C1 CompilerThread0" daemon [_thread_blocked, id=3904, stack(0x00007f1032691000,0x00007f1032792000)]
  0x00007f1050194800 JavaThread "Sweeper thread" daemon [_thread_blocked, id=3905, stack(0x00007f1032590000,0x00007f1032691000)]
  0x00007f10501cd800 JavaThread "Common-Cleaner" daemon [_thread_blocked, id=3906, stack(0x00007f103248f000,0x00007f1032590000)]
  0x00007f1050377800 JavaThread "Active Thread: Equinox Container: 7320cda6-ceef-4412-9943-d2afab43b185" [_thread_blocked, id=3934, stack(0x00007f103218b000,0x00007f103228c000)]
  0x00007f10503b9000 JavaThread "Framework Event Dispatcher: Equinox Container: 7320cda6-ceef-4412-9943-d2afab43b185" daemon [_thread_blocked, id=3938, stack(0x00007f103208a000,0x00007f103218b000)]
  0x00007f10503bb800 JavaThread "Start Level: Equinox Container: 7320cda6-ceef-4412-9943-d2afab43b185" daemon [_thread_blocked, id=3939, stack(0x00007f1031f89000,0x00007f103208a000)]
  0x00007f0ff802b800 JavaThread "SCR Component Actor" daemon [_thread_blocked, id=3944, stack(0x00007f103228c000,0x00007f103238d000)]
  0x00007f0ff82e5800 JavaThread "Worker-JM" [_thread_blocked, id=4019, stack(0x00007f1031470000,0x00007f1031571000)]
  0x00007f0ff8460000 JavaThread "Java indexing" daemon [_thread_blocked, id=4030, stack(0x00007f1031971000,0x00007f1031a72000)]
  0x00007f0ff87c0800 JavaThread "logback configurator timer" daemon [_thread_blocked, id=4047, stack(0x00007f1030a6b000,0x00007f1030b6c000)]
  0x00007f10503f5800 JavaThread "pool-3-thread-1" [_thread_blocked, id=4049, stack(0x00007f103056a000,0x00007f103066b000)]
=>0x00007f105049c000 JavaThread "pool-2-thread-1" [_thread_in_Java, id=4050, stack(0x00007f1030269000,0x00007f103036a000)]
  0x00007f0fc8276800 JavaThread "Bundle File Closer" daemon [_thread_blocked, id=4067, stack(0x00007f0fc39fe000,0x00007f0fc3aff000)]
  0x00007f0f9cd0e800 JavaThread "Worker-12" [_thread_blocked, id=5890, stack(0x00007f1030168000,0x00007f1030269000)]
  0x00007f0f9cd12800 JavaThread "Worker-18" [_thread_blocked, id=6049, stack(0x00007f103136f000,0x00007f1031470000)]
  0x00007f0f901f4800 JavaThread "ForkJoinPool.commonPool-worker-1" daemon [_thread_blocked, id=6231, stack(0x00007f0fc2cbd000,0x00007f0fc2dbe000)]
  0x00007f0fd0001800 JavaThread "process reaper" daemon [_thread_in_native, id=6342, stack(0x00007f1038056000,0x00007f1038078000)]

Other Threads:
  0x00007f105017a000 VMThread "VM Thread" [stack: 0x00007f10330f2000,0x00007f10331f2000] [id=3891]
  0x00007f1050229800 WatcherThread [stack: 0x00007f103238f000,0x00007f103248f000] [id=3909]
  0x00007f105002d800 GCTaskThread "ParGC Thread#0" [stack: 0x00007f1056751000,0x00007f1056851000] [id=3889]
  0x00007f102c001000 GCTaskThread "ParGC Thread#1" [stack: 0x00007f1031e89000,0x00007f1031f89000] [id=3940]
  0x00007f102c002800 GCTaskThread "ParGC Thread#2" [stack: 0x00007f1031d87000,0x00007f1031e87000] [id=3941]
  0x00007f102c004000 GCTaskThread "ParGC Thread#3" [stack: 0x00007f1031c85000,0x00007f1031d85000] [id=3942]
  0x00007f102c03e000 GCTaskThread "ParGC Thread#4" [stack: 0x00007f1030d6e000,0x00007f1030e6e000] [id=4028]

Threads with active compile tasks:

VM state:not at safepoint (normal execution)

VM Mutex/Monitor currently owned by a thread: None

Heap address: 0x00000000c0000000, size: 1024 MB, Compressed Oops mode: 32-bit
Narrow klass base: 0x0000000800000000, Narrow klass shift: 3
Compressed class space size: 1073741824 Address: 0x0000000840000000

Heap:
 PSYoungGen      total 6144K, used 5728K [0x00000000eab00000, 0x00000000eb500000, 0x0000000100000000)
  eden space 5632K, 100% used [0x00000000eab00000,0x00000000eb080000,0x00000000eb080000)
  from space 512K, 18% used [0x00000000eb480000,0x00000000eb498000,0x00000000eb500000)
  to   space 512K, 0% used [0x00000000eb400000,0x00000000eb400000,0x00000000eb480000)
 ParOldGen       total 118272K, used 89941K [0x00000000c0000000, 0x00000000c7380000, 0x00000000eab00000)
  object space 118272K, 76% used [0x00000000c0000000,0x00000000c57d57c8,0x00000000c7380000)
 Metaspace       used 75248K, capacity 79089K, committed 79536K, reserved 1120256K
  class space    used 7017K, capacity 8301K, committed 8448K, reserved 1048576K

Card table byte_map: [0x00007f10569a7000,0x00007f1056ba8000] _byte_map_base: 0x00007f10563a7000

Marking Bits: (ParMarkBitMap*) 0x00007f10584c85c0
 Begin Bits: [0x00007f105474f000, 0x00007f105574f000)
 End Bits:   [0x00007f105574f000, 0x00007f105674f000)

Polling page: 0x00007f105872d000

Metaspace:

Usage:
  Non-class:     69.13 MB capacity,    66.63 MB ( 96%) used,     2.33 MB (  3%) free+waste,   176.81 KB ( <1%) overhead. 
      Class:      8.11 MB capacity,     6.85 MB ( 85%) used,     1.18 MB ( 15%) free+waste,    76.50 KB ( <1%) overhead. 
       Both:     77.24 MB capacity,    73.48 MB ( 95%) used,     3.50 MB (  5%) free+waste,   253.31 KB ( <1%) overhead. 

Virtual space:
  Non-class space:       70.00 MB reserved,      69.42 MB (>99%) committed 
      Class space:        1.00 GB reserved,       8.25 MB ( <1%) committed 
             Both:        1.07 GB reserved,      77.67 MB (  7%) committed 

Chunk freelists:
   Non-Class:  232.00 KB
       Class:  51.00 KB
        Both:  283.00 KB

MaxMetaspaceSize: unlimited
CompressedClassSpaceSize: 1.00 GB

CodeHeap 'non-profiled nmethods': size=120032Kb used=17425Kb max_used=17604Kb free=102607Kb
 bounds [0x00007f1040359000, 0x00007f10414b9000, 0x00007f1047891000]
CodeHeap 'profiled nmethods': size=120032Kb used=40861Kb max_used=41142Kb free=79170Kb
 bounds [0x00007f1038e21000, 0x00007f103b6f1000, 0x00007f1040359000]
CodeHeap 'non-nmethods': size=5696Kb used=1315Kb max_used=1388Kb free=4380Kb
 bounds [0x00007f1038891000, 0x00007f1038b01000, 0x00007f1038e21000]
 total_blobs=16654 nmethods=15932 adapters=630
 compilation: enabled
              stopped_count=0, restarted_count=0
 full_count=0

Compilation events (20 events):
Event: 7180.251 Thread 0x00007f1050190000 20892       4       java.util.concurrent.TimeUnit::toNanos (45 bytes)
Event: 7180.252 Thread 0x00007f1050190000 nmethod 20892 0x00007f1040c2cc90 code [0x00007f1040c2ce20, 0x00007f1040c2cf18]
Event: 7480.253 Thread 0x00007f1050192800 20893   !   3       org.eclipse.osgi.container.ModuleDatabase::getTimestamp (25 bytes)
Event: 7480.254 Thread 0x00007f1050192800 nmethod 20893 0x00007f103aa81f90 code [0x00007f103aa82200, 0x00007f103aa82b50]
Event: 7600.254 Thread 0x00007f1050192800 20894       3       org.eclipse.osgi.storage.Storage::isReadOnly (10 bytes)
Event: 7600.254 Thread 0x00007f1050192800 nmethod 20894 0x00007f103a695490 code [0x00007f103a695640, 0x00007f103a6957d0]
Event: 7690.255 Thread 0x00007f1050192800 20895   !   3       org.eclipse.osgi.internal.framework.StorageSaver$StorageSaverTask::run (31 bytes)
Event: 7690.255 Thread 0x00007f1050192800 nmethod 20895 0x00007f103a9a2190 code [0x00007f103a9a23e0, 0x00007f103a9a2ad0]
Event: 7690.255 Thread 0x00007f1050192800 20896   !   3       org.eclipse.osgi.storage.Storage::save (64 bytes)
Event: 7690.256 Thread 0x00007f1050192800 nmethod 20896 0x00007f103aa40590 code [0x00007f103aa40800, 0x00007f103aa410d0]
Event: 8139.945 Thread 0x00007f1050190000 20897       4       java.lang.Long::hashCode (8 bytes)
Event: 8139.946 Thread 0x00007f1050190000 nmethod 20897 0x00007f1040c2ca10 code [0x00007f1040c2cba0, 0x00007f1040c2cc18]
Event: 8416.598 Thread 0x00007f1050190000 20898   !   4       org.eclipse.core.internal.jobs.JobManager::sleepHint (66 bytes)
Event: 8416.601 Thread 0x00007f1050190000 nmethod 20898 0x00007f1040c2c210 code [0x00007f1040c2c3a0, 0x00007f1040c2c858]
Event: 8970.147 Thread 0x00007f1050190000 20899       4       java.lang.StringCoding::encodeUTF8 (132 bytes)
Event: 8970.156 Thread 0x00007f1050190000 nmethod 20899 0x00007f1040c2b810 code [0x00007f1040c2b9e0, 0x00007f1040c2bff8]
Event: 8980.150 Thread 0x00007f1050190000 20900   !   4       java.nio.charset.Charset::defaultCharset (53 bytes)
Event: 8980.150 Thread 0x00007f1050190000 nmethod 20900 0x00007f1040c2b590 code [0x00007f1040c2b720, 0x00007f1040c2b798]
Event: 9270.223 Thread 0x00007f1050190000 20901       4       java.util.concurrent.SynchronousQueue$TransferStack::awaitFulfill (169 bytes)
Event: 9270.227 Thread 0x00007f1050190000 nmethod 20901 0x00007f1040c2ad10 code [0x00007f1040c2aee0, 0x00007f1040c2b268]

GC Heap History (20 events):
Event: 5723.807 GC heap before
{Heap before GC invocations=2127 (full 96):
 PSYoungGen      total 6656K, used 6633K [0x00000000eab00000, 0x00000000eb600000, 0x0000000100000000)
  eden space 5632K, 100% used [0x00000000eab00000,0x00000000eb080000,0x00000000eb080000)
  from space 1024K, 97% used [0x00000000eb300000,0x00000000eb3fa400,0x00000000eb400000)
  to   space 2560K, 0% used [0x00000000eb080000,0x00000000eb080000,0x00000000eb300000)
 ParOldGen       total 153600K, used 149203K [0x00000000c0000000, 0x00000000c9600000, 0x00000000eab00000)
  object space 153600K, 97% used [0x00000000c0000000,0x00000000c91b4fd8,0x00000000c9600000)
 Metaspace       used 75172K, capacity 79025K, committed 79536K, reserved 1120256K
  class space    used 7017K, capacity 8301K, committed 8448K, reserved 1048576K
}
Event: 5723.811 GC heap after
{Heap after GC invocations=2127 (full 96):
 PSYoungGen      total 7168K, used 1108K [0x00000000eab00000, 0x00000000eb480000, 0x0000000100000000)
  eden space 5632K, 0% used [0x00000000eab00000,0x00000000eab00000,0x00000000eb080000)
  from space 1536K, 72% used [0x00000000eb080000,0x00000000eb195200,0x00000000eb200000)
  to   space 2048K, 0% used [0x00000000eb280000,0x00000000eb280000,0x00000000eb480000)
 ParOldGen       total 153600K, used 150036K [0x00000000c0000000, 0x00000000c9600000, 0x00000000eab00000)
  object space 153600K, 97% used [0x00000000c0000000,0x00000000c9285130,0x00000000c9600000)
 Metaspace       used 75172K, capacity 79025K, committed 79536K, reserved 1120256K
  class space    used 7017K, capacity 8301K, committed 8448K, reserved 1048576K
}
Event: 5891.573 GC heap before
{Heap before GC invocations=2128 (full 96):
 PSYoungGen      total 7168K, used 6740K [0x00000000eab00000, 0x00000000eb480000, 0x0000000100000000)
  eden space 5632K, 100% used [0x00000000eab00000,0x00000000eb080000,0x00000000eb080000)
  from space 1536K, 72% used [0x00000000eb080000,0x00000000eb195200,0x00000000eb200000)
  to   space 2048K, 0% used [0x00000000eb280000,0x00000000eb280000,0x00000000eb480000)
 ParOldGen       total 153600K, used 150036K [0x00000000c0000000, 0x00000000c9600000, 0x00000000eab00000)
  object space 153600K, 97% used [0x00000000c0000000,0x00000000c9285130,0x00000000c9600000)
 Metaspace       used 75172K, capacity 79025K, committed 79536K, reserved 1120256K
  class space    used 7017K, capacity 8301K, committed 8448K, reserved 1048576K
}
Event: 5891.574 GC heap after
{Heap after GC invocations=2128 (full 96):
 PSYoungGen      total 6144K, used 378K [0x00000000eab00000, 0x00000000eb300000, 0x0000000100000000)
  eden space 5632K, 0% used [0x00000000eab00000,0x00000000eab00000,0x00000000eb080000)
  from space 512K, 73% used [0x00000000eb280000,0x00000000eb2de900,0x00000000eb300000)
  to   space 1024K, 0% used [0x00000000eb100000,0x00000000eb100000,0x00000000eb200000)
 ParOldGen       total 153600K, used 150036K [0x00000000c0000000, 0x00000000c9600000, 0x00000000eab00000)
  object space 153600K, 97% used [0x00000000c0000000,0x00000000c9285130,0x00000000c9600000)
 Metaspace       used 75172K, capacity 79025K, committed 79536K, reserved 1120256K
  class space    used 7017K, capacity 8301K, committed 8448K, reserved 1048576K
}
Event: 5891.886 GC heap before
{Heap before GC invocations=2129 (full 96):
 PSYoungGen      total 6144K, used 6010K [0x00000000eab00000, 0x00000000eb300000, 0x0000000100000000)
  eden space 5632K, 100% used [0x00000000eab00000,0x00000000eb080000,0x00000000eb080000)
  from space 512K, 73% used [0x00000000eb280000,0x00000000eb2de900,0x00000000eb300000)
  to   space 1024K, 0% used [0x00000000eb100000,0x00000000eb100000,0x00000000eb200000)
 ParOldGen       total 153600K, used 150036K [0x00000000c0000000, 0x00000000c9600000, 0x00000000eab00000)
  object space 153600K, 97% used [0x00000000c0000000,0x00000000c9285130,0x00000000c9600000)
 Metaspace       used 75179K, capacity 79025K, committed 79536K, reserved 1120256K
  class space    used 7017K, capacity 8301K, committed 8448K, reserved 1048576K
}
Event: 5891.889 GC heap after
{Heap after GC invocations=2129 (full 96):
 PSYoungGen      total 6656K, used 1009K [0x00000000eab00000, 0x00000000eba80000, 0x0000000100000000)
  eden space 5632K, 0% used [0x00000000eab00000,0x00000000eab00000,0x00000000eb080000)
  from space 1024K, 98% used [0x00000000eb100000,0x00000000eb1fc6c0,0x00000000eb200000)
  to   space 5120K, 0% used [0x00000000eb580000,0x00000000eb580000,0x00000000eba80000)
 ParOldGen       total 153600K, used 153383K [0x00000000c0000000, 0x00000000c9600000, 0x00000000eab00000)
  object space 153600K, 99% used [0x00000000c0000000,0x00000000c95c9f70,0x00000000c9600000)
 Metaspace       used 75179K, capacity 79025K, committed 79536K, reserved 1120256K
  class space    used 7017K, capacity 8301K, committed 8448K, reserved 1048576K
}
Event: 5891.889 GC heap before
{Heap before GC invocations=2130 (full 97):
 PSYoungGen      total 6656K, used 1009K [0x00000000eab00000, 0x00000000eba80000, 0x0000000100000000)
  eden space 5632K, 0% used [0x00000000eab00000,0x00000000eab00000,0x00000000eb080000)
  from space 1024K, 98% used [0x00000000eb100000,0x00000000eb1fc6c0,0x00000000eb200000)
  to   space 5120K, 0% used [0x00000000eb580000,0x00000000eb580000,0x00000000eba80000)
 ParOldGen       total 153600K, used 153383K [0x00000000c0000000, 0x00000000c9600000, 0x00000000eab00000)
  object space 153600K, 99% used [0x00000000c0000000,0x00000000c95c9f70,0x00000000c9600000)
 Metaspace       used 75179K, capacity 79025K, committed 79536K, reserved 1120256K
  class space    used 7017K, capacity 8301K, committed 8448K, reserved 1048576K
}
Event: 5892.051 GC heap after
{Heap after GC invocations=2130 (full 97):
 PSYoungGen      total 10752K, used 0K [0x00000000eab00000, 0x00000000eba80000, 0x0000000100000000)
  eden space 5632K, 0% used [0x00000000eab00000,0x00000000eab00000,0x00000000eb080000)
  from space 5120K, 0% used [0x00000000eb580000,0x00000000eb580000,0x00000000eba80000)
  to   space 5120K, 0% used [0x00000000eb080000,0x00000000eb080000,0x00000000eb580000)
 ParOldGen       total 118272K, used 82669K [0x00000000c0000000, 0x00000000c7380000, 0x00000000eab00000)
  object space 118272K, 69% used [0x00000000c0000000,0x00000000c50bb578,0x00000000c7380000)
 Metaspace       used 75179K, capacity 79025K, committed 79536K, reserved 1120256K
  class space    used 7017K, capacity 8301K, committed 8448K, reserved 1048576K
}
Event: 5892.255 GC heap before
{Heap before GC invocations=2131 (full 97):
 PSYoungGen      total 10752K, used 5632K [0x00000000eab00000, 0x00000000eba80000, 0x0000000100000000)
  eden space 5632K, 100% used [0x00000000eab00000,0x00000000eb080000,0x00000000eb080000)
  from space 5120K, 0% used [0x00000000eb580000,0x00000000eb580000,0x00000000eba80000)
  to   space 5120K, 0% used [0x00000000eb080000,0x00000000eb080000,0x00000000eb580000)
 ParOldGen       total 118272K, used 82669K [0x00000000c0000000, 0x00000000c7380000, 0x00000000eab00000)
  object space 118272K, 69% used [0x00000000c0000000,0x00000000c50bb578,0x00000000c7380000)
 Metaspace       used 75179K, capacity 79025K, committed 79536K, reserved 1120256K
  class space    used 7017K, capacity 8301K, committed 8448K, reserved 1048576K
}
Event: 5892.260 GC heap after
{Heap after GC invocations=2131 (full 97):
 PSYoungGen      total 10752K, used 4794K [0x00000000eab00000, 0x00000000eba80000, 0x0000000100000000)
  eden space 5632K, 0% used [0x00000000eab00000,0x00000000eab00000,0x00000000eb080000)
  from space 5120K, 93% used [0x00000000eb080000,0x00000000eb52e900,0x00000000eb580000)
  to   space 5120K, 0% used [0x00000000eb580000,0x00000000eb580000,0x00000000eba80000)
 ParOldGen       total 118272K, used 82669K [0x00000000c0000000, 0x00000000c7380000, 0x00000000eab00000)
  object space 118272K, 69% used [0x00000000c0000000,0x00000000c50bb578,0x00000000c7380000)
 Metaspace       used 75179K, capacity 79025K, committed 79536K, reserved 1120256K
  class space    used 7017K, capacity 8301K, committed 8448K, reserved 1048576K
}
Event: 5892.353 GC heap before
{Heap before GC invocations=2132 (full 97):
 PSYoungGen      total 10752K, used 10426K [0x00000000eab00000, 0x00000000eba80000, 0x0000000100000000)
  eden space 5632K, 100% used [0x00000000eab00000,0x00000000eb080000,0x00000000eb080000)
  from space 5120K, 93% used [0x00000000eb080000,0x00000000eb52e900,0x00000000eb580000)
  to   space 5120K, 0% used [0x00000000eb580000,0x00000000eb580000,0x00000000eba80000)
 ParOldGen       total 118272K, used 82669K [0x00000000c0000000, 0x00000000c7380000, 0x00000000eab00000)
  object space 118272K, 69% used [0x00000000c0000000,0x00000000c50bb578,0x00000000c7380000)
 Metaspace       used 75231K, capacity 79089K, committed 79536K, reserved 1120256K
  class space    used 7017K, capacity 8301K, committed 8448K, reserved 1048576K
}
Event: 5892.356 GC heap after
{Heap after GC invocations=2132 (full 97):
 PSYoungGen      total 7168K, used 1284K [0x00000000eab00000, 0x00000000eb700000, 0x0000000100000000)
  eden space 5632K, 0% used [0x00000000eab00000,0x00000000eab00000,0x00000000eb080000)
  from space 1536K, 83% used [0x00000000eb580000,0x00000000eb6c1210,0x00000000eb700000)
  to   space 3072K, 0% used [0x00000000eb100000,0x00000000eb100000,0x00000000eb400000)
 ParOldGen       total 118272K, used 87345K [0x00000000c0000000, 0x00000000c7380000, 0x00000000eab00000)
  object space 118272K, 73% used [0x00000000c0000000,0x00000000c554c778,0x00000000c7380000)
 Metaspace       used 75231K, capacity 79089K, committed 79536K, reserved 1120256K
  class space    used 7017K, capacity 8301K, committed 8448K, reserved 1048576K
}
Event: 5895.093 GC heap before
{Heap before GC invocations=2133 (full 97):
 PSYoungGen      total 7168K, used 6916K [0x00000000eab00000, 0x00000000eb700000, 0x0000000100000000)
  eden space 5632K, 100% used [0x00000000eab00000,0x00000000eb080000,0x00000000eb080000)
  from space 1536K, 83% used [0x00000000eb580000,0x00000000eb6c1210,0x00000000eb700000)
  to   space 3072K, 0% used [0x00000000eb100000,0x00000000eb100000,0x00000000eb400000)
 ParOldGen       total 118272K, used 87345K [0x00000000c0000000, 0x00000000c7380000, 0x00000000eab00000)
  object space 118272K, 73% used [0x00000000c0000000,0x00000000c554c778,0x00000000c7380000)
 Metaspace       used 75237K, capacity 79089K, committed 79536K, reserved 1120256K
  class space    used 7017K, capacity 8301K, committed 8448K, reserved 1048576K
}
Event: 5895.101 GC heap after
{Heap after GC invocations=2133 (full 97):
 PSYoungGen      total 8704K, used 3067K [0x00000000eab00000, 0x00000000eb980000, 0x0000000100000000)
  eden space 5632K, 0% used [0x00000000eab00000,0x00000000eab00000,0x00000000eb080000)
  from space 3072K, 99% used [0x00000000eb100000,0x00000000eb3fefc0,0x00000000eb400000)
  to   space 4608K, 0% used [0x00000000eb500000,0x00000000eb500000,0x00000000eb980000)
 ParOldGen       total 118272K, used 88049K [0x00000000c0000000, 0x00000000c7380000, 0x00000000eab00000)
  object space 118272K, 74% used [0x00000000c0000000,0x00000000c55fc778,0x00000000c7380000)
 Metaspace       used 75237K, capacity 79089K, committed 79536K, reserved 1120256K
  class space    used 7017K, capacity 8301K, committed 8448K, reserved 1048576K
}
Event: 5895.133 GC heap before
{Heap before GC invocations=2134 (full 97):
 PSYoungGen      total 8704K, used 8699K [0x00000000eab00000, 0x00000000eb980000, 0x0000000100000000)
  eden space 5632K, 100% used [0x00000000eab00000,0x00000000eb080000,0x00000000eb080000)
  from space 3072K, 99% used [0x00000000eb100000,0x00000000eb3fefc0,0x00000000eb400000)
  to   space 4608K, 0% used [0x00000000eb500000,0x00000000eb500000,0x00000000eb980000)
 ParOldGen       total 118272K, used 88049K [0x00000000c0000000, 0x00000000c7380000, 0x00000000eab00000)
  object space 118272K, 74% used [0x00000000c0000000,0x00000000c55fc778,0x00000000c7380000)
 Metaspace       used 75237K, capacity 79089K, committed 79536K, reserved 1120256K
  class space    used 7017K, capacity 8301K, committed 8448K, reserved 1048576K
}
Event: 5895.135 GC heap after
{Heap after GC invocations=2134 (full 97):
 PSYoungGen      total 6144K, used 436K [0x00000000eab00000, 0x00000000eb580000, 0x0000000100000000)
  eden space 5632K, 0% used [0x00000000eab00000,0x00000000eab00000,0x00000000eb080000)
  from space 512K, 85% used [0x00000000eb500000,0x00000000eb56d200,0x00000000eb580000)
  to   space 2048K, 0% used [0x00000000eb180000,0x00000000eb180000,0x00000000eb380000)
 ParOldGen       total 118272K, used 88985K [0x00000000c0000000, 0x00000000c7380000, 0x00000000eab00000)
  object space 118272K, 75% used [0x00000000c0000000,0x00000000c56e65c8,0x00000000c7380000)
 Metaspace       used 75237K, capacity 79089K, committed 79536K, reserved 1120256K
  class space    used 7017K, capacity 8301K, committed 8448K, reserved 1048576K
}
Event: 6014.948 GC heap before
{Heap before GC invocations=2135 (full 97):
 PSYoungGen      total 6144K, used 6068K [0x00000000eab00000, 0x00000000eb580000, 0x0000000100000000)
  eden space 5632K, 100% used [0x00000000eab00000,0x00000000eb080000,0x00000000eb080000)
  from space 512K, 85% used [0x00000000eb500000,0x00000000eb56d200,0x00000000eb580000)
  to   space 2048K, 0% used [0x00000000eb180000,0x00000000eb180000,0x00000000eb380000)
 ParOldGen       total 118272K, used 88985K [0x00000000c0000000, 0x00000000c7380000, 0x00000000eab00000)
  object space 118272K, 75% used [0x00000000c0000000,0x00000000c56e65c8,0x00000000c7380000)
 Metaspace       used 75239K, capacity 79089K, committed 79536K, reserved 1120256K
  class space    used 7017K, capacity 8301K, committed 8448K, reserved 1048576K
}
Event: 6014.950 GC heap after
{Heap after GC invocations=2135 (full 97):
 PSYoungGen      total 7680K, used 704K [0x00000000eab00000, 0x00000000eb580000, 0x0000000100000000)
  eden space 5632K, 0% used [0x00000000eab00000,0x00000000eab00000,0x00000000eb080000)
  from space 2048K, 34% used [0x00000000eb180000,0x00000000eb230000,0x00000000eb380000)
  to   space 1024K, 0% used [0x00000000eb480000,0x00000000eb480000,0x00000000eb580000)
 ParOldGen       total 118272K, used 89301K [0x00000000c0000000, 0x00000000c7380000, 0x00000000eab00000)
  object space 118272K, 75% used [0x00000000c0000000,0x00000000c57357c8,0x00000000c7380000)
 Metaspace       used 75239K, capacity 79089K, committed 79536K, reserved 1120256K
  class space    used 7017K, capacity 8301K, committed 8448K, reserved 1048576K
}
Event: 7979.901 GC heap before
{Heap before GC invocations=2136 (full 97):
 PSYoungGen      total 7680K, used 6333K [0x00000000eab00000, 0x00000000eb580000, 0x0000000100000000)
  eden space 5632K, 99% used [0x00000000eab00000,0x00000000eb07f598,0x00000000eb080000)
  from space 2048K, 34% used [0x00000000eb180000,0x00000000eb230000,0x00000000eb380000)
  to   space 1024K, 0% used [0x00000000eb480000,0x00000000eb480000,0x00000000eb580000)
 ParOldGen       total 118272K, used 89301K [0x00000000c0000000, 0x00000000c7380000, 0x00000000eab00000)
  object space 118272K, 75% used [0x00000000c0000000,0x00000000c57357c8,0x00000000c7380000)
 Metaspace       used 75247K, capacity 79089K, committed 79536K, reserved 1120256K
  class space    used 7017K, capacity 8301K, committed 8448K, reserved 1048576K
}
Event: 7979.903 GC heap after
{Heap after GC invocations=2136 (full 97):
 PSYoungGen      total 6144K, used 96K [0x00000000eab00000, 0x00000000eb500000, 0x0000000100000000)
  eden space 5632K, 0% used [0x00000000eab00000,0x00000000eab00000,0x00000000eb080000)
  from space 512K, 18% used [0x00000000eb480000,0x00000000eb498000,0x00000000eb500000)
  to   space 512K, 0% used [0x00000000eb400000,0x00000000eb400000,0x00000000eb480000)
 ParOldGen       total 118272K, used 89941K [0x00000000c0000000, 0x00000000c7380000, 0x00000000eab00000)
  object space 118272K, 76% used [0x00000000c0000000,0x00000000c57d57c8,0x00000000c7380000)
 Metaspace       used 75247K, capacity 79089K, committed 79536K, reserved 1120256K
  class space    used 7017K, capacity 8301K, committed 8448K, reserved 1048576K
}

Deoptimization events (20 events):
Event: 5723.289 Thread 0x00007f0fa0209000 Uncommon trap: trap_request=0xffffffbe fr.pc=0x00007f1040ba2898 relative=0x0000000000000078
Event: 5723.289 Thread 0x00007f0fa0209000 Uncommon trap: reason=profile_predicate action=maybe_recompile pc=0x00007f1040ba2898 method=org.eclipse.jdt.core.Signature.getTypeArguments([C)[[C @ 73 c2
Event: 5723.289 Thread 0x00007f0fa0209000 DEOPT PACKING pc=0x00007f1040ba2898 sp=0x00007f103116c520
Event: 5723.289 Thread 0x00007f0fa0209000 DEOPT UNPACKING pc=0x00007f10388b7525 sp=0x00007f103116c4b0 mode 2
Event: 5723.289 Thread 0x00007f0fa0209000 Uncommon trap: trap_request=0xffffffbe fr.pc=0x00007f1040ba2898 relative=0x0000000000000078
Event: 5723.289 Thread 0x00007f0fa0209000 Uncommon trap: reason=profile_predicate action=maybe_recompile pc=0x00007f1040ba2898 method=org.eclipse.jdt.core.Signature.getTypeArguments([C)[[C @ 73 c2
Event: 5723.289 Thread 0x00007f0fa0209000 DEOPT PACKING pc=0x00007f1040ba2898 sp=0x00007f103116c290
Event: 5723.289 Thread 0x00007f0fa0209000 DEOPT UNPACKING pc=0x00007f10388b7525 sp=0x00007f103116c220 mode 2
Event: 5891.447 Thread 0x00007f0fa4092000 Uncommon trap: trap_request=0xffffff4d fr.pc=0x00007f104132b784 relative=0x0000000000000124
Event: 5891.447 Thread 0x00007f0fa4092000 Uncommon trap: reason=unstable_if action=reinterpret pc=0x00007f104132b784 method=org.eclipse.jdt.internal.core.manipulation.search.OccurrencesFinder.visit(Lorg/eclipse/jdt/core/dom/QualifiedName;)Z @ 9 c2
Event: 5891.447 Thread 0x00007f0fa4092000 DEOPT PACKING pc=0x00007f104132b784 sp=0x00007f0fc27b7de0
Event: 5891.447 Thread 0x00007f0fa4092000 DEOPT UNPACKING pc=0x00007f10388b7525 sp=0x00007f0fc27b7d90 mode 2
Event: 5892.318 Thread 0x00007f0fa4092000 Uncommon trap: trap_request=0xffffff4d fr.pc=0x00007f1040d2fe94 relative=0x0000000000001614
Event: 5892.318 Thread 0x00007f0fa4092000 Uncommon trap: reason=unstable_if action=reinterpret pc=0x00007f1040d2fe94 method=org.eclipse.jdt.core.Signature.appendClassTypeSignature([CIZLjava/lang/StringBuffer;)I @ 54 c2
Event: 5892.318 Thread 0x00007f0fa4092000 DEOPT PACKING pc=0x00007f1040d2fe94 sp=0x00007f0fc27b7c90
Event: 5892.318 Thread 0x00007f0fa4092000 DEOPT UNPACKING pc=0x00007f10388b7525 sp=0x00007f0fc27b7c70 mode 2
Event: 6014.948 Thread 0x00007f0f9cd12800 Uncommon trap: trap_request=0xffffffde fr.pc=0x00007f1040c69850 relative=0x0000000000000190
Event: 6014.948 Thread 0x00007f0f9cd12800 Uncommon trap: reason=class_check action=maybe_recompile pc=0x00007f1040c69850 method=java.util.stream.ReferencePipeline$Head.forEach(Ljava/util/function/Consumer;)V @ 12 c2
Event: 6014.948 Thread 0x00007f0f9cd12800 DEOPT PACKING pc=0x00007f1040c69850 sp=0x00007f103146e0f0
Event: 6014.948 Thread 0x00007f0f9cd12800 DEOPT UNPACKING pc=0x00007f10388b7525 sp=0x00007f103146e0b8 mode 2

Classes redefined (0 events):
No events

Internal exceptions (20 events):
Event: 5565.414 Thread 0x00007f0fa4092000 Exception <a 'java/lang/ClassCastException'{0x00000000eafbf570}> (0x00000000eafbf570) thrown at [src/hotspot/share/runtime/sharedRuntime.cpp, line 584]
Event: 5565.414 Thread 0x00007f0fa4092000 Exception <a 'java/lang/ClassCastException'{0x00000000eafbf9d8}> (0x00000000eafbf9d8) thrown at [src/hotspot/share/runtime/sharedRuntime.cpp, line 584]
Event: 5565.414 Thread 0x00007f0fa4092000 Exception <a 'java/lang/ClassCastException'{0x00000000eafbfe40}> (0x00000000eafbfe40) thrown at [src/hotspot/share/runtime/sharedRuntime.cpp, line 584]
Event: 5565.414 Thread 0x00007f0fa4092000 Exception <a 'java/lang/ClassCastException'{0x00000000eafc1be0}> (0x00000000eafc1be0) thrown at [src/hotspot/share/runtime/sharedRuntime.cpp, line 584]
Event: 5566.697 Thread 0x00007f1008137800 Implicit null exception at 0x00007f1040ead1e8 to 0x00007f1040eae1f8
Event: 5567.430 Thread 0x00007f1008137800 Implicit null exception at 0x00007f10413628ef to 0x00007f1041362b2c
Event: 5656.402 Thread 0x00007f0f9cd0e800 Exception <a 'java/lang/NoSuchMethodError'{0x00000000eab7c270}: <clinit>> (0x00000000eab7c270) thrown at [src/hotspot/share/prims/jni.cpp, line 1362]
Event: 5656.405 Thread 0x00007f0f9cd0e800 Exception <a 'java/lang/NoSuchMethodError'{0x00000000eabac4f8}: <clinit>> (0x00000000eabac4f8) thrown at [src/hotspot/share/prims/jni.cpp, line 1362]
Event: 5656.408 Thread 0x00007f0f9cd0e800 Exception <a 'java/lang/NoSuchMethodError'{0x00000000eabc4b48}: <clinit>> (0x00000000eabc4b48) thrown at [src/hotspot/share/prims/jni.cpp, line 1362]
Event: 5656.411 Thread 0x00007f0f9cd0e800 Exception <a 'java/lang/NoSuchMethodError'{0x00000000eabedcc0}: <clinit>> (0x00000000eabedcc0) thrown at [src/hotspot/share/prims/jni.cpp, line 1362]
Event: 5657.497 Thread 0x00007f0fd4047000 Exception <a 'java/lang/ClassCastException'{0x00000000eb0a35d0}> (0x00000000eb0a35d0) thrown at [src/hotspot/share/runtime/sharedRuntime.cpp, line 584]
Event: 5657.497 Thread 0x00007f0fd4047000 Exception <a 'java/lang/ClassCastException'{0x00000000eb0a3a38}> (0x00000000eb0a3a38) thrown at [src/hotspot/share/runtime/sharedRuntime.cpp, line 584]
Event: 5657.497 Thread 0x00007f0fd4047000 Exception <a 'java/lang/ClassCastException'{0x00000000eb0a3ea0}> (0x00000000eb0a3ea0) thrown at [src/hotspot/share/runtime/sharedRuntime.cpp, line 584]
Event: 5657.497 Thread 0x00007f0fd4047000 Exception <a 'java/lang/ClassCastException'{0x00000000eb0a4308}> (0x00000000eb0a4308) thrown at [src/hotspot/share/runtime/sharedRuntime.cpp, line 584]
Event: 5657.497 Thread 0x00007f0fd4047000 Exception <a 'java/lang/ClassCastException'{0x00000000eb0a49e8}> (0x00000000eb0a49e8) thrown at [src/hotspot/share/runtime/sharedRuntime.cpp, line 584]
Event: 5657.497 Thread 0x00007f0fd4047000 Exception <a 'java/lang/ClassCastException'{0x00000000eb0a4e50}> (0x00000000eb0a4e50) thrown at [src/hotspot/share/runtime/sharedRuntime.cpp, line 584]
Event: 5657.497 Thread 0x00007f0fd4047000 Exception <a 'java/lang/ClassCastException'{0x00000000eb0a52b8}> (0x00000000eb0a52b8) thrown at [src/hotspot/share/runtime/sharedRuntime.cpp, line 584]
Event: 5657.497 Thread 0x00007f0fd4047000 Exception <a 'java/lang/ClassCastException'{0x00000000eb0a5720}> (0x00000000eb0a5720) thrown at [src/hotspot/share/runtime/sharedRuntime.cpp, line 584]
Event: 5657.497 Thread 0x00007f0fd4047000 Exception <a 'java/lang/ClassCastException'{0x00000000eb0a5b88}> (0x00000000eb0a5b88) thrown at [src/hotspot/share/runtime/sharedRuntime.cpp, line 584]
Event: 5708.752 Thread 0x00007f0f8c1a5000 Exception <a 'java/lang/ArrayIndexOutOfBoundsException'{0x00000000ead65698}: Index -1 out of bounds for length 2> (0x00000000ead65698) thrown at [src/hotspot/share/interpreter/interpreterRuntime.cpp, line 444]

Events (20 events):
Event: 10080.420 Executing VM operation: RevokeBias
Event: 10080.420 Executing VM operation: RevokeBias done
Event: 10090.421 Executing VM operation: RevokeBias
Event: 10090.421 Executing VM operation: RevokeBias done
Event: 10090.422 Executing VM operation: RevokeBias
Event: 10090.422 Executing VM operation: RevokeBias done
Event: 10090.422 Executing VM operation: RevokeBias
Event: 10090.422 Executing VM operation: RevokeBias done
Event: 10100.423 Executing VM operation: RevokeBias
Event: 10100.423 Executing VM operation: RevokeBias done
Event: 10100.423 Executing VM operation: RevokeBias
Event: 10100.423 Executing VM operation: RevokeBias done
Event: 10100.424 Executing VM operation: RevokeBias
Event: 10100.424 Executing VM operation: RevokeBias done
Event: 10110.425 Executing VM operation: RevokeBias
Event: 10110.425 Executing VM operation: RevokeBias done
Event: 10110.425 Executing VM operation: RevokeBias
Event: 10110.426 Executing VM operation: RevokeBias done
Event: 10110.426 Executing VM operation: RevokeBias
Event: 10110.426 Executing VM operation: RevokeBias done


Dynamic libraries:
c0000000-c7380000 rw-p 00000000 00:00 0 
c7380000-eab00000 ---p 00000000 00:00 0 
eab00000-eb500000 rw-p 00000000 00:00 0 
eb500000-100000000 ---p 00000000 00:00 0 
800000000-800002000 rwxp 00001000 08:10 232264                           /usr/lib/jvm/java-11-openjdk-amd64/lib/server/classes.jsa
800002000-8003b9000 rw-p 00003000 08:10 232264                           /usr/lib/jvm/java-11-openjdk-amd64/lib/server/classes.jsa
8003b9000-800a96000 r--p 003ba000 08:10 232264                           /usr/lib/jvm/java-11-openjdk-amd64/lib/server/classes.jsa
800a96000-800a97000 rw-p 00a97000 08:10 232264                           /usr/lib/jvm/java-11-openjdk-amd64/lib/server/classes.jsa
800a97000-8010a5000 r--p 00a98000 08:10 232264                           /usr/lib/jvm/java-11-openjdk-amd64/lib/server/classes.jsa
840000000-840840000 rw-p 00000000 00:00 0 
840840000-880000000 ---p 00000000 00:00 0 
562b97205000-562b97206000 r--p 00000000 08:10 4770                       /usr/lib/jvm/java-11-openjdk-amd64/bin/java
562b97206000-562b97207000 r-xp 00001000 08:10 4770                       /usr/lib/jvm/java-11-openjdk-amd64/bin/java
562b97207000-562b97208000 r--p 00002000 08:10 4770                       /usr/lib/jvm/java-11-openjdk-amd64/bin/java
562b97208000-562b97209000 r--p 00002000 08:10 4770                       /usr/lib/jvm/java-11-openjdk-amd64/bin/java
562b97209000-562b9720a000 rw-p 00003000 08:10 4770                       /usr/lib/jvm/java-11-openjdk-amd64/bin/java
562b98560000-562b985a2000 rw-p 00000000 00:00 0                          [heap]
7f0f8c000000-7f0f8c307000 rw-p 00000000 00:00 0 
7f0f8c307000-7f0f90000000 ---p 00000000 00:00 0 
7f0f90000000-7f0f91821000 rw-p 00000000 00:00 0 
7f0f91821000-7f0f94000000 ---p 00000000 00:00 0 
7f0f94000000-7f0f95edb000 rw-p 00000000 00:00 0 
7f0f95edb000-7f0f98000000 ---p 00000000 00:00 0 
7f0f98000000-7f0f98312000 rw-p 00000000 00:00 0 
7f0f98312000-7f0f9c000000 ---p 00000000 00:00 0 
7f0f9c000000-7f0f9efae000 rw-p 00000000 00:00 0 
7f0f9efae000-7f0fa0000000 ---p 00000000 00:00 0 
7f0fa0000000-7f0fa05b0000 rw-p 00000000 00:00 0 
7f0fa05b0000-7f0fa4000000 ---p 00000000 00:00 0 
7f0fa4000000-7f0fa4bac000 rw-p 00000000 00:00 0 
7f0fa4bac000-7f0fa8000000 ---p 00000000 00:00 0 
7f0fab38c000-7f0fab390000 ---p 00000000 00:00 0 
7f0fab390000-7f0fab48d000 rw-p 00000000 00:00 0 
7f0fab48d000-7f0fab491000 ---p 00000000 00:00 0 
7f0fab491000-7f0fab58e000 rw-p 00000000 00:00 0 
7f0fab58e000-7f0fab592000 ---p 00000000 00:00 0 
7f0fab592000-7f0fab68f000 rw-p 00000000 00:00 0 
7f0fab68f000-7f0fab693000 ---p 00000000 00:00 0 
7f0fab693000-7f0fab790000 rw-p 00000000 00:00 0 
7f0fab790000-7f0fab794000 ---p 00000000 00:00 0 
7f0fab794000-7f0fab891000 rw-p 00000000 00:00 0 
7f0fab891000-7f0fb4000000 r--s 00000000 08:10 4851                       /usr/lib/jvm/java-11-openjdk-amd64/lib/modules
7f0fb4000000-7f0fb63c6000 rw-p 00000000 00:00 0 
7f0fb63c6000-7f0fb8000000 ---p 00000000 00:00 0 
7f0fb8000000-7f0fb8f20000 rw-p 00000000 00:00 0 
7f0fb8f20000-7f0fbc000000 ---p 00000000 00:00 0 
7f0fbc000000-7f0fbd4ae000 rw-p 00000000 00:00 0 
7f0fbd4ae000-7f0fc0000000 ---p 00000000 00:00 0 
7f0fc00b1000-7f0fc0231000 rw-p 00000000 00:00 0 
7f0fc0231000-7f0fc02b1000 ---p 00000000 00:00 0 
7f0fc02b1000-7f0fc04b1000 rw-p 00000000 00:00 0 
7f0fc04b1000-7f0fc04b5000 ---p 00000000 00:00 0 
7f0fc04b5000-7f0fc05b2000 rw-p 00000000 00:00 0 
7f0fc05b2000-7f0fc05b6000 ---p 00000000 00:00 0 
7f0fc05b6000-7f0fc08b3000 rw-p 00000000 00:00 0 
7f0fc08b3000-7f0fc08b7000 ---p 00000000 00:00 0 
7f0fc08b7000-7f0fc09b4000 rw-p 00000000 00:00 0 
7f0fc09b4000-7f0fc09b8000 ---p 00000000 00:00 0 
7f0fc09b8000-7f0fc0ab5000 rw-p 00000000 00:00 0 
7f0fc0ab5000-7f0fc0ab9000 ---p 00000000 00:00 0 
7f0fc0ab9000-7f0fc0bb6000 rw-p 00000000 00:00 0 
7f0fc0bb6000-7f0fc0bba000 ---p 00000000 00:00 0 
7f0fc0bba000-7f0fc0cb7000 rw-p 00000000 00:00 0 
7f0fc0cb7000-7f0fc0cbb000 ---p 00000000 00:00 0 
7f0fc0cbb000-7f0fc0fb8000 rw-p 00000000 00:00 0 
7f0fc0fb8000-7f0fc0fbc000 ---p 00000000 00:00 0 
7f0fc0fbc000-7f0fc12b9000 rw-p 00000000 00:00 0 
7f0fc12b9000-7f0fc14b9000 rw-p 00000000 00:00 0 
7f0fc14b9000-7f0fc16b9000 rw-p 00000000 00:00 0 
7f0fc16b9000-7f0fc18b9000 rw-p 00000000 00:00 0 
7f0fc18b9000-7f0fc1ab9000 rw-p 00000000 00:00 0 
7f0fc1ab9000-7f0fc1cb9000 rw-p 00000000 00:00 0 
7f0fc1cb9000-7f0fc1eb9000 rw-p 00000000 00:00 0 
7f0fc1eb9000-7f0fc20b9000 rw-p 00000000 00:00 0 
7f0fc20b9000-7f0fc22b9000 rw-p 00000000 00:00 0 
7f0fc22b9000-7f0fc24b9000 rw-p 00000000 00:00 0 
7f0fc24b9000-7f0fc26b9000 rw-p 00000000 00:00 0 
7f0fc26b9000-7f0fc26bd000 ---p 00000000 00:00 0 
7f0fc26bd000-7f0fc29ba000 rw-p 00000000 00:00 0 
7f0fc29ba000-7f0fc29be000 ---p 00000000 00:00 0 
7f0fc29be000-7f0fc2abb000 rw-p 00000000 00:00 0 
7f0fc2abb000-7f0fc2abf000 ---p 00000000 00:00 0 
7f0fc2abf000-7f0fc2bbc000 rw-p 00000000 00:00 0 
7f0fc2bbc000-7f0fc2bc0000 ---p 00000000 00:00 0 
7f0fc2bc0000-7f0fc2cbd000 rw-p 00000000 00:00 0 
7f0fc2cbd000-7f0fc2cc1000 ---p 00000000 00:00 0 
7f0fc2cc1000-7f0fc2dbe000 rw-p 00000000 00:00 0 
7f0fc2dbe000-7f0fc2dc2000 ---p 00000000 00:00 0 
7f0fc2dc2000-7f0fc30bf000 rw-p 00000000 00:00 0 
7f0fc30bf000-7f0fc32bf000 rw-p 00000000 00:00 0 
7f0fc32bf000-7f0fc32c3000 ---p 00000000 00:00 0 
7f0fc32c3000-7f0fc35c0000 rw-p 00000000 00:00 0 
7f0fc35c0000-7f0fc37c0000 rw-p 00000000 00:00 0 
7f0fc37c0000-7f0fc39c0000 rw-p 00000000 00:00 0 
7f0fc39fe000-7f0fc3a02000 ---p 00000000 00:00 0 
7f0fc3a02000-7f0fc3aff000 rw-p 00000000 00:00 0 
7f0fc3aff000-7f0fc3b03000 ---p 00000000 00:00 0 
7f0fc3b03000-7f0fc3e00000 rw-p 00000000 00:00 0 
7f0fc3e00000-7f0fc4000000 rw-p 00000000 00:00 0 
7f0fc4000000-7f0fc5b16000 rw-p 00000000 00:00 0 
7f0fc5b16000-7f0fc8000000 ---p 00000000 00:00 0 
7f0fc8000000-7f0fc94fd000 rw-p 00000000 00:00 0 
7f0fc94fd000-7f0fcc000000 ---p 00000000 00:00 0 
7f0fcc000000-7f0fcc0eb000 rw-p 00000000 00:00 0 
7f0fcc0eb000-7f0fd0000000 ---p 00000000 00:00 0 
7f0fd0000000-7f0fd0021000 rw-p 00000000 00:00 0 
7f0fd0021000-7f0fd4000000 ---p 00000000 00:00 0 
7f0fd4000000-7f0fd42b1000 rw-p 00000000 00:00 0 
7f0fd42b1000-7f0fd8000000 ---p 00000000 00:00 0 
7f0fd8000000-7f0fd8026000 rw-p 00000000 00:00 0 
7f0fd8026000-7f0fdc000000 ---p 00000000 00:00 0 
7f0fdc000000-7f0fdc021000 rw-p 00000000 00:00 0 
7f0fdc021000-7f0fe0000000 ---p 00000000 00:00 0 
7f0fe0000000-7f0fe03cd000 rw-p 00000000 00:00 0 
7f0fe03cd000-7f0fe4000000 ---p 00000000 00:00 0 
7f0fe4000000-7f0fe402d000 rw-p 00000000 00:00 0 
7f0fe402d000-7f0fe8000000 ---p 00000000 00:00 0 
7f0fe8000000-7f0fe8028000 rw-p 00000000 00:00 0 
7f0fe8028000-7f0fec000000 ---p 00000000 00:00 0 
7f0fec000000-7f0fec056000 rw-p 00000000 00:00 0 
7f0fec056000-7f0ff0000000 ---p 00000000 00:00 0 
7f0ff0000000-7f0ff0024000 rw-p 00000000 00:00 0 
7f0ff0024000-7f0ff4000000 ---p 00000000 00:00 0 
7f0ff4000000-7f0ff4ac7000 rw-p 00000000 00:00 0 
7f0ff4ac7000-7f0ff8000000 ---p 00000000 00:00 0 
7f0ff8000000-7f0ff8c33000 rw-p 00000000 00:00 0 
7f0ff8c33000-7f0ffc000000 ---p 00000000 00:00 0 
7f0ffc000000-7f0ffc094000 rw-p 00000000 00:00 0 
7f0ffc094000-7f1000000000 ---p 00000000 00:00 0 
7f1000000000-7f1000291000 rw-p 00000000 00:00 0 
7f1000291000-7f1004000000 ---p 00000000 00:00 0 
7f1004000000-7f100576b000 rw-p 00000000 00:00 0 
7f100576b000-7f1008000000 ---p 00000000 00:00 0 
7f1008000000-7f100a503000 rw-p 00000000 00:00 0 
7f100a503000-7f100c000000 ---p 00000000 00:00 0 
7f100c000000-7f100c69a000 rw-p 00000000 00:00 0 
7f100c69a000-7f1010000000 ---p 00000000 00:00 0 
7f1010000000-7f101002b000 rw-p 00000000 00:00 0 
7f101002b000-7f1014000000 ---p 00000000 00:00 0 
7f1014000000-7f101719a000 rw-p 00000000 00:00 0 
7f101719a000-7f1018000000 ---p 00000000 00:00 0 
7f1018000000-7f1018d64000 rw-p 00000000 00:00 0 
7f1018d64000-7f101c000000 ---p 00000000 00:00 0 
7f101c000000-7f101c021000 rw-p 00000000 00:00 0 
7f101c021000-7f1020000000 ---p 00000000 00:00 0 
7f1020000000-7f1020021000 rw-p 00000000 00:00 0 
7f1020021000-7f1024000000 ---p 00000000 00:00 0 
7f1024000000-7f1024021000 rw-p 00000000 00:00 0 
7f1024021000-7f1028000000 ---p 00000000 00:00 0 
7f1028000000-7f1028021000 rw-p 00000000 00:00 0 
7f1028021000-7f102c000000 ---p 00000000 00:00 0 
7f102c000000-7f102c210000 rw-p 00000000 00:00 0 
7f102c210000-7f1030000000 ---p 00000000 00:00 0 
7f103004b000-7f103004f000 r--p 00000000 08:10 15924                      /usr/lib/x86_64-linux-gnu/libresolv-2.31.so
7f103004f000-7f103005f000 r-xp 00004000 08:10 15924                      /usr/lib/x86_64-linux-gnu/libresolv-2.31.so
7f103005f000-7f1030062000 r--p 00014000 08:10 15924                      /usr/lib/x86_64-linux-gnu/libresolv-2.31.so
7f1030062000-7f1030063000 ---p 00017000 08:10 15924                      /usr/lib/x86_64-linux-gnu/libresolv-2.31.so
7f1030063000-7f1030064000 r--p 00017000 08:10 15924                      /usr/lib/x86_64-linux-gnu/libresolv-2.31.so
7f1030064000-7f1030065000 rw-p 00018000 08:10 15924                      /usr/lib/x86_64-linux-gnu/libresolv-2.31.so
7f1030065000-7f1030067000 rw-p 00000000 00:00 0 
7f1030067000-7f103006b000 ---p 00000000 00:00 0 
7f103006b000-7f1030168000 rw-p 00000000 00:00 0 
7f1030168000-7f103016c000 ---p 00000000 00:00 0 
7f103016c000-7f1030269000 rw-p 00000000 00:00 0 
7f1030269000-7f103026d000 ---p 00000000 00:00 0 
7f103026d000-7f103056a000 rw-p 00000000 00:00 0 
7f103056a000-7f103056e000 ---p 00000000 00:00 0 
7f103056e000-7f103086b000 rw-p 00000000 00:00 0 
7f103086b000-7f1030a57000 rw-p 00000000 00:00 0 
7f1030a57000-7f1030a6b000 ---p 00000000 00:00 0 
7f1030a6b000-7f1030a6f000 ---p 00000000 00:00 0 
7f1030a6f000-7f1030d6c000 rw-p 00000000 00:00 0 
7f1030d6c000-7f1030d6d000 ---p 00000000 00:00 0 
7f1030d6d000-7f103106e000 rw-p 00000000 00:00 0 
7f103106e000-7f1031072000 ---p 00000000 00:00 0 
7f1031072000-7f103136f000 rw-p 00000000 00:00 0 
7f103136f000-7f1031373000 ---p 00000000 00:00 0 
7f1031373000-7f1031470000 rw-p 00000000 00:00 0 
7f1031470000-7f1031474000 ---p 00000000 00:00 0 
7f1031474000-7f1031771000 rw-p 00000000 00:00 0 
7f1031771000-7f1031971000 rw-p 00000000 00:00 0 
7f1031971000-7f1031975000 ---p 00000000 00:00 0 
7f1031975000-7f1031a72000 rw-p 00000000 00:00 0 
7f1031a72000-7f1031a82000 r-xp 00000000 08:10 483621                     /home/swithun/.vscode-server/data/User/globalStorage/redhat.java/0.79.2/config_linux/org.eclipse.equinox.launcher/org.eclipse.equinox.launcher.gtk.linux.x86_64_1.2.200.v20210406-1409/eclipse_11401.so
7f1031a82000-7f1031c81000 ---p 00010000 08:10 483621                     /home/swithun/.vscode-server/data/User/globalStorage/redhat.java/0.79.2/config_linux/org.eclipse.equinox.launcher/org.eclipse.equinox.launcher.gtk.linux.x86_64_1.2.200.v20210406-1409/eclipse_11401.so
7f1031c81000-7f1031c82000 r--p 0000f000 08:10 483621                     /home/swithun/.vscode-server/data/User/globalStorage/redhat.java/0.79.2/config_linux/org.eclipse.equinox.launcher/org.eclipse.equinox.launcher.gtk.linux.x86_64_1.2.200.v20210406-1409/eclipse_11401.so
7f1031c82000-7f1031c83000 rw-p 00010000 08:10 483621                     /home/swithun/.vscode-server/data/User/globalStorage/redhat.java/0.79.2/config_linux/org.eclipse.equinox.launcher/org.eclipse.equinox.launcher.gtk.linux.x86_64_1.2.200.v20210406-1409/eclipse_11401.so
7f1031c83000-7f1031c84000 ---p 00000000 00:00 0 
7f1031c84000-7f1031d85000 rw-p 00000000 00:00 0 
7f1031d85000-7f1031d86000 ---p 00000000 00:00 0 
7f1031d86000-7f1031e87000 rw-p 00000000 00:00 0 
7f1031e87000-7f1031e88000 ---p 00000000 00:00 0 
7f1031e88000-7f1031f89000 rw-p 00000000 00:00 0 
7f1031f89000-7f1031f8d000 ---p 00000000 00:00 0 
7f1031f8d000-7f103208a000 rw-p 00000000 00:00 0 
7f103208a000-7f103208e000 ---p 00000000 00:00 0 
7f103208e000-7f103218b000 rw-p 00000000 00:00 0 
7f103218b000-7f103218f000 ---p 00000000 00:00 0 
7f103218f000-7f103228c000 rw-p 00000000 00:00 0 
7f103228c000-7f1032290000 ---p 00000000 00:00 0 
7f1032290000-7f103238d000 rw-p 00000000 00:00 0 
7f103238d000-7f103238e000 ---p 00000000 00:00 0 
7f103238e000-7f103248f000 rw-p 00000000 00:00 0 
7f103248f000-7f1032493000 ---p 00000000 00:00 0 
7f1032493000-7f1032590000 rw-p 00000000 00:00 0 
7f1032590000-7f1032594000 ---p 00000000 00:00 0 
7f1032594000-7f1032691000 rw-p 00000000 00:00 0 
7f1032691000-7f1032695000 ---p 00000000 00:00 0 
7f1032695000-7f1032792000 rw-p 00000000 00:00 0 
7f1032792000-7f1032796000 ---p 00000000 00:00 0 
7f1032796000-7f1032893000 rw-p 00000000 00:00 0 
7f1032893000-7f1032897000 ---p 00000000 00:00 0 
7f1032897000-7f1032994000 rw-p 00000000 00:00 0 
7f1032994000-7f1032998000 ---p 00000000 00:00 0 
7f1032998000-7f1032a95000 rw-p 00000000 00:00 0 
7f1032a95000-7f1032c08000 r--p 00000000 08:10 12751                      /usr/lib/locale/C.UTF-8/LC_COLLATE
7f1032c08000-7f1032eee000 r--p 00000000 08:10 13350                      /usr/lib/locale/locale-archive
7f1032eee000-7f1032ef2000 ---p 00000000 00:00 0 
7f1032ef2000-7f1032fef000 rw-p 00000000 00:00 0 
7f1032fef000-7f1032ff3000 ---p 00000000 00:00 0 
7f1032ff3000-7f10330f0000 rw-p 00000000 00:00 0 
7f10330f0000-7f10330f1000 ---p 00000000 00:00 0 
7f10330f1000-7f1034000000 rw-p 00000000 00:00 0 
7f1034000000-7f1034021000 rw-p 00000000 00:00 0 
7f1034021000-7f1038000000 ---p 00000000 00:00 0 
7f103800d000-7f103800f000 r--p 00000000 08:10 15820                      /usr/lib/x86_64-linux-gnu/libnss_dns-2.31.so
7f103800f000-7f1038013000 r-xp 00002000 08:10 15820                      /usr/lib/x86_64-linux-gnu/libnss_dns-2.31.so
7f1038013000-7f1038014000 r--p 00006000 08:10 15820                      /usr/lib/x86_64-linux-gnu/libnss_dns-2.31.so
7f1038014000-7f1038015000 r--p 00006000 08:10 15820                      /usr/lib/x86_64-linux-gnu/libnss_dns-2.31.so
7f1038015000-7f1038016000 rw-p 00007000 08:10 15820                      /usr/lib/x86_64-linux-gnu/libnss_dns-2.31.so
7f1038024000-7f103802c000 r--p 00000000 08:10 4847                       /usr/lib/jvm/java-11-openjdk-amd64/lib/libsunec.so
7f103802c000-7f1038045000 r-xp 00008000 08:10 4847                       /usr/lib/jvm/java-11-openjdk-amd64/lib/libsunec.so
7f1038045000-7f103804f000 r--p 00021000 08:10 4847                       /usr/lib/jvm/java-11-openjdk-amd64/lib/libsunec.so
7f103804f000-7f1038050000 ---p 0002b000 08:10 4847                       /usr/lib/jvm/java-11-openjdk-amd64/lib/libsunec.so
7f1038050000-7f1038054000 r--p 0002b000 08:10 4847                       /usr/lib/jvm/java-11-openjdk-amd64/lib/libsunec.so
7f1038054000-7f1038056000 rw-p 0002f000 08:10 4847                       /usr/lib/jvm/java-11-openjdk-amd64/lib/libsunec.so
7f1038056000-7f103805a000 ---p 00000000 00:00 0 
7f103805a000-7f1038078000 rw-p 00000000 00:00 0 
7f1038078000-7f103807c000 r--p 00000000 08:10 4841                       /usr/lib/jvm/java-11-openjdk-amd64/lib/libnet.so
7f103807c000-7f103808b000 r-xp 00004000 08:10 4841                       /usr/lib/jvm/java-11-openjdk-amd64/lib/libnet.so
7f103808b000-7f103808f000 r--p 00013000 08:10 4841                       /usr/lib/jvm/java-11-openjdk-amd64/lib/libnet.so
7f103808f000-7f1038090000 r--p 00016000 08:10 4841                       /usr/lib/jvm/java-11-openjdk-amd64/lib/libnet.so
7f1038090000-7f1038091000 rw-p 00017000 08:10 4841                       /usr/lib/jvm/java-11-openjdk-amd64/lib/libnet.so
7f1038091000-7f1038891000 rw-p 00000000 00:00 0 
7f1038891000-7f1038b01000 rwxp 00000000 00:00 0 
7f1038b01000-7f1038e21000 ---p 00000000 00:00 0 
7f1038e21000-7f103b6f1000 rwxp 00000000 00:00 0 
7f103b6f1000-7f1040359000 ---p 00000000 00:00 0 
7f1040359000-7f10414b9000 rwxp 00000000 00:00 0 
7f10414b9000-7f1047891000 ---p 00000000 00:00 0 
7f1047891000-7f1050000000 r--s 00000000 08:10 4851                       /usr/lib/jvm/java-11-openjdk-amd64/lib/modules
7f1050000000-7f10504ae000 rw-p 00000000 00:00 0 
7f10504ae000-7f1054000000 ---p 00000000 00:00 0 
7f1054007000-7f1054008000 r--p 00000000 08:10 4822                       /usr/lib/jvm/java-11-openjdk-amd64/lib/libextnet.so
7f1054008000-7f1054009000 r-xp 00001000 08:10 4822                       /usr/lib/jvm/java-11-openjdk-amd64/lib/libextnet.so
7f1054009000-7f105400a000 r--p 00002000 08:10 4822                       /usr/lib/jvm/java-11-openjdk-amd64/lib/libextnet.so
7f105400a000-7f105400b000 r--p 00002000 08:10 4822                       /usr/lib/jvm/java-11-openjdk-amd64/lib/libextnet.so
7f105400b000-7f105400c000 rw-p 00003000 08:10 4822                       /usr/lib/jvm/java-11-openjdk-amd64/lib/libextnet.so
7f105400c000-7f1054013000 r--p 00000000 08:10 4842                       /usr/lib/jvm/java-11-openjdk-amd64/lib/libnio.so
7f1054013000-7f105401b000 r-xp 00007000 08:10 4842                       /usr/lib/jvm/java-11-openjdk-amd64/lib/libnio.so
7f105401b000-7f105401e000 r--p 0000f000 08:10 4842                       /usr/lib/jvm/java-11-openjdk-amd64/lib/libnio.so
7f105401e000-7f105401f000 r--p 00011000 08:10 4842                       /usr/lib/jvm/java-11-openjdk-amd64/lib/libnio.so
7f105401f000-7f1054020000 rw-p 00012000 08:10 4842                       /usr/lib/jvm/java-11-openjdk-amd64/lib/libnio.so
7f1054020000-7f1054052000 r--p 00000000 08:10 12752                      /usr/lib/locale/C.UTF-8/LC_CTYPE
7f1054052000-7f1054053000 r--p 00000000 08:10 12758                      /usr/lib/locale/C.UTF-8/LC_NUMERIC
7f1054053000-7f1054054000 r--p 00000000 08:10 12761                      /usr/lib/locale/C.UTF-8/LC_TIME
7f1054054000-7f105405b000 r--s 00000000 08:10 30850                      /usr/lib/x86_64-linux-gnu/gconv/gconv-modules.cache
7f105405b000-7f105674f000 rw-p 00000000 00:00 0 
7f105674f000-7f1056750000 ---p 00000000 00:00 0 
7f1056750000-7f105688b000 rw-p 00000000 00:00 0 
7f105688b000-7f10569a7000 ---p 00000000 00:00 0 
7f10569a7000-7f10569e1000 rw-p 00000000 00:00 0 
7f10569e1000-7f1056afc000 ---p 00000000 00:00 0 
7f1056afc000-7f1056b02000 rw-p 00000000 00:00 0 
7f1056b02000-7f1056ba7000 ---p 00000000 00:00 0 
7f1056ba7000-7f1056bcb000 rw-p 00000000 00:00 0 
7f1056bcb000-7f1056c93000 ---p 00000000 00:00 0 
7f1056c93000-7f1056ce5000 rw-p 00000000 00:00 0 
7f1056ce5000-7f1056d7e000 ---p 00000000 00:00 0 
7f1056d7e000-7f1056d83000 rw-p 00000000 00:00 0 
7f1056d83000-7f1056d8a000 ---p 00000000 00:00 0 
7f1056d8a000-7f1056d8c000 r--p 00000000 08:10 4850                       /usr/lib/jvm/java-11-openjdk-amd64/lib/libzip.so
7f1056d8c000-7f1056d90000 r-xp 00002000 08:10 4850                       /usr/lib/jvm/java-11-openjdk-amd64/lib/libzip.so
7f1056d90000-7f1056d92000 r--p 00006000 08:10 4850                       /usr/lib/jvm/java-11-openjdk-amd64/lib/libzip.so
7f1056d92000-7f1056d93000 r--p 00007000 08:10 4850                       /usr/lib/jvm/java-11-openjdk-amd64/lib/libzip.so
7f1056d93000-7f1056d94000 rw-p 00008000 08:10 4850                       /usr/lib/jvm/java-11-openjdk-amd64/lib/libzip.so
7f1056d94000-7f1056d97000 r--p 00000000 08:10 15821                      /usr/lib/x86_64-linux-gnu/libnss_files-2.31.so
7f1056d97000-7f1056d9e000 r-xp 00003000 08:10 15821                      /usr/lib/x86_64-linux-gnu/libnss_files-2.31.so
7f1056d9e000-7f1056da0000 r--p 0000a000 08:10 15821                      /usr/lib/x86_64-linux-gnu/libnss_files-2.31.so
7f1056da0000-7f1056da1000 r--p 0000b000 08:10 15821                      /usr/lib/x86_64-linux-gnu/libnss_files-2.31.so
7f1056da1000-7f1056da2000 rw-p 0000c000 08:10 15821                      /usr/lib/x86_64-linux-gnu/libnss_files-2.31.so
7f1056da2000-7f1056da8000 rw-p 00000000 00:00 0 
7f1056da8000-7f1056da9000 r--p 00000000 08:10 12756                      /usr/lib/locale/C.UTF-8/LC_MONETARY
7f1056da9000-7f1056daa000 r--p 00000000 08:10 12755                      /usr/lib/locale/C.UTF-8/LC_MESSAGES/SYS_LC_MESSAGES
7f1056daa000-7f1056dab000 r--p 00000000 08:10 12759                      /usr/lib/locale/C.UTF-8/LC_PAPER
7f1056dab000-7f1056dac000 r--p 00000000 08:10 12757                      /usr/lib/locale/C.UTF-8/LC_NAME
7f1056dac000-7f1056dad000 r--p 00000000 08:10 12750                      /usr/lib/locale/C.UTF-8/LC_ADDRESS
7f1056dad000-7f1056dae000 r--p 00000000 08:10 12760                      /usr/lib/locale/C.UTF-8/LC_TELEPHONE
7f1056dae000-7f1056db6000 rw-s 00000000 08:10 627870                     /tmp/hsperfdata_swithun/3884
7f1056db6000-7f1056dc4000 r--p 00000000 08:10 4829                       /usr/lib/jvm/java-11-openjdk-amd64/lib/libjava.so
7f1056dc4000-7f1056dda000 r-xp 0000e000 08:10 4829                       /usr/lib/jvm/java-11-openjdk-amd64/lib/libjava.so
7f1056dda000-7f1056de1000 r--p 00024000 08:10 4829                       /usr/lib/jvm/java-11-openjdk-amd64/lib/libjava.so
7f1056de1000-7f1056de2000 r--p 0002a000 08:10 4829                       /usr/lib/jvm/java-11-openjdk-amd64/lib/libjava.so
7f1056de2000-7f1056de3000 rw-p 0002b000 08:10 4829                       /usr/lib/jvm/java-11-openjdk-amd64/lib/libjava.so
7f1056de3000-7f1056de4000 rw-p 00000000 00:00 0 
7f1056de4000-7f1056de9000 r--p 00000000 08:10 4849                       /usr/lib/jvm/java-11-openjdk-amd64/lib/libverify.so
7f1056de9000-7f1056df0000 r-xp 00005000 08:10 4849                       /usr/lib/jvm/java-11-openjdk-amd64/lib/libverify.so
7f1056df0000-7f1056df2000 r--p 0000c000 08:10 4849                       /usr/lib/jvm/java-11-openjdk-amd64/lib/libverify.so
7f1056df2000-7f1056df3000 ---p 0000e000 08:10 4849                       /usr/lib/jvm/java-11-openjdk-amd64/lib/libverify.so
7f1056df3000-7f1056df5000 r--p 0000e000 08:10 4849                       /usr/lib/jvm/java-11-openjdk-amd64/lib/libverify.so
7f1056df5000-7f1056df6000 rw-p 00010000 08:10 4849                       /usr/lib/jvm/java-11-openjdk-amd64/lib/libverify.so
7f1056df6000-7f1056df9000 r--p 00000000 08:10 15925                      /usr/lib/x86_64-linux-gnu/librt-2.31.so
7f1056df9000-7f1056dfd000 r-xp 00003000 08:10 15925                      /usr/lib/x86_64-linux-gnu/librt-2.31.so
7f1056dfd000-7f1056dfe000 r--p 00007000 08:10 15925                      /usr/lib/x86_64-linux-gnu/librt-2.31.so
7f1056dfe000-7f1056dff000 ---p 00008000 08:10 15925                      /usr/lib/x86_64-linux-gnu/librt-2.31.so
7f1056dff000-7f1056e00000 r--p 00008000 08:10 15925                      /usr/lib/x86_64-linux-gnu/librt-2.31.so
7f1056e00000-7f1056e01000 rw-p 00009000 08:10 15925                      /usr/lib/x86_64-linux-gnu/librt-2.31.so
7f1056e01000-7f1056e05000 ---p 00000000 00:00 0 
7f1056e05000-7f1056f02000 rw-p 00000000 00:00 0 
7f1056f02000-7f1056f05000 r--p 00000000 08:10 15430                      /usr/lib/x86_64-linux-gnu/libgcc_s.so.1
7f1056f05000-7f1056f17000 r-xp 00003000 08:10 15430                      /usr/lib/x86_64-linux-gnu/libgcc_s.so.1
7f1056f17000-7f1056f1b000 r--p 00015000 08:10 15430                      /usr/lib/x86_64-linux-gnu/libgcc_s.so.1
7f1056f1b000-7f1056f1c000 r--p 00018000 08:10 15430                      /usr/lib/x86_64-linux-gnu/libgcc_s.so.1
7f1056f1c000-7f1056f1d000 rw-p 00019000 08:10 15430                      /usr/lib/x86_64-linux-gnu/libgcc_s.so.1
7f1056f1d000-7f1056f2c000 r--p 00000000 08:10 15815                      /usr/lib/x86_64-linux-gnu/libm-2.31.so
7f1056f2c000-7f1056fd3000 r-xp 0000f000 08:10 15815                      /usr/lib/x86_64-linux-gnu/libm-2.31.so
7f1056fd3000-7f105706a000 r--p 000b6000 08:10 15815                      /usr/lib/x86_64-linux-gnu/libm-2.31.so
7f105706a000-7f105706b000 r--p 0014c000 08:10 15815                      /usr/lib/x86_64-linux-gnu/libm-2.31.so
7f105706b000-7f105706c000 rw-p 0014d000 08:10 15815                      /usr/lib/x86_64-linux-gnu/libm-2.31.so
7f105706c000-7f1057102000 r--p 00000000 08:10 15438                      /usr/lib/x86_64-linux-gnu/libstdc++.so.6.0.28
7f1057102000-7f10571f2000 r-xp 00096000 08:10 15438                      /usr/lib/x86_64-linux-gnu/libstdc++.so.6.0.28
7f10571f2000-7f105723b000 r--p 00186000 08:10 15438                      /usr/lib/x86_64-linux-gnu/libstdc++.so.6.0.28
7f105723b000-7f105723c000 ---p 001cf000 08:10 15438                      /usr/lib/x86_64-linux-gnu/libstdc++.so.6.0.28
7f105723c000-7f1057247000 r--p 001cf000 08:10 15438                      /usr/lib/x86_64-linux-gnu/libstdc++.so.6.0.28
7f1057247000-7f105724a000 rw-p 001da000 08:10 15438                      /usr/lib/x86_64-linux-gnu/libstdc++.so.6.0.28
7f105724a000-7f105724d000 rw-p 00000000 00:00 0 
7f105724d000-7f10574c6000 r--p 00000000 08:10 4857                       /usr/lib/jvm/java-11-openjdk-amd64/lib/server/libjvm.so
7f10574c6000-7f1058147000 r-xp 00279000 08:10 4857                       /usr/lib/jvm/java-11-openjdk-amd64/lib/server/libjvm.so
7f1058147000-7f105839d000 r--p 00efa000 08:10 4857                       /usr/lib/jvm/java-11-openjdk-amd64/lib/server/libjvm.so
7f105839d000-7f105839e000 ---p 01150000 08:10 4857                       /usr/lib/jvm/java-11-openjdk-amd64/lib/server/libjvm.so
7f105839e000-7f105845f000 r--p 01150000 08:10 4857                       /usr/lib/jvm/java-11-openjdk-amd64/lib/server/libjvm.so
7f105845f000-7f105849a000 rw-p 01211000 08:10 4857                       /usr/lib/jvm/java-11-openjdk-amd64/lib/server/libjvm.so
7f105849a000-7f10584f3000 rw-p 00000000 00:00 0 
7f10584f3000-7f10584fa000 r--p 00000000 08:10 15923                      /usr/lib/x86_64-linux-gnu/libpthread-2.31.so
7f10584fa000-7f105850b000 r-xp 00007000 08:10 15923                      /usr/lib/x86_64-linux-gnu/libpthread-2.31.so
7f105850b000-7f1058510000 r--p 00018000 08:10 15923                      /usr/lib/x86_64-linux-gnu/libpthread-2.31.so
7f1058510000-7f1058511000 r--p 0001c000 08:10 15923                      /usr/lib/x86_64-linux-gnu/libpthread-2.31.so
7f1058511000-7f1058512000 rw-p 0001d000 08:10 15923                      /usr/lib/x86_64-linux-gnu/libpthread-2.31.so
7f1058512000-7f1058516000 rw-p 00000000 00:00 0 
7f1058516000-7f1058517000 r--p 00000000 08:10 15814                      /usr/lib/x86_64-linux-gnu/libdl-2.31.so
7f1058517000-7f1058519000 r-xp 00001000 08:10 15814                      /usr/lib/x86_64-linux-gnu/libdl-2.31.so
7f1058519000-7f105851a000 r--p 00003000 08:10 15814                      /usr/lib/x86_64-linux-gnu/libdl-2.31.so
7f105851a000-7f105851b000 r--p 00003000 08:10 15814                      /usr/lib/x86_64-linux-gnu/libdl-2.31.so
7f105851b000-7f105851c000 rw-p 00004000 08:10 15814                      /usr/lib/x86_64-linux-gnu/libdl-2.31.so
7f105851c000-7f105851e000 r--p 00000000 08:10 3135                       /usr/lib/x86_64-linux-gnu/libz.so.1.2.11
7f105851e000-7f105852f000 r-xp 00002000 08:10 3135                       /usr/lib/x86_64-linux-gnu/libz.so.1.2.11
7f105852f000-7f1058535000 r--p 00013000 08:10 3135                       /usr/lib/x86_64-linux-gnu/libz.so.1.2.11
7f1058535000-7f1058536000 ---p 00019000 08:10 3135                       /usr/lib/x86_64-linux-gnu/libz.so.1.2.11
7f1058536000-7f1058537000 r--p 00019000 08:10 3135                       /usr/lib/x86_64-linux-gnu/libz.so.1.2.11
7f1058537000-7f1058538000 rw-p 0001a000 08:10 3135                       /usr/lib/x86_64-linux-gnu/libz.so.1.2.11
7f1058538000-7f105855d000 r--p 00000000 08:10 15813                      /usr/lib/x86_64-linux-gnu/libc-2.31.so
7f105855d000-7f10586d5000 r-xp 00025000 08:10 15813                      /usr/lib/x86_64-linux-gnu/libc-2.31.so
7f10586d5000-7f105871f000 r--p 0019d000 08:10 15813                      /usr/lib/x86_64-linux-gnu/libc-2.31.so
7f105871f000-7f1058720000 ---p 001e7000 08:10 15813                      /usr/lib/x86_64-linux-gnu/libc-2.31.so
7f1058720000-7f1058723000 r--p 001e7000 08:10 15813                      /usr/lib/x86_64-linux-gnu/libc-2.31.so
7f1058723000-7f1058726000 rw-p 001ea000 08:10 15813                      /usr/lib/x86_64-linux-gnu/libc-2.31.so
7f1058726000-7f105872a000 rw-p 00000000 00:00 0 
7f105872a000-7f105872b000 r--p 00000000 08:10 12754                      /usr/lib/locale/C.UTF-8/LC_MEASUREMENT
7f105872b000-7f105872d000 r--s 0000c000 08:10 5509                       /usr/share/java/java-atk-wrapper.jar
7f105872d000-7f105872e000 ---p 00000000 00:00 0 
7f105872e000-7f105872f000 r--p 00000000 00:00 0 
7f105872f000-7f1058731000 r--p 00000000 08:10 4833                       /usr/lib/jvm/java-11-openjdk-amd64/lib/libjimage.so
7f1058731000-7f1058734000 r-xp 00002000 08:10 4833                       /usr/lib/jvm/java-11-openjdk-amd64/lib/libjimage.so
7f1058734000-7f1058735000 r--p 00005000 08:10 4833                       /usr/lib/jvm/java-11-openjdk-amd64/lib/libjimage.so
7f1058735000-7f1058736000 ---p 00006000 08:10 4833                       /usr/lib/jvm/java-11-openjdk-amd64/lib/libjimage.so
7f1058736000-7f1058737000 r--p 00006000 08:10 4833                       /usr/lib/jvm/java-11-openjdk-amd64/lib/libjimage.so
7f1058737000-7f1058738000 rw-p 00007000 08:10 4833                       /usr/lib/jvm/java-11-openjdk-amd64/lib/libjimage.so
7f1058738000-7f105873b000 r--p 00000000 08:10 4813                       /usr/lib/jvm/java-11-openjdk-amd64/lib/jli/libjli.so
7f105873b000-7f1058745000 r-xp 00003000 08:10 4813                       /usr/lib/jvm/java-11-openjdk-amd64/lib/jli/libjli.so
7f1058745000-7f1058748000 r--p 0000d000 08:10 4813                       /usr/lib/jvm/java-11-openjdk-amd64/lib/jli/libjli.so
7f1058748000-7f1058749000 ---p 00010000 08:10 4813                       /usr/lib/jvm/java-11-openjdk-amd64/lib/jli/libjli.so
7f1058749000-7f105874a000 r--p 00010000 08:10 4813                       /usr/lib/jvm/java-11-openjdk-amd64/lib/jli/libjli.so
7f105874a000-7f105874b000 rw-p 00011000 08:10 4813                       /usr/lib/jvm/java-11-openjdk-amd64/lib/jli/libjli.so
7f105874b000-7f105874d000 rw-p 00000000 00:00 0 
7f105874d000-7f105874e000 r--p 00000000 08:10 15728                      /usr/lib/x86_64-linux-gnu/ld-2.31.so
7f105874e000-7f1058771000 r-xp 00001000 08:10 15728                      /usr/lib/x86_64-linux-gnu/ld-2.31.so
7f1058771000-7f1058779000 r--p 00024000 08:10 15728                      /usr/lib/x86_64-linux-gnu/ld-2.31.so
7f1058779000-7f105877a000 r--p 00000000 08:10 12753                      /usr/lib/locale/C.UTF-8/LC_IDENTIFICATION
7f105877a000-7f105877b000 r--p 0002c000 08:10 15728                      /usr/lib/x86_64-linux-gnu/ld-2.31.so
7f105877b000-7f105877c000 rw-p 0002d000 08:10 15728                      /usr/lib/x86_64-linux-gnu/ld-2.31.so
7f105877c000-7f105877d000 rw-p 00000000 00:00 0 
7ffce9517000-7ffce953a000 rw-p 00000000 00:00 0                          [stack]
7ffce9561000-7ffce9564000 r--p 00000000 00:00 0                          [vvar]
7ffce9564000-7ffce9565000 r-xp 00000000 00:00 0                          [vdso]


VM Arguments:
jvm_args: --add-modules=ALL-SYSTEM --add-opens=java.base/java.util=ALL-UNNAMED --add-opens=java.base/java.lang=ALL-UNNAMED -Declipse.application=org.eclipse.jdt.ls.core.id1 -Dosgi.bundles.defaultStartLevel=4 -Declipse.product=org.eclipse.jdt.ls.core.product -Dfile.encoding=utf8 -XX:+UseParallelGC -XX:GCTimeRatio=4 -XX:AdaptiveSizePolicyWeight=90 -Dsun.zip.disableMemoryMapping=true -Xmx1G -Xms100m -Xverify:none 
java_command: /home/swithun/.vscode-server/extensions/redhat.java-0.79.2/server/plugins/org.eclipse.equinox.launcher_1.6.100.v20201223-0822.jar -configuration /home/swithun/.vscode-server/data/User/globalStorage/redhat.java/0.79.2/config_linux -data /home/swithun/.vscode-server/data/User/workspaceStorage/d97e96bfa81d96c4b347742af0e7446d/redhat.java/jdt_ws
java_class_path (initial): /home/swithun/.vscode-server/extensions/redhat.java-0.79.2/server/plugins/org.eclipse.equinox.launcher_1.6.100.v20201223-0822.jar
Launcher Type: SUN_STANDARD

[Global flags]

[error occurred during error reporting (printing flags), id 0x7, SIGBUS (0x7) at pc=0x00007f1057b66177]


[error occurred during error reporting (printing warning if internal testing API used), id 0x7, SIGBUS (0x7) at pc=0x00007f10580ceb96]

Logging:
Log output configuration:
 #0: stdout all=warning uptime,level,tags
 #1: stderr all=off uptime,level,tags

Environment Variables:
PATH=/home/swithun/.vscode-server/bin/054a9295330880ed74ceaedda236253b4f39a335/bin:/home/swithun/.sdkman/candidates/springboot/current/bin:/home/swithun/.nvm/versions/node/v15.6.0/bin:/usr/local/sbin:/usr/local/bin:/usr/sbin:/usr/bin:/sbin:/bin:/usr/games:/usr/local/games:/mnt/d/program/oracle/WINDOWS.X64_193000_db_home/bin:/mnt/c/WINDOWS/system32:/mnt/c/WINDOWS:/mnt/c/WINDOWS/System32/Wbem:/mnt/c/WINDOWS/System32/WindowsPowerShell/v1.0/:/mnt/c/WINDOWS/System32/OpenSSH/:/mnt/d/Program Files/RedHat/java-11-openjdk-11.0.8-2/bin:/mnt/d/Program Files/RedHat/java-11-openjdk-11.0.8-2/jre/bin:/mnt/d/SDK/Android/Sdk/tools:/mnt/c/Editor/Neovim/bin:/mnt/c/Program Files/cmder:/mnt/c/Users/25710/AppData/Local/Pandoc/:/mnt/c/software/apache-tomcat-9.0.24/bin:/mnt/c/software/apache-tomcat-9.0.24/lib:/mnt/c/software/apache-tomcat-9.0.24-2/bin:/mnt/c/software/apache-tomcat-9.0.24-2/lib:/mnt/c/Program Files/OpenSSL-Win64/bin:/mnt/c/Program Files/dotnet/:/mnt/c/Program Files/Intel/WiFi/bin/:/mnt/c/Program Files/Common Files/Intel/WirelessCommon/:/mnt/c/software/nodejs/:/mnt/d/SDK/Android/Sdk:/mnt/d/SDK/Flutter/flutter/bin:/mnt/d/texlive/2019/bin/win32:/mnt/c/Program Files/MongoDB/Server/4.2/bin:/mnt/c/Program Files (x86)/Vim/vim81:/mnt/c/Windows/System32/WindowsPowerShell/v1.0/powershell.exe:/mnt/d/program/-/sqlcl/bin:/mnt/d/:/mnt/c/:/mnt/c/Program Files/Microsoft SQL Server/100/Tools/Binn/:/mnt/c/Program Files/Microsoft SQL Server/100/DTS/Binn/:/mnt/d/share/env/bin/amd64:/mnt/c/Users/25710/AppData/Roaming/npm:/mnt/c/Users/25710/AppData/Local/Programs/Python/Python38:/mnt/c/Program Files/Sublime Text 3/:/mnt/d/Program Files/Microsoft SQL Server/Client SDK/ODBC/170/Tools/Binn/:/mnt/d/Program Files (x86)/Microsoft SQL Server/150/Tools/Binn/:/mnt/d/Program Files/Microsoft SQL Server/150/Tools/Binn/:/mnt/d/Program Files/Microsoft SQL Server/150/DTS/Binn/:/mnt/d/Program Files (x86)/Microsoft SQL Server/150/DTS/Binn/:/mnt/d/Program Files/RedHat/java-11-openjdk-11.0.8-2/bin:/mnt/c/
SHELL=/bin/zsh
HOSTTYPE=x86_64
LANG=C.UTF-8

Signal Handlers:
SIGSEGV: [libjvm.so+0xe85e00], sa_mask[0]=11111111011111111101111111111110, sa_flags=SA_RESTART|SA_SIGINFO
SIGBUS: [libjvm.so+0xe85e00], sa_mask[0]=11111111011111111101111111111110, sa_flags=SA_RESTART|SA_SIGINFO
SIGFPE: [libjvm.so+0xe85e00], sa_mask[0]=11111111011111111101111111111110, sa_flags=SA_RESTART|SA_SIGINFO
SIGPIPE: [libjvm.so+0xbcbc30], sa_mask[0]=11111111011111111101111111111110, sa_flags=SA_RESTART|SA_SIGINFO
SIGXFSZ: [libjvm.so+0xbcbc30], sa_mask[0]=11111111011111111101111111111110, sa_flags=SA_RESTART|SA_SIGINFO
SIGILL: [libjvm.so+0xe85e00], sa_mask[0]=11111111011111111101111111111110, sa_flags=SA_RESTART|SA_SIGINFO
SIGUSR2: [libjvm.so+0xbcbad0], sa_mask[0]=00000000000000000000000000000000, sa_flags=SA_RESTART|SA_SIGINFO
SIGHUP: [libjvm.so+0xbcbf70], sa_mask[0]=11111111011111111101111111111110, sa_flags=SA_RESTART|SA_SIGINFO
SIGINT: [libjvm.so+0xbcbf70], sa_mask[0]=11111111011111111101111111111110, sa_flags=SA_RESTART|SA_SIGINFO
SIGTERM: [libjvm.so+0xbcbf70], sa_mask[0]=11111111011111111101111111111110, sa_flags=SA_RESTART|SA_SIGINFO
SIGQUIT: [libjvm.so+0xbcbf70], sa_mask[0]=11111111011111111101111111111110, sa_flags=SA_RESTART|SA_SIGINFO


---------------  S Y S T E M  ---------------

OS:DISTRIB_ID=Ubuntu
DISTRIB_RELEASE=20.04
DISTRIB_CODENAME=focal
DISTRIB_DESCRIPTION="Ubuntu 20.04.2 LTS"
uname:Linux 5.4.72-microsoft-standard-WSL2 #1 SMP Wed Oct 28 23:40:43 UTC 2020 x86_64
OS uptime: 0 days 3:09 hours
libc:glibc 2.31 NPTL 2.31 
rlimit (soft/hard): STACK 8192k/infinity , CORE 0k/infinity , NPROC 23756/23756 , NOFILE 4096/4096 , AS infinity/infinity , CPU infinity/infinity , DATA infinity/infinity , FSIZE infinity/infinity , MEMLOCK 64k/64k
load average:16.10 3.65 1.22

/proc/meminfo:
MemTotal:        6086184 kB
MemFree:         2220092 kB
MemAvailable:    2142708 kB
Buffers:            4900 kB
Cached:            45004 kB
SwapCached:       326124 kB
Active:          3097068 kB
Inactive:         595836 kB
Active(anon):    3080464 kB
Inactive(anon):   562680 kB
Active(file):      16604 kB
Inactive(file):    33156 kB
Unevictable:           0 kB
Mlocked:               0 kB
SwapTotal:       2097152 kB
SwapFree:        1411328 kB
Dirty:               248 kB
Writeback:             0 kB
AnonPages:       3324484 kB
Mapped:            28936 kB
Shmem:                44 kB
KReclaimable:      43992 kB
Slab:              75380 kB
SReclaimable:      43992 kB
SUnreclaim:        31388 kB
KernelStack:        8600 kB
PageTables:        23412 kB
NFS_Unstable:          0 kB
Bounce:                0 kB
WritebackTmp:          0 kB
CommitLimit:     5140244 kB
Committed_AS:    3981192 kB
VmallocTotal:   34359738367 kB
VmallocUsed:       27680 kB
VmallocChunk:          0 kB
Percpu:             1752 kB
AnonHugePages:   2017280 kB
ShmemHugePages:        0 kB
ShmemPmdMapped:        0 kB
FileHugePages:         0 kB
FilePmdMapped:         0 kB
HugePages_Total:       0
HugePages_Free:        0
HugePages_Rsvd:        0
HugePages_Surp:        0
Hugepagesize:       2048 kB
Hugetlb:               0 kB
DirectMap4k:       13312 kB
DirectMap2M:     2082816 kB
DirectMap1G:     5242880 kB

/sys/kernel/mm/transparent_hugepage/enabled:
[always] madvise never
/sys/kernel/mm/transparent_hugepage/defrag (defrag/compaction efforts parameter):
always defer defer+madvise [madvise] never

/proc/sys/kernel/threads-max (system-wide limit on the number of threads):
47512
/proc/sys/vm/max_map_count (maximum number of memory map areas a process may have):
65530
/proc/sys/kernel/pid_max (system-wide limit on number of process identifiers):
32768

container (cgroup) information:
container_type: cgroupv1
cpu_cpuset_cpus: 0-4
cpu_memory_nodes: 0
active_processor_count: 5
cpu_quota: -1
cpu_period: 100000
cpu_shares: -1
memory_limit_in_bytes: -1
memory_and_swap_limit_in_bytes: -1
memory_soft_limit_in_bytes: -1
memory_usage_in_bytes: 3781709824
memory_max_usage_in_bytes: 3615010816

Hyper-V virtualization detected
Steal ticks since vm start: 0
Steal ticks percentage since vm start:  0.000

CPU:total 5 (initial active 5) (4 cores per cpu, 2 threads per core) family 6 model 158 stepping 9 microcode 0xffffffff, cmov, cx8, fxsr, mmx, sse, sse2, sse3, ssse3, sse4.1, sse4.2, popcnt, avx, avx2, aes, clmul, erms, 3dnowpref, lzcnt, ht, tsc, bmi1, bmi2, adx, fma
CPU Model and flags from /proc/cpuinfo:
model name	: Intel(R) Core(TM) i7-7700HQ CPU @ 2.80GHz
flags		: fpu vme de pse tsc msr pae mce cx8 apic sep mtrr pge mca cmov pat pse36 clflush mmx fxsr sse sse2 ss ht syscall nx pdpe1gb rdtscp lm constant_tsc rep_good nopl xtopology cpuid pni pclmulqdq ssse3 fma cx16 pcid sse4_1 sse4_2 movbe popcnt aes xsave avx f16c rdrand hypervisor lahf_lm abm 3dnowprefetch invpcid_single pti ssbd ibrs ibpb stibp fsgsbase bmi1 avx2 smep bmi2 erms invpcid rdseed adx smap clflushopt xsaveopt xsavec xgetbv1 xsaves flush_l1d arch_capabilities
Online cpus:
0-4
Offline cpus:

BIOS frequency limitation:
<Not Available>
Frequency switch latency (ns):
<Not Available>
Available cpu frequencies:
<Not Available>
Current governor:
<Not Available>
Core performance/turbo boost:
<Not Available>

Memory: 4k page, physical 6086184k(2220092k free), swap 2097152k(1411328k free)

vm_info: OpenJDK 64-Bit Server VM (11.0.10+9-Ubuntu-0ubuntu1.20.04) for linux-amd64 JRE (11.0.10+9-Ubuntu-0ubuntu1.20.04), built on Jan 20 2021 02:32:18 by "unknown" with gcc 9.3.0

END.
