#
# A fatal error has been detected by the Java Runtime Environment:
#
#  SIGBUS (0x7) at pc=0x00007ff7b8e49b1d, pid=1300, tid=1323
#
# JRE version: OpenJDK Runtime Environment (11.0.10+9) (build 11.0.10+9-Ubuntu-0ubuntu1.20.04)
# Java VM: OpenJDK 64-Bit Server VM (11.0.10+9-Ubuntu-0ubuntu1.20.04, mixed mode, sharing, tiered, compressed oops, g1 gc, linux-amd64)
# Problematic frame:
# V  [libjvm.so+0x7f2b1d]
[error occurred during error reporting (printing problematic frame), id 0x7, SIGBUS (0x7) at pc=0x00007ff7b99df37e]

# No core dump will be written. Core dumps have been disabled. To enable core dumping, try "ulimit -c unlimited" before starting Java again
#
# If you would like to submit a bug report, please visit:
#   https://bugs.launchpad.net/ubuntu/+source/openjdk-lts
#

---------------  S U M M A R Y ------------

Command Line: -Xverify:none -XX:TieredStopAtLevel=1 com.swithun.backend.BackendApplication

Host: 
[error occurred during error reporting (printing summary machine and OS info), id 0x7, SIGBUS (0x7) at pc=0x00007ff7b99daba4]

Time: Thu May 27 20:54:12 2021 CST elapsed time: 1058.702173 seconds (0d 0h 17m 38s)

---------------  T H R E A D  ---------------

Current thread (0x00007ff780095800):  GCTaskThread "GC Thread#3" [stack: 0x00007ff78c064000,0x00007ff78c164000] [id=1323]

Stack: [0x00007ff78c064000,0x00007ff78c164000],  sp=0x00007ff78c161988,  free space=1014k
Native frames: (J=compiled Java code, A=aot compiled Java code, j=interpreted, Vv=VM code, C=native code)
V  [libjvm.so+0x7f2b1d]
[timeout occurred during error reporting in step "printing native stack"] after 30 s.

siginfo: si_signo: 7 (SIGBUS), si_code: 2 (BUS_ADRERR), si_addr: 0x00007ff79c6c920c

Register to memory mapping:

RAX=0x00007ff7b97b59e0: <offset 0x000000000115e9e0> in /usr/lib/jvm/java-11-openjdk-amd64/lib/server/libjvm.so at 0x00007ff7b8657000
RBX=
[error occurred during error reporting (printing register info), id 0x7, SIGBUS (0x7) at pc=0x00007ff7b94d1aca]

Registers:
RAX=0x00007ff7b97b59e0, RBX=0x00007ff78c161a20, RCX=0x0000000000000007, RDX=0x000000000000b20c
RSP=0x00007ff78c161988, RBP=0x00007ff78c1619a0, RSI=0x00007ff79d4c8644, RDI=0x00007ff79c6be000
R8 =0x0000000000000000, R9 =0x00007ff79cf38000, R10=0x0000000000000800, R11=0x0000000000000000
R12=0x00007ff78c161a80, R13=0x00007ff78c161a20, R14=0x00007ff7413f12f0, R15=0x00007ff78d7fe918
RIP=0x00007ff7b8e49b1d, EFLAGS=0x0000000000010207, CSGSFS=0x002b000000000033, ERR=0x0000000000000004
  TRAPNO=0x000000000000000e

Top of Stack: (sp=0x00007ff78c161988)
0x00007ff78c161988:   00007ff7b8c27d49 0000000000000000
0x00007ff78c161998:   00007ff78c161a80 00007ff78c1619c0
0x00007ff78c1619a8:   00007ff7b8d7b7f9 00007ff71c03b000
0x00007ff78c1619b8:   00007ff78c161a80 00007ff78c161a10 

Instructions: (pc=0x00007ff7b8e49b1d)
0x00007ff7b8e49a1d:   4c 8b b5 60 ff ff ff 44 8b 85 78 ff ff ff 48 8d
0x00007ff7b8e49a2d:   35 66 ea 74 00 4c 89 f7 e8 06 e9 3e 00 45 31 c0
0x00007ff7b8e49a3d:   31 c0 44 89 e9 89 da 48 8d 35 85 ea 74 00 4c 89
0x00007ff7b8e49a4d:   f7 e8 ed e8 3e 00 45 85 ff 0f 84 9e fe ff ff 66
0x00007ff7b8e49a5d:   0f ef c0 e9 78 fe ff ff 66 0f ef ed 45 31 ff f2
0x00007ff7b8e49a6d:   0f 11 ad 58 ff ff ff e9 69 fd ff ff 0f 1f 80 00
0x00007ff7b8e49a7d:   00 00 00 f3 0f 1e fa 45 31 c0 48 3b 77 08 72 4e
0x00007ff7b8e49a8d:   48 3b 77 20 73 48 4c 8b 4f 18 8b 8f 00 01 00 00
0x00007ff7b8e49a9d:   4c 29 ce 48 89 f0 48 8b b7 88 00 00 00 48 d3 f8
0x00007ff7b8e49aad:   0f b6 14 06 80 fa ff 75 11 eb 23 0f 1f 84 00 00
0x00007ff7b8e49abd:   00 00 00 48 29 d0 0f b6 14 06 84 d2 75 f5 48 d3
0x00007ff7b8e49acd:   e0 4c 01 c8 80 78 08 00 74 09 4c 8d 40 10 4c 89
0x00007ff7b8e49add:   c0 c3 90 45 31 c0 eb f6 90 66 2e 0f 1f 84 00 00
0x00007ff7b8e49aed:   00 00 00 f3 0f 1e fa 45 31 c0 48 3b 77 08 72 60
0x00007ff7b8e49afd:   48 3b 77 20 73 5a 4c 8b 4f 18 8b 8f 00 01 00 00
0x00007ff7b8e49b0d:   48 89 f2 48 8b bf 88 00 00 00 4c 29 ca 48 d3 fa
0x00007ff7b8e49b1d:   0f b6 04 17 3c ff 75 12 eb 36 66 0f 1f 84 00 00
0x00007ff7b8e49b2d:   00 00 00 48 29 c2 0f b6 04 17 84 c0 75 f5 48 d3
0x00007ff7b8e49b3d:   e2 4c 01 ca 80 7a 08 00 74 21 4c 8d 42 10 4c 39
0x00007ff7b8e49b4d:   c6 72 18 48 3b 72 48 b8 00 00 00 00 4c 0f 43 c0
0x00007ff7b8e49b5d:   4c 89 c0 c3 0f 1f 80 00 00 00 00 45 31 c0 4c 89
0x00007ff7b8e49b6d:   c0 c3 90 f3 0f 1e fa b8 10 00 00 00 c3 66 0f 1f
0x00007ff7b8e49b7d:   44 00 00 f3 0f 1e fa 55 48 8d 05 54 be 96 00 48
0x00007ff7b8e49b8d:   89 e5 41 55 41 89 d5 41 54 49 89 f4 53 48 89 fb
0x00007ff7b8e49b9d:   48 8d 7f 08 48 83 ec 08 48 89 47 f8 e8 92 9e 68
0x00007ff7b8e49bad:   00 48 8d 7b 78 e8 89 9e 68 00 66 0f ef c0 44 89
0x00007ff7b8e49bbd:   ab 38 01 00 00 4c 89 a3 30 01 00 00 48 c7 83 f8
0x00007ff7b8e49bcd:   00 00 00 00 00 00 00 c7 83 00 01 00 00 00 00 00
0x00007ff7b8e49bdd:   00 48 c7 83 08 01 00 00 00 00 00 00 48 c7 83 10
0x00007ff7b8e49bed:   01 00 00 00 00 00 00 48 c7 83 18 01 00 00 00 00
0x00007ff7b8e49bfd:   00 00 c7 83 20 01 00 00 00 00 00 00 48 c7 83 28
0x00007ff7b8e49c0d:   01 00 00 00 00 00 00 48 c7 83 3c 01 00 00 00 00 


Stack slot to memory mapping:
stack at sp + 0 slots: 0x00007ff7b8c27d49: <offset 0x00000000005d0d49> in /usr/lib/jvm/java-11-openjdk-amd64/lib/server/libjvm.so at 0x00007ff7b8657000
stack at sp + 1 slots: 0x0 is NULL
stack at sp + 2 slots: 
[error occurred during error reporting (inspecting top of stack), id 0x7, SIGBUS (0x7) at pc=0x00007ff7b94d1aca]


---------------  P R O C E S S  ---------------

Threads class SMR info:
_java_thread_list=0x00007ff73800f3e0, length=28, elements={
0x00007ff7b40ed800, 0x00007ff7b40ef800, 0x00007ff7b40f7800, 0x00007ff7b40f9800,
0x00007ff7b40fc000, 0x00007ff7b40fe000, 0x00007ff7b4141000, 0x00007ff74c8c9000,
0x00007ff74c4ce000, 0x00007ff7b4017000, 0x00007ff71c01a800, 0x00007ff71c032000,
0x00007ff730001000, 0x00007ff71c032800, 0x00007ff71c03b000, 0x00007ff71c03f000,
0x00007ff71c040000, 0x00007ff71c041800, 0x00007ff71c042800, 0x00007ff71c043800,
0x00007ff71c045000, 0x00007ff71c046000, 0x00007ff71c047000, 0x00007ff71c048000,
0x00007ff71c049800, 0x00007ff71c04a800, 0x00007ff71c04e800, 0x00007ff71c04f800
}

Java Threads: ( => current thread )
  0x00007ff7b40ed800 JavaThread "Reference Handler" daemon [_thread_blocked, id=1309, stack(0x00007ff78d5fd000,0x00007ff78d6fe000)]
  0x00007ff7b40ef800 JavaThread "Finalizer" daemon [_thread_blocked, id=1310, stack(0x00007ff78d4fc000,0x00007ff78d5fd000)]
  0x00007ff7b40f7800 JavaThread "Signal Dispatcher" daemon [_thread_blocked, id=1311, stack(0x00007ff78cfa2000,0x00007ff78d0a3000)]
  0x00007ff7b40f9800 JavaThread "Service Thread" daemon [_thread_blocked, id=1312, stack(0x00007ff78cea1000,0x00007ff78cfa2000)]
  0x00007ff7b40fc000 JavaThread "C1 CompilerThread0" daemon [_thread_blocked, id=1313, stack(0x00007ff78cda0000,0x00007ff78cea1000)]
  0x00007ff7b40fe000 JavaThread "Sweeper thread" daemon [_thread_blocked, id=1314, stack(0x00007ff78cc9f000,0x00007ff78cda0000)]
  0x00007ff7b4141000 JavaThread "Common-Cleaner" daemon [_thread_blocked, id=1316, stack(0x00007ff78ca9c000,0x00007ff78cb9d000)]
  0x00007ff74c8c9000 JavaThread "mysql-cj-abandoned-connection-cleanup" daemon [_thread_blocked, id=1387, stack(0x00007ff78c666000,0x00007ff78c767000)]
  0x00007ff74c4ce000 JavaThread "Live Reload Server" daemon [_thread_in_native
[error occurred during error reporting (printing all threads), id 0x7, SIGBUS (0x7) at pc=0x00007ff7b9466e5e]

VM state:at safepoint (normal execution)

VM Mutex/Monitor currently owned by a thread:  ([mutex/lock_event])
[0x00007ff7b4014110] Safepoint_lock - owner thread: 0x00007ff7b40eb000
[0x00007ff7b40141a0] Threads_lock - owner thread: 0x00007ff7b40eb000

Heap address: 0x00000000a3200000, size: 1486 MB, Compressed Oops mode: 32-bit
Narrow klass base: 0x0000000800000000, Narrow klass shift: 3
Compressed class space size: 1073741824 Address: 0x0000000840000000

Heap:
 garbage-first heap   total 184320K, used 102549K [0x00000000a3200000, 0x0000000100000000)
  region size 1024K, 26 young (26624K), 3 survivors (3072K)
 Metaspace       used 58664K, capacity 60754K, committed 60956K, reserved 1101824K
  class space    used 7965K, capacity 8792K, committed 8908K, reserved 1048576K
Heap Regions: E=young(eden), S=young(survivor), O=old, HS=humongous(starts), HC=humongous(continues), CS=collection set, F=free, A=archive, TAMS=top-at-mark-start (previous, next)
|   0|0x00000000a3200000, 0x00000000a3300000, 0x00000000a3300000|100%|HS|  |TAMS 0x00000000a3300000, 0x00000000a3200000| Complete 
|   1|0x00000000a3300000, 0x00000000a33fffe8, 0x00000000a3400000| 99%| O|  |TAMS 0x00000000a33fffe8, 0x00000000a3300000| Untracked 
|   2|0x00000000a3400000, 0x00000000a3500000, 0x00000000a3500000|100%| O|  |TAMS 0x00000000a3500000, 0x00000000a3400000| Untracked 
|   3|0x00000000a3500000, 0x00000000a35ffff0, 0x00000000a3600000| 99%| O|  |TAMS 0x00000000a35ffff0, 0x00000000a3500000| Untracked 
|   4|0x00000000a3600000, 0x00000000a36ed7d8, 0x00000000a3700000| 92%| O|  |TAMS 0x00000000a36ed7d8, 0x00000000a3600000| Untracked 
|   5|0x00000000a3700000, 0x00000000a37fffe0, 0x00000000a3800000| 99%| O|  |TAMS 0x00000000a37fffe0, 0x00000000a3700000| Untracked 
|   6|0x00000000a3800000, 0x00000000a3900000, 0x00000000a3900000|100%| O|  |TAMS 0x00000000a3900000, 0x00000000a3800000| Untracked 
|   7|0x00000000a3900000, 0x00000000a39fff38, 0x00000000a3a00000| 99%| O|  |TAMS 0x00000000a39fff38, 0x00000000a3900000| Untracked 
|   8|0x00000000a3a00000, 0x00000000a3b00000, 0x00000000a3b00000|100%| O|  |TAMS 0x00000000a3b00000, 0x00000000a3a00000| Untracked 
|   9|0x00000000a3b00000, 0x00000000a3bffff0, 0x00000000a3c00000| 99%| O|  |TAMS 0x00000000a3bffff0, 0x00000000a3b00000| Untracked 
|  10|0x00000000a3c00000, 0x00000000a3cfe7a0, 0x00000000a3d00000| 99%| O|  |TAMS 0x00000000a3cfe7a0, 0x00000000a3c00000| Untracked 
|  11|0x00000000a3d00000, 0x00000000a3dffff0, 0x00000000a3e00000| 99%| O|  |TAMS 0x00000000a3dffff0, 0x00000000a3d00000| Untracked 
|  12|0x00000000a3e00000, 0x00000000a3f00000, 0x00000000a3f00000|100%| O|  |TAMS 0x00000000a3f00000, 0x00000000a3e00000| Untracked 
|  13|0x00000000a3f00000, 0x00000000a3fffff0, 0x00000000a4000000| 99%| O|  |TAMS 0x00000000a3fffff0, 0x00000000a3f00000| Untracked 
|  14|0x00000000a4000000, 0x00000000a40fffe8, 0x00000000a4100000| 99%| O|  |TAMS 0x00000000a40fffe8, 0x00000000a4000000| Untracked 
|  15|0x00000000a4100000, 0x00000000a41ffff0, 0x00000000a4200000| 99%| O|  |TAMS 0x00000000a41ffff0, 0x00000000a4100000| Untracked 
|  16|0x00000000a4200000, 0x00000000a42ffff8, 0x00000000a4300000| 99%| O|  |TAMS 0x00000000a42ffff8, 0x00000000a4200000| Untracked 
|  17|0x00000000a4300000, 0x00000000a43fffe8, 0x00000000a4400000| 99%| O|  |TAMS 0x00000000a43fffe8, 0x00000000a4300000| Untracked 
|  18|0x00000000a4400000, 0x00000000a4500000, 0x00000000a4500000|100%| O|  |TAMS 0x00000000a4500000, 0x00000000a4400000| Untracked 
|  19|0x00000000a4500000, 0x00000000a45e6860, 0x00000000a4600000| 90%| O|  |TAMS 0x00000000a45e6860, 0x00000000a4500000| Untracked 
|  20|0x00000000a4600000, 0x00000000a46a5400, 0x00000000a4700000| 64%| O|  |TAMS 0x00000000a46a5400, 0x00000000a4600000| Untracked 
|  21|0x00000000a4700000, 0x00000000a47ff420, 0x00000000a4800000| 99%| O|  |TAMS 0x00000000a47ff420, 0x00000000a4700000| Untracked 
|  22|0x00000000a4800000, 0x00000000a48ffff8, 0x00000000a4900000| 99%| O|  |TAMS 0x00000000a48ffff8, 0x00000000a4800000| Untracked 
|  23|0x00000000a4900000, 0x00000000a49bd2e8, 0x00000000a4a00000| 73%| O|  |TAMS 0x00000000a49bd2e8, 0x00000000a4900000| Untracked 
|  24|0x00000000a4a00000, 0x00000000a4b00000, 0x00000000a4b00000|100%| O|  |TAMS 0x00000000a4b00000, 0x00000000a4a00000| Untracked 
|  25|0x00000000a4b00000, 0x00000000a4c00000, 0x00000000a4c00000|100%| O|  |TAMS 0x00000000a4c00000, 0x00000000a4b00000| Untracked 
|  26|0x00000000a4c00000, 0x00000000a4d00000, 0x00000000a4d00000|100%| O|  |TAMS 0x00000000a4d00000, 0x00000000a4c00000| Untracked 
|  27|0x00000000a4d00000, 0x00000000a4e00000, 0x00000000a4e00000|100%| O|  |TAMS 0x00000000a4e00000, 0x00000000a4d00000| Untracked 
|  28|0x00000000a4e00000, 0x00000000a4f00000, 0x00000000a4f00000|100%| O|  |TAMS 0x00000000a4f00000, 0x00000000a4e00000| Untracked 
|  29|0x00000000a4f00000, 0x00000000a5000000, 0x00000000a5000000|100%|HS|  |TAMS 0x00000000a5000000, 0x00000000a4f00000| Complete 
|  30|0x00000000a5000000, 0x00000000a5100000, 0x00000000a5100000|100%|HC|  |TAMS 0x00000000a5100000, 0x00000000a5000000| Complete 
|  31|0x00000000a5100000, 0x00000000a5200000, 0x00000000a5200000|100%|HC|  |TAMS 0x00000000a5200000, 0x00000000a5100000| Complete 
|  32|0x00000000a5200000, 0x00000000a5300000, 0x00000000a5300000|100%|HC|  |TAMS 0x00000000a5300000, 0x00000000a5200000| Complete 
|  33|0x00000000a5300000, 0x00000000a5400000, 0x00000000a5400000|100%|HC|  |TAMS 0x00000000a5400000, 0x00000000a5300000| Complete 
|  34|0x00000000a5400000, 0x00000000a5500000, 0x00000000a5500000|100%|HC|  |TAMS 0x00000000a5500000, 0x00000000a5400000| Complete 
|  35|0x00000000a5500000, 0x00000000a5600000, 0x00000000a5600000|100%|HC|  |TAMS 0x00000000a5600000, 0x00000000a5500000| Complete 
|  36|0x00000000a5600000, 0x00000000a5700000, 0x00000000a5700000|100%|HC|  |TAMS 0x00000000a5700000, 0x00000000a5600000| Complete 
|  37|0x00000000a5700000, 0x00000000a5800000, 0x00000000a5800000|100%|HC|  |TAMS 0x00000000a5800000, 0x00000000a5700000| Complete 
|  38|0x00000000a5800000, 0x00000000a5900000, 0x00000000a5900000|100%| O|  |TAMS 0x00000000a5900000, 0x00000000a5800000| Untracked 
|  39|0x00000000a5900000, 0x00000000a5a00000, 0x00000000a5a00000|100%|HS|  |TAMS 0x00000000a5900000, 0x00000000a5900000| Complete 
|  40|0x00000000a5a00000, 0x00000000a5b00000, 0x00000000a5b00000|100%|HC|  |TAMS 0x00000000a5a00000, 0x00000000a5a00000| Complete 
|  41|0x00000000a5b00000, 0x00000000a5c00000, 0x00000000a5c00000|100%|HC|  |TAMS 0x00000000a5b00000, 0x00000000a5b00000| Complete 
|  42|0x00000000a5c00000, 0x00000000a5d00000, 0x00000000a5d00000|100%|HC|  |TAMS 0x00000000a5c00000, 0x00000000a5c00000| Complete 
|  43|0x00000000a5d00000, 0x00000000a5e00000, 0x00000000a5e00000|100%|HC|  |TAMS 0x00000000a5d00000, 0x00000000a5d00000| Complete 
|  44|0x00000000a5e00000, 0x00000000a5f00000, 0x00000000a5f00000|100%|HC|  |TAMS 0x00000000a5e00000, 0x00000000a5e00000| Complete 
|  45|0x00000000a5f00000, 0x00000000a6000000, 0x00000000a6000000|100%|HC|  |TAMS 0x00000000a5f00000, 0x00000000a5f00000| Complete 
|  46|0x00000000a6000000, 0x00000000a6100000, 0x00000000a6100000|100%|HC|  |TAMS 0x00000000a6000000, 0x00000000a6000000| Complete 
|  47|0x00000000a6100000, 0x00000000a6200000, 0x00000000a6200000|100%|HC|  |TAMS 0x00000000a6100000, 0x00000000a6100000| Complete 
|  48|0x00000000a6200000, 0x00000000a6200000, 0x00000000a6300000|  0%| F|  |TAMS 0x00000000a6200000, 0x00000000a6200000| Untracked 
|  49|0x00000000a6300000, 0x00000000a6300000, 0x00000000a6400000|  0%| F|  |TAMS 0x00000000a6300000, 0x00000000a6300000| Untracked 
|  50|0x00000000a6400000, 0x00000000a6400000, 0x00000000a6500000|  0%| F|  |TAMS 0x00000000a6400000, 0x00000000a6400000| Untracked 
|  51|0x00000000a6500000, 0x00000000a6500000, 0x00000000a6600000|  0%| F|  |TAMS 0x00000000a6500000, 0x00000000a6500000| Untracked 
|  52|0x00000000a6600000, 0x00000000a6600000, 0x00000000a6700000|  0%| F|  |TAMS 0x00000000a6600000, 0x00000000a6600000| Untracked 
|  53|0x00000000a6700000, 0x00000000a6700000, 0x00000000a6800000|  0%| F|  |TAMS 0x00000000a6700000, 0x00000000a6700000| Untracked 
|  54|0x00000000a6800000, 0x00000000a6800000, 0x00000000a6900000|  0%| F|  |TAMS 0x00000000a6800000, 0x00000000a6800000| Untracked 
|  55|0x00000000a6900000, 0x00000000a6900000, 0x00000000a6a00000|  0%| F|  |TAMS 0x00000000a6900000, 0x00000000a6900000| Untracked 
|  56|0x00000000a6a00000, 0x00000000a6a00000, 0x00000000a6b00000|  0%| F|  |TAMS 0x00000000a6a00000, 0x00000000a6a00000| Untracked 
|  57|0x00000000a6b00000, 0x00000000a6b00000, 0x00000000a6c00000|  0%| F|  |TAMS 0x00000000a6b00000, 0x00000000a6b00000| Untracked 
|  58|0x00000000a6c00000, 0x00000000a6c00000, 0x00000000a6d00000|  0%| F|  |TAMS 0x00000000a6c00000, 0x00000000a6c00000| Untracked 
|  59|0x00000000a6d00000, 0x00000000a6d00000, 0x00000000a6e00000|  0%| F|  |TAMS 0x00000000a6d00000, 0x00000000a6d00000| Untracked 
|  60|0x00000000a6e00000, 0x00000000a6e00000, 0x00000000a6f00000|  0%| F|  |TAMS 0x00000000a6e00000, 0x00000000a6e00000| Untracked 
|  61|0x00000000a6f00000, 0x00000000a6f00000, 0x00000000a7000000|  0%| F|  |TAMS 0x00000000a6f00000, 0x00000000a6f00000| Untracked 
|  62|0x00000000a7000000, 0x00000000a7000000, 0x00000000a7100000|  0%| F|  |TAMS 0x00000000a7000000, 0x00000000a7000000| Untracked 
|  63|0x00000000a7100000, 0x00000000a7100000, 0x00000000a7200000|  0%| F|  |TAMS 0x00000000a7100000, 0x00000000a7100000| Untracked 
|  64|0x00000000a7200000, 0x00000000a7200000, 0x00000000a7300000|  0%| F|  |TAMS 0x00000000a7200000, 0x00000000a7200000| Untracked 
|  65|0x00000000a7300000, 0x00000000a7300000, 0x00000000a7400000|  0%| F|  |TAMS 0x00000000a7300000, 0x00000000a7300000| Untracked 
|  66|0x00000000a7400000, 0x00000000a7400000, 0x00000000a7500000|  0%| F|  |TAMS 0x00000000a7400000, 0x00000000a7400000| Untracked 
|  67|0x00000000a7500000, 0x00000000a7500000, 0x00000000a7600000|  0%| F|  |TAMS 0x00000000a7500000, 0x00000000a7500000| Untracked 
|  68|0x00000000a7600000, 0x00000000a7600000, 0x00000000a7700000|  0%| F|  |TAMS 0x00000000a7600000, 0x00000000a7600000| Untracked 
|  69|0x00000000a7700000, 0x00000000a7700000, 0x00000000a7800000|  0%| F|  |TAMS 0x00000000a7700000, 0x00000000a7700000| Untracked 
|  70|0x00000000a7800000, 0x00000000a7800000, 0x00000000a7900000|  0%| F|  |TAMS 0x00000000a7800000, 0x00000000a7800000| Untracked 
|  71|0x00000000a7900000, 0x00000000a7900000, 0x00000000a7a00000|  0%| F|  |TAMS 0x00000000a7900000, 0x00000000a7900000| Untracked 
|  72|0x00000000a7a00000, 0x00000000a7a00000, 0x00000000a7b00000|  0%| F|  |TAMS 0x00000000a7a00000, 0x00000000a7a00000| Untracked 
|  73|0x00000000a7b00000, 0x00000000a7b00000, 0x00000000a7c00000|  0%| F|  |TAMS 0x00000000a7b00000, 0x00000000a7b00000| Untracked 
|  74|0x00000000a7c00000, 0x00000000a7c00000, 0x00000000a7d00000|  0%| F|  |TAMS 0x00000000a7c00000, 0x00000000a7c00000| Untracked 
|  75|0x00000000a7d00000, 0x00000000a7d00000, 0x00000000a7e00000|  0%| F|  |TAMS 0x00000000a7d00000, 0x00000000a7d00000| Untracked 
|  76|0x00000000a7e00000, 0x00000000a7e00000, 0x00000000a7f00000|  0%| F|  |TAMS 0x00000000a7e00000, 0x00000000a7e00000| Untracked 
|  77|0x00000000a7f00000, 0x00000000a7f00000, 0x00000000a8000000|  0%| F|  |TAMS 0x00000000a7f00000, 0x00000000a7f00000| Untracked 
|  78|0x00000000a8000000, 0x00000000a8000000, 0x00000000a8100000|  0%| F|  |TAMS 0x00000000a8000000, 0x00000000a8000000| Untracked 
|  79|0x00000000a8100000, 0x00000000a8100000, 0x00000000a8200000|  0%| F|  |TAMS 0x00000000a8100000, 0x00000000a8100000| Untracked 
|  80|0x00000000a8200000, 0x00000000a8200000, 0x00000000a8300000|  0%| F|  |TAMS 0x00000000a8200000, 0x00000000a8200000| Untracked 
|  81|0x00000000a8300000, 0x00000000a8300000, 0x00000000a8400000|  0%| F|  |TAMS 0x00000000a8300000, 0x00000000a8300000| Untracked 
|  82|0x00000000a8400000, 0x00000000a8400000, 0x00000000a8500000|  0%| F|  |TAMS 0x00000000a8400000, 0x00000000a8400000| Untracked 
|  83|0x00000000a8500000, 0x00000000a8500000, 0x00000000a8600000|  0%| F|  |TAMS 0x00000000a8500000, 0x00000000a8500000| Untracked 
|  84|0x00000000a8600000, 0x00000000a8600000, 0x00000000a8700000|  0%| F|  |TAMS 0x00000000a8600000, 0x00000000a8600000| Untracked 
|  85|0x00000000a8700000, 0x00000000a8700000, 0x00000000a8800000|  0%| F|  |TAMS 0x00000000a8700000, 0x00000000a8700000| Untracked 
|  86|0x00000000a8800000, 0x00000000a8800000, 0x00000000a8900000|  0%| F|  |TAMS 0x00000000a8800000, 0x00000000a8800000| Untracked 
|  87|0x00000000a8900000, 0x00000000a8900000, 0x00000000a8a00000|  0%| F|  |TAMS 0x00000000a8900000, 0x00000000a8900000| Untracked 
|  88|0x00000000a8a00000, 0x00000000a8a00000, 0x00000000a8b00000|  0%| F|  |TAMS 0x00000000a8a00000, 0x00000000a8a00000| Untracked 
|  89|0x00000000a8b00000, 0x00000000a8b00000, 0x00000000a8c00000|  0%| F|  |TAMS 0x00000000a8b00000, 0x00000000a8b00000| Untracked 
|  90|0x00000000a8c00000, 0x00000000a8c00000, 0x00000000a8d00000|  0%| F|  |TAMS 0x00000000a8c00000, 0x00000000a8c00000| Untracked 
|  91|0x00000000a8d00000, 0x00000000a8d00000, 0x00000000a8e00000|  0%| F|  |TAMS 0x00000000a8d00000, 0x00000000a8d00000| Untracked 
|  92|0x00000000a8e00000, 0x00000000a8e00000, 0x00000000a8f00000|  0%| F|  |TAMS 0x00000000a8e00000, 0x00000000a8e00000| Untracked 
|  93|0x00000000a8f00000, 0x00000000a8f00000, 0x00000000a9000000|  0%| F|  |TAMS 0x00000000a8f00000, 0x00000000a8f00000| Untracked 
|  94|0x00000000a9000000, 0x00000000a9000000, 0x00000000a9100000|  0%| F|  |TAMS 0x00000000a9000000, 0x00000000a9000000| Untracked 
|  95|0x00000000a9100000, 0x00000000a9100000, 0x00000000a9200000|  0%| F|  |TAMS 0x00000000a9100000, 0x00000000a9100000| Untracked 
|  96|0x00000000a9200000, 0x00000000a9200000, 0x00000000a9300000|  0%| F|  |TAMS 0x00000000a9200000, 0x00000000a9200000| Untracked 
|  97|0x00000000a9300000, 0x00000000a9300000, 0x00000000a9400000|  0%| F|  |TAMS 0x00000000a9300000, 0x00000000a9300000| Untracked 
|  98|0x00000000a9400000, 0x00000000a9500000, 0x00000000a9500000|100%|HS|  |TAMS 0x00000000a9400000, 0x00000000a9400000| Complete 
|  99|0x00000000a9500000, 0x00000000a9600000, 0x00000000a9600000|100%|HC|  |TAMS 0x00000000a9500000, 0x00000000a9500000| Complete 
| 100|0x00000000a9600000, 0x00000000a9700000, 0x00000000a9700000|100%|HC|  |TAMS 0x00000000a9600000, 0x00000000a9600000| Complete 
| 101|0x00000000a9700000, 0x00000000a9800000, 0x00000000a9800000|100%|HC|  |TAMS 0x00000000a9700000, 0x00000000a9700000| Complete 
| 102|0x00000000a9800000, 0x00000000a9900000, 0x00000000a9900000|100%|HC|  |TAMS 0x00000000a9800000, 0x00000000a9800000| Complete 
| 103|0x00000000a9900000, 0x00000000a9a00000, 0x00000000a9a00000|100%|HC|  |TAMS 0x00000000a9900000, 0x00000000a9900000| Complete 
| 104|0x00000000a9a00000, 0x00000000a9b00000, 0x00000000a9b00000|100%|HC|  |TAMS 0x00000000a9a00000, 0x00000000a9a00000| Complete 
| 105|0x00000000a9b00000, 0x00000000a9c00000, 0x00000000a9c00000|100%|HC|  |TAMS 0x00000000a9b00000, 0x00000000a9b00000| Complete 
| 106|0x00000000a9c00000, 0x00000000a9d00000, 0x00000000a9d00000|100%|HC|  |TAMS 0x00000000a9c00000, 0x00000000a9c00000| Complete 
| 107|0x00000000a9d00000, 0x00000000a9d00000, 0x00000000a9e00000|  0%| F|  |TAMS 0x00000000a9d00000, 0x00000000a9d00000| Untracked 
| 108|0x00000000a9e00000, 0x00000000a9e00000, 0x00000000a9f00000|  0%| F|  |TAMS 0x00000000a9e00000, 0x00000000a9e00000| Untracked 
| 109|0x00000000a9f00000, 0x00000000a9f56800, 0x00000000aa000000| 33%| O|  |TAMS 0x00000000a9f56800, 0x00000000a9f00000| Untracked 
| 110|0x00000000aa000000, 0x00000000aa100000, 0x00000000aa100000|100%|HS|  |TAMS 0x00000000aa000000, 0x00000000aa000000| Complete 
| 111|0x00000000aa100000, 0x00000000aa200000, 0x00000000aa200000|100%|HC|  |TAMS 0x00000000aa100000, 0x00000000aa100000| Complete 
| 112|0x00000000aa200000, 0x00000000aa300000, 0x00000000aa300000|100%|HC|  |TAMS 0x00000000aa200000, 0x00000000aa200000| Complete 
| 113|0x00000000aa300000, 0x00000000aa400000, 0x00000000aa400000|100%|HC|  |TAMS 0x00000000aa300000, 0x00000000aa300000| Complete 
| 114|0x00000000aa400000, 0x00000000aa500000, 0x00000000aa500000|100%|HC|  |TAMS 0x00000000aa400000, 0x00000000aa400000| Complete 
| 115|0x00000000aa500000, 0x00000000aa600000, 0x00000000aa600000|100%|HC|  |TAMS 0x00000000aa500000, 0x00000000aa500000| Complete 
| 116|0x00000000aa600000, 0x00000000aa700000, 0x00000000aa700000|100%|HC|  |TAMS 0x00000000aa600000, 0x00000000aa600000| Complete 
| 117|0x00000000aa700000, 0x00000000aa800000, 0x00000000aa800000|100%|HC|  |TAMS 0x00000000aa700000, 0x00000000aa700000| Complete 
| 118|0x00000000aa800000, 0x00000000aa900000, 0x00000000aa900000|100%|HC|  |TAMS 0x00000000aa800000, 0x00000000aa800000| Complete 
| 119|0x00000000aa900000, 0x00000000aa900000, 0x00000000aaa00000|  0%| F|  |TAMS 0x00000000aa900000, 0x00000000aa900000| Untracked 

[error occurred during error reporting (printing heap information), id 0x7, SIGBUS (0x7) at pc=0x00007ff7b8d9665b]

Metaspace:

Usage:
  Non-class:     50.74 MB capacity,    49.51 MB ( 98%) used,     1.00 MB (  2%) free+waste,   234.31 KB ( <1%) overhead. 
      Class:      8.59 MB capacity,     7.78 MB ( 91%) used,   711.78 KB (  8%) free+waste,   115.19 KB (  1%) overhead. 
       Both:     59.33 MB capacity,    57.29 MB ( 97%) used,     1.70 MB (  3%) free+waste,   349.50 KB ( <1%) overhead. 

Virtual space:
  Non-class space:       52.00 MB reserved,      50.83 MB ( 98%) committed 
      Class space:        1.00 GB reserved,       8.70 MB ( <1%) committed 
             Both:        1.05 GB reserved,      59.53 MB (  6%) committed 

Chunk freelists:
   Non-Class:  0 bytes
       Class:  0 bytes
        Both:  0 bytes

MaxMetaspaceSize: unlimited
CompressedClassSpaceSize: 1.00 GB

CodeHeap 'non-profiled nmethods': size=238948Kb used=14103Kb max_used=14103Kb free=224844Kb
 bounds [0x00007ff79cf38000, 0x00007ff79dd08000, 0x00007ff7ab891000]
CodeHeap 'non-nmethods': size=6812Kb used=1242Kb max_used=1242Kb free=5569Kb
 bounds [0x00007ff79c891000, 0x00007ff79cb01000, 0x00007ff79cf38000]
 total_blobs=9340 nmethods=8719 adapters=547
 compilation: enabled
              stopped_count=0, restarted_count=0
 full_count=0

Compilation events (20 events):
Event: 959.706 Thread 0x00007ff7b40fc000 8709       1       org.hibernate.engine.internal.StatefulPersistenceContext::setHasNonReadOnlyEnties (27 bytes)
Event: 959.706 Thread 0x00007ff7b40fc000 nmethod 8709 0x00007ff79dcf8a10 code [0x00007ff79dcf8bc0, 0x00007ff79dcf8cd0]
Event: 959.706 Thread 0x00007ff7b40fc000 8710       1       org.springframework.transaction.support.DefaultTransactionDefinition::isReadOnly (5 bytes)
Event: 959.707 Thread 0x00007ff7b40fc000 nmethod 8710 0x00007ff79dcf8d90 code [0x00007ff79dcf8f40, 0x00007ff79dcf9010]
Event: 959.708 Thread 0x00007ff7b40fc000 8711       1       org.hibernate.collection.internal.AbstractPersistentCollection::setOwner (6 bytes)
Event: 959.708 Thread 0x00007ff7b40fc000 nmethod 8711 0x00007ff79dcf9090 code [0x00007ff79dcf9240, 0x00007ff79dcf9350]
Event: 959.874 Thread 0x00007ff7b40fc000 8712       1       org.springframework.http.MediaType::isCompatibleWith (6 bytes)
Event: 959.874 Thread 0x00007ff7b40fc000 nmethod 8712 0x00007ff79dcf9410 code [0x00007ff79dcf95c0, 0x00007ff79dcf96a0]
Event: 959.874 Thread 0x00007ff7b40fc000 8713       1       org.springframework.util.MimeType::isCompatibleWith (176 bytes)
Event: 959.875 Thread 0x00007ff7b40fc000 nmethod 8713 0x00007ff79dcf9710 code [0x00007ff79dcf99e0, 0x00007ff79dcfa0b0]
Event: 959.875 Thread 0x00007ff7b40fc000 8714       1       com.fasterxml.jackson.core.json.JsonWriteContext::writeFieldName (56 bytes)
Event: 959.876 Thread 0x00007ff7b40fc000 nmethod 8714 0x00007ff79dcfa590 code [0x00007ff79dcfa740, 0x00007ff79dcfa8e0]
Event: 959.876 Thread 0x00007ff7b40fc000 8715       1       sun.nio.ch.SelectionKeyImpl::selector (5 bytes)
Event: 959.876 Thread 0x00007ff7b40fc000 nmethod 8715 0x00007ff79dcfa990 code [0x00007ff79dcfab40, 0x00007ff79dcfac10]
Event: 959.876 Thread 0x00007ff7b40fc000 8716       1       org.hibernate.internal.util.collections.IdentityMap$IdentityKey::access$100 (5 bytes)
Event: 959.876 Thread 0x00007ff7b40fc000 nmethod 8716 0x00007ff79dcfac90 code [0x00007ff79dcfae40, 0x00007ff79dcfaed0]
Event: 974.263 Thread 0x00007ff7b40fc000 8717       1       java.util.concurrent.locks.AbstractQueuedSynchronizer::shouldParkAfterFailedAcquire (50 bytes)
Event: 974.264 Thread 0x00007ff7b40fc000 nmethod 8717 0x00007ff79dcfaf90 code [0x00007ff79dcfb180, 0x00007ff79dcfb580]
Event: 1039.666 Thread 0x00007ff7b40fc000 8719   !   1       org.apache.tomcat.util.net.NioEndpoint$Poller::timeout (565 bytes)
Event: 1040.658 Thread 0x00007ff7b40fc000 nmethod 8719 0x00007ff79dcfbc10 code [0x00007ff79dcfbfc0, 0x00007ff79dcfd080]

GC Heap History (20 events):
Event: 809.496 GC heap before
{Heap before GC invocations=30 (full 2):
 garbage-first heap   total 86016K, used 66656K [0x00000000a3200000, 0x0000000100000000)
  region size 1024K, 39 young (39936K), 3 survivors (3072K)
 Metaspace       used 54833K, capacity 56810K, committed 57116K, reserved 1097728K
  class space    used 7522K, capacity 8317K, committed 8396K, reserved 1048576K
}
Event: 809.500 GC heap after
{Heap after GC invocations=31 (full 2):
 garbage-first heap   total 86016K, used 31205K [0x00000000a3200000, 0x0000000100000000)
  region size 1024K, 3 young (3072K), 3 survivors (3072K)
 Metaspace       used 54833K, capacity 56810K, committed 57116K, reserved 1097728K
  class space    used 7522K, capacity 8317K, committed 8396K, reserved 1048576K
}
Event: 832.874 GC heap before
{Heap before GC invocations=31 (full 2):
 garbage-first heap   total 86016K, used 57829K [0x00000000a3200000, 0x0000000100000000)
  region size 1024K, 31 young (31744K), 3 survivors (3072K)
 Metaspace       used 58270K, capacity 60335K, committed 60572K, reserved 1101824K
  class space    used 7903K, capacity 8717K, committed 8780K, reserved 1048576K
}
Event: 832.880 GC heap after
{Heap after GC invocations=32 (full 2):
 garbage-first heap   total 86016K, used 32980K [0x00000000a3200000, 0x0000000100000000)
  region size 1024K, 5 young (5120K), 5 survivors (5120K)
 Metaspace       used 58270K, capacity 60335K, committed 60572K, reserved 1101824K
  class space    used 7903K, capacity 8717K, committed 8780K, reserved 1048576K
}
Event: 833.449 GC heap before
{Heap before GC invocations=33 (full 2):
 garbage-first heap   total 86016K, used 60628K [0x00000000a3200000, 0x0000000100000000)
  region size 1024K, 25 young (25600K), 5 survivors (5120K)
 Metaspace       used 58268K, capacity 60329K, committed 60572K, reserved 1101824K
  class space    used 7903K, capacity 8715K, committed 8780K, reserved 1048576K
}
Event: 833.455 GC heap after
{Heap after GC invocations=34 (full 2):
 garbage-first heap   total 86016K, used 42307K [0x00000000a3200000, 0x0000000100000000)
  region size 1024K, 3 young (3072K), 3 survivors (3072K)
 Metaspace       used 58268K, capacity 60329K, committed 60572K, reserved 1101824K
  class space    used 7903K, capacity 8715K, committed 8780K, reserved 1048576K
}
Event: 835.742 GC heap before
{Heap before GC invocations=35 (full 2):
 garbage-first heap   total 112640K, used 108867K [0x00000000a3200000, 0x0000000100000000)
  region size 1024K, 5 young (5120K), 3 survivors (3072K)
 Metaspace       used 58268K, capacity 60329K, committed 60572K, reserved 1101824K
  class space    used 7903K, capacity 8715K, committed 8780K, reserved 1048576K
}
Event: 835.745 GC heap after
{Heap after GC invocations=36 (full 2):
 garbage-first heap   total 115712K, used 32166K [0x00000000a3200000, 0x0000000100000000)
  region size 1024K, 2 young (2048K), 2 survivors (2048K)
 Metaspace       used 58268K, capacity 60329K, committed 60572K, reserved 1101824K
  class space    used 7903K, capacity 8715K, committed 8780K, reserved 1048576K
}
Event: 842.555 GC heap before
{Heap before GC invocations=36 (full 2):
 garbage-first heap   total 115712K, used 90534K [0x00000000a3200000, 0x0000000100000000)
  region size 1024K, 43 young (44032K), 2 survivors (2048K)
 Metaspace       used 58289K, capacity 60332K, committed 60572K, reserved 1101824K
  class space    used 7908K, capacity 8716K, committed 8780K, reserved 1048576K
}
Event: 842.558 GC heap after
{Heap after GC invocations=37 (full 2):
 garbage-first heap   total 115712K, used 51826K [0x00000000a3200000, 0x0000000100000000)
  region size 1024K, 3 young (3072K), 3 survivors (3072K)
 Metaspace       used 58289K, capacity 60332K, committed 60572K, reserved 1101824K
  class space    used 7908K, capacity 8716K, committed 8780K, reserved 1048576K
}
Event: 842.618 GC heap before
{Heap before GC invocations=37 (full 2):
 garbage-first heap   total 124928K, used 121458K [0x00000000a3200000, 0x0000000100000000)
  region size 1024K, 7 young (7168K), 3 survivors (3072K)
 Metaspace       used 58289K, capacity 60332K, committed 60572K, reserved 1101824K
  class space    used 7908K, capacity 8716K, committed 8780K, reserved 1048576K
}
Event: 842.621 GC heap after
{Heap after GC invocations=38 (full 2):
 garbage-first heap   total 128000K, used 61481K [0x00000000a3200000, 0x0000000100000000)
  region size 1024K, 3 young (3072K), 3 survivors (3072K)
 Metaspace       used 58289K, capacity 60332K, committed 60572K, reserved 1101824K
  class space    used 7908K, capacity 8716K, committed 8780K, reserved 1048576K
}
Event: 842.687 GC heap before
{Heap before GC invocations=39 (full 2):
 garbage-first heap   total 128000K, used 79913K [0x00000000a3200000, 0x0000000100000000)
  region size 1024K, 8 young (8192K), 3 survivors (3072K)
 Metaspace       used 58289K, capacity 60332K, committed 60572K, reserved 1101824K
  class space    used 7908K, capacity 8716K, committed 8780K, reserved 1048576K
}
Event: 842.690 GC heap after
{Heap after GC invocations=40 (full 2):
 garbage-first heap   total 128000K, used 54834K [0x00000000a3200000, 0x0000000100000000)
  region size 1024K, 3 young (3072K), 3 survivors (3072K)
 Metaspace       used 58289K, capacity 60332K, committed 60572K, reserved 1101824K
  class space    used 7908K, capacity 8716K, committed 8780K, reserved 1048576K
}
Event: 855.328 GC heap before
{Heap before GC invocations=41 (full 2):
 garbage-first heap   total 128000K, used 109106K [0x00000000a3200000, 0x0000000100000000)
  region size 1024K, 9 young (9216K), 3 survivors (3072K)
 Metaspace       used 58631K, capacity 60715K, committed 60828K, reserved 1101824K
  class space    used 7957K, capacity 8780K, committed 8780K, reserved 1048576K
}
Event: 855.334 GC heap after
{Heap after GC invocations=42 (full 2):
 garbage-first heap   total 128000K, used 32603K [0x00000000a3200000, 0x0000000100000000)
  region size 1024K, 2 young (2048K), 2 survivors (2048K)
 Metaspace       used 58631K, capacity 60715K, committed 60828K, reserved 1101824K
  class space    used 7957K, capacity 8780K, committed 8780K, reserved 1048576K
}
Event: 855.980 GC heap before
{Heap before GC invocations=43 (full 2):
 garbage-first heap   total 128000K, used 88923K [0x00000000a3200000, 0x0000000100000000)
  region size 1024K, 41 young (41984K), 2 survivors (2048K)
 Metaspace       used 58631K, capacity 60715K, committed 60828K, reserved 1101824K
  class space    used 7957K, capacity 8780K, committed 8780K, reserved 1048576K
}
Event: 855.983 GC heap after
{Heap after GC invocations=44 (full 2):
 garbage-first heap   total 128000K, used 51282K [0x00000000a3200000, 0x0000000100000000)
  region size 1024K, 2 young (2048K), 2 survivors (2048K)
 Metaspace       used 58631K, capacity 60715K, committed 60828K, reserved 1101824K
  class space    used 7957K, capacity 8780K, committed 8780K, reserved 1048576K
}
Event: 856.025 GC heap before
{Heap before GC invocations=44 (full 2):
 garbage-first heap   total 181248K, used 177234K [0x00000000a3200000, 0x0000000100000000)
  region size 1024K, 7 young (7168K), 2 survivors (2048K)
 Metaspace       used 58632K, capacity 60715K, committed 60828K, reserved 1101824K
  class space    used 7957K, capacity 8780K, committed 8780K, reserved 1048576K
}
Event: 856.029 GC heap after
{Heap after GC invocations=45 (full 2):
 garbage-first heap   total 184320K, used 70805K [0x00000000a3200000, 0x0000000100000000)
  region size 1024K, 3 young (3072K), 3 survivors (3072K)
 Metaspace       used 58632K, capacity 60715K, committed 60828K, reserved 1101824K
  class space    used 7957K, capacity 8780K, committed 8780K, reserved 1048576K
}

Deoptimization events (10 events):
Event: 15.180 Thread 0x00007ff758003000 DEOPT PACKING pc=0x00007ff79d1a671c sp=0x00007ff78c864b90
Event: 15.180 Thread 0x00007ff758003000 DEOPT UNPACKING pc=0x00007ff79c8b79ba sp=0x00007ff78c864118 mode 0
Event: 39.832 Thread 0x00007ff758003000 DEOPT PACKING pc=0x00007ff79d218d25 sp=0x00007ff78c864b70
Event: 39.832 Thread 0x00007ff758003000 DEOPT UNPACKING pc=0x00007ff79c8b79ba sp=0x00007ff78c864098 mode 3
Event: 40.243 Thread 0x00007ff758003000 DEOPT PACKING pc=0x00007ff79d2f8724 sp=0x00007ff78c8650f0
Event: 40.243 Thread 0x00007ff758003000 DEOPT UNPACKING pc=0x00007ff79c8b79ba sp=0x00007ff78c8646d8 mode 0
Event: 809.120 Thread 0x00007ff71c040000 DEOPT PACKING pc=0x00007ff79cfd413c sp=0x00007ff7419f48e0
Event: 809.120 Thread 0x00007ff71c040000 DEOPT UNPACKING pc=0x00007ff79c8b79ba sp=0x00007ff7419f3e18 mode 0
Event: 916.150 Thread 0x00007ff71c04e800 DEOPT PACKING pc=0x00007ff79dbe3e69 sp=0x00007ff7410ee810
Event: 916.150 Thread 0x00007ff71c04e800 DEOPT UNPACKING pc=0x00007ff79c8b79ba sp=0x00007ff7410edd80 mode 3

Classes redefined (0 events):
No events

Internal exceptions (20 events):
Event: 63.807 Thread 0x00007ff75800e800 Exception <a 'java/lang/ClassNotFoundException'{0x00000000a77bc340}: java/lang/ObjectCustomizer> (0x00000000a77bc340) thrown at [src/hotspot/share/classfile/systemDictionary.cpp, line 231]
Event: 63.808 Thread 0x00007ff75800e800 Exception <a 'java/lang/ClassNotFoundException'{0x00000000a77d1de0}: com/swithun/backend/entity/TagCommentEntityCustomizer> (0x00000000a77d1de0) thrown at [src/hotspot/share/classfile/systemDictionary.cpp, line 231]
Event: 63.809 Thread 0x00007ff75800e800 Exception <a 'java/lang/ClassNotFoundException'{0x00000000a77f4890}: java/lang/ObjectCustomizer> (0x00000000a77f4890) thrown at [src/hotspot/share/classfile/systemDictionary.cpp, line 231]
Event: 63.810 Thread 0x00007ff75800e800 Exception <a 'java/lang/ClassNotFoundException'{0x00000000a76be168}: com/swithun/backend/entity/TagEntityCustomizer> (0x00000000a76be168) thrown at [src/hotspot/share/classfile/systemDictionary.cpp, line 231]
Event: 63.862 Thread 0x00007ff75800e800 Exception <a 'java/lang/ClassNotFoundException'{0x00000000a6c96d80}: java/lang/ObjectCustomizer> (0x00000000a6c96d80) thrown at [src/hotspot/share/classfile/systemDictionary.cpp, line 231]
Event: 63.862 Thread 0x00007ff75800e800 Exception <a 'java/lang/ClassNotFoundException'{0x00000000a6cab930}: com/swithun/backend/entity/AdminEntityCustomizer> (0x00000000a6cab930) thrown at [src/hotspot/share/classfile/systemDictionary.cpp, line 231]
Event: 63.893 Thread 0x00007ff75800e800 Exception <a 'java/io/FileNotFoundException'{0x00000000a67cd090}> (0x00000000a67cd090) thrown at [src/hotspot/share/prims/jni.cpp, line 615]
Event: 64.018 Thread 0x00007ff75800e800 Exception <a 'java/lang/ClassNotFoundException'{0x00000000a77b1ee0}: java/lang/ObjectCustomizer> (0x00000000a77b1ee0) thrown at [src/hotspot/share/classfile/systemDictionary.cpp, line 231]
Event: 64.018 Thread 0x00007ff75800e800 Exception <a 'java/lang/ClassNotFoundException'{0x00000000a77c8960}: org/springframework/security/config/annotation/web/configuration/WebSecurityConfigurerAdapterCustomizer> (0x00000000a77c8960) thrown at [src/hotspot/share/classfile/systemDictionary.cpp, line 231]
Event: 64.019 Thread 0x00007ff75800e800 Exception <a 'java/lang/ClassNotFoundException'{0x00000000a77e18c8}: com/swithun/backend/tools/secret/config/WebSecurityConfigCustomizer> (0x00000000a77e18c8) thrown at [src/hotspot/share/classfile/systemDictionary.cpp, line 231]
Event: 64.019 Thread 0x00007ff75800e800 Exception <a 'java/lang/ClassNotFoundException'{0x00000000a77fa420}: com/swithun/backend/tools/secret/config/WebSecurityConfig$$EnhancerBySpringCGLIB$$fd3869f1Customizer> (0x00000000a77fa420) thrown at [src/hotspot/share/classfile/systemDictionary.cpp, line 231]
Event: 64.020 Thread 0x00007ff75800e800 Exception <a 'java/lang/ClassNotFoundException'{0x00000000a761b7c8}: org/springframework/context/annotation/ConfigurationClassEnhancer$EnhancedConfigurationCustomizer> (0x00000000a761b7c8) thrown at [src/hotspot/share/classfile/systemDictionary.cpp, line 231]
Event: 64.020 Thread 0x00007ff75800e800 Exception <a 'java/lang/ClassNotFoundException'{0x00000000a762a7e0}: org/springframework/beans/factory/BeanFactoryAwareCustomizer> (0x00000000a762a7e0) thrown at [src/hotspot/share/classfile/systemDictionary.cpp, line 231]
Event: 64.020 Thread 0x00007ff75800e800 Exception <a 'java/lang/ClassNotFoundException'{0x00000000a7639680}: org/springframework/beans/factory/AwareCustomizer> (0x00000000a7639680) thrown at [src/hotspot/share/classfile/systemDictionary.cpp, line 231]
Event: 64.021 Thread 0x00007ff75800e800 Exception <a 'java/lang/ClassNotFoundException'{0x00000000a764ad58}: org/springframework/security/config/annotation/web/WebSecurityConfigurerCustomizer> (0x00000000a764ad58) thrown at [src/hotspot/share/classfile/systemDictionary.cpp, line 231]
Event: 64.021 Thread 0x00007ff75800e800 Exception <a 'java/lang/ClassNotFoundException'{0x00000000a765b7c0}: org/springframework/security/config/annotation/SecurityConfigurerCustomizer> (0x00000000a765b7c0) thrown at [src/hotspot/share/classfile/systemDictionary.cpp, line 231]
Event: 810.178 Thread 0x00007ff71c040000 Exception <a 'java/lang/NoSuchMethodError'{0x00000000a7a50290}: 'java.lang.Object java.lang.invoke.DirectMethodHandle$Holder.invokeStaticInit(java.lang.Object, java.lang.Object, java.lang.Object, java.lang.Object, java.lang.Object, java.lang.Object)'> (0x00000000a7a50290) thrown at [src/hotspot/share/interpreter/linkResolver.cpp, line 772]
Event: 829.879 Thread 0x00007ff71c045000 Exception <a 'java/lang/NoSuchMethodError'{0x00000000a6d5c5b8}: 'java.lang.Object java.lang.invoke.DirectMethodHandle$Holder.invokeInterface(java.lang.Object, java.lang.Object, java.lang.Object, java.lang.Object)'> (0x00000000a6d5c5b8) thrown at [src/hotspot/share/interpreter/linkResolver.cpp, line 772]
Event: 851.262 Thread 0x00007ff71c042800 Exception <a 'java/lang/ClassNotFoundException'{0x00000000aaac5e48}: java/lang/ObjectCustomizer> (0x00000000aaac5e48) thrown at [src/hotspot/share/classfile/systemDictionary.cpp, line 231]
Event: 851.264 Thread 0x00007ff71c042800 Exception <a 'java/lang/ClassNotFoundException'{0x00000000aaadc658}: com/swithun/backend/entity/StudentEntityCustomizer> (0x00000000aaadc658) thrown at [src/hotspot/share/classfile/systemDictionary.cpp, line 231]

Events (20 events):
Event: 856.055 Executing VM operation: CGC_Operation
Event: 856.066 Executing VM operation: CGC_Operation done
Event: 856.097 Executing VM operation: CGC_Operation
Event: 856.097 Executing VM operation: CGC_Operation done
Event: 916.149 loading class java/net/SocketTimeoutException
Event: 916.149 loading class java/io/InterruptedIOException
Event: 916.149 loading class java/io/InterruptedIOException done
Event: 916.149 loading class java/net/SocketTimeoutException done
Event: 916.150 Executing VM operation: RevokeBias
Event: 916.150 Executing coalesced safepoint VM operation: RevokeBias
Event: 916.150 Executing coalesced safepoint VM operation: RevokeBias done
Event: 916.150 Executing VM operation: RevokeBias done
Event: 916.151 Executing VM operation: RevokeBias
Event: 916.151 Executing coalesced safepoint VM operation: RevokeBias
Event: 916.151 Executing coalesced safepoint VM operation: RevokeBias done
Event: 916.151 Executing VM operation: RevokeBias done
Event: 954.829 Executing VM operation: RevokeBias
Event: 954.829 Executing VM operation: RevokeBias done
Event: 954.853 Executing VM operation: RevokeBias
Event: 954.853 Executing VM operation: RevokeBias done


Dynamic libraries:
a3200000-ae400000 rw-p 00000000 00:00 0 
ae400000-ffe00000 ---p 00000000 00:00 0 
ffe00000-ffe47000 rw-p 01111000 08:10 232264                             /usr/lib/jvm/java-11-openjdk-amd64/lib/server/classes.jsa
ffe47000-fff00000 rw-p 00000000 00:00 0 
fff00000-fff6b000 rw-p 010a6000 08:10 232264                             /usr/lib/jvm/java-11-openjdk-amd64/lib/server/classes.jsa
fff6b000-100000000 rw-p 00000000 00:00 0 
800000000-800002000 rwxp 00001000 08:10 232264                           /usr/lib/jvm/java-11-openjdk-amd64/lib/server/classes.jsa
800002000-8003b9000 rw-p 00003000 08:10 232264                           /usr/lib/jvm/java-11-openjdk-amd64/lib/server/classes.jsa
8003b9000-800a96000 r--p 003ba000 08:10 232264                           /usr/lib/jvm/java-11-openjdk-amd64/lib/server/classes.jsa
800a96000-800a97000 rw-p 00a97000 08:10 232264                           /usr/lib/jvm/java-11-openjdk-amd64/lib/server/classes.jsa
800a97000-8010a5000 r--p 00a98000 08:10 232264                           /usr/lib/jvm/java-11-openjdk-amd64/lib/server/classes.jsa
840000000-8408b3000 rw-p 00000000 00:00 0 
8408b3000-880000000 ---p 00000000 00:00 0 
55ab0a893000-55ab0a894000 r--p 00000000 08:10 4770                       /usr/lib/jvm/java-11-openjdk-amd64/bin/java
55ab0a894000-55ab0a895000 r-xp 00001000 08:10 4770                       /usr/lib/jvm/java-11-openjdk-amd64/bin/java
55ab0a895000-55ab0a896000 r--p 00002000 08:10 4770                       /usr/lib/jvm/java-11-openjdk-amd64/bin/java
55ab0a896000-55ab0a897000 r--p 00002000 08:10 4770                       /usr/lib/jvm/java-11-openjdk-amd64/bin/java
55ab0a897000-55ab0a898000 rw-p 00003000 08:10 4770                       /usr/lib/jvm/java-11-openjdk-amd64/bin/java
55ab0bc1a000-55ab0bc3b000 rw-p 00000000 00:00 0                          [heap]
7ff6f4000000-7ff6f4021000 rw-p 00000000 00:00 0 
7ff6f4021000-7ff6f8000000 ---p 00000000 00:00 0 
7ff6fc000000-7ff6fc021000 rw-p 00000000 00:00 0 
7ff6fc021000-7ff700000000 ---p 00000000 00:00 0 
7ff700000000-7ff70002b000 rw-p 00000000 00:00 0 
7ff70002b000-7ff704000000 ---p 00000000 00:00 0 
7ff704000000-7ff704098000 rw-p 00000000 00:00 0 
7ff704098000-7ff708000000 ---p 00000000 00:00 0 
7ff708000000-7ff7080ed000 rw-p 00000000 00:00 0 
7ff7080ed000-7ff70c000000 ---p 00000000 00:00 0 
7ff70c000000-7ff70c021000 rw-p 00000000 00:00 0 
7ff70c021000-7ff710000000 ---p 00000000 00:00 0 
7ff710000000-7ff710021000 rw-p 00000000 00:00 0 
7ff710021000-7ff714000000 ---p 00000000 00:00 0 
7ff714000000-7ff714140000 rw-p 00000000 00:00 0 
7ff714140000-7ff718000000 ---p 00000000 00:00 0 
7ff718000000-7ff718021000 rw-p 00000000 00:00 0 
7ff718021000-7ff71c000000 ---p 00000000 00:00 0 
7ff71c000000-7ff71c053000 rw-p 00000000 00:00 0 
7ff71c053000-7ff720000000 ---p 00000000 00:00 0 
7ff720000000-7ff720021000 rw-p 00000000 00:00 0 
7ff720021000-7ff724000000 ---p 00000000 00:00 0 
7ff724000000-7ff724021000 rw-p 00000000 00:00 0 
7ff724021000-7ff728000000 ---p 00000000 00:00 0 
7ff728000000-7ff728021000 rw-p 00000000 00:00 0 
7ff728021000-7ff72c000000 ---p 00000000 00:00 0 
7ff72c000000-7ff72c06a000 rw-p 00000000 00:00 0 
7ff72c06a000-7ff730000000 ---p 00000000 00:00 0 
7ff730000000-7ff730021000 rw-p 00000000 00:00 0 
7ff730021000-7ff734000000 ---p 00000000 00:00 0 
7ff734000000-7ff734021000 rw-p 00000000 00:00 0 
7ff734021000-7ff738000000 ---p 00000000 00:00 0 
7ff738000000-7ff738021000 rw-p 00000000 00:00 0 
7ff738021000-7ff73c000000 ---p 00000000 00:00 0 
7ff73c000000-7ff73c021000 rw-p 00000000 00:00 0 
7ff73c021000-7ff740000000 ---p 00000000 00:00 0 
7ff7402ea000-7ff7403ea000 rw-p 00000000 00:00 0 
7ff7403ea000-7ff7404ea000 ---p 00000000 00:00 0 
7ff7404ea000-7ff7406ea000 rw-p 00000000 00:00 0 
7ff7406ea000-7ff7408ea000 rw-p 00000000 00:00 0 
7ff7408ea000-7ff7408ee000 ---p 00000000 00:00 0 
7ff7408ee000-7ff740beb000 rw-p 00000000 00:00 0 
7ff740beb000-7ff740bef000 ---p 00000000 00:00 0 
7ff740bef000-7ff740cec000 rw-p 00000000 00:00 0 
7ff740cec000-7ff740cf0000 ---p 00000000 00:00 0 
7ff740cf0000-7ff740ded000 rw-p 00000000 00:00 0 
7ff740ded000-7ff740df1000 ---p 00000000 00:00 0 
7ff740df1000-7ff740eee000 rw-p 00000000 00:00 0 
7ff740eee000-7ff740ef2000 ---p 00000000 00:00 0 
7ff740ef2000-7ff740fef000 rw-p 00000000 00:00 0 
7ff740fef000-7ff740ff3000 ---p 00000000 00:00 0 
7ff740ff3000-7ff7410f0000 rw-p 00000000 00:00 0 
7ff7410f0000-7ff7410f4000 ---p 00000000 00:00 0 
7ff7410f4000-7ff7411f1000 rw-p 00000000 00:00 0 
7ff7411f1000-7ff7411f5000 ---p 00000000 00:00 0 
7ff7411f5000-7ff7412f2000 rw-p 00000000 00:00 0 
7ff7412f2000-7ff7412f6000 ---p 00000000 00:00 0 
7ff7412f6000-7ff7413f3000 rw-p 00000000 00:00 0 
7ff7413f3000-7ff7413f7000 ---p 00000000 00:00 0 
7ff7413f7000-7ff7414f4000 rw-p 00000000 00:00 0 
7ff7414f4000-7ff7414f8000 ---p 00000000 00:00 0 
7ff7414f8000-7ff7415f5000 rw-p 00000000 00:00 0 
7ff7415f5000-7ff7415f9000 ---p 00000000 00:00 0 
7ff7415f9000-7ff7416f6000 rw-p 00000000 00:00 0 
7ff7416f6000-7ff7416fa000 ---p 00000000 00:00 0 
7ff7416fa000-7ff7417f7000 rw-p 00000000 00:00 0 
7ff7417f7000-7ff7417fb000 ---p 00000000 00:00 0 
7ff7417fb000-7ff7418f8000 rw-p 00000000 00:00 0 
7ff7418f8000-7ff7418fc000 ---p 00000000 00:00 0 
7ff7418fc000-7ff741bf9000 rw-p 00000000 00:00 0 
7ff741bf9000-7ff741bfd000 ---p 00000000 00:00 0 
7ff741bfd000-7ff741cfa000 rw-p 00000000 00:00 0 
7ff741cfa000-7ff741cfe000 ---p 00000000 00:00 0 
7ff741cfe000-7ff741dfb000 rw-p 00000000 00:00 0 
7ff741dfb000-7ff741dff000 ---p 00000000 00:00 0 
7ff741dff000-7ff7420fc000 rw-p 00000000 00:00 0 
7ff7420fc000-7ff7422fc000 rw-p 00000000 00:00 0 
7ff7422fc000-7ff7424fc000 rw-p 00000000 00:00 0 
7ff7424fc000-7ff7426fc000 rw-p 00000000 00:00 0 
7ff7426fc000-7ff7428fc000 rw-p 00000000 00:00 0 
7ff7428fc000-7ff742ae4000 rw-p 00000000 00:00 0 
7ff742ae4000-7ff742b00000 ---p 00000000 00:00 0 
7ff742b00000-7ff742bfd000 rw-p 00000000 00:00 0 
7ff742bfd000-7ff742c01000 ---p 00000000 00:00 0 
7ff742c01000-7ff742efe000 rw-p 00000000 00:00 0 
7ff742efe000-7ff7430fe000 rw-p 00000000 00:00 0 
7ff7430fe000-7ff7432fe000 rw-p 00000000 00:00 0 
7ff7432fe000-7ff7434fe000 rw-p 00000000 00:00 0 
7ff7434fe000-7ff7436fe000 rw-p 00000000 00:00 0 
7ff7436fe000-7ff7438fe000 rw-p 00000000 00:00 0 
7ff7438fe000-7ff743aea000 rw-p 00000000 00:00 0 
7ff743aea000-7ff743afe000 ---p 00000000 00:00 0 
7ff743afe000-7ff743cfe000 rw-p 00000000 00:00 0 
7ff743cfe000-7ff743efe000 rw-p 00000000 00:00 0 
7ff743efe000-7ff743eff000 ---p 00000000 00:00 0 
7ff743eff000-7ff744000000 rw-p 00000000 00:00 0 
7ff744000000-7ff74403e000 rw-p 00000000 00:00 0 
7ff74403e000-7ff748000000 ---p 00000000 00:00 0 
7ff748000000-7ff748021000 rw-p 00000000 00:00 0 
7ff748021000-7ff74c000000 ---p 00000000 00:00 0 
7ff74c000000-7ff74d329000 rw-p 00000000 00:00 0 
7ff74d329000-7ff750000000 ---p 00000000 00:00 0 
7ff750000000-7ff7501ab000 rw-p 00000000 00:00 0 
7ff7501ab000-7ff754000000 ---p 00000000 00:00 0 
7ff754000000-7ff754021000 rw-p 00000000 00:00 0 
7ff754021000-7ff758000000 ---p 00000000 00:00 0 
7ff758000000-7ff758021000 rw-p 00000000 00:00 0 
7ff758021000-7ff75c000000 ---p 00000000 00:00 0 
7ff75c000000-7ff75c021000 rw-p 00000000 00:00 0 
7ff75c021000-7ff760000000 ---p 00000000 00:00 0 
7ff760000000-7ff760021000 rw-p 00000000 00:00 0 
7ff760021000-7ff764000000 ---p 00000000 00:00 0 
7ff764000000-7ff7645c5000 rw-p 00000000 00:00 0 
7ff7645c5000-7ff768000000 ---p 00000000 00:00 0 
7ff768000000-7ff768021000 rw-p 00000000 00:00 0 
7ff768021000-7ff76c000000 ---p 00000000 00:00 0 
7ff76c000000-7ff76c021000 rw-p 00000000 00:00 0 
7ff76c021000-7ff770000000 ---p 00000000 00:00 0 
7ff770000000-7ff770021000 rw-p 00000000 00:00 0 
7ff770021000-7ff774000000 ---p 00000000 00:00 0 
7ff774000000-7ff774021000 rw-p 00000000 00:00 0 
7ff774021000-7ff778000000 ---p 00000000 00:00 0 
7ff778000000-7ff778021000 rw-p 00000000 00:00 0 
7ff778021000-7ff77c000000 ---p 00000000 00:00 0 
7ff77c000000-7ff77c021000 rw-p 00000000 00:00 0 
7ff77c021000-7ff780000000 ---p 00000000 00:00 0 
7ff780000000-7ff7809ea000 rw-p 00000000 00:00 0 
7ff7809ea000-7ff784000000 ---p 00000000 00:00 0 
7ff784000000-7ff784021000 rw-p 00000000 00:00 0 
7ff784021000-7ff788000000 ---p 00000000 00:00 0 
7ff788000000-7ff78803f000 rw-p 00000000 00:00 0 
7ff78803f000-7ff78c000000 ---p 00000000 00:00 0 
7ff78c030000-7ff78c038000 r--p 00000000 08:10 4847                       /usr/lib/jvm/java-11-openjdk-amd64/lib/libsunec.so
7ff78c038000-7ff78c051000 r-xp 00008000 08:10 4847                       /usr/lib/jvm/java-11-openjdk-amd64/lib/libsunec.so
7ff78c051000-7ff78c05b000 r--p 00021000 08:10 4847                       /usr/lib/jvm/java-11-openjdk-amd64/lib/libsunec.so
7ff78c05b000-7ff78c05c000 ---p 0002b000 08:10 4847                       /usr/lib/jvm/java-11-openjdk-amd64/lib/libsunec.so
7ff78c05c000-7ff78c060000 r--p 0002b000 08:10 4847                       /usr/lib/jvm/java-11-openjdk-amd64/lib/libsunec.so
7ff78c060000-7ff78c062000 rw-p 0002f000 08:10 4847                       /usr/lib/jvm/java-11-openjdk-amd64/lib/libsunec.so
7ff78c062000-7ff78c063000 ---p 00000000 00:00 0 
7ff78c063000-7ff78c164000 rw-p 00000000 00:00 0 
7ff78c164000-7ff78c165000 ---p 00000000 00:00 0 
7ff78c165000-7ff78c466000 rw-p 00000000 00:00 0 
7ff78c466000-7ff78c666000 rw-p 00000000 00:00 0 
7ff78c666000-7ff78c66a000 ---p 00000000 00:00 0 
7ff78c66a000-7ff78c767000 rw-p 00000000 00:00 0 
7ff78c767000-7ff78c76b000 ---p 00000000 00:00 0 
7ff78c76b000-7ff78c868000 rw-p 00000000 00:00 0 
7ff78c868000-7ff78c86c000 ---p 00000000 00:00 0 
7ff78c86c000-7ff78c969000 rw-p 00000000 00:00 0 
7ff78c969000-7ff78c96a000 ---p 00000000 00:00 0 
7ff78c96a000-7ff78ca9c000 rw-p 00000000 00:00 0 
7ff78ca9c000-7ff78caa0000 ---p 00000000 00:00 0 
7ff78caa0000-7ff78cb9d000 rw-p 00000000 00:00 0 
7ff78cb9d000-7ff78cb9e000 ---p 00000000 00:00 0 
7ff78cb9e000-7ff78cc9f000 rw-p 00000000 00:00 0 
7ff78cc9f000-7ff78cca3000 ---p 00000000 00:00 0 
7ff78cca3000-7ff78cda0000 rw-p 00000000 00:00 0 
7ff78cda0000-7ff78cda4000 ---p 00000000 00:00 0 
7ff78cda4000-7ff78cea1000 rw-p 00000000 00:00 0 
7ff78cea1000-7ff78cea5000 ---p 00000000 00:00 0 
7ff78cea5000-7ff78cfa2000 rw-p 00000000 00:00 0 
7ff78cfa2000-7ff78cfa6000 ---p 00000000 00:00 0 
7ff78cfa6000-7ff78d0a3000 rw-p 00000000 00:00 0 
7ff78d0a3000-7ff78d216000 r--p 00000000 08:10 12751                      /usr/lib/locale/C.UTF-8/LC_COLLATE
7ff78d216000-7ff78d4fc000 r--p 00000000 08:10 13350                      /usr/lib/locale/locale-archive
7ff78d4fc000-7ff78d500000 ---p 00000000 00:00 0 
7ff78d500000-7ff78d5fd000 rw-p 00000000 00:00 0 
7ff78d5fd000-7ff78d601000 ---p 00000000 00:00 0 
7ff78d601000-7ff78d6fe000 rw-p 00000000 00:00 0 
7ff78d6fe000-7ff78d6ff000 ---p 00000000 00:00 0 
7ff78d6ff000-7ff790000000 rw-p 00000000 00:00 0 
7ff790000000-7ff790021000 rw-p 00000000 00:00 0 
7ff790021000-7ff794000000 ---p 00000000 00:00 0 
7ff794014000-7ff794015000 r--p 00000000 08:10 4822                       /usr/lib/jvm/java-11-openjdk-amd64/lib/libextnet.so
7ff794015000-7ff794016000 r-xp 00001000 08:10 4822                       /usr/lib/jvm/java-11-openjdk-amd64/lib/libextnet.so
7ff794016000-7ff794017000 r--p 00002000 08:10 4822                       /usr/lib/jvm/java-11-openjdk-amd64/lib/libextnet.so
7ff794017000-7ff794018000 r--p 00002000 08:10 4822                       /usr/lib/jvm/java-11-openjdk-amd64/lib/libextnet.so
7ff794018000-7ff794019000 rw-p 00003000 08:10 4822                       /usr/lib/jvm/java-11-openjdk-amd64/lib/libextnet.so
7ff794019000-7ff79401b000 r--p 00000000 08:10 4839                       /usr/lib/jvm/java-11-openjdk-amd64/lib/libmanagement_ext.so
7ff79401b000-7ff79401e000 r-xp 00002000 08:10 4839                       /usr/lib/jvm/java-11-openjdk-amd64/lib/libmanagement_ext.so
7ff79401e000-7ff79401f000 r--p 00005000 08:10 4839                       /usr/lib/jvm/java-11-openjdk-amd64/lib/libmanagement_ext.so
7ff79401f000-7ff794020000 ---p 00006000 08:10 4839                       /usr/lib/jvm/java-11-openjdk-amd64/lib/libmanagement_ext.so
7ff794020000-7ff794021000 r--p 00006000 08:10 4839                       /usr/lib/jvm/java-11-openjdk-amd64/lib/libmanagement_ext.so
7ff794021000-7ff794022000 rw-p 00007000 08:10 4839                       /usr/lib/jvm/java-11-openjdk-amd64/lib/libmanagement_ext.so
7ff794022000-7ff794026000 r--p 00000000 08:10 4841                       /usr/lib/jvm/java-11-openjdk-amd64/lib/libnet.so
7ff794026000-7ff794035000 r-xp 00004000 08:10 4841                       /usr/lib/jvm/java-11-openjdk-amd64/lib/libnet.so
7ff794035000-7ff794039000 r--p 00013000 08:10 4841                       /usr/lib/jvm/java-11-openjdk-amd64/lib/libnet.so
7ff794039000-7ff79403a000 r--p 00016000 08:10 4841                       /usr/lib/jvm/java-11-openjdk-amd64/lib/libnet.so
7ff79403a000-7ff79403b000 rw-p 00017000 08:10 4841                       /usr/lib/jvm/java-11-openjdk-amd64/lib/libnet.so
7ff79403b000-7ff794042000 r--p 00000000 08:10 4842                       /usr/lib/jvm/java-11-openjdk-amd64/lib/libnio.so
7ff794042000-7ff79404a000 r-xp 00007000 08:10 4842                       /usr/lib/jvm/java-11-openjdk-amd64/lib/libnio.so
7ff79404a000-7ff79404d000 r--p 0000f000 08:10 4842                       /usr/lib/jvm/java-11-openjdk-amd64/lib/libnio.so
7ff79404d000-7ff79404e000 r--p 00011000 08:10 4842                       /usr/lib/jvm/java-11-openjdk-amd64/lib/libnio.so
7ff79404e000-7ff79404f000 rw-p 00012000 08:10 4842                       /usr/lib/jvm/java-11-openjdk-amd64/lib/libnio.so
7ff79404f000-7ff7940d0000 rw-p 00000000 00:00 0 
7ff7940d0000-7ff7940d1000 ---p 00000000 00:00 0 
7ff7940d1000-7ff7941d2000 rw-p 00000000 00:00 0 
7ff7941d2000-7ff7941d3000 ---p 00000000 00:00 0 
7ff7941d3000-7ff7947d9000 rw-p 00000000 00:00 0 
7ff7947d9000-7ff7947da000 ---p 00000000 00:00 0 
7ff7947da000-7ff794ba3000 rw-p 00000000 00:00 0 
7ff794ba3000-7ff79600b000 ---p 00000000 00:00 0 
7ff79600b000-7ff7962db000 rw-p 00000000 00:00 0 
7ff7962db000-7ff797743000 ---p 00000000 00:00 0 
7ff797743000-7ff7977a4000 rw-p 00000000 00:00 0 
7ff7977a4000-7ff797a31000 ---p 00000000 00:00 0 
7ff797a31000-7ff797a8b000 rw-p 00000000 00:00 0 
7ff797a8b000-7ff797d18000 ---p 00000000 00:00 0 
7ff797d18000-7ff797d72000 rw-p 00000000 00:00 0 
7ff797d72000-7ff797fff000 ---p 00000000 00:00 0 
7ff797fff000-7ff798000000 rw-p 00000000 00:00 0 
7ff798000000-7ff798036000 rw-p 00000000 00:00 0 
7ff798036000-7ff79c000000 ---p 00000000 00:00 0 
7ff79c002000-7ff79c034000 r--p 00000000 08:10 12752                      /usr/lib/locale/C.UTF-8/LC_CTYPE
7ff79c034000-7ff79c0b7000 rw-p 00000000 00:00 0 
7ff79c0b7000-7ff79c0b8000 ---p 00000000 00:00 0 
7ff79c0b8000-7ff79c6da000 rw-p 00000000 00:00 0 
7ff79c6da000-7ff79c891000 ---p 00000000 00:00 0 
7ff79c891000-7ff79cb01000 rwxp 00000000 00:00 0 
7ff79cb01000-7ff79cf38000 ---p 00000000 00:00 0 
7ff79cf38000-7ff79dd08000 rwxp 00000000 00:00 0 
7ff79dd08000-7ff7ab891000 ---p 00000000 00:00 0 
7ff7ab891000-7ff7b4000000 r--s 00000000 08:10 4851                       /usr/lib/jvm/java-11-openjdk-amd64/lib/modules
7ff7b4000000-7ff7b45c6000 rw-p 00000000 00:00 0 
7ff7b45c6000-7ff7b8000000 ---p 00000000 00:00 0 
7ff7b8000000-7ff7b8003000 r--p 00000000 08:10 4837                       /usr/lib/jvm/java-11-openjdk-amd64/lib/libmanagement.so
7ff7b8003000-7ff7b8004000 r-xp 00003000 08:10 4837                       /usr/lib/jvm/java-11-openjdk-amd64/lib/libmanagement.so
7ff7b8004000-7ff7b8005000 r--p 00004000 08:10 4837                       /usr/lib/jvm/java-11-openjdk-amd64/lib/libmanagement.so
7ff7b8005000-7ff7b8006000 r--p 00004000 08:10 4837                       /usr/lib/jvm/java-11-openjdk-amd64/lib/libmanagement.so
7ff7b8006000-7ff7b8007000 rw-p 00005000 08:10 4837                       /usr/lib/jvm/java-11-openjdk-amd64/lib/libmanagement.so
7ff7b8007000-7ff7b8008000 r--p 00000000 08:10 12758                      /usr/lib/locale/C.UTF-8/LC_NUMERIC
7ff7b8008000-7ff7b8009000 r--p 00000000 08:10 12761                      /usr/lib/locale/C.UTF-8/LC_TIME
7ff7b8009000-7ff7b8010000 r--s 00000000 08:10 30850                      /usr/lib/x86_64-linux-gnu/gconv/gconv-modules.cache
7ff7b8010000-7ff7b8084000 rw-p 00000000 00:00 0 
7ff7b8084000-7ff7b8085000 ---p 00000000 00:00 0 
7ff7b8085000-7ff7b818b000 rw-p 00000000 00:00 0 
7ff7b818b000-7ff7b8194000 ---p 00000000 00:00 0 
7ff7b8194000-7ff7b8196000 r--p 00000000 08:10 4850                       /usr/lib/jvm/java-11-openjdk-amd64/lib/libzip.so
7ff7b8196000-7ff7b819a000 r-xp 00002000 08:10 4850                       /usr/lib/jvm/java-11-openjdk-amd64/lib/libzip.so
7ff7b819a000-7ff7b819c000 r--p 00006000 08:10 4850                       /usr/lib/jvm/java-11-openjdk-amd64/lib/libzip.so
7ff7b819c000-7ff7b819d000 r--p 00007000 08:10 4850                       /usr/lib/jvm/java-11-openjdk-amd64/lib/libzip.so
7ff7b819d000-7ff7b819e000 rw-p 00008000 08:10 4850                       /usr/lib/jvm/java-11-openjdk-amd64/lib/libzip.so
7ff7b819e000-7ff7b81a1000 r--p 00000000 08:10 15821                      /usr/lib/x86_64-linux-gnu/libnss_files-2.31.so
7ff7b81a1000-7ff7b81a8000 r-xp 00003000 08:10 15821                      /usr/lib/x86_64-linux-gnu/libnss_files-2.31.so
7ff7b81a8000-7ff7b81aa000 r--p 0000a000 08:10 15821                      /usr/lib/x86_64-linux-gnu/libnss_files-2.31.so
7ff7b81aa000-7ff7b81ab000 r--p 0000b000 08:10 15821                      /usr/lib/x86_64-linux-gnu/libnss_files-2.31.so
7ff7b81ab000-7ff7b81ac000 rw-p 0000c000 08:10 15821                      /usr/lib/x86_64-linux-gnu/libnss_files-2.31.so
7ff7b81ac000-7ff7b81b2000 rw-p 00000000 00:00 0 
7ff7b81b2000-7ff7b81b3000 r--p 00000000 08:10 12756                      /usr/lib/locale/C.UTF-8/LC_MONETARY
7ff7b81b3000-7ff7b81b4000 r--p 00000000 08:10 12755                      /usr/lib/locale/C.UTF-8/LC_MESSAGES/SYS_LC_MESSAGES
7ff7b81b4000-7ff7b81b5000 r--p 00000000 08:10 12759                      /usr/lib/locale/C.UTF-8/LC_PAPER
7ff7b81b5000-7ff7b81b6000 r--p 00000000 08:10 12757                      /usr/lib/locale/C.UTF-8/LC_NAME
7ff7b81b6000-7ff7b81b7000 r--p 00000000 08:10 12750                      /usr/lib/locale/C.UTF-8/LC_ADDRESS
7ff7b81b7000-7ff7b81b8000 r--p 00000000 08:10 12760                      /usr/lib/locale/C.UTF-8/LC_TELEPHONE
7ff7b81b8000-7ff7b81c0000 rw-s 00000000 08:10 108835                     /tmp/hsperfdata_swithun/1300
7ff7b81c0000-7ff7b81ce000 r--p 00000000 08:10 4829                       /usr/lib/jvm/java-11-openjdk-amd64/lib/libjava.so
7ff7b81ce000-7ff7b81e4000 r-xp 0000e000 08:10 4829                       /usr/lib/jvm/java-11-openjdk-amd64/lib/libjava.so
7ff7b81e4000-7ff7b81eb000 r--p 00024000 08:10 4829                       /usr/lib/jvm/java-11-openjdk-amd64/lib/libjava.so
7ff7b81eb000-7ff7b81ec000 r--p 0002a000 08:10 4829                       /usr/lib/jvm/java-11-openjdk-amd64/lib/libjava.so
7ff7b81ec000-7ff7b81ed000 rw-p 0002b000 08:10 4829                       /usr/lib/jvm/java-11-openjdk-amd64/lib/libjava.so
7ff7b81ed000-7ff7b81ee000 rw-p 00000000 00:00 0 
7ff7b81ee000-7ff7b81f3000 r--p 00000000 08:10 4849                       /usr/lib/jvm/java-11-openjdk-amd64/lib/libverify.so
7ff7b81f3000-7ff7b81fa000 r-xp 00005000 08:10 4849                       /usr/lib/jvm/java-11-openjdk-amd64/lib/libverify.so
7ff7b81fa000-7ff7b81fc000 r--p 0000c000 08:10 4849                       /usr/lib/jvm/java-11-openjdk-amd64/lib/libverify.so
7ff7b81fc000-7ff7b81fd000 ---p 0000e000 08:10 4849                       /usr/lib/jvm/java-11-openjdk-amd64/lib/libverify.so
7ff7b81fd000-7ff7b81ff000 r--p 0000e000 08:10 4849                       /usr/lib/jvm/java-11-openjdk-amd64/lib/libverify.so
7ff7b81ff000-7ff7b8200000 rw-p 00010000 08:10 4849                       /usr/lib/jvm/java-11-openjdk-amd64/lib/libverify.so
7ff7b8200000-7ff7b8203000 r--p 00000000 08:10 15925                      /usr/lib/x86_64-linux-gnu/librt-2.31.so
7ff7b8203000-7ff7b8207000 r-xp 00003000 08:10 15925                      /usr/lib/x86_64-linux-gnu/librt-2.31.so
7ff7b8207000-7ff7b8208000 r--p 00007000 08:10 15925                      /usr/lib/x86_64-linux-gnu/librt-2.31.so
7ff7b8208000-7ff7b8209000 ---p 00008000 08:10 15925                      /usr/lib/x86_64-linux-gnu/librt-2.31.so
7ff7b8209000-7ff7b820a000 r--p 00008000 08:10 15925                      /usr/lib/x86_64-linux-gnu/librt-2.31.so
7ff7b820a000-7ff7b820b000 rw-p 00009000 08:10 15925                      /usr/lib/x86_64-linux-gnu/librt-2.31.so
7ff7b820b000-7ff7b820f000 ---p 00000000 00:00 0 
7ff7b820f000-7ff7b830c000 rw-p 00000000 00:00 0 
7ff7b830c000-7ff7b830f000 r--p 00000000 08:10 15430                      /usr/lib/x86_64-linux-gnu/libgcc_s.so.1
7ff7b830f000-7ff7b8321000 r-xp 00003000 08:10 15430                      /usr/lib/x86_64-linux-gnu/libgcc_s.so.1
7ff7b8321000-7ff7b8325000 r--p 00015000 08:10 15430                      /usr/lib/x86_64-linux-gnu/libgcc_s.so.1
7ff7b8325000-7ff7b8326000 r--p 00018000 08:10 15430                      /usr/lib/x86_64-linux-gnu/libgcc_s.so.1
7ff7b8326000-7ff7b8327000 rw-p 00019000 08:10 15430                      /usr/lib/x86_64-linux-gnu/libgcc_s.so.1
7ff7b8327000-7ff7b8336000 r--p 00000000 08:10 15815                      /usr/lib/x86_64-linux-gnu/libm-2.31.so
7ff7b8336000-7ff7b83dd000 r-xp 0000f000 08:10 15815                      /usr/lib/x86_64-linux-gnu/libm-2.31.so
7ff7b83dd000-7ff7b8474000 r--p 000b6000 08:10 15815                      /usr/lib/x86_64-linux-gnu/libm-2.31.so
7ff7b8474000-7ff7b8475000 r--p 0014c000 08:10 15815                      /usr/lib/x86_64-linux-gnu/libm-2.31.so
7ff7b8475000-7ff7b8476000 rw-p 0014d000 08:10 15815                      /usr/lib/x86_64-linux-gnu/libm-2.31.so
7ff7b8476000-7ff7b850c000 r--p 00000000 08:10 15438                      /usr/lib/x86_64-linux-gnu/libstdc++.so.6.0.28
7ff7b850c000-7ff7b85fc000 r-xp 00096000 08:10 15438                      /usr/lib/x86_64-linux-gnu/libstdc++.so.6.0.28
7ff7b85fc000-7ff7b8645000 r--p 00186000 08:10 15438                      /usr/lib/x86_64-linux-gnu/libstdc++.so.6.0.28
7ff7b8645000-7ff7b8646000 ---p 001cf000 08:10 15438                      /usr/lib/x86_64-linux-gnu/libstdc++.so.6.0.28
7ff7b8646000-7ff7b8651000 r--p 001cf000 08:10 15438                      /usr/lib/x86_64-linux-gnu/libstdc++.so.6.0.28
7ff7b8651000-7ff7b8654000 rw-p 001da000 08:10 15438                      /usr/lib/x86_64-linux-gnu/libstdc++.so.6.0.28
7ff7b8654000-7ff7b8657000 rw-p 00000000 00:00 0 
7ff7b8657000-7ff7b88d0000 r--p 00000000 08:10 4857                       /usr/lib/jvm/java-11-openjdk-amd64/lib/server/libjvm.so
7ff7b88d0000-7ff7b9551000 r-xp 00279000 08:10 4857                       /usr/lib/jvm/java-11-openjdk-amd64/lib/server/libjvm.so
7ff7b9551000-7ff7b97a7000 r--p 00efa000 08:10 4857                       /usr/lib/jvm/java-11-openjdk-amd64/lib/server/libjvm.so
7ff7b97a7000-7ff7b97a8000 ---p 01150000 08:10 4857                       /usr/lib/jvm/java-11-openjdk-amd64/lib/server/libjvm.so
7ff7b97a8000-7ff7b9869000 r--p 01150000 08:10 4857                       /usr/lib/jvm/java-11-openjdk-amd64/lib/server/libjvm.so
7ff7b9869000-7ff7b98a4000 rw-p 01211000 08:10 4857                       /usr/lib/jvm/java-11-openjdk-amd64/lib/server/libjvm.so
7ff7b98a4000-7ff7b98fd000 rw-p 00000000 00:00 0 
7ff7b98fd000-7ff7b9904000 r--p 00000000 08:10 15923                      /usr/lib/x86_64-linux-gnu/libpthread-2.31.so
7ff7b9904000-7ff7b9915000 r-xp 00007000 08:10 15923                      /usr/lib/x86_64-linux-gnu/libpthread-2.31.so
7ff7b9915000-7ff7b991a000 r--p 00018000 08:10 15923                      /usr/lib/x86_64-linux-gnu/libpthread-2.31.so
7ff7b991a000-7ff7b991b000 r--p 0001c000 08:10 15923                      /usr/lib/x86_64-linux-gnu/libpthread-2.31.so
7ff7b991b000-7ff7b991c000 rw-p 0001d000 08:10 15923                      /usr/lib/x86_64-linux-gnu/libpthread-2.31.so
7ff7b991c000-7ff7b9920000 rw-p 00000000 00:00 0 
7ff7b9920000-7ff7b9921000 r--p 00000000 08:10 15814                      /usr/lib/x86_64-linux-gnu/libdl-2.31.so
7ff7b9921000-7ff7b9923000 r-xp 00001000 08:10 15814                      /usr/lib/x86_64-linux-gnu/libdl-2.31.so
7ff7b9923000-7ff7b9924000 r--p 00003000 08:10 15814                      /usr/lib/x86_64-linux-gnu/libdl-2.31.so
7ff7b9924000-7ff7b9925000 r--p 00003000 08:10 15814                      /usr/lib/x86_64-linux-gnu/libdl-2.31.so
7ff7b9925000-7ff7b9926000 rw-p 00004000 08:10 15814                      /usr/lib/x86_64-linux-gnu/libdl-2.31.so
7ff7b9926000-7ff7b9928000 r--p 00000000 08:10 3135                       /usr/lib/x86_64-linux-gnu/libz.so.1.2.11
7ff7b9928000-7ff7b9939000 r-xp 00002000 08:10 3135                       /usr/lib/x86_64-linux-gnu/libz.so.1.2.11
7ff7b9939000-7ff7b993f000 r--p 00013000 08:10 3135                       /usr/lib/x86_64-linux-gnu/libz.so.1.2.11
7ff7b993f000-7ff7b9940000 ---p 00019000 08:10 3135                       /usr/lib/x86_64-linux-gnu/libz.so.1.2.11
7ff7b9940000-7ff7b9941000 r--p 00019000 08:10 3135                       /usr/lib/x86_64-linux-gnu/libz.so.1.2.11
7ff7b9941000-7ff7b9942000 rw-p 0001a000 08:10 3135                       /usr/lib/x86_64-linux-gnu/libz.so.1.2.11
7ff7b9942000-7ff7b9967000 r--p 00000000 08:10 15813                      /usr/lib/x86_64-linux-gnu/libc-2.31.so
7ff7b9967000-7ff7b9adf000 r-xp 00025000 08:10 15813                      /usr/lib/x86_64-linux-gnu/libc-2.31.so
7ff7b9adf000-7ff7b9b29000 r--p 0019d000 08:10 15813                      /usr/lib/x86_64-linux-gnu/libc-2.31.so
7ff7b9b29000-7ff7b9b2a000 ---p 001e7000 08:10 15813                      /usr/lib/x86_64-linux-gnu/libc-2.31.so
7ff7b9b2a000-7ff7b9b2d000 r--p 001e7000 08:10 15813                      /usr/lib/x86_64-linux-gnu/libc-2.31.so
7ff7b9b2d000-7ff7b9b30000 rw-p 001ea000 08:10 15813                      /usr/lib/x86_64-linux-gnu/libc-2.31.so
7ff7b9b30000-7ff7b9b34000 rw-p 00000000 00:00 0 
7ff7b9b34000-7ff7b9b35000 r--p 00000000 08:10 12754                      /usr/lib/locale/C.UTF-8/LC_MEASUREMENT
7ff7b9b35000-7ff7b9b37000 r--s 0000c000 08:10 5509                       /usr/share/java/java-atk-wrapper.jar
7ff7b9b37000-7ff7b9b38000 ---p 00000000 00:00 0 
7ff7b9b38000-7ff7b9b39000 r--p 00000000 00:00 0 
7ff7b9b39000-7ff7b9b3b000 r--p 00000000 08:10 4833                       /usr/lib/jvm/java-11-openjdk-amd64/lib/libjimage.so
7ff7b9b3b000-7ff7b9b3e000 r-xp 00002000 08:10 4833                       /usr/lib/jvm/java-11-openjdk-amd64/lib/libjimage.so
7ff7b9b3e000-7ff7b9b3f000 r--p 00005000 08:10 4833                       /usr/lib/jvm/java-11-openjdk-amd64/lib/libjimage.so
7ff7b9b3f000-7ff7b9b40000 ---p 00006000 08:10 4833                       /usr/lib/jvm/java-11-openjdk-amd64/lib/libjimage.so
7ff7b9b40000-7ff7b9b41000 r--p 00006000 08:10 4833                       /usr/lib/jvm/java-11-openjdk-amd64/lib/libjimage.so
7ff7b9b41000-7ff7b9b42000 rw-p 00007000 08:10 4833                       /usr/lib/jvm/java-11-openjdk-amd64/lib/libjimage.so
7ff7b9b42000-7ff7b9b45000 r--p 00000000 08:10 4813                       /usr/lib/jvm/java-11-openjdk-amd64/lib/jli/libjli.so
7ff7b9b45000-7ff7b9b4f000 r-xp 00003000 08:10 4813                       /usr/lib/jvm/java-11-openjdk-amd64/lib/jli/libjli.so
7ff7b9b4f000-7ff7b9b52000 r--p 0000d000 08:10 4813                       /usr/lib/jvm/java-11-openjdk-amd64/lib/jli/libjli.so
7ff7b9b52000-7ff7b9b53000 ---p 00010000 08:10 4813                       /usr/lib/jvm/java-11-openjdk-amd64/lib/jli/libjli.so
7ff7b9b53000-7ff7b9b54000 r--p 00010000 08:10 4813                       /usr/lib/jvm/java-11-openjdk-amd64/lib/jli/libjli.so
7ff7b9b54000-7ff7b9b55000 rw-p 00011000 08:10 4813                       /usr/lib/jvm/java-11-openjdk-amd64/lib/jli/libjli.so
7ff7b9b55000-7ff7b9b57000 rw-p 00000000 00:00 0 
7ff7b9b57000-7ff7b9b58000 r--p 00000000 08:10 15728                      /usr/lib/x86_64-linux-gnu/ld-2.31.so
7ff7b9b58000-7ff7b9b7b000 r-xp 00001000 08:10 15728                      /usr/lib/x86_64-linux-gnu/ld-2.31.so
7ff7b9b7b000-7ff7b9b83000 r--p 00024000 08:10 15728                      /usr/lib/x86_64-linux-gnu/ld-2.31.so
7ff7b9b83000-7ff7b9b84000 r--p 00000000 08:10 12753                      /usr/lib/locale/C.UTF-8/LC_IDENTIFICATION
7ff7b9b84000-7ff7b9b85000 r--p 0002c000 08:10 15728                      /usr/lib/x86_64-linux-gnu/ld-2.31.so
7ff7b9b85000-7ff7b9b86000 rw-p 0002d000 08:10 15728                      /usr/lib/x86_64-linux-gnu/ld-2.31.so
7ff7b9b86000-7ff7b9b87000 rw-p 00000000 00:00 0 
7ffcdf2b0000-7ffcdf2d4000 rw-p 00000000 00:00 0                          [stack]
7ffcdf385000-7ffcdf388000 r--p 00000000 00:00 0                          [vvar]
7ffcdf388000-7ffcdf389000 r-xp 00000000 00:00 0                          [vdso]


VM Arguments:
jvm_args: -Xverify:none -XX:TieredStopAtLevel=1 
java_command: com.swithun.backend.BackendApplication
java_class_path (initial): /home/swithun/project/vscode/java/spring boot/scoring_system/backend/target/classes:/home/swithun/.m2/repository/ch/qos/logback/logback-classic/1.2.3/logback-classic-1.2.3.jar:/home/swithun/.m2/repository/ch/qos/logback/logback-core/1.2.3/logback-core-1.2.3.jar:/home/swithun/.m2/repository/org/apache/logging/log4j/log4j-to-slf4j/2.13.3/log4j-to-slf4j-2.13.3.jar:/home/swithun/.m2/repository/org/apache/logging/log4j/log4j-api/2.13.3/log4j-api-2.13.3.jar:/home/swithun/.m2/repository/org/slf4j/jul-to-slf4j/1.7.30/jul-to-slf4j-1.7.30.jar:/home/swithun/.m2/repository/jakarta/annotation/jakarta.annotation-api/1.3.5/jakarta.annotation-api-1.3.5.jar:/home/swithun/.m2/repository/org/yaml/snakeyaml/1.27/snakeyaml-1.27.jar:/home/swithun/.m2/repository/org/springframework/spring-aop/5.3.3/spring-aop-5.3.3.jar:/home/swithun/.m2/repository/org/springframework/spring-beans/5.3.3/spring-beans-5.3.3.jar:/home/swithun/.m2/repository/org/springframework/security/spring-security-config/5.4.2/spring-security-config-5.4.2.jar:/home/swithun/.m2/repository/org/springframework/security/spring-security-core/5.4.2/spring-security-core-5.4.2.jar:/home/swithun/.m2/repository/org/springframework/spring-context/5.3.3/spring-context-5.3.3.jar:/home/swithun/.m2/repository/org/springframework/security/spring-security-web/5.4.2/spring-security-web-5.4.2.jar:/home/swithun/.m2/repository/org/springframework/spring-expression/5.3.3/spring-expression-5.3.3.jar:/home/swithun/.m2/repository/io/jsonwebtoken/jjwt/0.9.1/jjwt-0.9.1.jar:/home/swithun/.m2/repository/com/fasterxml/jackson/core/jackson-databind/2.11.4/jackson-databind-2.11.4.jar:/home/swithun/.m2/repository/com/fasterxml/jackson/core/jackson-annotations/2.11.4/jackson-annotations-2.11.4.jar:/home/swithun/.m2/repository/com/fasterxml/jackson/core/jackson-core/2.11.4/jackson-core-2.11.4.jar:/home/swithun/.m2/repository/mysql/mysql-connector-java/8.0.23/mysql-connector-java-8.0.23.jar:/home/swithun/.m2/repository/org/aspec
Launcher Type: SUN_STANDARD

[Global flags]
