#
# A fatal error has been detected by the Java Runtime Environment:
#
#  SIGBUS (0x7) at pc=0x00007f81aca81214, pid=3869, tid=3897
#
# JRE version: OpenJDK Runtime Environment (11.0.10+9) (build 11.0.10+9-Ubuntu-0ubuntu1.20.04)
# Java VM: OpenJDK 64-Bit Server VM (11.0.10+9-Ubuntu-0ubuntu1.20.04, mixed mode, sharing, tiered, compressed oops, parallel gc, linux-amd64)
# Problematic frame:
# 
[error occurred during error reporting (printing problematic frame), id 0x7, SIGBUS (0x7) at pc=0x00007f81acaa8555]

# No core dump will be written. Core dumps have been disabled. To enable core dumping, try "ulimit -c unlimited" before starting Java again
#
# If you would like to submit a bug report, please visit:
#   https://bugs.launchpad.net/ubuntu/+source/openjdk-lts
#

---------------  S U M M A R Y ------------

Command Line: --add-modules=ALL-SYSTEM --add-opens=java.base/java.util=ALL-UNNAMED --add-opens=java.base/java.lang=ALL-UNNAMED -Declipse.application=org.eclipse.jdt.ls.core.id1 -Dosgi.bundles.defaultStartLevel=4 -Declipse.product=org.eclipse.jdt.ls.core.product -Dfile.encoding=utf8 -XX:+UseParallelGC -XX:GCTimeRatio=4 -XX:AdaptiveSizePolicyWeight=90 -Dsun.zip.disableMemoryMapping=true -Xmx1G -Xms100m -Xverify:none /home/swithun/.vscode-server/extensions/redhat.java-0.79.2/server/plugins/org.eclipse.equinox.launcher_1.6.100.v20201223-0822.jar -configuration /home/swithun/.vscode-server/data/User/globalStorage/redhat.java/0.79.2/config_ss_linux -data /home/swithun/.vscode-server/data/User/workspaceStorage/d97e96bfa81d96c4b347742af0e7446d/redhat.java/ss_ws

Host: Intel(R) Core(TM) i7-7700HQ CPU @ 2.80GHz, 5 cores, 5G, Ubuntu 20.04.2 LTS
Time: Thu May 27 19:58:34 2021 CST elapsed time: 10133.256217 seconds (0d 2h 48m 53s)

---------------  T H R E A D  ---------------

Current thread (0x00007f81a418c000):  JavaThread "Signal Dispatcher" daemon [_thread_in_vm, id=3897, stack(0x00007f8186d66000,0x00007f8186e67000)]

Stack: [0x00007f8186d66000,0x00007f8186e67000],  sp=0x00007f8186e64288,  free space=1016k
Native frames: (J=compiled Java code, A=aot compiled Java code, j=interpreted, Vv=VM code, C=native code)

[error occurred during error reporting (printing native stack), id 0x7, SIGBUS (0x7) at pc=0x00007f81acaa8555]

Java frames: (J=compiled Java code, j=interpreted, Vv=VM code)
j  jdk.internal.misc.Signal.dispatch(I)V+25 java.base@11.0.10
v  ~StubRoutines::call_stub

siginfo: si_signo: 7 (SIGBUS), si_code: 2 (BUS_ADRERR), si_addr: 0x00007f81aca86f18

Register to memory mapping:

RAX=
[error occurred during error reporting (printing register info), id 0x7, SIGBUS (0x7) at pc=0x00007f81acaa8555]

Registers:
RAX=0x00007f81ac6f7018, RBX=0x00007f81a4022140, RCX=0x00007f81a418cad0, RDX=0x00007f81ac7f6b58
RSP=0x00007f8186e64288, RBP=0x00007f8186e652d0, RSI=0x00007f81ac4def4f, RDI=0x00007f81ac4def4f
R8 =0x00007f8186e65338, R9 =0x00007f8186e650b0, R10=0x00007f81ac4dd400, R11=0x00007f8186e65418
R12=0x00007f81a40099b0, R13=0x00007f8186e65338, R14=0x00007f8186e65338, R15=0x00007f81a418cad0
RIP=0x00007f81aca81214, EFLAGS=0x0000000000010206, CSGSFS=0x002b000000000033, ERR=0x0000000000000004
  TRAPNO=0x000000000000000e

Top of Stack: (sp=0x00007f8186e64288)
0x00007f8186e64288:   00007f81aca831f9 0000000000000000
0x00007f8186e64298:   00007f81ac4def4f 0000000000000000
0x00007f8186e642a8:   0000000000000000 0000000000000000
0x00007f8186e642b8:   0000000000000000 0000000000000000 

Instructions: (pc=0x00007f81aca81214)
0x00007f81aca81114:   68 0e 00 00 00 f2 e9 01 ff ff ff 90 f3 0f 1e fa
0x00007f81aca81124:   68 0f 00 00 00 f2 e9 f1 fe ff ff 90 f3 0f 1e fa
0x00007f81aca81134:   68 10 00 00 00 f2 e9 e1 fe ff ff 90 f3 0f 1e fa
0x00007f81aca81144:   68 11 00 00 00 f2 e9 d1 fe ff ff 90 f3 0f 1e fa
0x00007f81aca81154:   68 12 00 00 00 f2 e9 c1 fe ff ff 90 f3 0f 1e fa
0x00007f81aca81164:   68 13 00 00 00 f2 e9 b1 fe ff ff 90 f3 0f 1e fa
0x00007f81aca81174:   68 14 00 00 00 f2 e9 a1 fe ff ff 90 f3 0f 1e fa
0x00007f81aca81184:   68 15 00 00 00 f2 e9 91 fe ff ff 90 f3 0f 1e fa
0x00007f81aca81194:   68 16 00 00 00 f2 e9 81 fe ff ff 90 f3 0f 1e fa
0x00007f81aca811a4:   68 17 00 00 00 f2 e9 71 fe ff ff 90 f3 0f 1e fa
0x00007f81aca811b4:   68 18 00 00 00 f2 e9 61 fe ff ff 90 f3 0f 1e fa
0x00007f81aca811c4:   68 19 00 00 00 f2 e9 51 fe ff ff 90 f3 0f 1e fa
0x00007f81aca811d4:   68 1a 00 00 00 f2 e9 41 fe ff ff 90 f3 0f 1e fa
0x00007f81aca811e4:   f2 ff 25 f5 5d 00 00 0f 1f 44 00 00 f3 0f 1e fa
0x00007f81aca811f4:   f2 ff 25 0d 5d 00 00 0f 1f 44 00 00 f3 0f 1e fa
0x00007f81aca81204:   f2 ff 25 05 5d 00 00 0f 1f 44 00 00 f3 0f 1e fa
0x00007f81aca81214:   f2 ff 25 fd 5c 00 00 0f 1f 44 00 00 f3 0f 1e fa
0x00007f81aca81224:   f2 ff 25 f5 5c 00 00 0f 1f 44 00 00 f3 0f 1e fa
0x00007f81aca81234:   f2 ff 25 ed 5c 00 00 0f 1f 44 00 00 f3 0f 1e fa
0x00007f81aca81244:   f2 ff 25 e5 5c 00 00 0f 1f 44 00 00 f3 0f 1e fa
0x00007f81aca81254:   f2 ff 25 dd 5c 00 00 0f 1f 44 00 00 f3 0f 1e fa
0x00007f81aca81264:   f2 ff 25 d5 5c 00 00 0f 1f 44 00 00 f3 0f 1e fa
0x00007f81aca81274:   f2 ff 25 cd 5c 00 00 0f 1f 44 00 00 f3 0f 1e fa
0x00007f81aca81284:   f2 ff 25 c5 5c 00 00 0f 1f 44 00 00 f3 0f 1e fa
0x00007f81aca81294:   f2 ff 25 bd 5c 00 00 0f 1f 44 00 00 f3 0f 1e fa
0x00007f81aca812a4:   f2 ff 25 b5 5c 00 00 0f 1f 44 00 00 f3 0f 1e fa
0x00007f81aca812b4:   f2 ff 25 ad 5c 00 00 0f 1f 44 00 00 f3 0f 1e fa
0x00007f81aca812c4:   f2 ff 25 a5 5c 00 00 0f 1f 44 00 00 f3 0f 1e fa
0x00007f81aca812d4:   f2 ff 25 9d 5c 00 00 0f 1f 44 00 00 f3 0f 1e fa
0x00007f81aca812e4:   f2 ff 25 95 5c 00 00 0f 1f 44 00 00 f3 0f 1e fa
0x00007f81aca812f4:   f2 ff 25 8d 5c 00 00 0f 1f 44 00 00 f3 0f 1e fa
0x00007f81aca81304:   f2 ff 25 85 5c 00 00 0f 1f 44 00 00 f3 0f 1e fa 


Stack slot to memory mapping:
stack at sp + 0 slots: 
[error occurred during error reporting (inspecting top of stack), id 0x7, SIGBUS (0x7) at pc=0x00007f81acaa8555]


---------------  P R O C E S S  ---------------

Threads class SMR info:
_java_thread_list=0x00007f810000c970, length=19, elements={
0x00007f81a4016000, 0x00007f81a417d000, 0x00007f81a417f000, 0x00007f81a418c000,
0x00007f81a418e000, 0x00007f81a4190000, 0x00007f81a4192800, 0x00007f81a4194800,
0x00007f81a41dd800, 0x00007f81a439f000, 0x00007f81a43e0000, 0x00007f81a43e2800,
0x00007f814c02f000, 0x00007f814c299800, 0x00007f814c315000, 0x00007f8134009800,
0x00007f81a41a7800, 0x00007f812016b000, 0x00007f812c001800
}

Java Threads: ( => current thread )
  0x00007f81a4016000 JavaThread "main" [_thread_blocked, id=3887, stack(0x00007f81ab151000,0x00007f81ab252000)]
  0x00007f81a417d000 JavaThread "Reference Handler" daemon [_thread_blocked, id=3892, stack(0x00007f81873f3000,0x00007f81874f4000)]
  0x00007f81a417f000 JavaThread "Finalizer" daemon [_thread_blocked, id=3895, stack(0x00007f81872f2000,0x00007f81873f3000)]
=>0x00007f81a418c000 JavaThread "Signal Dispatcher" daemon [_thread_in_vm, id=3897, stack(0x00007f8186d66000,0x00007f8186e67000)]
  0x00007f81a418e000 JavaThread "Service Thread" daemon [_thread_blocked, id=3898, stack(0x00007f8186c65000,0x00007f8186d66000)]
  0x00007f81a4190000 JavaThread "C2 CompilerThread0" daemon [_thread_blocked, id=3899, stack(0x00007f8186b64000,0x00007f8186c65000)]
  0x00007f81a4192800 JavaThread "C1 CompilerThread0" daemon [_thread_blocked, id=3900, stack(0x00007f8186a63000,0x00007f8186b64000)]
  0x00007f81a4194800 JavaThread "Sweeper thread" daemon [_thread_blocked, id=3901, stack(0x00007f8186962000,0x00007f8186a63000)]
  0x00007f81a41dd800 JavaThread "Common-Cleaner" daemon [_thread_blocked, id=3907, stack(0x00007f8186861000,0x00007f8186962000)]
  0x00007f81a439f000 JavaThread "Active Thread: Equinox Container: 4e0d30d7-2f4f-4600-baea-2eb30ebb9cf9" [_thread_blocked, id=3933, stack(0x00007f8186760000,0x00007f8186861000)]
  0x00007f81a43e0000 JavaThread "Framework Event Dispatcher: Equinox Container: 4e0d30d7-2f4f-4600-baea-2eb30ebb9cf9" daemon [_thread_blocked, id=3936, stack(0x00007f8186421000,0x00007f8186522000)]
  0x00007f81a43e2800 JavaThread "Start Level: Equinox Container: 4e0d30d7-2f4f-4600-baea-2eb30ebb9cf9" daemon [_thread_blocked, id=3937, stack(0x00007f8186320000,0x00007f8186421000)]
  0x00007f814c02f000 JavaThread "SCR Component Actor" daemon [_thread_blocked, id=3943, stack(0x00007f8186522000,0x00007f8186623000)]
  0x00007f814c299800 JavaThread "Worker-JM" [_thread_blocked, id=4021, stack(0x00007f8185807000,0x00007f8185908000)]
  0x00007f814c315000 JavaThread "Worker-0" [_thread_blocked, id=4023, stack(0x00007f8185706000,0x00007f8185807000)]
  0x00007f8134009800 JavaThread "Worker-1" [_thread_blocked, id=4027, stack(0x00007f8185d08000,0x00007f8185e09000)]
  0x00007f81a41a7800 JavaThread "pool-2-thread-1" [_thread_blocked, id=4033, stack(0x00007f8185103000,0x00007f8185204000)]
  0x00007f812016b000 JavaThread "ForkJoinPool.commonPool-worker-7" daemon [_thread_blocked, id=4045, stack(0x00007f81841fe000,0x00007f81842ff000)]
  0x00007f812c001800 JavaThread "process reaper" daemon [_thread_in_native, id=4212, stack(0x00007f8186623000,0x00007f8186645000)]

Other Threads:
  0x00007f81a417a000 VMThread "VM Thread" [stack: 0x00007f81874f6000,0x00007f81875f6000] [id=3890]
  0x00007f81a4221800 WatcherThread [stack: 0x00007f8186660000,0x00007f8186760000] [id=3910]
  0x00007f81a402d800 
[error occurred during error reporting (printing all threads), id 0x7, SIGBUS (0x7) at pc=0x00007f81ac3b9dcb]

VM state:not at safepoint (normal execution)

VM Mutex/Monitor currently owned by a thread: None

Heap address: 0x00000000c0000000, size: 1024 MB, Compressed Oops mode: 32-bit
Narrow klass base: 0x0000000800000000, Narrow klass shift: 3
Compressed class space size: 1073741824 Address: 0x0000000840000000

Heap:
 PSYoungGen      total 23040K, used 19857K [0x00000000eab00000, 0x00000000eca00000, 0x0000000100000000)
  eden space 22016K, 86% used [0x00000000eab00000,0x00000000ebd9c5e8,0x00000000ec080000)
  from space 1024K, 78% used [0x00000000ec200000,0x00000000ec2c8000,0x00000000ec300000)
  to   space 3072K, 0% used [0x00000000ec700000,0x00000000ec700000,0x00000000eca00000)
 ParOldGen       total 68608K, used 26204K [0x00000000c0000000, 0x00000000c4300000, 0x00000000eab00000)
  object space 68608K, 38% used [0x00000000c0000000,0x00000000c19971f8,0x00000000c4300000)
 Metaspace       used 32159K, capacity 33958K, committed 34176K, reserved 1079296K
  class space    used 2996K, capacity 3642K, committed 3712K, reserved 1048576K

Card table byte_map: [0x00007f81aacf7000,0x00007f81aaef8000] _byte_map_base: 0x00007f81aa6f7000

Marking Bits: (ParMarkBitMap*) 0x00007f81ac8185c0
 Begin Bits: [0x00007f81a8a9f000, 0x00007f81a9a9f000)
 End Bits:   [0x00007f81a9a9f000, 0x00007f81aaa9f000)

Polling page: 0x00007f81aca7d000

Metaspace:

Usage:
  Non-class:     29.61 MB capacity,    28.48 MB ( 96%) used,     1.05 MB (  4%) free+waste,    73.00 KB ( <1%) overhead. 
      Class:      3.56 MB capacity,     2.93 MB ( 82%) used,   610.76 KB ( 17%) free+waste,    34.44 KB ( <1%) overhead. 
       Both:     33.16 MB capacity,    31.41 MB ( 95%) used,     1.65 MB (  5%) free+waste,   107.44 KB ( <1%) overhead. 

Virtual space:
  Non-class space:       30.00 MB reserved,      29.75 MB (>99%) committed 
      Class space:        1.00 GB reserved,       3.62 MB ( <1%) committed 
             Both:        1.03 GB reserved,      33.38 MB (  3%) committed 

Chunk freelists:
   Non-Class:  20.00 KB
       Class:  6.00 KB
        Both:  26.00 KB

MaxMetaspaceSize: unlimited
CompressedClassSpaceSize: 1.00 GB

CodeHeap 'non-profiled nmethods': size=120032Kb used=1813Kb max_used=1813Kb free=118218Kb
 bounds [0x00007f8194359000, 0x00007f81945c9000, 0x00007f819b891000]
CodeHeap 'profiled nmethods': size=120032Kb used=9800Kb max_used=9800Kb free=110231Kb
 bounds [0x00007f818ce21000, 0x00007f818d7c1000, 0x00007f8194359000]
CodeHeap 'non-nmethods': size=5696Kb used=1218Kb max_used=1284Kb free=4477Kb
 bounds [0x00007f818c891000, 0x00007f818cb01000, 0x00007f818ce21000]
 total_blobs=4671 nmethods=4076 adapters=509
 compilation: enabled
              stopped_count=0, restarted_count=0
 full_count=0

Compilation events (20 events):
Event: 7690.183 Thread 0x00007f81a4192800 4088   !   3       org.eclipse.osgi.internal.framework.StorageSaver$StorageSaverTask::run (31 bytes)
Event: 7690.184 Thread 0x00007f81a4192800 nmethod 4088 0x00007f818d7b1010 code [0x00007f818d7b1260, 0x00007f818d7b1950]
Event: 7690.184 Thread 0x00007f81a4192800 4089   !   3       org.eclipse.osgi.storage.Storage::save (64 bytes)
Event: 7690.185 Thread 0x00007f81a4192800 nmethod 4089 0x00007f818d7b1d10 code [0x00007f818d7b1f80, 0x00007f818d7b2850]
Event: 8379.985 Thread 0x00007f81a4190000 4090       4       java.util.StringTokenizer::nextToken (92 bytes)
Event: 8380.000 Thread 0x00007f81a4190000 nmethod 4090 0x00007f819451aa10 code [0x00007f819451abe0, 0x00007f819451b488]
Event: 8416.778 Thread 0x00007f81a4192800 4091       3       org.eclipse.core.runtime.jobs.Job::getRule (5 bytes)
Event: 8416.778 Thread 0x00007f81a4192800 nmethod 4091 0x00007f818d7b2b90 code [0x00007f818d7b2d40, 0x00007f818d7b2e70]
Event: 8429.997 Thread 0x00007f81a4190000 4092       4       java.util.concurrent.locks.ReentrantLock$NonfairSync::tryAcquire (6 bytes)
Event: 8429.999 Thread 0x00007f81a4190000 nmethod 4092 0x00007f819451b990 code [0x00007f819451bb40, 0x00007f819451bc78]
Event: 8530.021 Thread 0x00007f81a4190000 4093       4       java.util.concurrent.SynchronousQueue$TransferStack::awaitFulfill (169 bytes)
Event: 8530.108 Thread 0x00007f81a4190000 nmethod 4093 0x00007f819451bd10 code [0x00007f819451bec0, 0x00007f819451c2d8]
Event: 8670.050 Thread 0x00007f81a4190000 4094       4       java.util.ArrayList::toArray (57 bytes)
Event: 8670.054 Thread 0x00007f81a4190000 nmethod 4094 0x00007f819451c590 code [0x00007f819451c740, 0x00007f819451cb38]
Event: 8810.084 Thread 0x00007f81a4190000 4095       4       java.util.Properties::getProperty (50 bytes)
Event: 8810.096 Thread 0x00007f81a4190000 nmethod 4095 0x00007f819451cd10 code [0x00007f819451cee0, 0x00007f819451d848]
Event: 9316.828 Thread 0x00007f81a4192800 4096       3       java.lang.Math::min (12 bytes)
Event: 9316.828 Thread 0x00007f81a4192800 nmethod 4096 0x00007f818d7b2f10 code [0x00007f818d7b30c0, 0x00007f818d7b31f0]
Event: 9960.325 Thread 0x00007f81a4190000 4097       4       java.util.ArrayList::toArray (57 bytes)
Event: 9960.329 Thread 0x00007f81a4190000 nmethod 4097 0x00007f819451dd10 code [0x00007f819451dec0, 0x00007f819451e2f8]

GC Heap History (20 events):
Event: 26.466 GC heap before
{Heap before GC invocations=3 (full 0):
 PSYoungGen      total 29696K, used 18436K [0x00000000eab00000, 0x00000000ecc00000, 0x0000000100000000)
  eden space 25600K, 56% used [0x00000000eab00000,0x00000000eb9033d8,0x00000000ec400000)
  from space 4096K, 99% used [0x00000000ec800000,0x00000000ecbfdc58,0x00000000ecc00000)
  to   space 4096K, 0% used [0x00000000ec400000,0x00000000ec400000,0x00000000ec800000)
 ParOldGen       total 68608K, used 2612K [0x00000000c0000000, 0x00000000c4300000, 0x00000000eab00000)
  object space 68608K, 3% used [0x00000000c0000000,0x00000000c028d3d0,0x00000000c4300000)
 Metaspace       used 19554K, capacity 21083K, committed 21248K, reserved 1069056K
  class space    used 1925K, capacity 2490K, committed 2560K, reserved 1048576K
}
Event: 26.472 GC heap after
{Heap after GC invocations=3 (full 0):
 PSYoungGen      total 29696K, used 4080K [0x00000000eab00000, 0x00000000ecc00000, 0x0000000100000000)
  eden space 25600K, 0% used [0x00000000eab00000,0x00000000eab00000,0x00000000ec400000)
  from space 4096K, 99% used [0x00000000ec400000,0x00000000ec7fc220,0x00000000ec800000)
  to   space 4096K, 0% used [0x00000000ec800000,0x00000000ec800000,0x00000000ecc00000)
 ParOldGen       total 68608K, used 4427K [0x00000000c0000000, 0x00000000c4300000, 0x00000000eab00000)
  object space 68608K, 6% used [0x00000000c0000000,0x00000000c0452d10,0x00000000c4300000)
 Metaspace       used 19554K, capacity 21083K, committed 21248K, reserved 1069056K
  class space    used 1925K, capacity 2490K, committed 2560K, reserved 1048576K
}
Event: 26.472 GC heap before
{Heap before GC invocations=4 (full 1):
 PSYoungGen      total 29696K, used 4080K [0x00000000eab00000, 0x00000000ecc00000, 0x0000000100000000)
  eden space 25600K, 0% used [0x00000000eab00000,0x00000000eab00000,0x00000000ec400000)
  from space 4096K, 99% used [0x00000000ec400000,0x00000000ec7fc220,0x00000000ec800000)
  to   space 4096K, 0% used [0x00000000ec800000,0x00000000ec800000,0x00000000ecc00000)
 ParOldGen       total 68608K, used 4427K [0x00000000c0000000, 0x00000000c4300000, 0x00000000eab00000)
  object space 68608K, 6% used [0x00000000c0000000,0x00000000c0452d10,0x00000000c4300000)
 Metaspace       used 19554K, capacity 21083K, committed 21248K, reserved 1069056K
  class space    used 1925K, capacity 2490K, committed 2560K, reserved 1048576K
}
Event: 26.528 GC heap after
{Heap after GC invocations=4 (full 1):
 PSYoungGen      total 29696K, used 0K [0x00000000eab00000, 0x00000000ecc00000, 0x0000000100000000)
  eden space 25600K, 0% used [0x00000000eab00000,0x00000000eab00000,0x00000000ec400000)
  from space 4096K, 0% used [0x00000000ec400000,0x00000000ec400000,0x00000000ec800000)
  to   space 4096K, 0% used [0x00000000ec800000,0x00000000ec800000,0x00000000ecc00000)
 ParOldGen       total 68608K, used 8354K [0x00000000c0000000, 0x00000000c4300000, 0x00000000eab00000)
  object space 68608K, 12% used [0x00000000c0000000,0x00000000c0828b98,0x00000000c4300000)
 Metaspace       used 19554K, capacity 21083K, committed 21248K, reserved 1069056K
  class space    used 1925K, capacity 2490K, committed 2560K, reserved 1048576K
}
Event: 30.680 GC heap before
{Heap before GC invocations=5 (full 1):
 PSYoungGen      total 29696K, used 25600K [0x00000000eab00000, 0x00000000ecc00000, 0x0000000100000000)
  eden space 25600K, 100% used [0x00000000eab00000,0x00000000ec400000,0x00000000ec400000)
  from space 4096K, 0% used [0x00000000ec400000,0x00000000ec400000,0x00000000ec800000)
  to   space 4096K, 0% used [0x00000000ec800000,0x00000000ec800000,0x00000000ecc00000)
 ParOldGen       total 68608K, used 8354K [0x00000000c0000000, 0x00000000c4300000, 0x00000000eab00000)
  object space 68608K, 12% used [0x00000000c0000000,0x00000000c0828b98,0x00000000c4300000)
 Metaspace       used 22527K, capacity 24175K, committed 24448K, reserved 1071104K
  class space    used 2231K, capacity 2837K, committed 2944K, reserved 1048576K
}
Event: 30.683 GC heap after
{Heap after GC invocations=5 (full 1):
 PSYoungGen      total 29696K, used 2619K [0x00000000eab00000, 0x00000000ecc00000, 0x0000000100000000)
  eden space 25600K, 0% used [0x00000000eab00000,0x00000000eab00000,0x00000000ec400000)
  from space 4096K, 63% used [0x00000000ec800000,0x00000000eca8ed30,0x00000000ecc00000)
  to   space 4096K, 0% used [0x00000000ec400000,0x00000000ec400000,0x00000000ec800000)
 ParOldGen       total 68608K, used 8362K [0x00000000c0000000, 0x00000000c4300000, 0x00000000eab00000)
  object space 68608K, 12% used [0x00000000c0000000,0x00000000c082ab98,0x00000000c4300000)
 Metaspace       used 22527K, capacity 24175K, committed 24448K, reserved 1071104K
  class space    used 2231K, capacity 2837K, committed 2944K, reserved 1048576K
}
Event: 30.826 GC heap before
{Heap before GC invocations=6 (full 1):
 PSYoungGen      total 29696K, used 28219K [0x00000000eab00000, 0x00000000ecc00000, 0x0000000100000000)
  eden space 25600K, 100% used [0x00000000eab00000,0x00000000ec400000,0x00000000ec400000)
  from space 4096K, 63% used [0x00000000ec800000,0x00000000eca8ed30,0x00000000ecc00000)
  to   space 4096K, 0% used [0x00000000ec400000,0x00000000ec400000,0x00000000ec800000)
 ParOldGen       total 68608K, used 8362K [0x00000000c0000000, 0x00000000c4300000, 0x00000000eab00000)
  object space 68608K, 12% used [0x00000000c0000000,0x00000000c082ab98,0x00000000c4300000)
 Metaspace       used 22609K, capacity 24240K, committed 24448K, reserved 1071104K
  class space    used 2235K, capacity 2837K, committed 2944K, reserved 1048576K
}
Event: 30.835 GC heap after
{Heap after GC invocations=6 (full 1):
 PSYoungGen      total 29184K, used 4075K [0x00000000eab00000, 0x00000000ece80000, 0x0000000100000000)
  eden space 25088K, 0% used [0x00000000eab00000,0x00000000eab00000,0x00000000ec380000)
  from space 4096K, 99% used [0x00000000ec400000,0x00000000ec7fad40,0x00000000ec800000)
  to   space 5632K, 0% used [0x00000000ec900000,0x00000000ec900000,0x00000000ece80000)
 ParOldGen       total 68608K, used 9122K [0x00000000c0000000, 0x00000000c4300000, 0x00000000eab00000)
  object space 68608K, 13% used [0x00000000c0000000,0x00000000c08e8b98,0x00000000c4300000)
 Metaspace       used 22609K, capacity 24240K, committed 24448K, reserved 1071104K
  class space    used 2235K, capacity 2837K, committed 2944K, reserved 1048576K
}
Event: 30.978 GC heap before
{Heap before GC invocations=7 (full 1):
 PSYoungGen      total 29184K, used 29163K [0x00000000eab00000, 0x00000000ece80000, 0x0000000100000000)
  eden space 25088K, 100% used [0x00000000eab00000,0x00000000ec380000,0x00000000ec380000)
  from space 4096K, 99% used [0x00000000ec400000,0x00000000ec7fad40,0x00000000ec800000)
  to   space 5632K, 0% used [0x00000000ec900000,0x00000000ec900000,0x00000000ece80000)
 ParOldGen       total 68608K, used 9122K [0x00000000c0000000, 0x00000000c4300000, 0x00000000eab00000)
  object space 68608K, 13% used [0x00000000c0000000,0x00000000c08e8b98,0x00000000c4300000)
 Metaspace       used 22715K, capacity 24304K, committed 24704K, reserved 1071104K
  class space    used 2239K, capacity 2837K, committed 2944K, reserved 1048576K
}
Event: 30.992 GC heap after
{Heap after GC invocations=7 (full 1):
 PSYoungGen      total 29184K, used 5627K [0x00000000eab00000, 0x00000000ed100000, 0x0000000100000000)
  eden space 23552K, 0% used [0x00000000eab00000,0x00000000eab00000,0x00000000ec200000)
  from space 5632K, 99% used [0x00000000ec900000,0x00000000ece7ed30,0x00000000ece80000)
  to   space 7168K, 0% used [0x00000000ec200000,0x00000000ec200000,0x00000000ec900000)
 ParOldGen       total 68608K, used 9874K [0x00000000c0000000, 0x00000000c4300000, 0x00000000eab00000)
  object space 68608K, 14% used [0x00000000c0000000,0x00000000c09a4bc8,0x00000000c4300000)
 Metaspace       used 22715K, capacity 24304K, committed 24704K, reserved 1071104K
  class space    used 2239K, capacity 2837K, committed 2944K, reserved 1048576K
}
Event: 31.047 GC heap before
{Heap before GC invocations=8 (full 1):
 PSYoungGen      total 29184K, used 29179K [0x00000000eab00000, 0x00000000ed100000, 0x0000000100000000)
  eden space 23552K, 100% used [0x00000000eab00000,0x00000000ec200000,0x00000000ec200000)
  from space 5632K, 99% used [0x00000000ec900000,0x00000000ece7ed30,0x00000000ece80000)
  to   space 7168K, 0% used [0x00000000ec200000,0x00000000ec200000,0x00000000ec900000)
 ParOldGen       total 68608K, used 9874K [0x00000000c0000000, 0x00000000c4300000, 0x00000000eab00000)
  object space 68608K, 14% used [0x00000000c0000000,0x00000000c09a4bc8,0x00000000c4300000)
 Metaspace       used 22797K, capacity 24400K, committed 24704K, reserved 1071104K
  class space    used 2250K, capacity 2869K, committed 2944K, reserved 1048576K
}
Event: 31.059 GC heap after
{Heap after GC invocations=8 (full 1):
 PSYoungGen      total 30208K, used 7150K [0x00000000eab00000, 0x00000000ed380000, 0x0000000100000000)
  eden space 23040K, 0% used [0x00000000eab00000,0x00000000eab00000,0x00000000ec180000)
  from space 7168K, 99% used [0x00000000ec200000,0x00000000ec8fb838,0x00000000ec900000)
  to   space 9216K, 0% used [0x00000000eca80000,0x00000000eca80000,0x00000000ed380000)
 ParOldGen       total 68608K, used 11097K [0x00000000c0000000, 0x00000000c4300000, 0x00000000eab00000)
  object space 68608K, 16% used [0x00000000c0000000,0x00000000c0ad65f0,0x00000000c4300000)
 Metaspace       used 22797K, capacity 24400K, committed 24704K, reserved 1071104K
  class space    used 2250K, capacity 2869K, committed 2944K, reserved 1048576K
}
Event: 31.107 GC heap before
{Heap before GC invocations=9 (full 1):
 PSYoungGen      total 30208K, used 30190K [0x00000000eab00000, 0x00000000ed380000, 0x0000000100000000)
  eden space 23040K, 100% used [0x00000000eab00000,0x00000000ec180000,0x00000000ec180000)
  from space 7168K, 99% used [0x00000000ec200000,0x00000000ec8fb838,0x00000000ec900000)
  to   space 9216K, 0% used [0x00000000eca80000,0x00000000eca80000,0x00000000ed380000)
 ParOldGen       total 68608K, used 11097K [0x00000000c0000000, 0x00000000c4300000, 0x00000000eab00000)
  object space 68608K, 16% used [0x00000000c0000000,0x00000000c0ad65f0,0x00000000c4300000)
 Metaspace       used 22797K, capacity 24400K, committed 24704K, reserved 1071104K
  class space    used 2250K, capacity 2869K, committed 2944K, reserved 1048576K
}
Event: 31.118 GC heap after
{Heap after GC invocations=9 (full 1):
 PSYoungGen      total 31232K, used 8370K [0x00000000eab00000, 0x00000000ed300000, 0x0000000100000000)
  eden space 22528K, 0% used [0x00000000eab00000,0x00000000eab00000,0x00000000ec100000)
  from space 8704K, 96% used [0x00000000eca80000,0x00000000ed2acb28,0x00000000ed300000)
  to   space 8704K, 0% used [0x00000000ec200000,0x00000000ec200000,0x00000000eca80000)
 ParOldGen       total 68608K, used 12519K [0x00000000c0000000, 0x00000000c4300000, 0x00000000eab00000)
  object space 68608K, 18% used [0x00000000c0000000,0x00000000c0c39d60,0x00000000c4300000)
 Metaspace       used 22797K, capacity 24400K, committed 24704K, reserved 1071104K
  class space    used 2250K, capacity 2869K, committed 2944K, reserved 1048576K
}
Event: 31.246 GC heap before
{Heap before GC invocations=10 (full 1):
 PSYoungGen      total 31232K, used 30873K [0x00000000eab00000, 0x00000000ed300000, 0x0000000100000000)
  eden space 22528K, 99% used [0x00000000eab00000,0x00000000ec0f9c28,0x00000000ec100000)
  from space 8704K, 96% used [0x00000000eca80000,0x00000000ed2acb28,0x00000000ed300000)
  to   space 8704K, 0% used [0x00000000ec200000,0x00000000ec200000,0x00000000eca80000)
 ParOldGen       total 68608K, used 12519K [0x00000000c0000000, 0x00000000c4300000, 0x00000000eab00000)
  object space 68608K, 18% used [0x00000000c0000000,0x00000000c0c39d60,0x00000000c4300000)
 Metaspace       used 23015K, capacity 24771K, committed 24960K, reserved 1071104K
  class space    used 2266K, capacity 2907K, committed 2944K, reserved 1048576K
}
Event: 31.273 GC heap after
{Heap after GC invocations=10 (full 1):
 PSYoungGen      total 29696K, used 7556K [0x00000000eab00000, 0x00000000ed080000, 0x0000000100000000)
  eden space 22016K, 0% used [0x00000000eab00000,0x00000000eab00000,0x00000000ec080000)
  from space 7680K, 98% used [0x00000000ec200000,0x00000000ec9613e0,0x00000000ec980000)
  to   space 7168K, 0% used [0x00000000ec980000,0x00000000ec980000,0x00000000ed080000)
 ParOldGen       total 68608K, used 16335K [0x00000000c0000000, 0x00000000c4300000, 0x00000000eab00000)
  object space 68608K, 23% used [0x00000000c0000000,0x00000000c0ff3f68,0x00000000c4300000)
 Metaspace       used 23015K, capacity 24771K, committed 24960K, reserved 1071104K
  class space    used 2266K, capacity 2907K, committed 2944K, reserved 1048576K
}
Event: 33.405 GC heap before
{Heap before GC invocations=11 (full 1):
 PSYoungGen      total 29696K, used 29572K [0x00000000eab00000, 0x00000000ed080000, 0x0000000100000000)
  eden space 22016K, 100% used [0x00000000eab00000,0x00000000ec080000,0x00000000ec080000)
  from space 7680K, 98% used [0x00000000ec200000,0x00000000ec9613e0,0x00000000ec980000)
  to   space 7168K, 0% used [0x00000000ec980000,0x00000000ec980000,0x00000000ed080000)
 ParOldGen       total 68608K, used 16335K [0x00000000c0000000, 0x00000000c4300000, 0x00000000eab00000)
  object space 68608K, 23% used [0x00000000c0000000,0x00000000c0ff3f68,0x00000000c4300000)
 Metaspace       used 29185K, capacity 30984K, committed 31104K, reserved 1077248K
  class space    used 2769K, capacity 3401K, committed 3456K, reserved 1048576K
}
Event: 33.438 GC heap after
{Heap after GC invocations=11 (full 1):
 PSYoungGen      total 27648K, used 5568K [0x00000000eab00000, 0x00000000ecf00000, 0x0000000100000000)
  eden space 22016K, 0% used [0x00000000eab00000,0x00000000eab00000,0x00000000ec080000)
  from space 5632K, 98% used [0x00000000ec980000,0x00000000ecef0360,0x00000000ecf00000)
  to   space 6656K, 0% used [0x00000000ec200000,0x00000000ec200000,0x00000000ec880000)
 ParOldGen       total 68608K, used 20839K [0x00000000c0000000, 0x00000000c4300000, 0x00000000eab00000)
  object space 68608K, 30% used [0x00000000c0000000,0x00000000c1459f78,0x00000000c4300000)
 Metaspace       used 29185K, capacity 30984K, committed 31104K, reserved 1077248K
  class space    used 2769K, capacity 3401K, committed 3456K, reserved 1048576K
}
Event: 2955.196 GC heap before
{Heap before GC invocations=12 (full 1):
 PSYoungGen      total 27648K, used 27584K [0x00000000eab00000, 0x00000000ecf00000, 0x0000000100000000)
  eden space 22016K, 100% used [0x00000000eab00000,0x00000000ec080000,0x00000000ec080000)
  from space 5632K, 98% used [0x00000000ec980000,0x00000000ecef0360,0x00000000ecf00000)
  to   space 6656K, 0% used [0x00000000ec200000,0x00000000ec200000,0x00000000ec880000)
 ParOldGen       total 68608K, used 20839K [0x00000000c0000000, 0x00000000c4300000, 0x00000000eab00000)
  object space 68608K, 30% used [0x00000000c0000000,0x00000000c1459f78,0x00000000c4300000)
 Metaspace       used 32105K, capacity 33889K, committed 34176K, reserved 1079296K
  class space    used 2996K, capacity 3642K, committed 3712K, reserved 1048576K
}
Event: 2955.203 GC heap after
{Heap after GC invocations=12 (full 1):
 PSYoungGen      total 23040K, used 800K [0x00000000eab00000, 0x00000000eca00000, 0x0000000100000000)
  eden space 22016K, 0% used [0x00000000eab00000,0x00000000eab00000,0x00000000ec080000)
  from space 1024K, 78% used [0x00000000ec200000,0x00000000ec2c8000,0x00000000ec300000)
  to   space 3072K, 0% used [0x00000000ec700000,0x00000000ec700000,0x00000000eca00000)
 ParOldGen       total 68608K, used 26204K [0x00000000c0000000, 0x00000000c4300000, 0x00000000eab00000)
  object space 68608K, 38% used [0x00000000c0000000,0x00000000c19971f8,0x00000000c4300000)
 Metaspace       used 32105K, capacity 33889K, committed 34176K, reserved 1079296K
  class space    used 2996K, capacity 3642K, committed 3712K, reserved 1048576K
}

Deoptimization events (20 events):
Event: 65.283 Thread 0x00007f8134009800 Uncommon trap: trap_request=0xffffffc6 fr.pc=0x00007f8194424178 relative=0x0000000000001218
Event: 65.283 Thread 0x00007f8134009800 Uncommon trap: reason=bimorphic_or_optimized_type_check action=maybe_recompile pc=0x00007f8194424178 method=java.io.DataOutputStream.write([BII)V @ 7 c2
Event: 65.283 Thread 0x00007f8134009800 DEOPT PACKING pc=0x00007f8194424178 sp=0x00007f8185e07190
Event: 65.284 Thread 0x00007f8134009800 DEOPT UNPACKING pc=0x00007f818c8b7525 sp=0x00007f8185e07110 mode 2
Event: 65.284 Thread 0x00007f8134009800 Uncommon trap: trap_request=0xffffffc6 fr.pc=0x00007f8194424178 relative=0x0000000000001218
Event: 65.284 Thread 0x00007f8134009800 Uncommon trap: reason=bimorphic_or_optimized_type_check action=maybe_recompile pc=0x00007f8194424178 method=java.io.DataOutputStream.write([BII)V @ 7 c2
Event: 65.284 Thread 0x00007f8134009800 DEOPT PACKING pc=0x00007f8194424178 sp=0x00007f8185e07090
Event: 65.284 Thread 0x00007f8134009800 DEOPT UNPACKING pc=0x00007f818c8b7525 sp=0x00007f8185e07010 mode 2
Event: 65.284 Thread 0x00007f8134009800 Uncommon trap: trap_request=0xffffffc6 fr.pc=0x00007f8194424178 relative=0x0000000000001218
Event: 65.284 Thread 0x00007f8134009800 Uncommon trap: reason=bimorphic_or_optimized_type_check action=maybe_recompile pc=0x00007f8194424178 method=java.io.DataOutputStream.write([BII)V @ 7 c2
Event: 65.284 Thread 0x00007f8134009800 DEOPT PACKING pc=0x00007f8194424178 sp=0x00007f8185e06fb0
Event: 65.284 Thread 0x00007f8134009800 DEOPT UNPACKING pc=0x00007f818c8b7525 sp=0x00007f8185e06f30 mode 2
Event: 65.284 Thread 0x00007f8134009800 Uncommon trap: trap_request=0xffffffc6 fr.pc=0x00007f8194424178 relative=0x0000000000001218
Event: 65.284 Thread 0x00007f8134009800 Uncommon trap: reason=bimorphic_or_optimized_type_check action=maybe_recompile pc=0x00007f8194424178 method=java.io.DataOutputStream.write([BII)V @ 7 c2
Event: 65.284 Thread 0x00007f8134009800 DEOPT PACKING pc=0x00007f8194424178 sp=0x00007f8185e06f30
Event: 65.284 Thread 0x00007f8134009800 DEOPT UNPACKING pc=0x00007f818c8b7525 sp=0x00007f8185e06eb0 mode 2
Event: 8680.052 Thread 0x00007f81a41a7800 Uncommon trap: trap_request=0xffffffcc fr.pc=0x00007f819451c87c relative=0x000000000000013c
Event: 8680.052 Thread 0x00007f81a41a7800 Uncommon trap: reason=intrinsic_or_type_checked_inlining action=make_not_entrant pc=0x00007f819451c87c method=java.util.ArrayList.toArray([Ljava/lang/Object;)[Ljava/lang/Object; @ 36 c2
Event: 8680.052 Thread 0x00007f81a41a7800 DEOPT PACKING pc=0x00007f819451c87c sp=0x00007f8185202190
Event: 8680.052 Thread 0x00007f81a41a7800 DEOPT UNPACKING pc=0x00007f818c8b7525 sp=0x00007f8185202130 mode 2

Classes redefined (0 events):
No events

Internal exceptions (20 events):
Event: 33.075 Thread 0x00007f8134009800 Exception <a 'java/lang/NoSuchMethodError'{0x00000000ebafaa70}: 'int java.lang.invoke.DirectMethodHandle$Holder.invokeStatic(java.lang.Object, java.lang.Object, java.lang.Object, int)'> (0x00000000ebafaa70) thrown at [src/hotspot/share/interpreter/linkResolver.cpp, line 772]
Event: 33.142 Thread 0x00007f8134009800 Exception <a 'java/lang/NoSuchMethodError'{0x00000000ebbf8518}: 'int java.lang.invoke.DirectMethodHandle$Holder.invokeVirtual(java.lang.Object, java.lang.Object, java.lang.Object)'> (0x00000000ebbf8518) thrown at [src/hotspot/share/interpreter/linkResolver.cpp, line 772]
Event: 33.188 Thread 0x00007f8134009800 Exception <a 'java/io/FileNotFoundException'{0x00000000ebcca838}> (0x00000000ebcca838) thrown at [src/hotspot/share/prims/jni.cpp, line 615]
Event: 33.786 Thread 0x00007f8134009800 Exception <a 'java/lang/ArrayIndexOutOfBoundsException'{0x00000000eaf67be8}> (0x00000000eaf67be8) thrown at [src/hotspot/share/runtime/sharedRuntime.cpp, line 584]
Event: 33.834 Thread 0x00007f8134009800 Exception <a 'java/lang/ArrayIndexOutOfBoundsException'{0x00000000eb0fb918}> (0x00000000eb0fb918) thrown at [src/hotspot/share/runtime/sharedRuntime.cpp, line 584]
Event: 33.914 Thread 0x00007f8134009800 Exception <a 'java/lang/ArrayIndexOutOfBoundsException'{0x00000000eb2ace68}> (0x00000000eb2ace68) thrown at [src/hotspot/share/runtime/sharedRuntime.cpp, line 584]
Event: 33.974 Thread 0x00007f8134009800 Exception <a 'java/lang/ArrayIndexOutOfBoundsException'{0x00000000eb3a7320}> (0x00000000eb3a7320) thrown at [src/hotspot/share/runtime/sharedRuntime.cpp, line 584]
Event: 33.981 Thread 0x00007f8134009800 Exception <a 'java/lang/ArrayIndexOutOfBoundsException'{0x00000000eb3b6c10}> (0x00000000eb3b6c10) thrown at [src/hotspot/share/runtime/sharedRuntime.cpp, line 584]
Event: 34.028 Thread 0x00007f8134009800 Exception <a 'java/lang/ArrayIndexOutOfBoundsException'{0x00000000eb49f410}> (0x00000000eb49f410) thrown at [src/hotspot/share/runtime/sharedRuntime.cpp, line 584]
Event: 34.043 Thread 0x00007f8134009800 Exception <a 'java/lang/ArrayIndexOutOfBoundsException'{0x00000000eb5569f8}> (0x00000000eb5569f8) thrown at [src/hotspot/share/runtime/sharedRuntime.cpp, line 584]
Event: 34.065 Thread 0x00007f8134009800 Exception <a 'java/lang/ArrayIndexOutOfBoundsException'{0x00000000eb5dccb0}> (0x00000000eb5dccb0) thrown at [src/hotspot/share/runtime/sharedRuntime.cpp, line 584]
Event: 34.095 Thread 0x00007f8134009800 Exception <a 'java/lang/ArrayIndexOutOfBoundsException'{0x00000000eb67fa70}> (0x00000000eb67fa70) thrown at [src/hotspot/share/runtime/sharedRuntime.cpp, line 584]
Event: 51.193 Thread 0x00007f8120169800 Exception <a 'java/lang/ArrayIndexOutOfBoundsException'{0x00000000eb7a6d30}> (0x00000000eb7a6d30) thrown at [src/hotspot/share/runtime/sharedRuntime.cpp, line 584]
Event: 51.193 Thread 0x00007f8120169800 Exception <a 'java/lang/ArrayIndexOutOfBoundsException'{0x00000000eb7a7050}> (0x00000000eb7a7050) thrown at [src/hotspot/share/runtime/sharedRuntime.cpp, line 584]
Event: 51.197 Thread 0x00007f8120169800 Exception <a 'java/lang/ArrayIndexOutOfBoundsException'{0x00000000eb7bcad0}> (0x00000000eb7bcad0) thrown at [src/hotspot/share/runtime/sharedRuntime.cpp, line 584]
Event: 51.197 Thread 0x00007f8120169800 Exception <a 'java/lang/ArrayIndexOutOfBoundsException'{0x00000000eb7bcdf0}> (0x00000000eb7bcdf0) thrown at [src/hotspot/share/runtime/sharedRuntime.cpp, line 584]
Event: 51.197 Thread 0x00007f8120169800 Exception <a 'java/lang/ArrayIndexOutOfBoundsException'{0x00000000eb7bd110}> (0x00000000eb7bd110) thrown at [src/hotspot/share/runtime/sharedRuntime.cpp, line 584]
Event: 65.366 Thread 0x00007f8134009800 Exception <a 'java/lang/NoSuchMethodError'{0x00000000eb8a4b98}: 'java.lang.Object java.lang.invoke.DirectMethodHandle$Holder.invokeSpecial(java.lang.Object, java.lang.Object, java.lang.Object, java.lang.Object, java.lang.Object, java.lang.Object, java.lang.Object, java.lang.Object, java.lang.Object, java.lang.Object, java.lang.Object)'> (0x00000000eb8a4b98) thrown at [src/hotspot/share/interpreter/linkResolver.cpp, line 772]
Event: 65.367 Thread 0x00007f8134009800 Exception <a 'java/lang/NoSuchMethodError'{0x00000000eb8a8d50}: 'java.lang.Object java.lang.invoke.Invokers$Holder.linkToTargetMethod(java.lang.Object, java.lang.Object, java.lang.Object, java.lang.Object, java.lang.Object, java.lang.Object, java.lang.Object, java.lang.Object, java.lang.Object, java.lang.Object)'> (0x00000000eb8a8d50) thrown at [src/hotspot/share/interpreter/linkResolver.cpp, line 772]
Event: 65.385 Thread 0x00007f8134009800 Exception <a 'sun/nio/fs/UnixException'{0x00000000eb8c83c0}> (0x00000000eb8c83c0) thrown at [src/hotspot/share/prims/jni.cpp, line 615]

Events (20 events):
Event: 10080.352 Executing VM operation: BulkRevokeBias done
Event: 10090.354 Executing VM operation: RevokeBias
Event: 10090.354 Executing VM operation: RevokeBias done
Event: 10090.354 Executing VM operation: RevokeBias
Event: 10090.354 Executing VM operation: RevokeBias done
Event: 10090.354 Executing VM operation: RevokeBias
Event: 10090.354 Executing VM operation: RevokeBias done
Event: 10100.356 Executing VM operation: RevokeBias
Event: 10100.356 Executing VM operation: RevokeBias done
Event: 10100.356 Executing VM operation: RevokeBias
Event: 10100.356 Executing VM operation: RevokeBias done
Event: 10100.356 Executing VM operation: RevokeBias
Event: 10100.356 Executing VM operation: RevokeBias done
Event: 10110.357 Executing VM operation: RevokeBias
Event: 10110.358 Executing VM operation: RevokeBias done
Event: 10110.358 Executing VM operation: RevokeBias
Event: 10110.358 Executing VM operation: RevokeBias done
Event: 10110.358 Executing VM operation: RevokeBias
Event: 10110.358 Executing VM operation: RevokeBias done
Event: 10133.256 loading class jdk/internal/misc/Signal$1


Dynamic libraries:
c0000000-c4300000 rw-p 00000000 00:00 0 
c4300000-eab00000 ---p 00000000 00:00 0 
eab00000-eca00000 rw-p 00000000 00:00 0 
eca00000-100000000 ---p 00000000 00:00 0 
800000000-800002000 rwxp 00001000 08:10 232264                           /usr/lib/jvm/java-11-openjdk-amd64/lib/server/classes.jsa
800002000-8003b9000 rw-p 00003000 08:10 232264                           /usr/lib/jvm/java-11-openjdk-amd64/lib/server/classes.jsa
8003b9000-800a96000 r--p 003ba000 08:10 232264                           /usr/lib/jvm/java-11-openjdk-amd64/lib/server/classes.jsa
800a96000-800a97000 rw-p 00a97000 08:10 232264                           /usr/lib/jvm/java-11-openjdk-amd64/lib/server/classes.jsa
800a97000-8010a5000 r--p 00a98000 08:10 232264                           /usr/lib/jvm/java-11-openjdk-amd64/lib/server/classes.jsa
840000000-8403a0000 rw-p 00000000 00:00 0 
8403a0000-880000000 ---p 00000000 00:00 0 
5583ce346000-5583ce347000 r--p 00000000 08:10 4770                       /usr/lib/jvm/java-11-openjdk-amd64/bin/java
5583ce347000-5583ce348000 r-xp 00001000 08:10 4770                       /usr/lib/jvm/java-11-openjdk-amd64/bin/java
5583ce348000-5583ce349000 r--p 00002000 08:10 4770                       /usr/lib/jvm/java-11-openjdk-amd64/bin/java
5583ce349000-5583ce34a000 r--p 00002000 08:10 4770                       /usr/lib/jvm/java-11-openjdk-amd64/bin/java
5583ce34a000-5583ce34b000 rw-p 00003000 08:10 4770                       /usr/lib/jvm/java-11-openjdk-amd64/bin/java
5583cea3c000-5583cea5d000 rw-p 00000000 00:00 0                          [heap]
7f8100000000-7f8100021000 rw-p 00000000 00:00 0 
7f8100021000-7f8104000000 ---p 00000000 00:00 0 
7f8104000000-7f8104d26000 rw-p 00000000 00:00 0 
7f8104d26000-7f8108000000 ---p 00000000 00:00 0 
7f8108000000-7f8108036000 rw-p 00000000 00:00 0 
7f8108036000-7f810c000000 ---p 00000000 00:00 0 
7f810c000000-7f810c021000 rw-p 00000000 00:00 0 
7f810c021000-7f8110000000 ---p 00000000 00:00 0 
7f8110000000-7f8110893000 rw-p 00000000 00:00 0 
7f8110893000-7f8114000000 ---p 00000000 00:00 0 
7f8117390000-7f8117550000 rw-p 00000000 00:00 0 
7f8117550000-7f8117590000 ---p 00000000 00:00 0 
7f8117590000-7f8117790000 rw-p 00000000 00:00 0 
7f8117790000-7f8117794000 ---p 00000000 00:00 0 
7f8117794000-7f8117891000 rw-p 00000000 00:00 0 
7f8117891000-7f8120000000 r--s 00000000 08:10 4851                       /usr/lib/jvm/java-11-openjdk-amd64/lib/modules
7f8120000000-7f8120171000 rw-p 00000000 00:00 0 
7f8120171000-7f8124000000 ---p 00000000 00:00 0 
7f8124000000-7f8124135000 rw-p 00000000 00:00 0 
7f8124135000-7f8128000000 ---p 00000000 00:00 0 
7f8128000000-7f8128021000 rw-p 00000000 00:00 0 
7f8128021000-7f812c000000 ---p 00000000 00:00 0 
7f812c000000-7f812c021000 rw-p 00000000 00:00 0 
7f812c021000-7f8130000000 ---p 00000000 00:00 0 
7f8130000000-7f8130021000 rw-p 00000000 00:00 0 
7f8130021000-7f8134000000 ---p 00000000 00:00 0 
7f8134000000-7f8134113000 rw-p 00000000 00:00 0 
7f8134113000-7f8138000000 ---p 00000000 00:00 0 
7f8138000000-7f8138021000 rw-p 00000000 00:00 0 
7f8138021000-7f813c000000 ---p 00000000 00:00 0 
7f813c000000-7f813c13a000 rw-p 00000000 00:00 0 
7f813c13a000-7f8140000000 ---p 00000000 00:00 0 
7f8140000000-7f8140021000 rw-p 00000000 00:00 0 
7f8140021000-7f8144000000 ---p 00000000 00:00 0 
7f8144000000-7f8144021000 rw-p 00000000 00:00 0 
7f8144021000-7f8148000000 ---p 00000000 00:00 0 
7f8148000000-7f8148021000 rw-p 00000000 00:00 0 
7f8148021000-7f814c000000 ---p 00000000 00:00 0 
7f814c000000-7f814c49a000 rw-p 00000000 00:00 0 
7f814c49a000-7f8150000000 ---p 00000000 00:00 0 
7f8150000000-7f8150168000 rw-p 00000000 00:00 0 
7f8150168000-7f8154000000 ---p 00000000 00:00 0 
7f8154000000-7f8154113000 rw-p 00000000 00:00 0 
7f8154113000-7f8158000000 ---p 00000000 00:00 0 
7f8158000000-7f8158075000 rw-p 00000000 00:00 0 
7f8158075000-7f815c000000 ---p 00000000 00:00 0 
7f815c000000-7f815c021000 rw-p 00000000 00:00 0 
7f815c021000-7f8160000000 ---p 00000000 00:00 0 
7f8160000000-7f8160021000 rw-p 00000000 00:00 0 
7f8160021000-7f8164000000 ---p 00000000 00:00 0 
7f8164000000-7f8164021000 rw-p 00000000 00:00 0 
7f8164021000-7f8168000000 ---p 00000000 00:00 0 
7f8168000000-7f8168e4d000 rw-p 00000000 00:00 0 
7f8168e4d000-7f816c000000 ---p 00000000 00:00 0 
7f816c000000-7f816cf5b000 rw-p 00000000 00:00 0 
7f816cf5b000-7f8170000000 ---p 00000000 00:00 0 
7f8170000000-7f8170021000 rw-p 00000000 00:00 0 
7f8170021000-7f8174000000 ---p 00000000 00:00 0 
7f8174000000-7f8174021000 rw-p 00000000 00:00 0 
7f8174021000-7f8178000000 ---p 00000000 00:00 0 
7f8178000000-7f8178021000 rw-p 00000000 00:00 0 
7f8178021000-7f817c000000 ---p 00000000 00:00 0 
7f817c000000-7f817c021000 rw-p 00000000 00:00 0 
7f817c021000-7f8180000000 ---p 00000000 00:00 0 
7f8180000000-7f81800b0000 rw-p 00000000 00:00 0 
7f81800b0000-7f8184000000 ---p 00000000 00:00 0 
7f81840fd000-7f8184101000 ---p 00000000 00:00 0 
7f8184101000-7f81841fe000 rw-p 00000000 00:00 0 
7f81841fe000-7f8184202000 ---p 00000000 00:00 0 
7f8184202000-7f81842ff000 rw-p 00000000 00:00 0 
7f81842ff000-7f8184303000 ---p 00000000 00:00 0 
7f8184303000-7f8184600000 rw-p 00000000 00:00 0 
7f8184600000-7f8184800000 rw-p 00000000 00:00 0 
7f8184800000-7f8184804000 ---p 00000000 00:00 0 
7f8184804000-7f8184b01000 rw-p 00000000 00:00 0 
7f8184b01000-7f8184b05000 ---p 00000000 00:00 0 
7f8184b05000-7f8184e02000 rw-p 00000000 00:00 0 
7f8184e02000-7f8184e06000 ---p 00000000 00:00 0 
7f8184e06000-7f8185103000 rw-p 00000000 00:00 0 
7f8185103000-7f8185107000 ---p 00000000 00:00 0 
7f8185107000-7f8185204000 rw-p 00000000 00:00 0 
7f8185204000-7f8185205000 ---p 00000000 00:00 0 
7f8185205000-7f8185506000 rw-p 00000000 00:00 0 
7f8185506000-7f8185706000 rw-p 00000000 00:00 0 
7f8185706000-7f818570a000 ---p 00000000 00:00 0 
7f818570a000-7f8185807000 rw-p 00000000 00:00 0 
7f8185807000-7f818580b000 ---p 00000000 00:00 0 
7f818580b000-7f8185b08000 rw-p 00000000 00:00 0 
7f8185b08000-7f8185d08000 rw-p 00000000 00:00 0 
7f8185d08000-7f8185d0c000 ---p 00000000 00:00 0 
7f8185d0c000-7f8185e09000 rw-p 00000000 00:00 0 
7f8185e09000-7f8185e0a000 ---p 00000000 00:00 0 
7f8185e0a000-7f8185f0b000 rw-p 00000000 00:00 0 
7f8185f0b000-7f8185f0c000 ---p 00000000 00:00 0 
7f8185f0c000-7f818600d000 rw-p 00000000 00:00 0 
7f818600d000-7f818600e000 ---p 00000000 00:00 0 
7f818600e000-7f818610f000 rw-p 00000000 00:00 0 
7f818610f000-7f818611f000 r-xp 00000000 08:10 484044                     /home/swithun/.vscode-server/data/User/globalStorage/redhat.java/0.79.2/config_ss_linux/org.eclipse.equinox.launcher/org.eclipse.equinox.launcher.gtk.linux.x86_64_1.2.200.v20210406-1409/eclipse_11401.so
7f818611f000-7f818631e000 ---p 00010000 08:10 484044                     /home/swithun/.vscode-server/data/User/globalStorage/redhat.java/0.79.2/config_ss_linux/org.eclipse.equinox.launcher/org.eclipse.equinox.launcher.gtk.linux.x86_64_1.2.200.v20210406-1409/eclipse_11401.so
7f818631e000-7f818631f000 r--p 0000f000 08:10 484044                     /home/swithun/.vscode-server/data/User/globalStorage/redhat.java/0.79.2/config_ss_linux/org.eclipse.equinox.launcher/org.eclipse.equinox.launcher.gtk.linux.x86_64_1.2.200.v20210406-1409/eclipse_11401.so
7f818631f000-7f8186320000 rw-p 00010000 08:10 484044                     /home/swithun/.vscode-server/data/User/globalStorage/redhat.java/0.79.2/config_ss_linux/org.eclipse.equinox.launcher/org.eclipse.equinox.launcher.gtk.linux.x86_64_1.2.200.v20210406-1409/eclipse_11401.so
7f8186320000-7f8186324000 ---p 00000000 00:00 0 
7f8186324000-7f8186421000 rw-p 00000000 00:00 0 
7f8186421000-7f8186425000 ---p 00000000 00:00 0 
7f8186425000-7f8186522000 rw-p 00000000 00:00 0 
7f8186522000-7f8186526000 ---p 00000000 00:00 0 
7f8186526000-7f8186623000 rw-p 00000000 00:00 0 
7f8186623000-7f8186627000 ---p 00000000 00:00 0 
7f8186627000-7f8186645000 rw-p 00000000 00:00 0 
7f8186645000-7f8186649000 r--p 00000000 08:10 4841                       /usr/lib/jvm/java-11-openjdk-amd64/lib/libnet.so
7f8186649000-7f8186658000 r-xp 00004000 08:10 4841                       /usr/lib/jvm/java-11-openjdk-amd64/lib/libnet.so
7f8186658000-7f818665c000 r--p 00013000 08:10 4841                       /usr/lib/jvm/java-11-openjdk-amd64/lib/libnet.so
7f818665c000-7f818665d000 r--p 00016000 08:10 4841                       /usr/lib/jvm/java-11-openjdk-amd64/lib/libnet.so
7f818665d000-7f818665e000 rw-p 00017000 08:10 4841                       /usr/lib/jvm/java-11-openjdk-amd64/lib/libnet.so
7f818665e000-7f818665f000 ---p 00000000 00:00 0 
7f818665f000-7f8186760000 rw-p 00000000 00:00 0 
7f8186760000-7f8186764000 ---p 00000000 00:00 0 
7f8186764000-7f8186861000 rw-p 00000000 00:00 0 
7f8186861000-7f8186865000 ---p 00000000 00:00 0 
7f8186865000-7f8186962000 rw-p 00000000 00:00 0 
7f8186962000-7f8186966000 ---p 00000000 00:00 0 
7f8186966000-7f8186a63000 rw-p 00000000 00:00 0 
7f8186a63000-7f8186a67000 ---p 00000000 00:00 0 
7f8186a67000-7f8186b64000 rw-p 00000000 00:00 0 
7f8186b64000-7f8186b68000 ---p 00000000 00:00 0 
7f8186b68000-7f8186c65000 rw-p 00000000 00:00 0 
7f8186c65000-7f8186c69000 ---p 00000000 00:00 0 
7f8186c69000-7f8186d66000 rw-p 00000000 00:00 0 
7f8186d66000-7f8186d6a000 ---p 00000000 00:00 0 
7f8186d6a000-7f8186e67000 rw-p 00000000 00:00 0 
7f8186e67000-7f8186e99000 r--p 00000000 08:10 12752                      /usr/lib/locale/C.UTF-8/LC_CTYPE
7f8186e99000-7f818700c000 r--p 00000000 08:10 12751                      /usr/lib/locale/C.UTF-8/LC_COLLATE
7f818700c000-7f81872f2000 r--p 00000000 08:10 13350                      /usr/lib/locale/locale-archive
7f81872f2000-7f81872f6000 ---p 00000000 00:00 0 
7f81872f6000-7f81873f3000 rw-p 00000000 00:00 0 
7f81873f3000-7f81873f7000 ---p 00000000 00:00 0 
7f81873f7000-7f81874f4000 rw-p 00000000 00:00 0 
7f81874f4000-7f81874f5000 ---p 00000000 00:00 0 
7f81874f5000-7f8188000000 rw-p 00000000 00:00 0 
7f8188000000-7f8188021000 rw-p 00000000 00:00 0 
7f8188021000-7f818c000000 ---p 00000000 00:00 0 
7f818c008000-7f818c891000 rw-p 00000000 00:00 0 
7f818c891000-7f818cb01000 rwxp 00000000 00:00 0 
7f818cb01000-7f818ce21000 ---p 00000000 00:00 0 
7f818ce21000-7f818d7c1000 rwxp 00000000 00:00 0 
7f818d7c1000-7f8194359000 ---p 00000000 00:00 0 
7f8194359000-7f81945c9000 rwxp 00000000 00:00 0 
7f81945c9000-7f819b891000 ---p 00000000 00:00 0 
7f819b891000-7f81a4000000 r--s 00000000 08:10 4851                       /usr/lib/jvm/java-11-openjdk-amd64/lib/modules
7f81a4000000-7f81a4446000 rw-p 00000000 00:00 0 
7f81a4446000-7f81a8000000 ---p 00000000 00:00 0 
7f81a8013000-7f81a801a000 r--p 00000000 08:10 4842                       /usr/lib/jvm/java-11-openjdk-amd64/lib/libnio.so
7f81a801a000-7f81a8022000 r-xp 00007000 08:10 4842                       /usr/lib/jvm/java-11-openjdk-amd64/lib/libnio.so
7f81a8022000-7f81a8025000 r--p 0000f000 08:10 4842                       /usr/lib/jvm/java-11-openjdk-amd64/lib/libnio.so
7f81a8025000-7f81a8026000 r--p 00011000 08:10 4842                       /usr/lib/jvm/java-11-openjdk-amd64/lib/libnio.so
7f81a8026000-7f81a8027000 rw-p 00012000 08:10 4842                       /usr/lib/jvm/java-11-openjdk-amd64/lib/libnio.so
7f81a8027000-7f81a8028000 r--p 00000000 08:10 12758                      /usr/lib/locale/C.UTF-8/LC_NUMERIC
7f81a8028000-7f81a8029000 r--p 00000000 08:10 12761                      /usr/lib/locale/C.UTF-8/LC_TIME
7f81a8029000-7f81a8030000 r--s 00000000 08:10 30850                      /usr/lib/x86_64-linux-gnu/gconv/gconv-modules.cache
7f81a8030000-7f81aaa9f000 rw-p 00000000 00:00 0 
7f81aaa9f000-7f81aaaa0000 ---p 00000000 00:00 0 
7f81aaaa0000-7f81aabc3000 rw-p 00000000 00:00 0 
7f81aabc3000-7f81aacf7000 ---p 00000000 00:00 0 
7f81aacf7000-7f81aad19000 rw-p 00000000 00:00 0 
7f81aad19000-7f81aae4c000 ---p 00000000 00:00 0 
7f81aae4c000-7f81aae5c000 rw-p 00000000 00:00 0 
7f81aae5c000-7f81aaef7000 ---p 00000000 00:00 0 
7f81aaef7000-7f81aaefd000 rw-p 00000000 00:00 0 
7f81aaefd000-7f81aafe3000 ---p 00000000 00:00 0 
7f81aafe3000-7f81aaff7000 rw-p 00000000 00:00 0 
7f81aaff7000-7f81ab0ce000 ---p 00000000 00:00 0 
7f81ab0ce000-7f81ab0d3000 rw-p 00000000 00:00 0 
7f81ab0d3000-7f81ab0da000 ---p 00000000 00:00 0 
7f81ab0da000-7f81ab0dc000 r--p 00000000 08:10 4850                       /usr/lib/jvm/java-11-openjdk-amd64/lib/libzip.so
7f81ab0dc000-7f81ab0e0000 r-xp 00002000 08:10 4850                       /usr/lib/jvm/java-11-openjdk-amd64/lib/libzip.so
7f81ab0e0000-7f81ab0e2000 r--p 00006000 08:10 4850                       /usr/lib/jvm/java-11-openjdk-amd64/lib/libzip.so
7f81ab0e2000-7f81ab0e3000 r--p 00007000 08:10 4850                       /usr/lib/jvm/java-11-openjdk-amd64/lib/libzip.so
7f81ab0e3000-7f81ab0e4000 rw-p 00008000 08:10 4850                       /usr/lib/jvm/java-11-openjdk-amd64/lib/libzip.so
7f81ab0e4000-7f81ab0e7000 r--p 00000000 08:10 15821                      /usr/lib/x86_64-linux-gnu/libnss_files-2.31.so
7f81ab0e7000-7f81ab0ee000 r-xp 00003000 08:10 15821                      /usr/lib/x86_64-linux-gnu/libnss_files-2.31.so
7f81ab0ee000-7f81ab0f0000 r--p 0000a000 08:10 15821                      /usr/lib/x86_64-linux-gnu/libnss_files-2.31.so
7f81ab0f0000-7f81ab0f1000 r--p 0000b000 08:10 15821                      /usr/lib/x86_64-linux-gnu/libnss_files-2.31.so
7f81ab0f1000-7f81ab0f2000 rw-p 0000c000 08:10 15821                      /usr/lib/x86_64-linux-gnu/libnss_files-2.31.so
7f81ab0f2000-7f81ab0f8000 rw-p 00000000 00:00 0 
7f81ab0f8000-7f81ab0f9000 r--p 00000000 08:10 12756                      /usr/lib/locale/C.UTF-8/LC_MONETARY
7f81ab0f9000-7f81ab0fa000 r--p 00000000 08:10 12755                      /usr/lib/locale/C.UTF-8/LC_MESSAGES/SYS_LC_MESSAGES
7f81ab0fa000-7f81ab0fb000 r--p 00000000 08:10 12759                      /usr/lib/locale/C.UTF-8/LC_PAPER
7f81ab0fb000-7f81ab0fc000 r--p 00000000 08:10 12757                      /usr/lib/locale/C.UTF-8/LC_NAME
7f81ab0fc000-7f81ab0fd000 r--p 00000000 08:10 12750                      /usr/lib/locale/C.UTF-8/LC_ADDRESS
7f81ab0fd000-7f81ab0fe000 r--p 00000000 08:10 12760                      /usr/lib/locale/C.UTF-8/LC_TELEPHONE
7f81ab0fe000-7f81ab106000 rw-s 00000000 08:10 627849                     /tmp/hsperfdata_swithun/3869
7f81ab106000-7f81ab114000 r--p 00000000 08:10 4829                       /usr/lib/jvm/java-11-openjdk-amd64/lib/libjava.so
7f81ab114000-7f81ab12a000 r-xp 0000e000 08:10 4829                       /usr/lib/jvm/java-11-openjdk-amd64/lib/libjava.so
7f81ab12a000-7f81ab131000 r--p 00024000 08:10 4829                       /usr/lib/jvm/java-11-openjdk-amd64/lib/libjava.so
7f81ab131000-7f81ab132000 r--p 0002a000 08:10 4829                       /usr/lib/jvm/java-11-openjdk-amd64/lib/libjava.so
7f81ab132000-7f81ab133000 rw-p 0002b000 08:10 4829                       /usr/lib/jvm/java-11-openjdk-amd64/lib/libjava.so
7f81ab133000-7f81ab134000 rw-p 00000000 00:00 0 
7f81ab134000-7f81ab139000 r--p 00000000 08:10 4849                       /usr/lib/jvm/java-11-openjdk-amd64/lib/libverify.so
7f81ab139000-7f81ab140000 r-xp 00005000 08:10 4849                       /usr/lib/jvm/java-11-openjdk-amd64/lib/libverify.so
7f81ab140000-7f81ab142000 r--p 0000c000 08:10 4849                       /usr/lib/jvm/java-11-openjdk-amd64/lib/libverify.so
7f81ab142000-7f81ab143000 ---p 0000e000 08:10 4849                       /usr/lib/jvm/java-11-openjdk-amd64/lib/libverify.so
7f81ab143000-7f81ab145000 r--p 0000e000 08:10 4849                       /usr/lib/jvm/java-11-openjdk-amd64/lib/libverify.so
7f81ab145000-7f81ab146000 rw-p 00010000 08:10 4849                       /usr/lib/jvm/java-11-openjdk-amd64/lib/libverify.so
7f81ab146000-7f81ab149000 r--p 00000000 08:10 15925                      /usr/lib/x86_64-linux-gnu/librt-2.31.so
7f81ab149000-7f81ab14d000 r-xp 00003000 08:10 15925                      /usr/lib/x86_64-linux-gnu/librt-2.31.so
7f81ab14d000-7f81ab14e000 r--p 00007000 08:10 15925                      /usr/lib/x86_64-linux-gnu/librt-2.31.so
7f81ab14e000-7f81ab14f000 ---p 00008000 08:10 15925                      /usr/lib/x86_64-linux-gnu/librt-2.31.so
7f81ab14f000-7f81ab150000 r--p 00008000 08:10 15925                      /usr/lib/x86_64-linux-gnu/librt-2.31.so
7f81ab150000-7f81ab151000 rw-p 00009000 08:10 15925                      /usr/lib/x86_64-linux-gnu/librt-2.31.so
7f81ab151000-7f81ab155000 ---p 00000000 00:00 0 
7f81ab155000-7f81ab252000 rw-p 00000000 00:00 0 
7f81ab252000-7f81ab255000 r--p 00000000 08:10 15430                      /usr/lib/x86_64-linux-gnu/libgcc_s.so.1
7f81ab255000-7f81ab267000 r-xp 00003000 08:10 15430                      /usr/lib/x86_64-linux-gnu/libgcc_s.so.1
7f81ab267000-7f81ab26b000 r--p 00015000 08:10 15430                      /usr/lib/x86_64-linux-gnu/libgcc_s.so.1
7f81ab26b000-7f81ab26c000 r--p 00018000 08:10 15430                      /usr/lib/x86_64-linux-gnu/libgcc_s.so.1
7f81ab26c000-7f81ab26d000 rw-p 00019000 08:10 15430                      /usr/lib/x86_64-linux-gnu/libgcc_s.so.1
7f81ab26d000-7f81ab27c000 r--p 00000000 08:10 15815                      /usr/lib/x86_64-linux-gnu/libm-2.31.so
7f81ab27c000-7f81ab323000 r-xp 0000f000 08:10 15815                      /usr/lib/x86_64-linux-gnu/libm-2.31.so
7f81ab323000-7f81ab3ba000 r--p 000b6000 08:10 15815                      /usr/lib/x86_64-linux-gnu/libm-2.31.so
7f81ab3ba000-7f81ab3bb000 r--p 0014c000 08:10 15815                      /usr/lib/x86_64-linux-gnu/libm-2.31.so
7f81ab3bb000-7f81ab3bc000 rw-p 0014d000 08:10 15815                      /usr/lib/x86_64-linux-gnu/libm-2.31.so
7f81ab3bc000-7f81ab452000 r--p 00000000 08:10 15438                      /usr/lib/x86_64-linux-gnu/libstdc++.so.6.0.28
7f81ab452000-7f81ab542000 r-xp 00096000 08:10 15438                      /usr/lib/x86_64-linux-gnu/libstdc++.so.6.0.28
7f81ab542000-7f81ab58b000 r--p 00186000 08:10 15438                      /usr/lib/x86_64-linux-gnu/libstdc++.so.6.0.28
7f81ab58b000-7f81ab58c000 ---p 001cf000 08:10 15438                      /usr/lib/x86_64-linux-gnu/libstdc++.so.6.0.28
7f81ab58c000-7f81ab597000 r--p 001cf000 08:10 15438                      /usr/lib/x86_64-linux-gnu/libstdc++.so.6.0.28
7f81ab597000-7f81ab59a000 rw-p 001da000 08:10 15438                      /usr/lib/x86_64-linux-gnu/libstdc++.so.6.0.28
7f81ab59a000-7f81ab59d000 rw-p 00000000 00:00 0 
7f81ab59d000-7f81ab816000 r--p 00000000 08:10 4857                       /usr/lib/jvm/java-11-openjdk-amd64/lib/server/libjvm.so
7f81ab816000-7f81ac497000 r-xp 00279000 08:10 4857                       /usr/lib/jvm/java-11-openjdk-amd64/lib/server/libjvm.so
7f81ac497000-7f81ac6ed000 r--p 00efa000 08:10 4857                       /usr/lib/jvm/java-11-openjdk-amd64/lib/server/libjvm.so
7f81ac6ed000-7f81ac6ee000 ---p 01150000 08:10 4857                       /usr/lib/jvm/java-11-openjdk-amd64/lib/server/libjvm.so
7f81ac6ee000-7f81ac7af000 r--p 01150000 08:10 4857                       /usr/lib/jvm/java-11-openjdk-amd64/lib/server/libjvm.so
7f81ac7af000-7f81ac7ea000 rw-p 01211000 08:10 4857                       /usr/lib/jvm/java-11-openjdk-amd64/lib/server/libjvm.so
7f81ac7ea000-7f81ac843000 rw-p 00000000 00:00 0 
7f81ac843000-7f81ac84a000 r--p 00000000 08:10 15923                      /usr/lib/x86_64-linux-gnu/libpthread-2.31.so
7f81ac84a000-7f81ac85b000 r-xp 00007000 08:10 15923                      /usr/lib/x86_64-linux-gnu/libpthread-2.31.so
7f81ac85b000-7f81ac860000 r--p 00018000 08:10 15923                      /usr/lib/x86_64-linux-gnu/libpthread-2.31.so
7f81ac860000-7f81ac861000 r--p 0001c000 08:10 15923                      /usr/lib/x86_64-linux-gnu/libpthread-2.31.so
7f81ac861000-7f81ac862000 rw-p 0001d000 08:10 15923                      /usr/lib/x86_64-linux-gnu/libpthread-2.31.so
7f81ac862000-7f81ac866000 rw-p 00000000 00:00 0 
7f81ac866000-7f81ac867000 r--p 00000000 08:10 15814                      /usr/lib/x86_64-linux-gnu/libdl-2.31.so
7f81ac867000-7f81ac869000 r-xp 00001000 08:10 15814                      /usr/lib/x86_64-linux-gnu/libdl-2.31.so
7f81ac869000-7f81ac86a000 r--p 00003000 08:10 15814                      /usr/lib/x86_64-linux-gnu/libdl-2.31.so
7f81ac86a000-7f81ac86b000 r--p 00003000 08:10 15814                      /usr/lib/x86_64-linux-gnu/libdl-2.31.so
7f81ac86b000-7f81ac86c000 rw-p 00004000 08:10 15814                      /usr/lib/x86_64-linux-gnu/libdl-2.31.so
7f81ac86c000-7f81ac86e000 r--p 00000000 08:10 3135                       /usr/lib/x86_64-linux-gnu/libz.so.1.2.11
7f81ac86e000-7f81ac87f000 r-xp 00002000 08:10 3135                       /usr/lib/x86_64-linux-gnu/libz.so.1.2.11
7f81ac87f000-7f81ac885000 r--p 00013000 08:10 3135                       /usr/lib/x86_64-linux-gnu/libz.so.1.2.11
7f81ac885000-7f81ac886000 ---p 00019000 08:10 3135                       /usr/lib/x86_64-linux-gnu/libz.so.1.2.11
7f81ac886000-7f81ac887000 r--p 00019000 08:10 3135                       /usr/lib/x86_64-linux-gnu/libz.so.1.2.11
7f81ac887000-7f81ac888000 rw-p 0001a000 08:10 3135                       /usr/lib/x86_64-linux-gnu/libz.so.1.2.11
7f81ac888000-7f81ac8ad000 r--p 00000000 08:10 15813                      /usr/lib/x86_64-linux-gnu/libc-2.31.so
7f81ac8ad000-7f81aca25000 r-xp 00025000 08:10 15813                      /usr/lib/x86_64-linux-gnu/libc-2.31.so
7f81aca25000-7f81aca6f000 r--p 0019d000 08:10 15813                      /usr/lib/x86_64-linux-gnu/libc-2.31.so
7f81aca6f000-7f81aca70000 ---p 001e7000 08:10 15813                      /usr/lib/x86_64-linux-gnu/libc-2.31.so
7f81aca70000-7f81aca73000 r--p 001e7000 08:10 15813                      /usr/lib/x86_64-linux-gnu/libc-2.31.so
7f81aca73000-7f81aca76000 rw-p 001ea000 08:10 15813                      /usr/lib/x86_64-linux-gnu/libc-2.31.so
7f81aca76000-7f81aca7a000 rw-p 00000000 00:00 0 
7f81aca7a000-7f81aca7b000 r--p 00000000 08:10 12754                      /usr/lib/locale/C.UTF-8/LC_MEASUREMENT
7f81aca7b000-7f81aca7d000 r--s 0000c000 08:10 5509                       /usr/share/java/java-atk-wrapper.jar
7f81aca7d000-7f81aca7e000 ---p 00000000 00:00 0 
7f81aca7e000-7f81aca7f000 r--p 00000000 00:00 0 
7f81aca7f000-7f81aca81000 r--p 00000000 08:10 4833                       /usr/lib/jvm/java-11-openjdk-amd64/lib/libjimage.so
7f81aca81000-7f81aca84000 r-xp 00002000 08:10 4833                       /usr/lib/jvm/java-11-openjdk-amd64/lib/libjimage.so
7f81aca84000-7f81aca85000 r--p 00005000 08:10 4833                       /usr/lib/jvm/java-11-openjdk-amd64/lib/libjimage.so
7f81aca85000-7f81aca86000 ---p 00006000 08:10 4833                       /usr/lib/jvm/java-11-openjdk-amd64/lib/libjimage.so
7f81aca86000-7f81aca87000 r--p 00006000 08:10 4833                       /usr/lib/jvm/java-11-openjdk-amd64/lib/libjimage.so
7f81aca87000-7f81aca88000 rw-p 00007000 08:10 4833                       /usr/lib/jvm/java-11-openjdk-amd64/lib/libjimage.so
7f81aca88000-7f81aca8b000 r--p 00000000 08:10 4813                       /usr/lib/jvm/java-11-openjdk-amd64/lib/jli/libjli.so
7f81aca8b000-7f81aca95000 r-xp 00003000 08:10 4813                       /usr/lib/jvm/java-11-openjdk-amd64/lib/jli/libjli.so
7f81aca95000-7f81aca98000 r--p 0000d000 08:10 4813                       /usr/lib/jvm/java-11-openjdk-amd64/lib/jli/libjli.so
7f81aca98000-7f81aca99000 ---p 00010000 08:10 4813                       /usr/lib/jvm/java-11-openjdk-amd64/lib/jli/libjli.so
7f81aca99000-7f81aca9a000 r--p 00010000 08:10 4813                       /usr/lib/jvm/java-11-openjdk-amd64/lib/jli/libjli.so
7f81aca9a000-7f81aca9b000 rw-p 00011000 08:10 4813                       /usr/lib/jvm/java-11-openjdk-amd64/lib/jli/libjli.so
7f81aca9b000-7f81aca9d000 rw-p 00000000 00:00 0 
7f81aca9d000-7f81aca9e000 r--p 00000000 08:10 15728                      /usr/lib/x86_64-linux-gnu/ld-2.31.so
7f81aca9e000-7f81acac1000 r-xp 00001000 08:10 15728                      /usr/lib/x86_64-linux-gnu/ld-2.31.so
7f81acac1000-7f81acac9000 r--p 00024000 08:10 15728                      /usr/lib/x86_64-linux-gnu/ld-2.31.so
7f81acac9000-7f81acaca000 r--p 00000000 08:10 12753                      /usr/lib/locale/C.UTF-8/LC_IDENTIFICATION
7f81acaca000-7f81acacb000 r--p 0002c000 08:10 15728                      /usr/lib/x86_64-linux-gnu/ld-2.31.so
7f81acacb000-7f81acacc000 rw-p 0002d000 08:10 15728                      /usr/lib/x86_64-linux-gnu/ld-2.31.so
7f81acacc000-7f81acacd000 rw-p 00000000 00:00 0 
7ffc1ceda000-7ffc1cefd000 rw-p 00000000 00:00 0                          [stack]
7ffc1cf88000-7ffc1cf8b000 r--p 00000000 00:00 0                          [vvar]
7ffc1cf8b000-7ffc1cf8c000 r-xp 00000000 00:00 0                          [vdso]


VM Arguments:
jvm_args: --add-modules=ALL-SYSTEM --add-opens=java.base/java.util=ALL-UNNAMED --add-opens=java.base/java.lang=ALL-UNNAMED -Declipse.application=org.eclipse.jdt.ls.core.id1 -Dosgi.bundles.defaultStartLevel=4 -Declipse.product=org.eclipse.jdt.ls.core.product -Dfile.encoding=utf8 -XX:+UseParallelGC -XX:GCTimeRatio=4 -XX:AdaptiveSizePolicyWeight=90 -Dsun.zip.disableMemoryMapping=true -Xmx1G -Xms100m -Xverify:none 
java_command: /home/swithun/.vscode-server/extensions/redhat.java-0.79.2/server/plugins/org.eclipse.equinox.launcher_1.6.100.v20201223-0822.jar -configuration /home/swithun/.vscode-server/data/User/globalStorage/redhat.java/0.79.2/config_ss_linux -data /home/swithun/.vscode-server/data/User/workspaceStorage/d97e96bfa81d96c4b347742af0e7446d/redhat.java/ss_ws
java_class_path (initial): /home/swithun/.vscode-server/extensions/redhat.java-0.79.2/server/plugins/org.eclipse.equinox.launcher_1.6.100.v20201223-0822.jar
Launcher Type: SUN_STANDARD

[Global flags]

[error occurred during error reporting (printing flags), id 0x7, SIGBUS (0x7) at pc=0x00007f81abeb6177]


[error occurred during error reporting (printing warning if internal testing API used), id 0x7, SIGBUS (0x7) at pc=0x00007f81ac41eb96]

Logging:
Log output configuration:
 #0: stdout all=warning
[error occurred during error reporting (printing log configuration), id 0x7, SIGBUS (0x7) at pc=0x00007f81abff1e03]

Environment Variables:
PATH=/home/swithun/.vscode-server/bin/054a9295330880ed74ceaedda236253b4f39a335/bin:/home/swithun/.sdkman/candidates/springboot/current/bin:/home/swithun/.nvm/versions/node/v15.6.0/bin:/usr/local/sbin:/usr/local/bin:/usr/sbin:/usr/bin:/sbin:/bin:/usr/games:/usr/local/games:/mnt/d/program/oracle/WINDOWS.X64_193000_db_home/bin:/mnt/c/WINDOWS/system32:/mnt/c/WINDOWS:/mnt/c/WINDOWS/System32/Wbem:/mnt/c/WINDOWS/System32/WindowsPowerShell/v1.0/:/mnt/c/WINDOWS/System32/OpenSSH/:/mnt/d/Program Files/RedHat/java-11-openjdk-11.0.8-2/bin:/mnt/d/Program Files/RedHat/java-11-openjdk-11.0.8-2/jre/bin:/mnt/d/SDK/Android/Sdk/tools:/mnt/c/Editor/Neovim/bin:/mnt/c/Program Files/cmder:/mnt/c/Users/25710/AppData/Local/Pandoc/:/mnt/c/software/apache-tomcat-9.0.24/bin:/mnt/c/software/apache-tomcat-9.0.24/lib:/mnt/c/software/apache-tomcat-9.0.24-2/bin:/mnt/c/software/apache-tomcat-9.0.24-2/lib:/mnt/c/Program Files/OpenSSL-Win64/bin:/mnt/c/Program Files/dotnet/:/mnt/c/Program Files/Intel/WiFi/bin/:/mnt/c/Program Files/Common Files/Intel/WirelessCommon/:/mnt/c/software/nodejs/:/mnt/d/SDK/Android/Sdk:/mnt/d/SDK/Flutter/flutter/bin:/mnt/d/texlive/2019/bin/win32:/mnt/c/Program Files/MongoDB/Server/4.2/bin:/mnt/c/Program Files (x86)/Vim/vim81:/mnt/c/Windows/System32/WindowsPowerShell/v1.0/powershell.exe:/mnt/d/program/-/sqlcl/bin:/mnt/d/:/mnt/c/:/mnt/c/Program Files/Microsoft SQL Server/100/Tools/Binn/:/mnt/c/Program Files/Microsoft SQL Server/100/DTS/Binn/:/mnt/d/share/env/bin/amd64:/mnt/c/Users/25710/AppData/Roaming/npm:/mnt/c/Users/25710/AppData/Local/Programs/Python/Python38:/mnt/c/Program Files/Sublime Text 3/:/mnt/d/Program Files/Microsoft SQL Server/Client SDK/ODBC/170/Tools/Binn/:/mnt/d/Program Files (x86)/Microsoft SQL Server/150/Tools/Binn/:/mnt/d/Program Files/Microsoft SQL Server/150/Tools/Binn/:/mnt/d/Program Files/Microsoft SQL Server/150/DTS/Binn/:/mnt/d/Program Files (x86)/Microsoft SQL Server/150/DTS/Binn/:/mnt/d/Program Files/RedHat/java-11-openjdk-11.0.8-2/bin:/mnt/c/
SHELL=/bin/zsh
HOSTTYPE=x86_64
LANG=C.UTF-8

Signal Handlers:
SIGSEGV: [libjvm.so+0xe85e00], sa_mask[0]=11111111011111111101111111111110, sa_flags=SA_RESTART|SA_SIGINFO
SIGBUS: [libjvm.so+0xe85e00], sa_mask[0]=11111111011111111101111111111110, sa_flags=SA_RESTART|SA_SIGINFO
SIGFPE: [libjvm.so+0xe85e00], sa_mask[0]=11111111011111111101111111111110, sa_flags=SA_RESTART|SA_SIGINFO
SIGPIPE: [libjvm.so+0xbcbc30], sa_mask[0]=11111111011111111101111111111110, sa_flags=SA_RESTART|SA_SIGINFO
SIGXFSZ: [libjvm.so+0xbcbc30], sa_mask[0]=11111111011111111101111111111110, sa_flags=SA_RESTART|SA_SIGINFO
SIGILL: [libjvm.so+0xe85e00], sa_mask[0]=11111111011111111101111111111110, sa_flags=SA_RESTART|SA_SIGINFO
SIGUSR2: [libjvm.so+0xbcbad0], sa_mask[0]=00000000000000000000000000000000, sa_flags=SA_RESTART|SA_SIGINFO
SIGHUP: [libjvm.so+0xbcbf70], sa_mask[0]=11111111011111111101111111111110, sa_flags=SA_RESTART|SA_SIGINFO
SIGINT: [libjvm.so+0xbcbf70], sa_mask[0]=11111111011111111101111111111110, sa_flags=SA_RESTART|SA_SIGINFO
SIGTERM: [libjvm.so+0xbcbf70], sa_mask[0]=11111111011111111101111111111110, sa_flags=SA_RESTART|SA_SIGINFO
SIGQUIT: [libjvm.so+0xbcbf70], sa_mask[0]=11111111011111111101111111111110, sa_flags=SA_RESTART|SA_SIGINFO


---------------  S Y S T E M  ---------------

OS:DISTRIB_ID=Ubuntu
DISTRIB_RELEASE=20.04
DISTRIB_CODENAME=focal
DISTRIB_DESCRIPTION="Ubuntu 20.04.2 LTS"
uname:Linux 5.4.72-microsoft-standard-WSL2 #1 SMP Wed Oct 28 23:40:43 UTC 2020 x86_64
OS uptime: 0 days 3:09 hours
libc:glibc 2.31 NPTL 2.31 
rlimit (soft/hard): STACK 8192k/infinity , CORE 0k/infinity , NPROC 23756/23756 , NOFILE 4096/4096 , AS infinity/infinity , CPU infinity/infinity , DATA infinity/infinity , FSIZE infinity/infinity , MEMLOCK 64k/64k
load average:15.53 3.74 1.27

/proc/meminfo:
MemTotal:        6086184 kB
MemFree:         3674916 kB
MemAvailable:    3599948 kB
Buffers:            5328 kB
Cached:            49620 kB
SwapCached:       231828 kB
Active:          1827456 kB
Inactive:         439652 kB
Active(anon):    1806168 kB
Inactive(anon):   406076 kB
Active(file):      21288 kB
Inactive(file):    33576 kB
Unevictable:           0 kB
Mlocked:               0 kB
SwapTotal:       2097152 kB
SwapFree:        1674752 kB
Dirty:               300 kB
Writeback:             0 kB
AnonPages:       1986996 kB
Mapped:            19748 kB
Shmem:                44 kB
KReclaimable:      43716 kB
Slab:              73388 kB
SReclaimable:      43716 kB
SUnreclaim:        29672 kB
KernelStack:        6080 kB
PageTables:         9732 kB
NFS_Unstable:          0 kB
Bounce:                0 kB
WritebackTmp:          0 kB
CommitLimit:     5140244 kB
Committed_AS:    2634008 kB
VmallocTotal:   34359738367 kB
VmallocUsed:       25180 kB
VmallocChunk:          0 kB
Percpu:             1752 kB
AnonHugePages:   1396736 kB
ShmemHugePages:        0 kB
ShmemPmdMapped:        0 kB
FileHugePages:         0 kB
FilePmdMapped:         0 kB
HugePages_Total:       0
HugePages_Free:        0
HugePages_Rsvd:        0
HugePages_Surp:        0
Hugepagesize:       2048 kB
Hugetlb:               0 kB
DirectMap4k:       13312 kB
DirectMap2M:     2082816 kB
DirectMap1G:     5242880 kB

/sys/kernel/mm/transparent_hugepage/enabled:
[always] madvise never
/sys/kernel/mm/transparent_hugepage/defrag (defrag/compaction efforts parameter):
always defer defer+madvise [madvise] never

/proc/sys/kernel/threads-max (system-wide limit on the number of threads):
47512
/proc/sys/vm/max_map_count (maximum number of memory map areas a process may have):
65530
/proc/sys/kernel/pid_max (system-wide limit on number of process identifiers):
32768

container (cgroup) information:
container_type: cgroupv1
cpu_cpuset_cpus: 0-4
cpu_memory_nodes: 0
active_processor_count: 5
cpu_quota: -1
cpu_period: 100000
cpu_shares: -1
memory_limit_in_bytes: -1
memory_and_swap_limit_in_bytes: -1
memory_soft_limit_in_bytes: -1
memory_usage_in_bytes: 2321190912
memory_max_usage_in_bytes: 3615010816

Hyper-V virtualization detected
Steal ticks since vm start: 0
Steal ticks percentage since vm start:  0.000

CPU:total 5 (initial active 5) (4 cores per cpu, 2 threads per core) family 6 model 158 stepping 9 microcode 0xffffffff, cmov, cx8, fxsr, mmx, sse, sse2, sse3, ssse3, sse4.1, sse4.2, popcnt, avx, avx2, aes, clmul, erms, 3dnowpref, lzcnt, ht, tsc, bmi1, bmi2, adx, fma
CPU Model and flags from /proc/cpuinfo:
model name	: Intel(R) Core(TM) i7-7700HQ CPU @ 2.80GHz
flags		: fpu vme de pse tsc msr pae mce cx8 apic sep mtrr pge mca cmov pat pse36 clflush mmx fxsr sse sse2 ss ht syscall nx pdpe1gb rdtscp lm constant_tsc rep_good nopl xtopology cpuid pni pclmulqdq ssse3 fma cx16 pcid sse4_1 sse4_2 movbe popcnt aes xsave avx f16c rdrand hypervisor lahf_lm abm 3dnowprefetch invpcid_single pti ssbd ibrs ibpb stibp fsgsbase bmi1 avx2 smep bmi2 erms invpcid rdseed adx smap clflushopt xsaveopt xsavec xgetbv1 xsaves flush_l1d arch_capabilities
Online cpus:
0-4
Offline cpus:

BIOS frequency limitation:
<Not Available>
Frequency switch latency (ns):
<Not Available>
Available cpu frequencies:
<Not Available>
Current governor:
<Not Available>
Core performance/turbo boost:
<Not Available>

Memory: 4k page, physical 6086184k(3674916k free), swap 2097152k(1674752k free)

vm_info: OpenJDK 64-Bit Server VM (11.0.10+9-Ubuntu-0ubuntu1.20.04) for linux-amd64 JRE (11.0.10+9-Ubuntu-0ubuntu1.20.04), built on Jan 20 2021 02:32:18 by "unknown" with gcc 9.3.0

END.
