#
# A fatal error has been detected by the Java Runtime Environment:
#
#  SIGBUS (0x7) at pc=0x00007f2192209a41, pid=24453, tid=24476
#
# JRE version: OpenJDK Runtime Environment (11.0.10+9) (build 11.0.10+9-Ubuntu-0ubuntu1.20.04)
# Java VM: OpenJDK 64-Bit Server VM (11.0.10+9-Ubuntu-0ubuntu1.20.04, mixed mode, sharing, tiered, compressed oops, g1 gc, linux-amd64)
# Problematic frame:
# 
[error occurred during error reporting (printing problematic frame), id 0x7, SIGBUS (0x7) at pc=0x00007f2192150de4]

# No core dump will be written. 
#
# If you would like to submit a bug report, please visit:
#   https://bugs.launchpad.net/ubuntu/+source/openjdk-lts
#

---------------  S U M M A R Y ------------

Command Line: -Xverify:none -XX:TieredStopAtLevel=1 com.swithun.backend.BackendApplication

Host: Intel(R) Core(TM) i7-7700HQ CPU @ 2.80GHz, 5 cores, 5G, Ubuntu 20.04.2 LTS
Time: Mon May 17 08:51:03 2021 CST elapsed time: 11101.548749 seconds (0d 3h 5m 1s)

---------------  T H R E A D  ---------------

Current thread (0x00007f2158007000):  GCTaskThread "GC Thread#4" [stack: 0x00007f2164993000,0x00007f2164a93000] [id=24476]

Stack: [0x00007f2164993000,0x00007f2164a93000],  sp=0x00007f2164a91c80,  free space=1019k
Native frames: (J=compiled Java code, A=aot compiled Java code, j=interpreted, Vv=VM code, C=native code)

[error occurred during error reporting (printing native stack), id 0x7, SIGBUS (0x7) at pc=0x00007f2192150de4]


siginfo: si_signo: 7 (SIGBUS), si_code: 2 (BUS_ADRERR), si_addr: 0x00007f2158059708

Register to memory mapping:

RAX=
[error occurred during error reporting (printing register info), id 0x7, SIGBUS (0x7) at pc=0x00007f21748d6c8a]

Registers:
RAX=0x00007f21580596f0, RBX=0x0000000000000140, RCX=0x0000000000000031, RDX=0x00007f2158050a20
RSP=0x00007f2164a91c80, RBP=0x00007f2158000020, RSI=0x0000000000000000, RDI=0x00007f2158065d80
R8 =0x0000000000000007, R9 =0x00007f2164a91d68, R10=0x00007f2164a91d60, R11=0x0000000000010983
R12=0x00007f2158065d80, R13=0x00007f2158065ec0, R14=0x0000000000001010, R15=0x0000000000000001
RIP=0x00007f2192209a41, EFLAGS=0x0000000000010246, CSGSFS=0x002b000000000033, ERR=0x0000000000000004
  TRAPNO=0x000000000000000e

Top of Stack: (sp=0x00007f2164a91c80)
0x00007f2164a91c80:   00007f2165ffe400 00007f219220abc9
0x00007f2164a91c90:   00007f21920b6818 00007f2164a91d00
0x00007f2164a91ca0:   0000000000000005 0000000091280336
0x00007f2164a91cb0:   0000000000000000 0000000000000000 

Instructions: (pc=0x00007f2192209a41)
0x00007f2192209941:   c0 0f 85 88 00 00 00 ba 01 00 00 00 41 0f b1 14
0x00007f2192209951:   24 64 4c 89 23 4c 89 e0 5b 5d 41 5c c3 66 90 45
0x00007f2192209961:   31 e4 5b 5d 4c 89 e0 41 5c c3 0f 1f 44 00 00 31
0x00007f2192209971:   c0 ba 01 00 00 00 f0 0f b1 15 e9 61 15 00 0f 84
0x00007f2192209981:   44 ff ff ff 48 8d 3d dc 61 15 00 e8 8f ed ff ff
0x00007f2192209991:   e9 33 ff ff ff 66 2e 0f 1f 84 00 00 00 00 00 31
0x00007f21922099a1:   c0 87 05 c0 61 15 00 83 f8 01 7e 85 45 31 d2 ba
0x00007f21922099b1:   01 00 00 00 be 81 00 00 00 b8 ca 00 00 00 48 8d
0x00007f21922099c1:   3d a2 61 15 00 0f 05 e9 65 ff ff ff 0f 1f 00 31
0x00007f21922099d1:   c0 ba 01 00 00 00 f0 41 0f b1 14 24 0f 84 6f ff
0x00007f21922099e1:   ff ff 4c 89 e7 e8 35 ed ff ff e9 62 ff ff ff 48
0x00007f21922099f1:   8d 0d c9 45 12 00 ba 02 03 00 00 48 8d 35 11 fa
0x00007f2192209a01:   11 00 48 8d 3d 12 fa 11 00 e8 f1 f9 ff ff e8 4c
0x00007f2192209a11:   fe ff ff 66 66 2e 0f 1f 84 00 00 00 00 00 90 48
0x00007f2192209a21:   83 ec 08 48 8b 4f 08 48 89 c8 48 83 e0 f8 48 3b
0x00007f2192209a31:   04 07 0f 85 a6 00 00 00 48 8b 47 10 48 8b 57 18
0x00007f2192209a41:   48 3b 78 18 75 79 48 3b 7a 10 75 73 48 89 50 18
0x00007f2192209a51:   48 89 42 10 48 81 f9 ff 03 00 00 76 2c 48 8b 57
0x00007f2192209a61:   20 48 85 d2 74 23 48 3b 7a 28 75 7e 48 8b 4f 28
0x00007f2192209a71:   48 3b 79 20 75 74 48 83 78 20 00 74 12 48 89 4a
0x00007f2192209a81:   28 48 8b 47 28 48 89 50 20 48 83 c4 08 c3 90 48
0x00007f2192209a91:   39 d7 74 3b 66 48 0f 6e c2 66 48 0f 6e c9 66 0f
0x00007f2192209aa1:   6c c1 0f 11 40 20 48 8b 57 20 48 89 42 28 48 8b
0x00007f2192209ab1:   57 28 48 89 42 20 eb d1 0f 1f 80 00 00 00 00 48
0x00007f2192209ac1:   8d 3d 90 f9 11 00 e8 94 f9 ff ff 0f 1f 40 00 66
0x00007f2192209ad1:   48 0f 6e c0 66 0f 6c c0 0f 11 40 20 eb ab 48 8d
0x00007f2192209ae1:   3d 54 f9 11 00 e8 75 f9 ff ff 48 8d 3d 56 37 12
0x00007f2192209af1:   00 e8 69 f9 ff ff 66 0f 1f 84 00 00 00 00 00 41
0x00007f2192209b01:   57 48 8d 47 60 49 89 ff 41 56 41 55 4c 8d 6f 10
0x00007f2192209b11:   41 54 55 53 48 83 ec 18 c7 47 08 00 00 00 00 48
0x00007f2192209b21:   89 44 24 08 31 db 49 87 5d 00 48 85 db 75 74 49
0x00007f2192209b31:   83 c5 08 4c 39 6c 24 08 75 ea 48 83 c4 18 5b 5d 


Stack slot to memory mapping:
stack at sp + 0 slots: 
[error occurred during error reporting (inspecting top of stack), id 0x7, SIGBUS (0x7) at pc=0x00007f2192150de4]


---------------  P R O C E S S  ---------------

Threads class SMR info:
_java_thread_list=0x00007f20e4008300, length=44, elements={
0x00007f218c0ed800, 0x00007f218c0ef800, 0x00007f218c0f7800, 0x00007f218c0f9800,
0x00007f218c0fc000, 0x00007f218c0fe000, 0x00007f218c169000, 0x00007f21248c5800,
0x00007f218c017000, 0x00007f2125298000, 0x00007f212538c000, 0x00007f21253a6000,
0x00007f212538b000, 0x00007f21253a8000, 0x00007f2125395800, 0x00007f212539b800,
0x00007f2125393800, 0x00007f2125397800, 0x00007f2125399800, 0x00007f2124cd2800,
0x00007f212538e000, 0x00007f212538f800, 0x00007f2125299800, 0x00007f212537e000,
0x00007f20d016b800, 0x00007f20d0191800, 0x00007f211002b800, 0x00007f2110031000,
0x00007f2110032000, 0x00007f2110033000, 0x00007f2110041000, 0x00007f2110044800,
0x00007f2110046000, 0x00007f2110047000, 0x00007f2110048800, 0x00007f211004a000,
0x00007f211004b800, 0x00007f211004d000, 0x00007f211004e800, 0x00007f2110050800,
0x00007f2110052000, 0x00007f2110053800, 0x00007f2110058000, 0x00007f211005a000
}

Java Threads: ( => current thread )
  0x00007f218c0ed800 JavaThread "Reference Handler" daemon [_thread_blocked, id=24462, stack(0x00007f2165dfd000,0x00007f2165efe000)]
  0x00007f218c0ef800 JavaThread "Finalizer" daemon [_thread_blocked, id=24463, stack(0x00007f2165cfc000,0x00007f2165dfd000)]
  0x00007f218c0f7800 JavaThread "Signal Dispatcher" daemon [_thread_blocked, id=24464, stack(0x00007f21657a2000,0x00007f21658a3000)]
  0x00007f218c0f9800 JavaThread "Service Thread" daemon [_thread_blocked, id=24465, stack(0x00007f21656a1000,0x00007f21657a2000)]
  0x00007f218c0fc000 JavaThread "C1 CompilerThread0" daemon [_thread_blocked, id=24466, stack(0x00007f21655a0000,0x00007f21656a1000)]
  0x00007f218c0fe000 JavaThread "Sweeper thread" daemon [_thread_blocked, id=24467, stack(0x00007f216549f000,0x00007f21655a0000)]
  0x00007f218c169000 JavaThread "Common-Cleaner" daemon [_thread_blocked, id=24469, stack(0x00007f216529c000,0x00007f216539d000)]
  0x00007f21248c5800 JavaThread "mysql-cj-abandoned-connection-cleanup" daemon [_thread_blocked, id=24478, stack(0x00007f2164e97000,0x00007f2164f98000)]
  0x00007f218c017000 JavaThread "DestroyJavaVM" [_thread_blocked, id=24454, stack(0x00007f2190a3a000,0x00007f2190b3b000)]
  0x00007f2125298000 JavaThread "File Watcher" daemon [_thread_blocked, id=25606, stack(0x00007f211b2ff000,0x00007f211b400000)]
  0x00007f212538c000 JavaThread "File Watcher" daemon [_thread_blocked, id=25642, stack(0x00007f211a7fe000,0x00007f211a8ff000)]
  0x00007f21253a6000 JavaThread "File Watcher" daemon [_thread_blocked, id=25658, stack(0x00007f211a0fb000,0x00007f211a1fc000)]
  0x00007f212538b000 JavaThread "File Watcher" daemon [_thread_blocked, id=25690, stack(0x00007f211a6fd000,0x00007f211a7fe000)]
  0x00007f21253a8000 JavaThread "File Watcher" daemon [_thread_blocked, id=25720, stack(0x00007f2119ffa000,0x00007f211a0fb000)]
  0x00007f2125395800 JavaThread "File Watcher" daemon [_thread_blocked, id=25737, stack(0x00007f2119ef9000,0x00007f2119ffa000)]
  0x00007f212539b800 JavaThread "File Watcher" daemon [_thread_blocked, id=25767, stack(0x00007f2119df8000,0x00007f2119ef9000)]
  0x00007f2125393800 JavaThread "File Watcher" daemon [_thread_blocked, id=25774, stack(0x00007f21198f3000,0x00007f21199f4000)]
  0x00007f2125397800 JavaThread "File Watcher" daemon [_thread_blocked, id=25800, stack(0x00007f21199f4000,0x00007f2119af5000)]
  0x00007f2125399800 JavaThread "File Watcher" daemon [_thread_blocked, id=26059, stack(0x00007f21197f2000,0x00007f21198f3000)]
  0x00007f2124cd2800 JavaThread "File Watcher" daemon [_thread_blocked, id=26284, stack(0x00007f2119af5000,0x00007f2119bf6000)]
  0x00007f212538e000 JavaThread "File Watcher" daemon [_thread_blocked, id=26292, stack(0x00007f2119cf7000,0x00007f2119df8000)]
  0x00007f212538f800 JavaThread "File Watcher" daemon [_thread_blocked, id=26368, stack(0x00007f21183e8000,0x00007f21184e9000)]
  0x00007f2125299800 JavaThread "File Watcher" daemon [_thread_blocked, id=26377, stack(0x00007f21194ef000,0x00007f21195f0000)]
  0x00007f212537e000 JavaThread "File Watcher" daemon [_thread_blocked, id=26384, stack(0x00007f2119bf6000,0x00007f2119cf7000)]
  0x00007f20d016b800 JavaThread "File Watcher" daemon [_thread_blocked, id=30997, stack(0x00007f21186eb000,0x00007f21187ec000)]
  0x00007f20d0191800 JavaThread "File Watcher" daemon [_thread_blocked, id=31004, stack(0x00007f21195f0000,0x00007f21196f1000)]
  0x00007f211002b800 JavaThread "HikariPool-43 housekeeper" daemon [_thread_blocked, id=31016, stack(0x00007f216405e000,0x00007f216415f000)]
  0x00007f2110031000 JavaThread "Catalina-utility-1" [_thread_blocked, id=31032, stack(0x00007f20cf9fc000,0x00007f20cfafd000)]
  0x00007f2110032000 JavaThread "Catalina-utility-2" [_thread_blocked, id=31033, stack(0x00007f211a1fc000,0x00007f211a2fd000)]
  0x00007f2110033000 JavaThread "container-17" [_thread_blocked, id=31034, stack(0x00007f20cf7fa000,0x00007f20cf8fb000)]
  0x00007f2110041000 JavaThread "File Watcher" daemon [_thread_blocked, id=31035, stack(0x00007f20cfbfe000,0x00007f20cfcff000)]
  0x00007f2110044800 JavaThread "http-nio-8089-BlockPoller" daemon [_thread_blocked, id=31036, stack(0x00007f20cf8fb000,0x00007f20cf9fc000)]
  0x00007f2110046000 JavaThread "http-nio-8089-exec-1" daemon [_thread_blocked, id=31037, stack(0x00007f21184e9000,0x00007f21185ea000)]
  0x00007f2110047000 JavaThread "http-nio-8089-exec-2" daemon [_thread_blocked, id=31038, stack(0x00007f20cfafd000,0x00007f20cfbfe000)]
  0x00007f2110048800 JavaThread "http-nio-8089-exec-3" daemon [_thread_blocked, id=31039, stack(0x00007f21188ed000,0x00007f21189ee000)]
  0x00007f211004a000 JavaThread "http-nio-8089-exec-4" daemon [_thread_blocked, id=31040, stack(0x00007f21189ee000,0x00007f2118aef000)]
  0x00007f211004b800 JavaThread "http-nio-8089-exec-5" daemon [_thread_blocked, id=31041, stack(0x00007f20cfcff000,0x00007f20cfe00000)]
  0x00007f211004d000 JavaThread "http-nio-8089-exec-6" daemon [_thread_blocked, id=31042, stack(0x00007f2164f98000,0x00007f2165099000)]
  0x00007f211004e800 JavaThread "http-nio-8089-exec-7" daemon [_thread_blocked, id=31043, stack(0x00007f21180e5000,0x00007f21181e6000)]
  0x00007f2110050800 JavaThread "http-nio-8089-exec-8" daemon [_thread_blocked, id=31044, stack(0x00007f21196f1000,0x00007f21197f2000)]
  0x00007f2110052000 JavaThread "http-nio-8089-exec-9" daemon [_thread_blocked, id=31045, stack(0x00007f21182e7000,0x00007f21183e8000)]
  0x00007f2110053800 JavaThread "http-nio-8089-exec-10" daemon [_thread_blocked, id=31046, stack(0x00007f21185ea000,0x00007f21186eb000)]
  0x00007f2110058000 JavaThread "http-nio-8089-ClientPoller" daemon [_thread_blocked, id=31047, stack(0x00007f20ceaf9000,0x00007f20cebfa000)]
  0x00007f211005a000 JavaThread "http-nio-8089-Acceptor" daemon [_thread_in_native, id=31048, stack(0x00007f20ce9f8000,0x00007f20ceaf9000)]

Other Threads:
  0x00007f218c0eb000 VMThread "VM Thread" [stack: 0x00007f2165f00000,0x00007f2166000000] [id=24461]
  0x00007f218c166800 WatcherThread [stack: 0x00007f216539f000,0x00007f216549f000] [id=24468]
  0x00007f218c02f000 GCTaskThread "GC Thread#0" [stack: 0x00007f21906e2000,0x00007f21907e2000] [id=24455]
  0x00007f2158001000 GCTaskThread "GC Thread#1" [stack: 0x00007f216519c000,0x00007f216529c000] [id=24470]
  0x00007f2158004000 GCTaskThread "GC Thread#2" [stack: 0x00007f2164b97000,0x00007f2164c97000] [id=24474]
  0x00007f2158005800 GCTaskThread "GC Thread#3" [stack: 0x00007f2164a95000,0x00007f2164b95000] [id=24475]
=>0x00007f2158007000 GCTaskThread "GC Thread#4" [stack: 0x00007f2164993000,0x00007f2164a93000] [id=24476]
  0x00007f218c055800 ConcurrentGCThread "G1 Main Marker" [stack: 0x00007f21900a9000,0x00007f21901a9000] [id=24456]
  0x00007f218c057000 ConcurrentGCThread "G1 Conc#0" [stack: 0x00007f21741c3000,0x00007f21742c3000] [id=24457]
  0x00007f218c0ba000 ConcurrentGCThread "G1 Refine#0" [stack: 0x00007f216c9a5000,0x00007f216caa5000] [id=24459]
  0x00007f218c0bb800 ConcurrentGCThread "G1 Young RemSet Sampling" [stack: 0x00007f216c8a3000,0x00007f216c9a3000] [id=24460]

Threads with active compile tasks:

VM state:at safepoint (normal execution)

VM Mutex/Monitor currently owned by a thread:  ([mutex/lock_event])
[0x00007f218c0141a0] Threads_lock - owner thread: 0x00007f218c0eb000
[0x00007f218c014980] Heap_lock - owner thread: 0x00007f2110041000

Heap address: 0x00000000a3200000, size: 1486 MB, Compressed Oops mode: 32-bit
Narrow klass base: 0x0000000800000000, Narrow klass shift: 3
Compressed class space size: 1073741824 Address: 0x0000000840000000

Heap:
 garbage-first heap   total 163840K, used 137089K [0x00000000a3200000, 0x0000000100000000)
  region size 1024K, 6 young (6144K), 6 survivors (6144K)
 Metaspace       used 62886K, capacity 66622K, committed 81020K, reserved 1118208K
  class space    used 8576K, capacity 9811K, committed 11724K, reserved 1048576K
Heap Regions: E=young(eden), S=young(survivor), O=old, HS=humongous(starts), HC=humongous(continues), CS=collection set, F=free, A=archive, TAMS=top-at-mark-start (previous, next)
|   0|0x00000000a3200000, 0x00000000a3300000, 0x00000000a3300000|100%|HS|  |TAMS 0x00000000a3300000, 0x00000000a3200000| Complete 
|   1|0x00000000a3300000, 0x00000000a33fffc8, 0x00000000a3400000| 99%| O|  |TAMS 0x00000000a33fffc8, 0x00000000a3300000| Untracked 
|   2|0x00000000a3400000, 0x00000000a3500000, 0x00000000a3500000|100%| O|  |TAMS 0x00000000a3500000, 0x00000000a3400000| Untracked 
|   3|0x00000000a3500000, 0x00000000a35fffb8, 0x00000000a3600000| 99%| O|  |TAMS 0x00000000a35fffb8, 0x00000000a3500000| Untracked 
|   4|0x00000000a3600000, 0x00000000a36ffdd0, 0x00000000a3700000| 99%| O|  |TAMS 0x00000000a36ffdd0, 0x00000000a3600000| Untracked 
|   5|0x00000000a3700000, 0x00000000a37fffd8, 0x00000000a3800000| 99%| O|  |TAMS 0x00000000a37fffd8, 0x00000000a3700000| Untracked 
|   6|0x00000000a3800000, 0x00000000a38fffe0, 0x00000000a3900000| 99%| O|  |TAMS 0x00000000a38fffe0, 0x00000000a3800000| Untracked 
|   7|0x00000000a3900000, 0x00000000a39fffe8, 0x00000000a3a00000| 99%| O|  |TAMS 0x00000000a39fffe8, 0x00000000a3900000| Untracked 
|   8|0x00000000a3a00000, 0x00000000a3afeee0, 0x00000000a3b00000| 99%| O|  |TAMS 0x00000000a3afeee0, 0x00000000a3a00000| Untracked 
|   9|0x00000000a3b00000, 0x00000000a3c00000, 0x00000000a3c00000|100%| O|  |TAMS 0x00000000a3c00000, 0x00000000a3b00000| Untracked 
|  10|0x00000000a3c00000, 0x00000000a3cffff8, 0x00000000a3d00000| 99%| O|  |TAMS 0x00000000a3cffff8, 0x00000000a3c00000| Untracked 
|  11|0x00000000a3d00000, 0x00000000a3dffff0, 0x00000000a3e00000| 99%| O|  |TAMS 0x00000000a3dffff0, 0x00000000a3d00000| Untracked 
|  12|0x00000000a3e00000, 0x00000000a3effff8, 0x00000000a3f00000| 99%| O|  |TAMS 0x00000000a3effff8, 0x00000000a3e00000| Untracked 
|  13|0x00000000a3f00000, 0x00000000a3ffffd8, 0x00000000a4000000| 99%| O|  |TAMS 0x00000000a3ffffd8, 0x00000000a3f00000| Untracked 
|  14|0x00000000a4000000, 0x00000000a40fa188, 0x00000000a4100000| 97%| O|  |TAMS 0x00000000a40fa188, 0x00000000a4000000| Untracked 
|  15|0x00000000a4100000, 0x00000000a41ffff0, 0x00000000a4200000| 99%| O|  |TAMS 0x00000000a41ffff0, 0x00000000a4100000| Untracked 
|  16|0x00000000a4200000, 0x00000000a4300000, 0x00000000a4300000|100%| O|  |TAMS 0x00000000a4300000, 0x00000000a4200000| Untracked 
|  17|0x00000000a4300000, 0x00000000a43fffb8, 0x00000000a4400000| 99%| O|  |TAMS 0x00000000a43fffb8, 0x00000000a4300000| Untracked 
|  18|0x00000000a4400000, 0x00000000a4500000, 0x00000000a4500000|100%| O|  |TAMS 0x00000000a4500000, 0x00000000a4400000| Untracked 
|  19|0x00000000a4500000, 0x00000000a4600000, 0x00000000a4600000|100%| O|  |TAMS 0x00000000a4600000, 0x00000000a4500000| Untracked 
|  20|0x00000000a4600000, 0x00000000a46fffd8, 0x00000000a4700000| 99%| O|  |TAMS 0x00000000a46fffd8, 0x00000000a4600000| Untracked 
|  21|0x00000000a4700000, 0x00000000a4800000, 0x00000000a4800000|100%| O|  |TAMS 0x00000000a4800000, 0x00000000a4700000| Untracked 
|  22|0x00000000a4800000, 0x00000000a48fffd8, 0x00000000a4900000| 99%| O|  |TAMS 0x00000000a48fffd8, 0x00000000a4800000| Untracked 
|  23|0x00000000a4900000, 0x00000000a49fffd8, 0x00000000a4a00000| 99%| O|  |TAMS 0x00000000a49fffd8, 0x00000000a4900000| Untracked 
|  24|0x00000000a4a00000, 0x00000000a4affff0, 0x00000000a4b00000| 99%| O|  |TAMS 0x00000000a4affff0, 0x00000000a4a00000| Untracked 
|  25|0x00000000a4b00000, 0x00000000a4bfffa0, 0x00000000a4c00000| 99%| O|  |TAMS 0x00000000a4bfffa0, 0x00000000a4b00000| Untracked 
|  26|0x00000000a4c00000, 0x00000000a4cfed88, 0x00000000a4d00000| 99%| O|  |TAMS 0x00000000a4cfed88, 0x00000000a4c00000| Untracked 
|  27|0x00000000a4d00000, 0x00000000a4dffff0, 0x00000000a4e00000| 99%| O|  |TAMS 0x00000000a4dffff0, 0x00000000a4d00000| Untracked 
|  28|0x00000000a4e00000, 0x00000000a4efb918, 0x00000000a4f00000| 98%| O|  |TAMS 0x00000000a4efb918, 0x00000000a4e00000| Untracked 
|  29|0x00000000a4f00000, 0x00000000a5000000, 0x00000000a5000000|100%| O|  |TAMS 0x00000000a5000000, 0x00000000a4f00000| Untracked 
|  30|0x00000000a5000000, 0x00000000a50ffff8, 0x00000000a5100000| 99%| O|  |TAMS 0x00000000a50ffff8, 0x00000000a5000000| Untracked 
|  31|0x00000000a5100000, 0x00000000a51fffb0, 0x00000000a5200000| 99%| O|  |TAMS 0x00000000a51fffb0, 0x00000000a5100000| Untracked 
|  32|0x00000000a5200000, 0x00000000a52fffe0, 0x00000000a5300000| 99%| O|  |TAMS 0x00000000a52fffe0, 0x00000000a5200000| Untracked 
|  33|0x00000000a5300000, 0x00000000a53fffe0, 0x00000000a5400000| 99%| O|  |TAMS 0x00000000a53fffe0, 0x00000000a5300000| Untracked 
|  34|0x00000000a5400000, 0x00000000a54fffd8, 0x00000000a5500000| 99%| O|  |TAMS 0x00000000a54fffd8, 0x00000000a5400000| Untracked 
|  35|0x00000000a5500000, 0x00000000a5600000, 0x00000000a5600000|100%| O|  |TAMS 0x00000000a5600000, 0x00000000a5500000| Untracked 
|  36|0x00000000a5600000, 0x00000000a56fffe8, 0x00000000a5700000| 99%| O|  |TAMS 0x00000000a56fffe8, 0x00000000a5600000| Untracked 
|  37|0x00000000a5700000, 0x00000000a57fffe8, 0x00000000a5800000| 99%| O|  |TAMS 0x00000000a57fffe8, 0x00000000a5700000| Untracked 
|  38|0x00000000a5800000, 0x00000000a5900000, 0x00000000a5900000|100%| O|  |TAMS 0x00000000a5900000, 0x00000000a5800000| Untracked 
|  39|0x00000000a5900000, 0x00000000a59fffb8, 0x00000000a5a00000| 99%| O|  |TAMS 0x00000000a59fffb8, 0x00000000a5900000| Untracked 
|  40|0x00000000a5a00000, 0x00000000a5affff0, 0x00000000a5b00000| 99%| O|  |TAMS 0x00000000a5affff0, 0x00000000a5a00000| Untracked 
|  41|0x00000000a5b00000, 0x00000000a5bfff90, 0x00000000a5c00000| 99%| O|  |TAMS 0x00000000a5bfff90, 0x00000000a5b00000| Untracked 
|  42|0x00000000a5c00000, 0x00000000a5c6baf8, 0x00000000a5d00000| 42%| O|  |TAMS 0x00000000a5c6baf8, 0x00000000a5c00000| Untracked 
|  43|0x00000000a5d00000, 0x00000000a5e00000, 0x00000000a5e00000|100%| O|  |TAMS 0x00000000a5e00000, 0x00000000a5d00000| Untracked 
|  44|0x00000000a5e00000, 0x00000000a5eed3c0, 0x00000000a5f00000| 92%| O|  |TAMS 0x00000000a5eed3c0, 0x00000000a5e00000| Untracked 
|  45|0x00000000a5f00000, 0x00000000a6000000, 0x00000000a6000000|100%| O|  |TAMS 0x00000000a6000000, 0x00000000a5f00000| Untracked 
|  46|0x00000000a6000000, 0x00000000a6100000, 0x00000000a6100000|100%| O|  |TAMS 0x00000000a6100000, 0x00000000a6000000| Untracked 
|  47|0x00000000a6100000, 0x00000000a6170458, 0x00000000a6200000| 43%| O|  |TAMS 0x00000000a6170458, 0x00000000a6100000| Untracked 
|  48|0x00000000a6200000, 0x00000000a6226600, 0x00000000a6300000| 14%| O|  |TAMS 0x00000000a6226600, 0x00000000a6200000| Untracked 
|  49|0x00000000a6300000, 0x00000000a6300000, 0x00000000a6400000|  0%| F|  |TAMS 0x00000000a6300000, 0x00000000a6300000| Untracked 
|  50|0x00000000a6400000, 0x00000000a644bdb8, 0x00000000a6500000| 29%| O|  |TAMS 0x00000000a644bdb8, 0x00000000a6400000| Untracked 
|  51|0x00000000a6500000, 0x00000000a6500000, 0x00000000a6600000|  0%| F|  |TAMS 0x00000000a6500000, 0x00000000a6500000| Untracked 
|  52|0x00000000a6600000, 0x00000000a6600000, 0x00000000a6700000|  0%| F|  |TAMS 0x00000000a6600000, 0x00000000a6600000| Untracked 
|  53|0x00000000a6700000, 0x00000000a6700000, 0x00000000a6800000|  0%| F|  |TAMS 0x00000000a6700000, 0x00000000a6700000| Untracked 
|  54|0x00000000a6800000, 0x00000000a6800000, 0x00000000a6900000|  0%| F|  |TAMS 0x00000000a6800000, 0x00000000a6800000| Untracked 
|  55|0x00000000a6900000, 0x00000000a6900000, 0x00000000a6a00000|  0%| F|  |TAMS 0x00000000a6900000, 0x00000000a6900000| Untracked 
|  56|0x00000000a6a00000, 0x00000000a6a00000, 0x00000000a6b00000|  0%| F|  |TAMS 0x00000000a6a00000, 0x00000000a6a00000| Untracked 
|  57|0x00000000a6b00000, 0x00000000a6b00000, 0x00000000a6c00000|  0%| F|  |TAMS 0x00000000a6b00000, 0x00000000a6b00000| Untracked 
|  58|0x00000000a6c00000, 0x00000000a6c00000, 0x00000000a6d00000|  0%| F|  |TAMS 0x00000000a6c00000, 0x00000000a6c00000| Untracked 
|  59|0x00000000a6d00000, 0x00000000a6d00000, 0x00000000a6e00000|  0%| F|  |TAMS 0x00000000a6d00000, 0x00000000a6d00000| Untracked 
|  60|0x00000000a6e00000, 0x00000000a6e00000, 0x00000000a6f00000|  0%| F|  |TAMS 0x00000000a6e00000, 0x00000000a6e00000| Untracked 
|  61|0x00000000a6f00000, 0x00000000a6f00000, 0x00000000a7000000|  0%| F|  |TAMS 0x00000000a6f00000, 0x00000000a6f00000| Untracked 
|  62|0x00000000a7000000, 0x00000000a7000000, 0x00000000a7100000|  0%| F|  |TAMS 0x00000000a7000000, 0x00000000a7000000| Untracked 
|  63|0x00000000a7100000, 0x00000000a7100000, 0x00000000a7200000|  0%| F|  |TAMS 0x00000000a7100000, 0x00000000a7100000| Untracked 
|  64|0x00000000a7200000, 0x00000000a7200000, 0x00000000a7300000|  0%| F|  |TAMS 0x00000000a7200000, 0x00000000a7200000| Untracked 
|  65|0x00000000a7300000, 0x00000000a7300000, 0x00000000a7400000|  0%| F|  |TAMS 0x00000000a7300000, 0x00000000a7300000| Untracked 
|  66|0x00000000a7400000, 0x00000000a74a7cb8, 0x00000000a7500000| 65%| S|  |TAMS 0x00000000a7400000, 0x00000000a7400000| Complete 
|  67|0x00000000a7500000, 0x00000000a7600000, 0x00000000a7600000|100%| S|  |TAMS 0x00000000a7500000, 0x00000000a7500000| Complete 
|  68|0x00000000a7600000, 0x00000000a7700000, 0x00000000a7700000|100%| S|  |TAMS 0x00000000a7600000, 0x00000000a7600000| Complete 
|  69|0x00000000a7700000, 0x00000000a7800000, 0x00000000a7800000|100%| S|  |TAMS 0x00000000a7700000, 0x00000000a7700000| Complete 
|  70|0x00000000a7800000, 0x00000000a7800000, 0x00000000a7900000|  0%| F|  |TAMS 0x00000000a7800000, 0x00000000a7800000| Untracked 
|  71|0x00000000a7900000, 0x00000000a7900000, 0x00000000a7a00000|  0%| F|  |TAMS 0x00000000a7900000, 0x00000000a7900000| Untracked 
|  72|0x00000000a7a00000, 0x00000000a7b00000, 0x00000000a7b00000|100%| S|  |TAMS 0x00000000a7a00000, 0x00000000a7a00000| Complete 
|  73|0x00000000a7b00000, 0x00000000a7c00000, 0x00000000a7c00000|100%| S|  |TAMS 0x00000000a7b00000, 0x00000000a7b00000| Complete 
|  74|0x00000000a7c00000, 0x00000000a7c00000, 0x00000000a7d00000|  0%| F|  |TAMS 0x00000000a7c00000, 0x00000000a7c00000| Untracked 
|  75|0x00000000a7d00000, 0x00000000a7d00000, 0x00000000a7e00000|  0%| F|  |TAMS 0x00000000a7d00000, 0x00000000a7d00000| Untracked 
|  76|0x00000000a7e00000, 0x00000000a7e00000, 0x00000000a7f00000|  0%| F|  |TAMS 0x00000000a7e00000, 0x00000000a7e00000| Complete 
|  77|0x00000000a7f00000, 0x00000000a7f00000, 0x00000000a8000000|  0%| F|  |TAMS 0x00000000a7f00000, 0x00000000a7f00000| Complete 
|  78|0x00000000a8000000, 0x00000000a8000000, 0x00000000a8100000|  0%| F|  |TAMS 0x00000000a8000000, 0x00000000a8000000| Complete 
|  79|0x00000000a8100000, 0x00000000a8100000, 0x00000000a8200000|  0%| F|  |TAMS 0x00000000a8100000, 0x00000000a8100000| Complete 
|  80|0x00000000a8200000, 0x00000000a8200000, 0x00000000a8300000|  0%| F|  |TAMS 0x00000000a8200000, 0x00000000a8200000| Complete 
|  81|0x00000000a8300000, 0x00000000a8300000, 0x00000000a8400000|  0%| F|  |TAMS 0x00000000a8300000, 0x00000000a8300000| Complete 
|  82|0x00000000a8400000, 0x00000000a8400000, 0x00000000a8500000|  0%| F|  |TAMS 0x00000000a8400000, 0x00000000a8400000| Complete 
|  83|0x00000000a8500000, 0x00000000a8500000, 0x00000000a8600000|  0%| F|  |TAMS 0x00000000a8500000, 0x00000000a8500000| Complete 
|  84|0x00000000a8600000, 0x00000000a8600000, 0x00000000a8700000|  0%| F|  |TAMS 0x00000000a8600000, 0x00000000a8600000| Complete 
|  85|0x00000000a8700000, 0x00000000a8700000, 0x00000000a8800000|  0%| F|  |TAMS 0x00000000a8700000, 0x00000000a8700000| Complete 
|  86|0x00000000a8800000, 0x00000000a8800000, 0x00000000a8900000|  0%| F|  |TAMS 0x00000000a8800000, 0x00000000a8800000| Complete 
|  87|0x00000000a8900000, 0x00000000a8900000, 0x00000000a8a00000|  0%| F|  |TAMS 0x00000000a8900000, 0x00000000a8900000| Complete 
|  88|0x00000000a8a00000, 0x00000000a8a00000, 0x00000000a8b00000|  0%| F|  |TAMS 0x00000000a8a00000, 0x00000000a8a00000| Complete 
|  89|0x00000000a8b00000, 0x00000000a8b00000, 0x00000000a8c00000|  0%| F|  |TAMS 0x00000000a8b00000, 0x00000000a8b00000| Complete 
|  90|0x00000000a8c00000, 0x00000000a8c00000, 0x00000000a8d00000|  0%| F|  |TAMS 0x00000000a8c00000, 0x00000000a8c00000| Complete 
|  91|0x00000000a8d00000, 0x00000000a8d00000, 0x00000000a8e00000|  0%| F|  |TAMS 0x00000000a8d00000, 0x00000000a8d00000| Complete 
|  92|0x00000000a8e00000, 0x00000000a8e00000, 0x00000000a8f00000|  0%| F|  |TAMS 0x00000000a8e00000, 0x00000000a8e00000| Complete 
|  93|0x00000000a8f00000, 0x00000000a8f00000, 0x00000000a9000000|  0%| F|  |TAMS 0x00000000a8f00000, 0x00000000a8f00000| Complete 
|  94|0x00000000a9000000, 0x00000000a9000000, 0x00000000a9100000|  0%| F|  |TAMS 0x00000000a9000000, 0x00000000a9000000| Complete 
|  95|0x00000000a9100000, 0x00000000a9100000, 0x00000000a9200000|  0%| F|  |TAMS 0x00000000a9100000, 0x00000000a9100000| Complete 
|  96|0x00000000a9200000, 0x00000000a9200000, 0x00000000a9300000|  0%| F|  |TAMS 0x00000000a9200000, 0x00000000a9200000| Complete 
|  97|0x00000000a9300000, 0x00000000a9300000, 0x00000000a9400000|  0%| F|  |TAMS 0x00000000a9300000, 0x00000000a9300000| Complete 
|  98|0x00000000a9400000, 0x00000000a9400000, 0x00000000a9500000|  0%| F|  |TAMS 0x00000000a9400000, 0x00000000a9400000| Complete 
|  99|0x00000000a9500000, 0x00000000a9500000, 0x00000000a9600000|  0%| F|  |TAMS 0x00000000a9500000, 0x00000000a9500000| Complete 
| 100|0x00000000a9600000, 0x00000000a9600000, 0x00000000a9700000|  0%| F|  |TAMS 0x00000000a9600000, 0x00000000a9600000| Complete 
| 101|0x00000000a9700000, 0x00000000a9700000, 0x00000000a9800000|  0%| F|  |TAMS 0x00000000a9700000, 0x00000000a9700000| Complete 
| 102|0x00000000a9800000, 0x00000000a9800000, 0x00000000a9900000|  0%| F|  |TAMS 0x00000000a9800000, 0x00000000a9800000| Complete 
| 103|0x00000000a9900000, 0x00000000a9900000, 0x00000000a9a00000|  0%| F|  |TAMS 0x00000000a9900000, 0x00000000a9900000| Complete 
| 104|0x00000000a9a00000, 0x00000000a9a00000, 0x00000000a9b00000|  0%| F|  |TAMS 0x00000000a9a00000, 0x00000000a9a00000| Untracked 
| 105|0x00000000a9b00000, 0x00000000a9b00000, 0x00000000a9c00000|  0%| F|  |TAMS 0x00000000a9b00000, 0x00000000a9b00000| Untracked 
| 106|0x00000000a9c00000, 0x00000000a9c00000, 0x00000000a9d00000|  0%| F|  |TAMS 0x00000000a9c00000, 0x00000000a9c00000| Untracked 
| 107|0x00000000a9d00000, 0x00000000a9d00000, 0x00000000a9e00000|  0%| F|  |TAMS 0x00000000a9d00000, 0x00000000a9d00000| Untracked 
| 108|0x00000000a9e00000, 0x00000000a9e00000, 0x00000000a9f00000|  0%| F|  |TAMS 0x00000000a9e00000, 0x00000000a9e00000| Untracked 
| 109|0x00000000a9f00000, 0x00000000a9f00000, 0x00000000aa000000|  0%| F|  |TAMS 0x00000000a9f00000, 0x00000000a9f00000| Untracked 
| 110|0x00000000aa000000, 0x00000000aa000000, 0x00000000aa100000|  0%| F|  |TAMS 0x00000000aa000000, 0x00000000aa000000| Untracked 
| 111|0x00000000aa100000, 0x00000000aa100000, 0x00000000aa200000|  0%| F|  |TAMS 0x00000000aa100000, 0x00000000aa100000| Untracked 
| 112|0x00000000aa200000, 0x00000000aa200000, 0x00000000aa300000|  0%| F|  |TAMS 0x00000000aa200000, 0x00000000aa200000| Untracked 
| 113|0x00000000aa300000, 0x00000000aa300000, 0x00000000aa400000|  0%| F|  |TAMS 0x00000000aa300000, 0x00000000aa300000| Untracked 
| 114|0x00000000aa400000, 0x00000000aa400000, 0x00000000aa500000|  0%| F|  |TAMS 0x00000000aa400000, 0x00000000aa400000| Untracked 
| 115|0x00000000aa500000, 0x00000000aa500000, 0x00000000aa600000|  0%| F|  |TAMS 0x00000000aa500000, 0x00000000aa500000| Untracked 
| 116|0x00000000aa600000, 0x00000000aa600000, 0x00000000aa700000|  0%| F|  |TAMS 0x00000000aa600000, 0x00000000aa600000| Untracked 
| 117|0x00000000aa700000, 0x00000000aa700000, 0x00000000aa800000|  0%| F|  |TAMS 0x00000000aa700000, 0x00000000aa700000| Untracked 
| 118|0x00000000aa800000, 0x00000000aa800000, 0x00000000aa900000|  0%| F|  |TAMS 0x00000000aa800000, 0x00000000aa800000| Untracked 
| 119|0x00000000aa900000, 0x00000000aa900000, 0x00000000aaa00000|  0%| F|  |TAMS 0x00000000aa900000, 0x00000000aa900000| Untracked 
| 120|0x00000000aaa00000, 0x00000000aaa00000, 0x00000000aab00000|  0%| F|  |TAMS 0x00000000aaa00000, 0x00000000aaa00000| Untracked 
| 121|0x00000000aab00000, 0x00000000aab00000, 0x00000000aac00000|  0%| F|  |TAMS 0x00000000aab00000, 0x00000000aab00000| Untracked 
| 122|0x00000000aac00000, 0x00000000aac00000, 0x00000000aad00000|  0%| F|  |TAMS 0x00000000aac00000, 0x00000000aac00000| Untracked 
| 123|0x00000000aad00000, 0x00000000aad00000, 0x00000000aae00000|  0%| F|  |TAMS 0x00000000aad00000, 0x00000000aad00000| Untracked 
| 124|0x00000000aae00000, 0x00000000aae00000, 0x00000000aaf00000|  0%| F|  |TAMS 0x00000000aae00000, 0x00000000aae00000| Untracked 
| 125|0x00000000aaf00000, 0x00000000aaf00000, 0x00000000ab000000|  0%| F|  |TAMS 0x00000000aaf00000, 0x00000000aaf00000| Untracked 
| 126|0x00000000ab000000, 0x00000000ab000000, 0x00000000ab100000|  0%| F|  |TAMS 0x00000000ab000000, 0x00000000ab000000| Untracked 
| 127|0x00000000ab100000, 0x00000000ab100000, 0x00000000ab200000|  0%| F|  |TAMS 0x00000000ab100000, 0x00000000ab100000| Untracked 
| 128|0x00000000ab200000, 0x00000000ab200000, 0x00000000ab300000|  0%| F|  |TAMS 0x00000000ab200000, 0x00000000ab200000| Untracked 
| 129|0x00000000ab300000, 0x00000000ab300000, 0x00000000ab400000|  0%| F|  |TAMS 0x00000000ab300000, 0x00000000ab300000| Untracked 
| 130|0x00000000ab400000, 0x00000000ab400000, 0x00000000ab500000|  0%| F|  |TAMS 0x00000000ab400000, 0x00000000ab400000| Untracked 
| 131|0x00000000ab500000, 0x00000000ab500000, 0x00000000ab600000|  0%| F|  |TAMS 0x00000000ab500000, 0x00000000ab500000| Untracked 
| 132|0x00000000ab600000, 0x00000000ab600000, 0x00000000ab700000|  0%| F|  |TAMS 0x00000000ab600000, 0x00000000ab600000| Untracked 
| 133|0x00000000ab700000, 0x00000000ab700000, 0x00000000ab800000|  0%| F|  |TAMS 0x00000000ab700000, 0x00000000ab700000| Untracked 
| 134|0x00000000ab800000, 0x00000000ab800000, 0x00000000ab900000|  0%| F|  |TAMS 0x00000000ab800000, 0x00000000ab800000| Untracked 
| 135|0x00000000ab900000, 0x00000000ab900000, 0x00000000aba00000|  0%| F|  |TAMS 0x00000000ab900000, 0x00000000ab900000| Untracked 
| 136|0x00000000aba00000, 0x00000000aba00000, 0x00000000abb00000|  0%| F|  |TAMS 0x00000000aba00000, 0x00000000aba00000| Untracked 
| 137|0x00000000abb00000, 0x00000000abb00000, 0x00000000abc00000|  0%| F|  |TAMS 0x00000000abb00000, 0x00000000abb00000| Untracked 
| 138|0x00000000abc00000, 0x00000000abc00000, 0x00000000abd00000|  0%| F|  |TAMS 0x00000000abc00000, 0x00000000abc00000| Untracked 
| 139|0x00000000abd00000, 0x00000000abd00000, 0x00000000abe00000|  0%| F|  |TAMS 0x00000000abd00000, 0x00000000abd00000| Untracked 
| 140|0x00000000abe00000, 0x00000000abe00000, 0x00000000abf00000|  0%| F|  |TAMS 0x00000000abe00000, 0x00000000abe00000| Untracked 
| 141|0x00000000abf00000, 0x00000000abf00000, 0x00000000ac000000|  0%| F|  |TAMS 0x00000000abf00000, 0x00000000abf00000| Untracked 
| 142|0x00000000ac000000, 0x00000000ac000000, 0x00000000ac100000|  0%| F|  |TAMS 0x00000000ac000000, 0x00000000ac000000| Untracked 
| 143|0x00000000ac100000, 0x00000000ac100000, 0x00000000ac200000|  0%| F|  |TAMS 0x00000000ac100000, 0x00000000ac100000| Untracked 
| 144|0x00000000ac200000, 0x00000000ac200000, 0x00000000ac300000|  0%| F|  |TAMS 0x00000000ac200000, 0x00000000ac200000| Untracked 
| 145|0x00000000ac300000, 0x00000000ac300000, 0x00000000ac400000|  0%| F|  |TAMS 0x00000000ac300000, 0x00000000ac300000| Untracked 
| 146|0x00000000ac400000, 0x00000000ac400000, 0x00000000ac500000|  0%| F|  |TAMS 0x00000000ac400000, 0x00000000ac400000| Untracked 
| 147|0x00000000ac500000, 0x00000000ac500000, 0x00000000ac600000|  0%| F|  |TAMS 0x00000000ac500000, 0x00000000ac500000| Untracked 
| 148|0x00000000ac600000, 0x00000000ac600000, 0x00000000ac700000|  0%| F|  |TAMS 0x00000000ac600000, 0x00000000ac600000| Untracked 
| 149|0x00000000ac700000, 0x00000000ac700000, 0x00000000ac800000|  0%| F|  |TAMS 0x00000000ac700000, 0x00000000ac700000| Untracked 
| 150|0x00000000ac800000, 0x00000000ac800000, 0x00000000ac900000|  0%| F|  |TAMS 0x00000000ac800000, 0x00000000ac800000| Untracked 
| 151|0x00000000ac900000, 0x00000000ac900000, 0x00000000aca00000|  0%| F|  |TAMS 0x00000000ac900000, 0x00000000ac900000| Untracked 
| 152|0x00000000aca00000, 0x00000000aca00000, 0x00000000acb00000|  0%| F|  |TAMS 0x00000000aca00000, 0x00000000aca00000| Untracked 
| 153|0x00000000acb00000, 0x00000000acb00000, 0x00000000acc00000|  0%| F|  |TAMS 0x00000000acb00000, 0x00000000acb00000| Untracked 
| 154|0x00000000acc00000, 0x00000000acc00000, 0x00000000acd00000|  0%| F|  |TAMS 0x00000000acc00000, 0x00000000acc00000| Untracked 
| 155|0x00000000acd00000, 0x00000000acd00000, 0x00000000ace00000|  0%| F|  |TAMS 0x00000000acd00000, 0x00000000acd00000| Untracked 
| 156|0x00000000ace00000, 0x00000000ace00000, 0x00000000acf00000|  0%| F|  |TAMS 0x00000000ace00000, 0x00000000ace00000| Untracked 
| 157|0x00000000acf00000, 0x00000000acf00000, 0x00000000ad000000|  0%| F|  |TAMS 0x00000000acf00000, 0x00000000acf00000| Untracked 
|1484|0x00000000ffe00000, 0x00000000ffe47000, 0x00000000fff00000| 27%|OA|  |TAMS 0x00000000ffe47000, 0x00000000ffe00000| Untracked 
|1485|0x00000000fff00000, 0x00000000fff6b000, 0x0000000100000000| 41%|CA|  |TAMS 0x00000000fff6b000, 0x00000000fff00000| Untracked 

Card table byte_map: [0x00007f21742c3000,0x00007f21745aa000] _byte_map_base: 0x00007f2173daa000

Marking Bits (Prev, Next): (CMBitMap*) 0x00007f218c04ea00, (CMBitMap*) 0x00007f218c04e9c8
 Prev Bits: [0x00007f216cea9000, 0x00007f216e5e1000)
 Next Bits: [0x00007f216e5e1000, 0x00007f216fd19000)

Polling page: 0x00007f2192366000

Metaspace:

Usage:
  Non-class:     55.48 MB capacity,    53.04 MB ( 96%) used,     2.18 MB (  4%) free+waste,   268.50 KB ( <1%) overhead. 
      Class:      9.58 MB capacity,     8.38 MB ( 87%) used,     1.08 MB ( 11%) free+waste,   133.25 KB (  1%) overhead. 
       Both:     65.06 MB capacity,    61.41 MB ( 94%) used,     3.26 MB (  5%) free+waste,   401.75 KB ( <1%) overhead. 

Virtual space:
  Non-class space:       68.00 MB reserved,      67.67 MB (>99%) committed 
      Class space:        1.00 GB reserved,      11.45 MB (  1%) committed 
             Both:        1.07 GB reserved,      79.12 MB (  7%) committed 

Chunk freelists:
   Non-Class:  12.03 MB
       Class:  1.76 MB
        Both:  13.79 MB

MaxMetaspaceSize: unlimited
CompressedClassSpaceSize: 1.00 GB

CodeHeap 'non-profiled nmethods': size=238948Kb used=27249Kb max_used=27249Kb free=211699Kb
 bounds [0x00007f2174f38000, 0x00007f21769d8000, 0x00007f2183891000]
CodeHeap 'non-nmethods': size=6812Kb used=1243Kb max_used=1243Kb free=5568Kb
 bounds [0x00007f2174891000, 0x00007f2174b01000, 0x00007f2174f38000]
 total_blobs=16428 nmethods=15806 adapters=548
 compilation: enabled
              stopped_count=0, restarted_count=0
 full_count=0

Compilation events (20 events):
Event: 10886.952 Thread 0x00007f218c0fc000 15797       1       org.hibernate.internal.ExceptionConverterImpl::convert (32 bytes)
Event: 10886.952 Thread 0x00007f218c0fc000 nmethod 15797 0x00007f21769d1510 code [0x00007f21769d16e0, 0x00007f21769d18b0]
Event: 10886.952 Thread 0x00007f218c0fc000 15798   !   1       org.hibernate.internal.AbstractSharedSessionContract::markForRollbackOnly (14 bytes)
Event: 10886.952 Thread 0x00007f218c0fc000 nmethod 15798 0x00007f21769d1990 code [0x00007f21769d1b60, 0x00007f21769d1c90]
Event: 10886.952 Thread 0x00007f218c0fc000 15799       1       org.hibernate.engine.transaction.internal.TransactionImpl::markRollbackOnly (17 bytes)
Event: 10886.952 Thread 0x00007f218c0fc000 nmethod 15799 0x00007f21769d1d90 code [0x00007f21769d1f60, 0x00007f21769d2160]
Event: 10886.959 Thread 0x00007f218c0fc000 15800       1       org.springframework.util.ConcurrentReferenceHashMap::entrySet (26 bytes)
Event: 10886.960 Thread 0x00007f218c0fc000 nmethod 15800 0x00007f21769d2290 code [0x00007f21769d2440, 0x00007f21769d2630]
Event: 10886.960 Thread 0x00007f218c0fc000 15801       1       org.springframework.util.ConcurrentReferenceHashMap$EntrySet::iterator (12 bytes)
Event: 10886.960 Thread 0x00007f218c0fc000 nmethod 15801 0x00007f21769d2710 code [0x00007f21769d28c0, 0x00007f21769d2a80]
Event: 10886.960 Thread 0x00007f218c0fc000 15802       1       org.springframework.util.ConcurrentReferenceHashMap$EntryIterator::<init> (14 bytes)
Event: 10886.960 Thread 0x00007f218c0fc000 nmethod 15802 0x00007f21769d2b90 code [0x00007f21769d2d40, 0x00007f21769d2e80]
Event: 10887.018 Thread 0x00007f218c0fc000 15803       1       jdk.internal.org.objectweb.asm.ClassReader::readUTF8 (60 bytes)
Event: 10887.018 Thread 0x00007f218c0fc000 nmethod 15803 0x00007f21769d2f10 code [0x00007f21769d30e0, 0x00007f21769d3440]
Event: 10887.018 Thread 0x00007f218c0fc000 15804       1       java.lang.invoke.MethodHandles$Lookup$$Lambda$430/0x0000000840297840::run (8 bytes)
Event: 10887.018 Thread 0x00007f218c0fc000 nmethod 15804 0x00007f21769d3690 code [0x00007f21769d3840, 0x00007f21769d3940]
Event: 10887.194 Thread 0x00007f218c0fc000 15805       1       java.util.stream.SortedOps$SizedRefSortingSink::accept (18 bytes)
Event: 10887.194 Thread 0x00007f218c0fc000 nmethod 15805 0x00007f21769d3a10 code [0x00007f21769d3bc0, 0x00007f21769d3d90]
Event: 10887.194 Thread 0x00007f218c0fc000 15806   !   1       org.springframework.core.$Proxy49::hashCode (32 bytes)
Event: 10887.194 Thread 0x00007f218c0fc000 nmethod 15806 0x00007f21769d3e90 code [0x00007f21769d4060, 0x00007f21769d4270]

GC Heap History (20 events):
Event: 10741.763 GC heap after
{Heap after GC invocations=696 (full 26):
 garbage-first heap   total 167936K, used 56160K [0x00000000a3200000, 0x0000000100000000)
  region size 1024K, 1 young (1024K), 1 survivors (1024K)
 Metaspace       used 62006K, capacity 65504K, committed 81020K, reserved 1118208K
  class space    used 8475K, capacity 9628K, committed 11724K, reserved 1048576K
}
Event: 10812.516 GC heap before
{Heap before GC invocations=697 (full 26):
 garbage-first heap   total 167936K, used 144224K [0x00000000a3200000, 0x0000000100000000)
  region size 1024K, 87 young (89088K), 1 survivors (1024K)
 Metaspace       used 62006K, capacity 65504K, committed 81020K, reserved 1118208K
  class space    used 8475K, capacity 9628K, committed 11724K, reserved 1048576K
}
Event: 10812.518 GC heap after
{Heap after GC invocations=698 (full 26):
 garbage-first heap   total 167936K, used 56087K [0x00000000a3200000, 0x0000000100000000)
  region size 1024K, 1 young (1024K), 1 survivors (1024K)
 Metaspace       used 62006K, capacity 65504K, committed 81020K, reserved 1118208K
  class space    used 8475K, capacity 9628K, committed 11724K, reserved 1048576K
}
Event: 10864.952 GC heap before
{Heap before GC invocations=698 (full 26):
 garbage-first heap   total 167936K, used 120599K [0x00000000a3200000, 0x0000000100000000)
  region size 1024K, 65 young (66560K), 1 survivors (1024K)
 Metaspace       used 62008K, capacity 65510K, committed 81020K, reserved 1118208K
  class space    used 8476K, capacity 9630K, committed 11724K, reserved 1048576K
}
Event: 10865.160 GC heap after
{Heap after GC invocations=699 (full 27):
 garbage-first heap   total 163840K, used 45800K [0x00000000a3200000, 0x0000000100000000)
  region size 1024K, 0 young (0K), 0 survivors (0K)
 Metaspace       used 62008K, capacity 65510K, committed 81020K, reserved 1118208K
  class space    used 8476K, capacity 9630K, committed 11724K, reserved 1048576K
}
Event: 10876.350 GC heap before
{Heap before GC invocations=699 (full 27):
 garbage-first heap   total 163840K, used 135912K [0x00000000a3200000, 0x0000000100000000)
  region size 1024K, 89 young (91136K), 0 survivors (0K)
 Metaspace       used 62125K, capacity 65744K, committed 81020K, reserved 1118208K
  class space    used 8500K, capacity 9699K, committed 11724K, reserved 1048576K
}
Event: 10876.354 GC heap after
{Heap after GC invocations=700 (full 27):
 garbage-first heap   total 163840K, used 47757K [0x00000000a3200000, 0x0000000100000000)
  region size 1024K, 2 young (2048K), 2 survivors (2048K)
 Metaspace       used 62125K, capacity 65744K, committed 81020K, reserved 1118208K
  class space    used 8500K, capacity 9699K, committed 11724K, reserved 1048576K
}
Event: 10876.879 GC heap before
{Heap before GC invocations=701 (full 27):
 garbage-first heap   total 163840K, used 136845K [0x00000000a3200000, 0x0000000100000000)
  region size 1024K, 90 young (92160K), 2 survivors (2048K)
 Metaspace       used 62320K, capacity 66001K, committed 81020K, reserved 1118208K
  class space    used 8526K, capacity 9742K, committed 11724K, reserved 1048576K
}
Event: 10876.885 GC heap after
{Heap after GC invocations=702 (full 27):
 garbage-first heap   total 163840K, used 50207K [0x00000000a3200000, 0x0000000100000000)
  region size 1024K, 5 young (5120K), 5 survivors (5120K)
 Metaspace       used 62320K, capacity 66001K, committed 81020K, reserved 1118208K
  class space    used 8526K, capacity 9742K, committed 11724K, reserved 1048576K
}
Event: 10881.612 GC heap before
{Heap before GC invocations=702 (full 27):
 garbage-first heap   total 163840K, used 137247K [0x00000000a3200000, 0x0000000100000000)
  region size 1024K, 91 young (93184K), 5 survivors (5120K)
 Metaspace       used 62517K, capacity 66273K, committed 81020K, reserved 1118208K
  class space    used 8553K, capacity 9789K, committed 11724K, reserved 1048576K
}
Event: 10881.619 GC heap after
{Heap after GC invocations=703 (full 27):
 garbage-first heap   total 163840K, used 50886K [0x00000000a3200000, 0x0000000100000000)
  region size 1024K, 5 young (5120K), 5 survivors (5120K)
 Metaspace       used 62517K, capacity 66273K, committed 81020K, reserved 1118208K
  class space    used 8553K, capacity 9789K, committed 11724K, reserved 1048576K
}
Event: 10886.932 GC heap before
{Heap before GC invocations=704 (full 27):
 garbage-first heap   total 163840K, used 135878K [0x00000000a3200000, 0x0000000100000000)
  region size 1024K, 89 young (91136K), 5 survivors (5120K)
 Metaspace       used 62841K, capacity 66599K, committed 81020K, reserved 1118208K
  class space    used 8582K, capacity 9842K, committed 11724K, reserved 1048576K
}
Event: 10886.939 GC heap after
{Heap after GC invocations=705 (full 27):
 garbage-first heap   total 163840K, used 53495K [0x00000000a3200000, 0x0000000100000000)
  region size 1024K, 8 young (8192K), 8 survivors (8192K)
 Metaspace       used 62841K, capacity 66599K, committed 81020K, reserved 1118208K
  class space    used 8582K, capacity 9842K, committed 11724K, reserved 1048576K
}
Event: 10916.960 GC heap before
{Heap before GC invocations=705 (full 27):
 garbage-first heap   total 163840K, used 135415K [0x00000000a3200000, 0x0000000100000000)
  region size 1024K, 88 young (90112K), 8 survivors (8192K)
 Metaspace       used 62991K, capacity 66787K, committed 81020K, reserved 1118208K
  class space    used 8601K, capacity 9860K, committed 11724K, reserved 1048576K
}
Event: 10916.976 GC heap after
{Heap after GC invocations=706 (full 27):
 garbage-first heap   total 163840K, used 55169K [0x00000000a3200000, 0x0000000100000000)
  region size 1024K, 6 young (6144K), 6 survivors (6144K)
 Metaspace       used 62991K, capacity 66787K, committed 81020K, reserved 1118208K
  class space    used 8601K, capacity 9860K, committed 11724K, reserved 1048576K
}
Event: 10973.520 GC heap before
{Heap before GC invocations=707 (full 27):
 garbage-first heap   total 163840K, used 135041K [0x00000000a3200000, 0x0000000100000000)
  region size 1024K, 85 young (87040K), 6 survivors (6144K)
 Metaspace       used 62892K, capacity 66634K, committed 81020K, reserved 1118208K
  class space    used 8577K, capacity 9815K, committed 11724K, reserved 1048576K
}
Event: 10973.526 GC heap after
{Heap after GC invocations=708 (full 27):
 garbage-first heap   total 163840K, used 54833K [0x00000000a3200000, 0x0000000100000000)
  region size 1024K, 6 young (6144K), 6 survivors (6144K)
 Metaspace       used 62892K, capacity 66634K, committed 81020K, reserved 1118208K
  class space    used 8577K, capacity 9815K, committed 11724K, reserved 1048576K
}
Event: 11030.726 GC heap before
{Heap before GC invocations=708 (full 27):
 garbage-first heap   total 163840K, used 135729K [0x00000000a3200000, 0x0000000100000000)
  region size 1024K, 85 young (87040K), 6 survivors (6144K)
 Metaspace       used 62892K, capacity 66634K, committed 81020K, reserved 1118208K
  class space    used 8577K, capacity 9815K, committed 11724K, reserved 1048576K
}
Event: 11030.744 GC heap after
{Heap after GC invocations=709 (full 27):
 garbage-first heap   total 163840K, used 55169K [0x00000000a3200000, 0x0000000100000000)
  region size 1024K, 6 young (6144K), 6 survivors (6144K)
 Metaspace       used 62892K, capacity 66634K, committed 81020K, reserved 1118208K
  class space    used 8577K, capacity 9815K, committed 11724K, reserved 1048576K
}
Event: 11100.177 GC heap before
{Heap before GC invocations=710 (full 27):
 garbage-first heap   total 163840K, used 137089K [0x00000000a3200000, 0x0000000100000000)
  region size 1024K, 86 young (88064K), 6 survivors (6144K)
 Metaspace       used 62886K, capacity 66622K, committed 81020K, reserved 1118208K
  class space    used 8576K, capacity 9811K, committed 11724K, reserved 1048576K
}

Deoptimization events (6 events):
Event: 11.008 Thread 0x00007f2130003000 DEOPT PACKING pc=0x00007f21751dab1c sp=0x00007f2165095b90
Event: 11.008 Thread 0x00007f2130003000 DEOPT UNPACKING pc=0x00007f21748b79ba sp=0x00007f2165095118 mode 0
Event: 163.645 Thread 0x00007f212538e000 DEOPT PACKING pc=0x00007f2174fc8e3c sp=0x00007f2119ff3e80
Event: 163.645 Thread 0x00007f212538e000 DEOPT UNPACKING pc=0x00007f21748b79ba sp=0x00007f2119ff33b8 mode 0
Event: 2623.438 Thread 0x00007f2124cd2800 DEOPT PACKING pc=0x00007f2175217725 sp=0x00007f21197ee920
Event: 2623.438 Thread 0x00007f2124cd2800 DEOPT UNPACKING pc=0x00007f21748b79ba sp=0x00007f21197ede48 mode 3

Classes redefined (0 events):
No events

Internal exceptions (20 events):
Event: 10886.859 Thread 0x00007f20d0193800 Exception <a 'java/lang/ClassNotFoundException'{0x00000000a894ea80}: java/lang/ObjectCustomizer> (0x00000000a894ea80) thrown at [src/hotspot/share/classfile/systemDictionary.cpp, line 231]
Event: 10886.860 Thread 0x00007f20d0193800 Exception <a 'java/lang/ClassNotFoundException'{0x00000000a8963630}: com/swithun/backend/entity/AdminEntityCustomizer> (0x00000000a8963630) thrown at [src/hotspot/share/classfile/systemDictionary.cpp, line 231]
Event: 10886.872 Thread 0x00007f20d0193800 Exception <a 'java/lang/reflect/InvocationTargetException'{0x00000000a86a8fc8}> (0x00000000a86a8fc8) thrown at [src/hotspot/share/runtime/reflection.cpp, line 1245]
Event: 10886.892 Thread 0x00007f20d0193800 Exception <a 'java/io/FileNotFoundException'{0x00000000a84883a0}> (0x00000000a84883a0) thrown at [src/hotspot/share/prims/jni.cpp, line 615]
Event: 10886.895 Thread 0x00007f20d0193800 Exception <a 'java/net/BindException'{0x00000000a84ba268}> (0x00000000a84ba268) thrown at [src/hotspot/share/prims/jni.cpp, line 615]
Event: 10886.916 Thread 0x00007f20d0193800 Exception <a 'java/lang/reflect/InvocationTargetException'{0x00000000a7e4db28}> (0x00000000a7e4db28) thrown at [src/hotspot/share/runtime/reflection.cpp, line 1245]
Event: 10886.917 Thread 0x00007f20d0193800 Exception <a 'java/lang/reflect/InvocationTargetException'{0x00000000a7e5bfb8}> (0x00000000a7e5bfb8) thrown at [src/hotspot/share/runtime/reflection.cpp, line 1245]
Event: 10886.949 Thread 0x00007f20d0193800 Exception <a 'java/lang/reflect/InvocationTargetException'{0x00000000acb10ad0}> (0x00000000acb10ad0) thrown at [src/hotspot/share/runtime/reflection.cpp, line 1245]
Event: 10886.949 Thread 0x00007f20d0193800 Exception <a 'java/lang/reflect/InvocationTargetException'{0x00000000acb1ff18}> (0x00000000acb1ff18) thrown at [src/hotspot/share/runtime/reflection.cpp, line 1245]
Event: 10886.950 Thread 0x00007f20d0193800 Exception <a 'java/lang/reflect/InvocationTargetException'{0x00000000acb2ef58}> (0x00000000acb2ef58) thrown at [src/hotspot/share/runtime/reflection.cpp, line 1245]
Event: 10886.951 Thread 0x00007f20d0193800 Exception <a 'java/lang/reflect/InvocationTargetException'{0x00000000acb3c3c0}> (0x00000000acb3c3c0) thrown at [src/hotspot/share/runtime/reflection.cpp, line 1245]
Event: 10886.987 Thread 0x00007f20d0193800 Exception <a 'java/lang/ClassNotFoundException'{0x00000000ac4e9298}: java/lang/ObjectCustomizer> (0x00000000ac4e9298) thrown at [src/hotspot/share/classfile/systemDictionary.cpp, line 231]
Event: 10886.987 Thread 0x00007f20d0193800 Exception <a 'java/lang/ClassNotFoundException'{0x00000000ac4ffd18}: org/springframework/security/config/annotation/web/configuration/WebSecurityConfigurerAdapterCustomizer> (0x00000000ac4ffd18) thrown at [src/hotspot/share/classfile/systemDictionary.cpp, line 231]
Event: 10886.987 Thread 0x00007f20d0193800 Exception <a 'java/lang/ClassNotFoundException'{0x00000000ac31c2e0}: com/swithun/backend/tools/secret/config/WebSecurityConfigCustomizer> (0x00000000ac31c2e0) thrown at [src/hotspot/share/classfile/systemDictionary.cpp, line 231]
Event: 10886.988 Thread 0x00007f20d0193800 Exception <a 'java/lang/ClassNotFoundException'{0x00000000ac334e38}: com/swithun/backend/tools/secret/config/WebSecurityConfig$$EnhancerBySpringCGLIB$$7564dafCustomizer> (0x00000000ac334e38) thrown at [src/hotspot/share/classfile/systemDictionary.cpp, line 231]
Event: 10886.988 Thread 0x00007f20d0193800 Exception <a 'java/lang/ClassNotFoundException'{0x00000000ac356110}: org/springframework/context/annotation/ConfigurationClassEnhancer$EnhancedConfigurationCustomizer> (0x00000000ac356110) thrown at [src/hotspot/share/classfile/systemDictionary.cpp, line 231]
Event: 10886.988 Thread 0x00007f20d0193800 Exception <a 'java/lang/ClassNotFoundException'{0x00000000ac365248}: org/springframework/beans/factory/BeanFactoryAwareCustomizer> (0x00000000ac365248) thrown at [src/hotspot/share/classfile/systemDictionary.cpp, line 231]
Event: 10886.988 Thread 0x00007f20d0193800 Exception <a 'java/lang/ClassNotFoundException'{0x00000000ac374518}: org/springframework/beans/factory/AwareCustomizer> (0x00000000ac374518) thrown at [src/hotspot/share/classfile/systemDictionary.cpp, line 231]
Event: 10886.989 Thread 0x00007f20d0193800 Exception <a 'java/lang/ClassNotFoundException'{0x00000000ac385f48}: org/springframework/security/config/annotation/web/WebSecurityConfigurerCustomizer> (0x00000000ac385f48) thrown at [src/hotspot/share/classfile/systemDictionary.cpp, line 231]
Event: 10886.989 Thread 0x00007f20d0193800 Exception <a 'java/lang/ClassNotFoundException'{0x00000000ac396b28}: org/springframework/security/config/annotation/SecurityConfigurerCustomizer> (0x00000000ac396b28) thrown at [src/hotspot/share/classfile/systemDictionary.cpp, line 231]

Events (20 events):
Event: 10896.893 Executing VM operation: BulkRevokeBias done
Event: 10906.894 Executing VM operation: RevokeBias
Event: 10906.894 Executing VM operation: RevokeBias done
Event: 10916.959 Executing VM operation: G1CollectForAllocation
Event: 10916.976 Executing VM operation: G1CollectForAllocation done
Event: 10917.058 Executing VM operation: CGC_Operation
Event: 10917.082 Executing VM operation: CGC_Operation done
Event: 10917.142 Executing VM operation: CGC_Operation
Event: 10917.142 Executing VM operation: CGC_Operation done
Event: 10973.519 Executing VM operation: G1CollectForAllocation
Event: 10973.519 Executing VM operation: G1CollectForAllocation done
Event: 10973.520 Executing VM operation: G1CollectForAllocation
Event: 10973.526 Executing VM operation: G1CollectForAllocation done
Event: 11030.699 Executing VM operation: G1CollectForAllocation
Event: 11030.744 Executing VM operation: G1CollectForAllocation done
Event: 11030.858 Executing VM operation: CGC_Operation
Event: 11031.055 Executing VM operation: CGC_Operation done
Event: 11031.121 Executing VM operation: CGC_Operation
Event: 11031.122 Executing VM operation: CGC_Operation done
Event: 11099.618 Executing VM operation: G1CollectForAllocation


Dynamic libraries:
a3200000-ad000000 rw-p 00000000 00:00 0 
ad000000-ffe00000 ---p 00000000 00:00 0 
ffe00000-ffe47000 rw-p 01111000 08:10 232264                             /usr/lib/jvm/java-11-openjdk-amd64/lib/server/classes.jsa
ffe47000-fff00000 rw-p 00000000 00:00 0 
fff00000-fff6b000 rw-p 010a6000 08:10 232264                             /usr/lib/jvm/java-11-openjdk-amd64/lib/server/classes.jsa
fff6b000-100000000 rw-p 00000000 00:00 0 
800000000-800002000 rwxp 00001000 08:10 232264                           /usr/lib/jvm/java-11-openjdk-amd64/lib/server/classes.jsa
800002000-8003b9000 rw-p 00003000 08:10 232264                           /usr/lib/jvm/java-11-openjdk-amd64/lib/server/classes.jsa
8003b9000-800a96000 r--p 003ba000 08:10 232264                           /usr/lib/jvm/java-11-openjdk-amd64/lib/server/classes.jsa
800a96000-800a97000 rw-p 00a97000 08:10 232264                           /usr/lib/jvm/java-11-openjdk-amd64/lib/server/classes.jsa
800a97000-8010a5000 r--p 00a98000 08:10 232264                           /usr/lib/jvm/java-11-openjdk-amd64/lib/server/classes.jsa
840000000-840b73000 rw-p 00000000 00:00 0 
840b73000-880000000 ---p 00000000 00:00 0 
55b77a57e000-55b77a57f000 r--p 00000000 08:10 4770                       /usr/lib/jvm/java-11-openjdk-amd64/bin/java
55b77a57f000-55b77a580000 r-xp 00001000 08:10 4770                       /usr/lib/jvm/java-11-openjdk-amd64/bin/java
55b77a580000-55b77a581000 r--p 00002000 08:10 4770                       /usr/lib/jvm/java-11-openjdk-amd64/bin/java
55b77a581000-55b77a582000 r--p 00002000 08:10 4770                       /usr/lib/jvm/java-11-openjdk-amd64/bin/java
55b77a582000-55b77a583000 rw-p 00003000 08:10 4770                       /usr/lib/jvm/java-11-openjdk-amd64/bin/java
55b77a773000-55b77a7b7000 rw-p 00000000 00:00 0                          [heap]
7f20ce9f8000-7f20ce9fc000 ---p 00000000 00:00 0 
7f20ce9fc000-7f20ceaf9000 rw-p 00000000 00:00 0 
7f20ceaf9000-7f20ceafd000 ---p 00000000 00:00 0 
7f20ceafd000-7f20cedba000 rw-p 00000000 00:00 0 
7f20cedba000-7f20cedfa000 ---p 00000000 00:00 0 
7f20cedfa000-7f20ceffa000 rw-p 00000000 00:00 0 
7f20ceffa000-7f20cf1fa000 rw-p 00000000 00:00 0 
7f20cf1fa000-7f20cf3fa000 rw-p 00000000 00:00 0 
7f20cf3fa000-7f20cf5fa000 rw-p 00000000 00:00 0 
7f20cf5fa000-7f20cf7fa000 rw-p 00000000 00:00 0 
7f20cf7fa000-7f20cf7fe000 ---p 00000000 00:00 0 
7f20cf7fe000-7f20cf8fb000 rw-p 00000000 00:00 0 
7f20cf8fb000-7f20cf8ff000 ---p 00000000 00:00 0 
7f20cf8ff000-7f20cf9fc000 rw-p 00000000 00:00 0 
7f20cf9fc000-7f20cfa00000 ---p 00000000 00:00 0 
7f20cfa00000-7f20cfafd000 rw-p 00000000 00:00 0 
7f20cfafd000-7f20cfb01000 ---p 00000000 00:00 0 
7f20cfb01000-7f20cfbfe000 rw-p 00000000 00:00 0 
7f20cfbfe000-7f20cfc02000 ---p 00000000 00:00 0 
7f20cfc02000-7f20cfcff000 rw-p 00000000 00:00 0 
7f20cfcff000-7f20cfd03000 ---p 00000000 00:00 0 
7f20cfd03000-7f20d0000000 rw-p 00000000 00:00 0 
7f20d0000000-7f20d01d2000 rw-p 00000000 00:00 0 
7f20d01d2000-7f20d4000000 ---p 00000000 00:00 0 
7f20d4000000-7f20d4073000 rw-p 00000000 00:00 0 
7f20d4073000-7f20d8000000 ---p 00000000 00:00 0 
7f20d8000000-7f20d8032000 rw-p 00000000 00:00 0 
7f20d8032000-7f20dc000000 ---p 00000000 00:00 0 
7f20dc000000-7f20dc106000 rw-p 00000000 00:00 0 
7f20dc106000-7f20e0000000 ---p 00000000 00:00 0 
7f20e0000000-7f20e00de000 rw-p 00000000 00:00 0 
7f20e00de000-7f20e4000000 ---p 00000000 00:00 0 
7f20e4000000-7f20e406d000 rw-p 00000000 00:00 0 
7f20e406d000-7f20e8000000 ---p 00000000 00:00 0 
7f20e8000000-7f20e8157000 rw-p 00000000 00:00 0 
7f20e8157000-7f20ec000000 ---p 00000000 00:00 0 
7f20ec000000-7f20ec160000 rw-p 00000000 00:00 0 
7f20ec160000-7f20f0000000 ---p 00000000 00:00 0 
7f20f0000000-7f20f017c000 rw-p 00000000 00:00 0 
7f20f017c000-7f20f4000000 ---p 00000000 00:00 0 
7f20f4000000-7f20f4026000 rw-p 00000000 00:00 0 
7f20f4026000-7f20f8000000 ---p 00000000 00:00 0 
7f20f8000000-7f20f803d000 rw-p 00000000 00:00 0 
7f20f803d000-7f20fc000000 ---p 00000000 00:00 0 
7f20fc000000-7f20fc068000 rw-p 00000000 00:00 0 
7f20fc068000-7f2100000000 ---p 00000000 00:00 0 
7f2100000000-7f2100062000 rw-p 00000000 00:00 0 
7f2100062000-7f2104000000 ---p 00000000 00:00 0 
7f2104000000-7f2104025000 rw-p 00000000 00:00 0 
7f2104025000-7f2108000000 ---p 00000000 00:00 0 
7f2108000000-7f210806a000 rw-p 00000000 00:00 0 
7f210806a000-7f210c000000 ---p 00000000 00:00 0 
7f210c000000-7f210c058000 rw-p 00000000 00:00 0 
7f210c058000-7f2110000000 ---p 00000000 00:00 0 
7f2110000000-7f211005e000 rw-p 00000000 00:00 0 
7f211005e000-7f2114000000 ---p 00000000 00:00 0 
7f2114000000-7f2114044000 rw-p 00000000 00:00 0 
7f2114044000-7f2118000000 ---p 00000000 00:00 0 
7f21180e5000-7f21180e9000 ---p 00000000 00:00 0 
7f21180e9000-7f21181e6000 rw-p 00000000 00:00 0 
7f21181e6000-7f21181ea000 ---p 00000000 00:00 0 
7f21181ea000-7f21182e7000 rw-p 00000000 00:00 0 
7f21182e7000-7f21182eb000 ---p 00000000 00:00 0 
7f21182eb000-7f21183e8000 rw-p 00000000 00:00 0 
7f21183e8000-7f21183ec000 ---p 00000000 00:00 0 
7f21183ec000-7f21184e9000 rw-p 00000000 00:00 0 
7f21184e9000-7f21184ed000 ---p 00000000 00:00 0 
7f21184ed000-7f21185ea000 rw-p 00000000 00:00 0 
7f21185ea000-7f21185ee000 ---p 00000000 00:00 0 
7f21185ee000-7f21186eb000 rw-p 00000000 00:00 0 
7f21186eb000-7f21186ef000 ---p 00000000 00:00 0 
7f21186ef000-7f21187ec000 rw-p 00000000 00:00 0 
7f21187ec000-7f21187f0000 ---p 00000000 00:00 0 
7f21187f0000-7f21188ed000 rw-p 00000000 00:00 0 
7f21188ed000-7f21188f1000 ---p 00000000 00:00 0 
7f21188f1000-7f21189ee000 rw-p 00000000 00:00 0 
7f21189ee000-7f21189f2000 ---p 00000000 00:00 0 
7f21189f2000-7f2118cef000 rw-p 00000000 00:00 0 
7f2118cef000-7f2118eef000 rw-p 00000000 00:00 0 
7f2118eef000-7f21190ef000 rw-p 00000000 00:00 0 
7f21190ef000-7f21192ef000 rw-p 00000000 00:00 0 
7f21192ef000-7f21194ef000 rw-p 00000000 00:00 0 
7f21194ef000-7f21194f3000 ---p 00000000 00:00 0 
7f21194f3000-7f21195f0000 rw-p 00000000 00:00 0 
7f21195f0000-7f21195f4000 ---p 00000000 00:00 0 
7f21195f4000-7f21196f1000 rw-p 00000000 00:00 0 
7f21196f1000-7f21196f5000 ---p 00000000 00:00 0 
7f21196f5000-7f21197f2000 rw-p 00000000 00:00 0 
7f21197f2000-7f21197f6000 ---p 00000000 00:00 0 
7f21197f6000-7f21198f3000 rw-p 00000000 00:00 0 
7f21198f3000-7f21198f7000 ---p 00000000 00:00 0 
7f21198f7000-7f21199f4000 rw-p 00000000 00:00 0 
7f21199f4000-7f21199f8000 ---p 00000000 00:00 0 
7f21199f8000-7f2119af5000 rw-p 00000000 00:00 0 
7f2119af5000-7f2119af9000 ---p 00000000 00:00 0 
7f2119af9000-7f2119bf6000 rw-p 00000000 00:00 0 
7f2119bf6000-7f2119bfa000 ---p 00000000 00:00 0 
7f2119bfa000-7f2119cf7000 rw-p 00000000 00:00 0 
7f2119cf7000-7f2119cfb000 ---p 00000000 00:00 0 
7f2119cfb000-7f2119df8000 rw-p 00000000 00:00 0 
7f2119df8000-7f2119dfc000 ---p 00000000 00:00 0 
7f2119dfc000-7f2119ef9000 rw-p 00000000 00:00 0 
7f2119ef9000-7f2119efd000 ---p 00000000 00:00 0 
7f2119efd000-7f2119ffa000 rw-p 00000000 00:00 0 
7f2119ffa000-7f2119ffe000 ---p 00000000 00:00 0 
7f2119ffe000-7f211a0fb000 rw-p 00000000 00:00 0 
7f211a0fb000-7f211a0ff000 ---p 00000000 00:00 0 
7f211a0ff000-7f211a1fc000 rw-p 00000000 00:00 0 
7f211a1fc000-7f211a200000 ---p 00000000 00:00 0 
7f211a200000-7f211a4fd000 rw-p 00000000 00:00 0 
7f211a4fd000-7f211a6fd000 rw-p 00000000 00:00 0 
7f211a6fd000-7f211a701000 ---p 00000000 00:00 0 
7f211a701000-7f211a7fe000 rw-p 00000000 00:00 0 
7f211a7fe000-7f211a802000 ---p 00000000 00:00 0 
7f211a802000-7f211aaff000 rw-p 00000000 00:00 0 
7f211aaff000-7f211acff000 rw-p 00000000 00:00 0 
7f211acff000-7f211aeff000 rw-p 00000000 00:00 0 
7f211aeff000-7f211b0ff000 rw-p 00000000 00:00 0 
7f211b0ff000-7f211b2ff000 rw-p 00000000 00:00 0 
7f211b2ff000-7f211b303000 ---p 00000000 00:00 0 
7f211b303000-7f211b600000 rw-p 00000000 00:00 0 
7f211b600000-7f211b800000 rw-p 00000000 00:00 0 
7f211b800000-7f211ba00000 rw-p 00000000 00:00 0 
7f211ba00000-7f211bc00000 rw-p 00000000 00:00 0 
7f211bc00000-7f211be00000 rw-p 00000000 00:00 0 
7f211be00000-7f211c000000 rw-p 00000000 00:00 0 
7f211c000000-7f211c04c000 rw-p 00000000 00:00 0 
7f211c04c000-7f2120000000 ---p 00000000 00:00 0 
7f2120000000-7f2120042000 rw-p 00000000 00:00 0 
7f2120042000-7f2124000000 ---p 00000000 00:00 0 
7f2124000000-7f21253b2000 rw-p 00000000 00:00 0 
7f21253b2000-7f2128000000 ---p 00000000 00:00 0 
7f2128000000-7f212818a000 rw-p 00000000 00:00 0 
7f212818a000-7f212c000000 ---p 00000000 00:00 0 
7f212c000000-7f212c040000 rw-p 00000000 00:00 0 
7f212c040000-7f2130000000 ---p 00000000 00:00 0 
7f2130000000-7f21300ab000 rw-p 00000000 00:00 0 
7f21300ab000-7f2134000000 ---p 00000000 00:00 0 
7f2134000000-7f213402f000 rw-p 00000000 00:00 0 
7f213402f000-7f2138000000 ---p 00000000 00:00 0 
7f2138000000-7f2138021000 rw-p 00000000 00:00 0 
7f2138021000-7f213c000000 ---p 00000000 00:00 0 
7f213c000000-7f213c906000 rw-p 00000000 00:00 0 
7f213c906000-7f2140000000 ---p 00000000 00:00 0 
7f2140000000-7f2140021000 rw-p 00000000 00:00 0 
7f2140021000-7f2144000000 ---p 00000000 00:00 0 
7f2144000000-7f2144021000 rw-p 00000000 00:00 0 
7f2144021000-7f2148000000 ---p 00000000 00:00 0 
7f2148000000-7f2148021000 rw-p 00000000 00:00 0 
7f2148021000-7f214c000000 ---p 00000000 00:00 0 
7f214c000000-7f214c021000 rw-p 00000000 00:00 0 
7f214c021000-7f2150000000 ---p 00000000 00:00 0 
7f2150000000-7f2150021000 rw-p 00000000 00:00 0 
7f2150021000-7f2154000000 ---p 00000000 00:00 0 
7f2154000000-7f215404e000 rw-p 00000000 00:00 0 
7f215404e000-7f2158000000 ---p 00000000 00:00 0 
7f2158000000-7f215913b000 rw-p 00000000 00:00 0 
7f215913b000-7f215c000000 ---p 00000000 00:00 0 
7f215c000000-7f215c021000 rw-p 00000000 00:00 0 
7f215c021000-7f2160000000 ---p 00000000 00:00 0 
7f2160000000-7f21600e2000 rw-p 00000000 00:00 0 
7f21600e2000-7f2164000000 ---p 00000000 00:00 0 
7f216405e000-7f2164062000 ---p 00000000 00:00 0 
7f2164062000-7f216415f000 rw-p 00000000 00:00 0 
7f216415f000-7f2164167000 r--p 00000000 08:10 4847                       /usr/lib/jvm/java-11-openjdk-amd64/lib/libsunec.so
7f2164167000-7f2164180000 r-xp 00008000 08:10 4847                       /usr/lib/jvm/java-11-openjdk-amd64/lib/libsunec.so
7f2164180000-7f216418a000 r--p 00021000 08:10 4847                       /usr/lib/jvm/java-11-openjdk-amd64/lib/libsunec.so
7f216418a000-7f216418b000 ---p 0002b000 08:10 4847                       /usr/lib/jvm/java-11-openjdk-amd64/lib/libsunec.so
7f216418b000-7f216418f000 r--p 0002b000 08:10 4847                       /usr/lib/jvm/java-11-openjdk-amd64/lib/libsunec.so
7f216418f000-7f2164191000 rw-p 0002f000 08:10 4847                       /usr/lib/jvm/java-11-openjdk-amd64/lib/libsunec.so
7f2164191000-7f216437d000 rw-p 00000000 00:00 0 
7f216437d000-7f2164391000 ---p 00000000 00:00 0 
7f2164391000-7f2164591000 rw-p 00000000 00:00 0 
7f2164591000-7f2164791000 rw-p 00000000 00:00 0 
7f2164791000-7f2164991000 rw-p 00000000 00:00 0 
7f2164991000-7f2164992000 ---p 00000000 00:00 0 
7f2164992000-7f2164a93000 rw-p 00000000 00:00 0 
7f2164a93000-7f2164a94000 ---p 00000000 00:00 0 
7f2164a94000-7f2164b95000 rw-p 00000000 00:00 0 
7f2164b95000-7f2164b96000 ---p 00000000 00:00 0 
7f2164b96000-7f2164e97000 rw-p 00000000 00:00 0 
7f2164e97000-7f2164e9b000 ---p 00000000 00:00 0 
7f2164e9b000-7f2164f98000 rw-p 00000000 00:00 0 
7f2164f98000-7f2164f9c000 ---p 00000000 00:00 0 
7f2164f9c000-7f2165099000 rw-p 00000000 00:00 0 
7f2165099000-7f216509d000 ---p 00000000 00:00 0 
7f216509d000-7f216519a000 rw-p 00000000 00:00 0 
7f216519a000-7f216519b000 ---p 00000000 00:00 0 
7f216519b000-7f216529c000 rw-p 00000000 00:00 0 
7f216529c000-7f21652a0000 ---p 00000000 00:00 0 
7f21652a0000-7f216539d000 rw-p 00000000 00:00 0 
7f216539d000-7f216539e000 ---p 00000000 00:00 0 
7f216539e000-7f216549f000 rw-p 00000000 00:00 0 
7f216549f000-7f21654a3000 ---p 00000000 00:00 0 
7f21654a3000-7f21655a0000 rw-p 00000000 00:00 0 
7f21655a0000-7f21655a4000 ---p 00000000 00:00 0 
7f21655a4000-7f21656a1000 rw-p 00000000 00:00 0 
7f21656a1000-7f21656a5000 ---p 00000000 00:00 0 
7f21656a5000-7f21657a2000 rw-p 00000000 00:00 0 
7f21657a2000-7f21657a6000 ---p 00000000 00:00 0 
7f21657a6000-7f21658a3000 rw-p 00000000 00:00 0 
7f21658a3000-7f2165a16000 r--p 00000000 08:10 12751                      /usr/lib/locale/C.UTF-8/LC_COLLATE
7f2165a16000-7f2165cfc000 r--p 00000000 08:10 13350                      /usr/lib/locale/locale-archive
7f2165cfc000-7f2165d00000 ---p 00000000 00:00 0 
7f2165d00000-7f2165dfd000 rw-p 00000000 00:00 0 
7f2165dfd000-7f2165e01000 ---p 00000000 00:00 0 
7f2165e01000-7f2165efe000 rw-p 00000000 00:00 0 
7f2165efe000-7f2165eff000 ---p 00000000 00:00 0 
7f2165eff000-7f2168000000 rw-p 00000000 00:00 0 
7f2168000000-7f2168021000 rw-p 00000000 00:00 0 
7f2168021000-7f216c000000 ---p 00000000 00:00 0 
7f216c012000-7f216c013000 r--p 00000000 08:10 4822                       /usr/lib/jvm/java-11-openjdk-amd64/lib/libextnet.so
7f216c013000-7f216c014000 r-xp 00001000 08:10 4822                       /usr/lib/jvm/java-11-openjdk-amd64/lib/libextnet.so
7f216c014000-7f216c015000 r--p 00002000 08:10 4822                       /usr/lib/jvm/java-11-openjdk-amd64/lib/libextnet.so
7f216c015000-7f216c016000 r--p 00002000 08:10 4822                       /usr/lib/jvm/java-11-openjdk-amd64/lib/libextnet.so
7f216c016000-7f216c017000 rw-p 00003000 08:10 4822                       /usr/lib/jvm/java-11-openjdk-amd64/lib/libextnet.so
7f216c017000-7f216c019000 r--p 00000000 08:10 4839                       /usr/lib/jvm/java-11-openjdk-amd64/lib/libmanagement_ext.so
7f216c019000-7f216c01c000 r-xp 00002000 08:10 4839                       /usr/lib/jvm/java-11-openjdk-amd64/lib/libmanagement_ext.so
7f216c01c000-7f216c01d000 r--p 00005000 08:10 4839                       /usr/lib/jvm/java-11-openjdk-amd64/lib/libmanagement_ext.so
7f216c01d000-7f216c01e000 ---p 00006000 08:10 4839                       /usr/lib/jvm/java-11-openjdk-amd64/lib/libmanagement_ext.so
7f216c01e000-7f216c01f000 r--p 00006000 08:10 4839                       /usr/lib/jvm/java-11-openjdk-amd64/lib/libmanagement_ext.so
7f216c01f000-7f216c020000 rw-p 00007000 08:10 4839                       /usr/lib/jvm/java-11-openjdk-amd64/lib/libmanagement_ext.so
7f216c020000-7f216c8a1000 rw-p 00000000 00:00 0 
7f216c8a1000-7f216c8a2000 ---p 00000000 00:00 0 
7f216c8a2000-7f216c9a3000 rw-p 00000000 00:00 0 
7f216c9a3000-7f216c9a4000 ---p 00000000 00:00 0 
7f216c9a4000-7f216d121000 rw-p 00000000 00:00 0 
7f216d121000-7f216e5d9000 ---p 00000000 00:00 0 
7f216e5d9000-7f216e859000 rw-p 00000000 00:00 0 
7f216e859000-7f216fd11000 ---p 00000000 00:00 0 
7f216fd11000-7f216fd68000 rw-p 00000000 00:00 0 
7f216fd68000-7f216ffff000 ---p 00000000 00:00 0 
7f216ffff000-7f2170000000 rw-p 00000000 00:00 0 
7f2170000000-7f2170044000 rw-p 00000000 00:00 0 
7f2170044000-7f2174000000 ---p 00000000 00:00 0 
7f2174000000-7f2174003000 r--p 00000000 08:10 4837                       /usr/lib/jvm/java-11-openjdk-amd64/lib/libmanagement.so
7f2174003000-7f2174004000 r-xp 00003000 08:10 4837                       /usr/lib/jvm/java-11-openjdk-amd64/lib/libmanagement.so
7f2174004000-7f2174005000 r--p 00004000 08:10 4837                       /usr/lib/jvm/java-11-openjdk-amd64/lib/libmanagement.so
7f2174005000-7f2174006000 r--p 00004000 08:10 4837                       /usr/lib/jvm/java-11-openjdk-amd64/lib/libmanagement.so
7f2174006000-7f2174007000 rw-p 00005000 08:10 4837                       /usr/lib/jvm/java-11-openjdk-amd64/lib/libmanagement.so
7f2174007000-7f2174038000 rw-p 00000000 00:00 0 
7f2174038000-7f217403c000 r--p 00000000 08:10 4841                       /usr/lib/jvm/java-11-openjdk-amd64/lib/libnet.so
7f217403c000-7f217404b000 r-xp 00004000 08:10 4841                       /usr/lib/jvm/java-11-openjdk-amd64/lib/libnet.so
7f217404b000-7f217404f000 r--p 00013000 08:10 4841                       /usr/lib/jvm/java-11-openjdk-amd64/lib/libnet.so
7f217404f000-7f2174050000 r--p 00016000 08:10 4841                       /usr/lib/jvm/java-11-openjdk-amd64/lib/libnet.so
7f2174050000-7f2174051000 rw-p 00017000 08:10 4841                       /usr/lib/jvm/java-11-openjdk-amd64/lib/libnet.so
7f2174051000-7f2174058000 r--p 00000000 08:10 4842                       /usr/lib/jvm/java-11-openjdk-amd64/lib/libnio.so
7f2174058000-7f2174060000 r-xp 00007000 08:10 4842                       /usr/lib/jvm/java-11-openjdk-amd64/lib/libnio.so
7f2174060000-7f2174063000 r--p 0000f000 08:10 4842                       /usr/lib/jvm/java-11-openjdk-amd64/lib/libnio.so
7f2174063000-7f2174064000 r--p 00011000 08:10 4842                       /usr/lib/jvm/java-11-openjdk-amd64/lib/libnio.so
7f2174064000-7f2174065000 rw-p 00012000 08:10 4842                       /usr/lib/jvm/java-11-openjdk-amd64/lib/libnio.so
7f2174065000-7f21741c1000 rw-p 00000000 00:00 0 
7f21741c1000-7f21741c2000 ---p 00000000 00:00 0 
7f21741c2000-7f2174312000 rw-p 00000000 00:00 0 
7f2174312000-7f21745a9000 ---p 00000000 00:00 0 
7f21745a9000-7f21745f9000 rw-p 00000000 00:00 0 
7f21745f9000-7f2174890000 ---p 00000000 00:00 0 
7f2174890000-7f2174891000 rw-p 00000000 00:00 0 
7f2174891000-7f2174b01000 rwxp 00000000 00:00 0 
7f2174b01000-7f2174f38000 ---p 00000000 00:00 0 
7f2174f38000-7f21769d8000 rwxp 00000000 00:00 0 
7f21769d8000-7f2183891000 ---p 00000000 00:00 0 
7f2183891000-7f218c000000 r--s 00000000 08:10 4851                       /usr/lib/jvm/java-11-openjdk-amd64/lib/modules
7f218c000000-7f218c5ee000 rw-p 00000000 00:00 0 
7f218c5ee000-7f2190000000 ---p 00000000 00:00 0 
7f2190002000-7f2190034000 r--p 00000000 08:10 12752                      /usr/lib/locale/C.UTF-8/LC_CTYPE
7f2190034000-7f2190035000 r--p 00000000 08:10 12758                      /usr/lib/locale/C.UTF-8/LC_NUMERIC
7f2190035000-7f2190036000 r--p 00000000 08:10 12761                      /usr/lib/locale/C.UTF-8/LC_TIME
7f2190036000-7f219003d000 r--s 00000000 08:10 30850                      /usr/lib/x86_64-linux-gnu/gconv/gconv-modules.cache
7f219003d000-7f21900a7000 rw-p 00000000 00:00 0 
7f21900a7000-7f21900a8000 ---p 00000000 00:00 0 
7f21900a8000-7f21906e0000 rw-p 00000000 00:00 0 
7f21906e0000-7f21906e1000 ---p 00000000 00:00 0 
7f21906e1000-7f2190818000 rw-p 00000000 00:00 0 
7f2190818000-7f21909b5000 ---p 00000000 00:00 0 
7f21909b5000-7f21909ba000 rw-p 00000000 00:00 0 
7f21909ba000-7f21909c3000 ---p 00000000 00:00 0 
7f21909c3000-7f21909c5000 r--p 00000000 08:10 4850                       /usr/lib/jvm/java-11-openjdk-amd64/lib/libzip.so
7f21909c5000-7f21909c9000 r-xp 00002000 08:10 4850                       /usr/lib/jvm/java-11-openjdk-amd64/lib/libzip.so
7f21909c9000-7f21909cb000 r--p 00006000 08:10 4850                       /usr/lib/jvm/java-11-openjdk-amd64/lib/libzip.so
7f21909cb000-7f21909cc000 r--p 00007000 08:10 4850                       /usr/lib/jvm/java-11-openjdk-amd64/lib/libzip.so
7f21909cc000-7f21909cd000 rw-p 00008000 08:10 4850                       /usr/lib/jvm/java-11-openjdk-amd64/lib/libzip.so
7f21909cd000-7f21909d0000 r--p 00000000 08:10 15821                      /usr/lib/x86_64-linux-gnu/libnss_files-2.31.so
7f21909d0000-7f21909d7000 r-xp 00003000 08:10 15821                      /usr/lib/x86_64-linux-gnu/libnss_files-2.31.so
7f21909d7000-7f21909d9000 r--p 0000a000 08:10 15821                      /usr/lib/x86_64-linux-gnu/libnss_files-2.31.so
7f21909d9000-7f21909da000 r--p 0000b000 08:10 15821                      /usr/lib/x86_64-linux-gnu/libnss_files-2.31.so
7f21909da000-7f21909db000 rw-p 0000c000 08:10 15821                      /usr/lib/x86_64-linux-gnu/libnss_files-2.31.so
7f21909db000-7f21909e1000 rw-p 00000000 00:00 0 
7f21909e1000-7f21909e2000 r--p 00000000 08:10 12756                      /usr/lib/locale/C.UTF-8/LC_MONETARY
7f21909e2000-7f21909e3000 r--p 00000000 08:10 12755                      /usr/lib/locale/C.UTF-8/LC_MESSAGES/SYS_LC_MESSAGES
7f21909e3000-7f21909e4000 r--p 00000000 08:10 12759                      /usr/lib/locale/C.UTF-8/LC_PAPER
7f21909e4000-7f21909e5000 r--p 00000000 08:10 12757                      /usr/lib/locale/C.UTF-8/LC_NAME
7f21909e5000-7f21909e6000 r--p 00000000 08:10 12750                      /usr/lib/locale/C.UTF-8/LC_ADDRESS
7f21909e6000-7f21909e7000 r--p 00000000 08:10 12760                      /usr/lib/locale/C.UTF-8/LC_TELEPHONE
7f21909e7000-7f21909ef000 rw-s 00000000 08:10 488174                     /tmp/hsperfdata_swithun/24453
7f21909ef000-7f21909fd000 r--p 00000000 08:10 4829                       /usr/lib/jvm/java-11-openjdk-amd64/lib/libjava.so
7f21909fd000-7f2190a13000 r-xp 0000e000 08:10 4829                       /usr/lib/jvm/java-11-openjdk-amd64/lib/libjava.so
7f2190a13000-7f2190a1a000 r--p 00024000 08:10 4829                       /usr/lib/jvm/java-11-openjdk-amd64/lib/libjava.so
7f2190a1a000-7f2190a1b000 r--p 0002a000 08:10 4829                       /usr/lib/jvm/java-11-openjdk-amd64/lib/libjava.so
7f2190a1b000-7f2190a1c000 rw-p 0002b000 08:10 4829                       /usr/lib/jvm/java-11-openjdk-amd64/lib/libjava.so
7f2190a1c000-7f2190a1d000 rw-p 00000000 00:00 0 
7f2190a1d000-7f2190a22000 r--p 00000000 08:10 4849                       /usr/lib/jvm/java-11-openjdk-amd64/lib/libverify.so
7f2190a22000-7f2190a29000 r-xp 00005000 08:10 4849                       /usr/lib/jvm/java-11-openjdk-amd64/lib/libverify.so
7f2190a29000-7f2190a2b000 r--p 0000c000 08:10 4849                       /usr/lib/jvm/java-11-openjdk-amd64/lib/libverify.so
7f2190a2b000-7f2190a2c000 ---p 0000e000 08:10 4849                       /usr/lib/jvm/java-11-openjdk-amd64/lib/libverify.so
7f2190a2c000-7f2190a2e000 r--p 0000e000 08:10 4849                       /usr/lib/jvm/java-11-openjdk-amd64/lib/libverify.so
7f2190a2e000-7f2190a2f000 rw-p 00010000 08:10 4849                       /usr/lib/jvm/java-11-openjdk-amd64/lib/libverify.so
7f2190a2f000-7f2190a32000 r--p 00000000 08:10 15925                      /usr/lib/x86_64-linux-gnu/librt-2.31.so
7f2190a32000-7f2190a36000 r-xp 00003000 08:10 15925                      /usr/lib/x86_64-linux-gnu/librt-2.31.so
7f2190a36000-7f2190a37000 r--p 00007000 08:10 15925                      /usr/lib/x86_64-linux-gnu/librt-2.31.so
7f2190a37000-7f2190a38000 ---p 00008000 08:10 15925                      /usr/lib/x86_64-linux-gnu/librt-2.31.so
7f2190a38000-7f2190a39000 r--p 00008000 08:10 15925                      /usr/lib/x86_64-linux-gnu/librt-2.31.so
7f2190a39000-7f2190a3a000 rw-p 00009000 08:10 15925                      /usr/lib/x86_64-linux-gnu/librt-2.31.so
7f2190a3a000-7f2190a3e000 ---p 00000000 00:00 0 
7f2190a3e000-7f2190b3b000 rw-p 00000000 00:00 0 
7f2190b3b000-7f2190b3e000 r--p 00000000 08:10 15430                      /usr/lib/x86_64-linux-gnu/libgcc_s.so.1
7f2190b3e000-7f2190b50000 r-xp 00003000 08:10 15430                      /usr/lib/x86_64-linux-gnu/libgcc_s.so.1
7f2190b50000-7f2190b54000 r--p 00015000 08:10 15430                      /usr/lib/x86_64-linux-gnu/libgcc_s.so.1
7f2190b54000-7f2190b55000 r--p 00018000 08:10 15430                      /usr/lib/x86_64-linux-gnu/libgcc_s.so.1
7f2190b55000-7f2190b56000 rw-p 00019000 08:10 15430                      /usr/lib/x86_64-linux-gnu/libgcc_s.so.1
7f2190b56000-7f2190b65000 r--p 00000000 08:10 15815                      /usr/lib/x86_64-linux-gnu/libm-2.31.so
7f2190b65000-7f2190c0c000 r-xp 0000f000 08:10 15815                      /usr/lib/x86_64-linux-gnu/libm-2.31.so
7f2190c0c000-7f2190ca3000 r--p 000b6000 08:10 15815                      /usr/lib/x86_64-linux-gnu/libm-2.31.so
7f2190ca3000-7f2190ca4000 r--p 0014c000 08:10 15815                      /usr/lib/x86_64-linux-gnu/libm-2.31.so
7f2190ca4000-7f2190ca5000 rw-p 0014d000 08:10 15815                      /usr/lib/x86_64-linux-gnu/libm-2.31.so
7f2190ca5000-7f2190d3b000 r--p 00000000 08:10 15438                      /usr/lib/x86_64-linux-gnu/libstdc++.so.6.0.28
7f2190d3b000-7f2190e2b000 r-xp 00096000 08:10 15438                      /usr/lib/x86_64-linux-gnu/libstdc++.so.6.0.28
7f2190e2b000-7f2190e74000 r--p 00186000 08:10 15438                      /usr/lib/x86_64-linux-gnu/libstdc++.so.6.0.28
7f2190e74000-7f2190e75000 ---p 001cf000 08:10 15438                      /usr/lib/x86_64-linux-gnu/libstdc++.so.6.0.28
7f2190e75000-7f2190e80000 r--p 001cf000 08:10 15438                      /usr/lib/x86_64-linux-gnu/libstdc++.so.6.0.28
7f2190e80000-7f2190e83000 rw-p 001da000 08:10 15438                      /usr/lib/x86_64-linux-gnu/libstdc++.so.6.0.28
7f2190e83000-7f2190e86000 rw-p 00000000 00:00 0 
7f2190e86000-7f21910ff000 r--p 00000000 08:10 4857                       /usr/lib/jvm/java-11-openjdk-amd64/lib/server/libjvm.so
7f21910ff000-7f2191d80000 r-xp 00279000 08:10 4857                       /usr/lib/jvm/java-11-openjdk-amd64/lib/server/libjvm.so
7f2191d80000-7f2191fd6000 r--p 00efa000 08:10 4857                       /usr/lib/jvm/java-11-openjdk-amd64/lib/server/libjvm.so
7f2191fd6000-7f2191fd7000 ---p 01150000 08:10 4857                       /usr/lib/jvm/java-11-openjdk-amd64/lib/server/libjvm.so
7f2191fd7000-7f2192098000 r--p 01150000 08:10 4857                       /usr/lib/jvm/java-11-openjdk-amd64/lib/server/libjvm.so
7f2192098000-7f21920d3000 rw-p 01211000 08:10 4857                       /usr/lib/jvm/java-11-openjdk-amd64/lib/server/libjvm.so
7f21920d3000-7f219212c000 rw-p 00000000 00:00 0 
7f219212c000-7f2192133000 r--p 00000000 08:10 15923                      /usr/lib/x86_64-linux-gnu/libpthread-2.31.so
7f2192133000-7f2192144000 r-xp 00007000 08:10 15923                      /usr/lib/x86_64-linux-gnu/libpthread-2.31.so
7f2192144000-7f2192149000 r--p 00018000 08:10 15923                      /usr/lib/x86_64-linux-gnu/libpthread-2.31.so
7f2192149000-7f219214a000 r--p 0001c000 08:10 15923                      /usr/lib/x86_64-linux-gnu/libpthread-2.31.so
7f219214a000-7f219214b000 rw-p 0001d000 08:10 15923                      /usr/lib/x86_64-linux-gnu/libpthread-2.31.so
7f219214b000-7f219214f000 rw-p 00000000 00:00 0 
7f219214f000-7f2192150000 r--p 00000000 08:10 15814                      /usr/lib/x86_64-linux-gnu/libdl-2.31.so
7f2192150000-7f2192152000 r-xp 00001000 08:10 15814                      /usr/lib/x86_64-linux-gnu/libdl-2.31.so
7f2192152000-7f2192153000 r--p 00003000 08:10 15814                      /usr/lib/x86_64-linux-gnu/libdl-2.31.so
7f2192153000-7f2192154000 r--p 00003000 08:10 15814                      /usr/lib/x86_64-linux-gnu/libdl-2.31.so
7f2192154000-7f2192155000 rw-p 00004000 08:10 15814                      /usr/lib/x86_64-linux-gnu/libdl-2.31.so
7f2192155000-7f2192157000 r--p 00000000 08:10 3135                       /usr/lib/x86_64-linux-gnu/libz.so.1.2.11
7f2192157000-7f2192168000 r-xp 00002000 08:10 3135                       /usr/lib/x86_64-linux-gnu/libz.so.1.2.11
7f2192168000-7f219216e000 r--p 00013000 08:10 3135                       /usr/lib/x86_64-linux-gnu/libz.so.1.2.11
7f219216e000-7f219216f000 ---p 00019000 08:10 3135                       /usr/lib/x86_64-linux-gnu/libz.so.1.2.11
7f219216f000-7f2192170000 r--p 00019000 08:10 3135                       /usr/lib/x86_64-linux-gnu/libz.so.1.2.11
7f2192170000-7f2192171000 rw-p 0001a000 08:10 3135                       /usr/lib/x86_64-linux-gnu/libz.so.1.2.11
7f2192171000-7f2192196000 r--p 00000000 08:10 15813                      /usr/lib/x86_64-linux-gnu/libc-2.31.so
7f2192196000-7f219230e000 r-xp 00025000 08:10 15813                      /usr/lib/x86_64-linux-gnu/libc-2.31.so
7f219230e000-7f2192358000 r--p 0019d000 08:10 15813                      /usr/lib/x86_64-linux-gnu/libc-2.31.so
7f2192358000-7f2192359000 ---p 001e7000 08:10 15813                      /usr/lib/x86_64-linux-gnu/libc-2.31.so
7f2192359000-7f219235c000 r--p 001e7000 08:10 15813                      /usr/lib/x86_64-linux-gnu/libc-2.31.so
7f219235c000-7f219235f000 rw-p 001ea000 08:10 15813                      /usr/lib/x86_64-linux-gnu/libc-2.31.so
7f219235f000-7f2192363000 rw-p 00000000 00:00 0 
7f2192363000-7f2192364000 r--p 00000000 08:10 12754                      /usr/lib/locale/C.UTF-8/LC_MEASUREMENT
7f2192364000-7f2192366000 r--s 0000c000 08:10 5509                       /usr/share/java/java-atk-wrapper.jar
7f2192366000-7f2192367000 ---p 00000000 00:00 0 
7f2192367000-7f2192368000 r--p 00000000 00:00 0 
7f2192368000-7f219236a000 r--p 00000000 08:10 4833                       /usr/lib/jvm/java-11-openjdk-amd64/lib/libjimage.so
7f219236a000-7f219236d000 r-xp 00002000 08:10 4833                       /usr/lib/jvm/java-11-openjdk-amd64/lib/libjimage.so
7f219236d000-7f219236e000 r--p 00005000 08:10 4833                       /usr/lib/jvm/java-11-openjdk-amd64/lib/libjimage.so
7f219236e000-7f219236f000 ---p 00006000 08:10 4833                       /usr/lib/jvm/java-11-openjdk-amd64/lib/libjimage.so
7f219236f000-7f2192370000 r--p 00006000 08:10 4833                       /usr/lib/jvm/java-11-openjdk-amd64/lib/libjimage.so
7f2192370000-7f2192371000 rw-p 00007000 08:10 4833                       /usr/lib/jvm/java-11-openjdk-amd64/lib/libjimage.so
7f2192371000-7f2192374000 r--p 00000000 08:10 4813                       /usr/lib/jvm/java-11-openjdk-amd64/lib/jli/libjli.so
7f2192374000-7f219237e000 r-xp 00003000 08:10 4813                       /usr/lib/jvm/java-11-openjdk-amd64/lib/jli/libjli.so
7f219237e000-7f2192381000 r--p 0000d000 08:10 4813                       /usr/lib/jvm/java-11-openjdk-amd64/lib/jli/libjli.so
7f2192381000-7f2192382000 ---p 00010000 08:10 4813                       /usr/lib/jvm/java-11-openjdk-amd64/lib/jli/libjli.so
7f2192382000-7f2192383000 r--p 00010000 08:10 4813                       /usr/lib/jvm/java-11-openjdk-amd64/lib/jli/libjli.so
7f2192383000-7f2192384000 rw-p 00011000 08:10 4813                       /usr/lib/jvm/java-11-openjdk-amd64/lib/jli/libjli.so
7f2192384000-7f2192386000 rw-p 00000000 00:00 0 
7f2192386000-7f2192387000 r--p 00000000 08:10 15728                      /usr/lib/x86_64-linux-gnu/ld-2.31.so
7f2192387000-7f21923aa000 r-xp 00001000 08:10 15728                      /usr/lib/x86_64-linux-gnu/ld-2.31.so
7f21923aa000-7f21923b2000 r--p 00024000 08:10 15728                      /usr/lib/x86_64-linux-gnu/ld-2.31.so
7f21923b2000-7f21923b3000 r--p 00000000 08:10 12753                      /usr/lib/locale/C.UTF-8/LC_IDENTIFICATION
7f21923b3000-7f21923b4000 r--p 0002c000 08:10 15728                      /usr/lib/x86_64-linux-gnu/ld-2.31.so
7f21923b4000-7f21923b5000 rw-p 0002d000 08:10 15728                      /usr/lib/x86_64-linux-gnu/ld-2.31.so
7f21923b5000-7f21923b6000 rw-p 00000000 00:00 0 
7ffe1305e000-7ffe13081000 rw-p 00000000 00:00 0                          [stack]
7ffe131e2000-7ffe131e5000 r--p 00000000 00:00 0                          [vvar]
7ffe131e5000-7ffe131e6000 r-xp 00000000 00:00 0                          [vdso]


VM Arguments:
jvm_args: -Xverify:none -XX:TieredStopAtLevel=1 
java_command: com.swithun.backend.BackendApplication
java_class_path (initial): /home/swithun/project/vscode/java/spring boot/scoring_system/backend/target/classes:/home/swithun/.m2/repository/ch/qos/logback/logback-classic/1.2.3/logback-classic-1.2.3.jar:/home/swithun/.m2/repository/ch/qos/logback/logback-core/1.2.3/logback-core-1.2.3.jar:/home/swithun/.m2/repository/org/apache/logging/log4j/log4j-to-slf4j/2.13.3/log4j-to-slf4j-2.13.3.jar:/home/swithun/.m2/repository/org/apache/logging/log4j/log4j-api/2.13.3/log4j-api-2.13.3.jar:/home/swithun/.m2/repository/org/slf4j/jul-to-slf4j/1.7.30/jul-to-slf4j-1.7.30.jar:/home/swithun/.m2/repository/jakarta/annotation/jakarta.annotation-api/1.3.5/jakarta.annotation-api-1.3.5.jar:/home/swithun/.m2/repository/org/yaml/snakeyaml/1.27/snakeyaml-1.27.jar:/home/swithun/.m2/repository/org/springframework/spring-aop/5.3.3/spring-aop-5.3.3.jar:/home/swithun/.m2/repository/org/springframework/spring-beans/5.3.3/spring-beans-5.3.3.jar:/home/swithun/.m2/repository/org/springframework/security/spring-security-config/5.4.2/spring-security-config-5.4.2.jar:/home/swithun/.m2/repository/org/springframework/security/spring-security-core/5.4.2/spring-security-core-5.4.2.jar:/home/swithun/.m2/repository/org/springframework/spring-context/5.3.3/spring-context-5.3.3.jar:/home/swithun/.m2/repository/org/springframework/security/spring-security-web/5.4.2/spring-security-web-5.4.2.jar:/home/swithun/.m2/repository/org/springframework/spring-expression/5.3.3/spring-expression-5.3.3.jar:/home/swithun/.m2/repository/io/jsonwebtoken/jjwt/0.9.1/jjwt-0.9.1.jar:/home/swithun/.m2/repository/com/fasterxml/jackson/core/jackson-databind/2.11.4/jackson-databind-2.11.4.jar:/home/swithun/.m2/repository/com/fasterxml/jackson/core/jackson-annotations/2.11.4/jackson-annotations-2.11.4.jar:/home/swithun/.m2/repository/com/fasterxml/jackson/core/jackson-core/2.11.4/jackson-core-2.11.4.jar:/home/swithun/.m2/repository/mysql/mysql-connector-java/8.0.23/mysql-connector-java-8.0.23.jar:/home/swithun/.m2/repository/org/aspec
Launcher Type: SUN_STANDARD

[Global flags]

[error occurred during error reporting (printing flags), id 0x7, SIGBUS (0x7) at pc=0x00007f219179f177]

Logging:
Log output configuration:
 #0: stdout all=warning uptime,level,tags
 #1: stderr all=off uptime,level,tags

Environment Variables:
JAVA_HOME=/usr/lib/jvm/java-11-openjdk-amd64
PATH=/home/swithun/.sdkman/candidates/springboot/current/bin:/home/swithun/.nvm/versions/node/v15.6.0/bin:/usr/local/sbin:/usr/local/bin:/usr/sbin:/usr/bin:/sbin:/bin:/usr/games:/usr/local/games:/mnt/d/program/oracle/WINDOWS.X64_193000_db_home/bin:/mnt/c/WINDOWS/system32:/mnt/c/WINDOWS:/mnt/c/WINDOWS/System32/Wbem:/mnt/c/WINDOWS/System32/WindowsPowerShell/v1.0/:/mnt/c/WINDOWS/System32/OpenSSH/:/mnt/d/Program Files/RedHat/java-11-openjdk-11.0.8-2/bin:/mnt/d/Program Files/RedHat/java-11-openjdk-11.0.8-2/jre/bin:/mnt/d/SDK/Android/Sdk/tools:/mnt/c/Editor/Neovim/bin:/mnt/c/Program Files/cmder:/mnt/c/Users/25710/AppData/Local/Pandoc/:/mnt/c/software/apache-tomcat-9.0.24/bin:/mnt/c/software/apache-tomcat-9.0.24/lib:/mnt/c/software/apache-tomcat-9.0.24-2/bin:/mnt/c/software/apache-tomcat-9.0.24-2/lib:/mnt/c/Program Files/OpenSSL-Win64/bin:/mnt/c/Program Files/dotnet/:/mnt/c/Program Files/Intel/WiFi/bin/:/mnt/c/Program Files/Common Files/Intel/WirelessCommon/:/mnt/c/software/nodejs/:/mnt/d/SDK/Android/Sdk:/mnt/d/SDK/Flutter/flutter/bin:/mnt/d/texlive/2019/bin/win32:/mnt/c/Program Files/MongoDB/Server/4.2/bin:/mnt/c/Program Files (x86)/Vim/vim81:/mnt/c/Windows/System32/WindowsPowerShell/v1.0/powershell.exe:/mnt/d/program/-/sqlcl/bin:/mnt/d/:/mnt/c/:/mnt/c/Program Files/Microsoft SQL Server/100/Tools/Binn/:/mnt/c/Program Files/Microsoft SQL Server/100/DTS/Binn/:/mnt/d/share/env/bin/amd64:/mnt/c/Users/25710/AppData/Roaming/npm:/mnt/c/Users/25710/AppData/Local/Programs/Python/Python38:/mnt/c/Program Files/Sublime Text 3/:/mnt/d/Program Files/Microsoft SQL Server/Client SDK/ODBC/170/Tools/Binn/:/mnt/d/Program Files (x86)/Microsoft SQL Server/150/Tools/Binn/:/mnt/d/Program Files/Microsoft SQL Server/150/Tools/Binn/:/mnt/d/Program Files/Microsoft SQL Server/150/DTS/Binn/:/mnt/d/Program Files (x86)/Microsoft SQL Server/150/DTS/Binn/:/mnt/d/Program Files/RedHat/java-11-openjdk-11.0.8-2/bin:/mnt/c/Program Files (x86)/dotnet/:/mnt/c/Program Files/Git/cmd:/mnt/d/OneDriveHome/O
SHELL=/bin/zsh
HOSTTYPE=x86_64
LANG=C.UTF-8

Signal Handlers:
SIGSEGV: [libjvm.so+0xbcbc30], sa_mask[0]=11111111011111111101111111111110, sa_flags=SA_RESTART|SA_SIGINFO
SIGBUS: [libjvm.so+0xbcbc30], sa_mask[0]=11111111011111111101111111111110, sa_flags=SA_RESTART|SA_SIGINFO
SIGFPE: [libjvm.so+0xbcbc30], sa_mask[0]=11111111011111111101111111111110, sa_flags=SA_RESTART|SA_SIGINFO
SIGPIPE: [libjvm.so+0xbcbc30], sa_mask[0]=11111111011111111101111111111110, sa_flags=SA_RESTART|SA_SIGINFO
SIGXFSZ: [libjvm.so+0xbcbc30], sa_mask[0]=11111111011111111101111111111110, sa_flags=SA_RESTART|SA_SIGINFO
SIGILL: [libjvm.so+0xbcbc30], sa_mask[0]=11111111011111111101111111111110, sa_flags=SA_RESTART|SA_SIGINFO
SIGUSR2: [libjvm.so+0xbcbad0], sa_mask[0]=00100000000000000000000000000000, sa_flags=SA_RESTART|SA_SIGINFO
SIGHUP: [libjvm.so+0xbcbf70], sa_mask[0]=11111111011111111101111111111110, sa_flags=SA_RESTART|SA_SIGINFO
SIGINT: [libjvm.so+0xbcbf70], sa_mask[0]=11111111011111111101111111111110, sa_flags=SA_RESTART|SA_SIGINFO
SIGTERM: [libjvm.so+0xbcbf70], sa_mask[0]=11111111011111111101111111111110, sa_flags=SA_RESTART|SA_SIGINFO
SIGQUIT: [libjvm.so+0xbcbf70], sa_mask[0]=11111111011111111101111111111110, sa_flags=SA_RESTART|SA_SIGINFO


---------------  S Y S T E M  ---------------

OS:DISTRIB_ID=Ubuntu
DISTRIB_RELEASE=20.04
DISTRIB_CODENAME=focal
DISTRIB_DESCRIPTION="Ubuntu 20.04.2 LTS"
uname:Linux 5.4.72-microsoft-standard-WSL2 #1 SMP Wed Oct 28 23:40:43 UTC 2020 x86_64
OS uptime: 0 days 18:52 hours
libc:glibc 2.31 NPTL 2.31 
rlimit (soft/hard): STACK 8192k/infinity , CORE 0k/infinity , NPROC 23756/23756 , NOFILE 4096/4096 , AS infinity/infinity , CPU infinity/infinity , DATA infinity/infinity , FSIZE infinity/infinity , MEMLOCK 64k/64k
load average:13.41 4.33 1.79

/proc/meminfo:
MemTotal:        6086184 kB
MemFree:         2846096 kB
MemAvailable:    2794444 kB
Buffers:            5952 kB
Cached:           100480 kB
SwapCached:         1948 kB
Active:          2888160 kB
Inactive:         195248 kB
Active(anon):    2848224 kB
Inactive(anon):   129216 kB
Active(file):      39936 kB
Inactive(file):    66032 kB
Unevictable:           0 kB
Mlocked:               0 kB
SwapTotal:       2097152 kB
SwapFree:        1605588 kB
Dirty:               460 kB
Writeback:             0 kB
AnonPages:       2975476 kB
Mapped:            31172 kB
Shmem:                40 kB
KReclaimable:      39244 kB
Slab:              71116 kB
SReclaimable:      39244 kB
SUnreclaim:        31872 kB
KernelStack:        8048 kB
PageTables:        17564 kB
NFS_Unstable:          0 kB
Bounce:                0 kB
WritebackTmp:          0 kB
CommitLimit:     5140244 kB
Committed_AS:    3646608 kB
VmallocTotal:   34359738367 kB
VmallocUsed:       27016 kB
VmallocChunk:          0 kB
Percpu:             1776 kB
AnonHugePages:    919552 kB
ShmemHugePages:        0 kB
ShmemPmdMapped:        0 kB
FileHugePages:         0 kB
FilePmdMapped:         0 kB
HugePages_Total:       0
HugePages_Free:        0
HugePages_Rsvd:        0
HugePages_Surp:        0
Hugepagesize:       2048 kB
Hugetlb:               0 kB
DirectMap4k:       13312 kB
DirectMap2M:     2082816 kB
DirectMap1G:     5242880 kB

/sys/kernel/mm/transparent_hugepage/enabled:
[always] madvise never
/sys/kernel/mm/transparent_hugepage/defrag (defrag/compaction efforts parameter):
always defer defer+madvise [madvise] never

/proc/sys/kernel/threads-max (system-wide limit on the number of threads):
47512
/proc/sys/vm/max_map_count (maximum number of memory map areas a process may have):
65530
/proc/sys/kernel/pid_max (system-wide limit on number of process identifiers):
32768

container (cgroup) information:
container_type: cgroupv1
cpu_cpuset_cpus: 0-4
cpu_memory_nodes: 0
active_processor_count: 5
cpu_quota: -1
cpu_period: 100000
cpu_shares: -1
memory_limit_in_bytes: -1
memory_and_swap_limit_in_bytes: -1
memory_soft_limit_in_bytes: -1
memory_usage_in_bytes: 3157209088
memory_max_usage_in_bytes: 5637005312

Hyper-V virtualization detected
Steal ticks since vm start: 0
Steal ticks percentage since vm start:  0.000

CPU:total 5 (initial active 5) (4 cores per cpu, 2 threads per core) family 6 model 158 stepping 9 microcode 0xffffffff, cmov, cx8, fxsr, mmx, sse, sse2, sse3, ssse3, sse4.1, sse4.2, popcnt, avx, avx2, aes, clmul, erms, 3dnowpref, lzcnt, ht, tsc, bmi1, bmi2, adx, fma
CPU Model and flags from /proc/cpuinfo:
model name	: Intel(R) Core(TM) i7-7700HQ CPU @ 2.80GHz
flags		: fpu vme de pse tsc msr pae mce cx8 apic sep mtrr pge mca cmov pat pse36 clflush mmx fxsr sse sse2 ss ht syscall nx pdpe1gb rdtscp lm constant_tsc rep_good nopl xtopology cpuid pni pclmulqdq ssse3 fma cx16 pcid sse4_1 sse4_2 movbe popcnt aes xsave avx f16c rdrand hypervisor lahf_lm abm 3dnowprefetch invpcid_single pti ssbd ibrs ibpb stibp fsgsbase bmi1 avx2 smep bmi2 erms invpcid rdseed adx smap clflushopt xsaveopt xsavec xgetbv1 xsaves flush_l1d arch_capabilities
Online cpus:
0-4
Offline cpus:

BIOS frequency limitation:
<Not Available>
Frequency switch latency (ns):
<Not Available>
Available cpu frequencies:
<Not Available>
Current governor:
<Not Available>
Core performance/turbo boost:
<Not Available>

Memory: 4k page, physical 6086184k(2845844k free), swap 2097152k(1605588k free)

vm_info: OpenJDK 64-Bit Server VM (11.0.10+9-Ubuntu-0ubuntu1.20.04) for linux-amd64 JRE (11.0.10+9-Ubuntu-0ubuntu1.20.04), built on Jan 20 2021 02:32:18 by "unknown" with gcc 9.3.0

END.
